[   773][E][Wire.cpp:481] requestFrom(): NULL buffer pointer
[   776][E][Wire.cpp:557] read(): NULL RX buffer pointer
[   776][E][Wire.cpp:422] beginTransmission(): could not acquire lock
[   781][E][Wire.cpp:526] write(): NULL TX buffer pointer
[   787][E][Wire.cpp:526] write(): NULL TX buffer pointer
[   777][E][WiFiUdp.cpp:172] beginPacket(): could not get host from dns: 11
[   792][E][Wire.cpp:448] endTransmission(): NULL TX buffer pointer
[   803][E][WiFiUdp.cpp:185] endPacket(): could not send data: 118
[   805][E][Wire.cpp:481] requestFrom(): NULL buffer pointer
The SI473X / SI474X I2C address is 0x11
[  1840][E][WiFiUdp.cpp:172] beginPacket(): could not get host from dns: 11
[  1843][E][WiFiUdp.cpp:185] endPacket(): could not send data: 118
[  2346][E][Wire.cpp:513] requestFrom(): i2cRead returned Error 263
[  3118][E][WiFiUdp.cpp:172] beginPacket(): could not get host from dns: 11
[  3120][E][WiFiUdp.cpp:185] endPacket(): could not send data: 118
[  4394][E][WiFiUdp.cpp:172] beginPacket(): could not get host from dns: 11
[  4396][E][WiFiUdp.cpp:185] endPacket(): could not send data: 118
[  5668][E][WiFiUdp.cpp:172] beginPacket(): could not get host from dns: 11
[  5669][E][WiFiUdp.cpp:185] endPacket(): could not send data: 118
[  6943][E][WiFiUdp.cpp:172] beginPacket(): could not get host from dns: 11
[  6944][E][WiFiUdp.cpp:185] endPacket(): could not send data: 118
WiFi lost connection, reconnect...
[  8247][E][WiFiUdp.cpp:172] beginPacket(): could not get host from dns: 11
[  8248][E][WiFiUdp.cpp:185] endPacket(): could not send data: 118
[  9533][E][WiFiUdp.cpp:172] beginPacket(): could not get host from dns: 11
[  9535][E][WiFiUdp.cpp:185] endPacket(): could not send data: 118
WiFi lost connection, reconnect...
E (19855) wifi:Set status to INIT
WiFi lost connection, reconnect...
E (19889) wifi:Set status to INIT
WiFi lost connection, reconnect...
E (19917) wifi:Set status to INIT
WiFi lost connection, reconnect...
E (19946) wifi:Set status to INIT
WiFi lost connection, reconnect...
E (19975) wifi:Set status to INIT
WiFi lost connection, reconnect...
E (20102) wifi:Set status to INIT
WiFi lost connection, reconnect...
E (20135) wifi:Set status to INIT
WiFi lost connection, reconnect...
E (20163) wifi:Set status to INIT
WiFi lost connection, reconnect...
E (20199) wifi:Set status to INIT
WiFi lost connection, reconnect...
E (20228) wifi:Set status to INIT
WiFi lost connection, reconnect...
E (20257) wifi:Set status to INIT
WiFi lost connection, reconnect...
E (20285) wifi:Set status to INIT
WiFi lost connection, reconnect...
E (20316) wifi:Set status to INIT
WiFi lost connection, reconnect...
E (20344) wifi:Set status to INIT
WiFi lost connection, reconnect...
E (20373) wifi:Set status to INIT
WiFi lost connection, reconnect...
E (20405) wifi:Set status to INIT
WiFi lost connection, reconnect...
E (20434) wifi:Set status to INIT
WiFi lost connection, reconnect...
E (20469) wifi:Set status to INIT
WiFi lost connection, reconnect...
E (20512) wifi:Set status to INIT
WiFi lost connection, reconnect...
E (20548) wifi:Set status to INIT
WiFi lost connection, reconnect...
E (20577) wifi:Set status to INIT
WiFi lost connection, reconnect...
E (20610) wifi:Set status to INIT
WiFi lost connection, reconnect...
E (20646) wifi:Set status to INIT
WiFi lost connection, reconnect...
E (20677) wifi:Set status to INIT
WiFi lost connection, reconnect...
E (20713) wifi:Set status to INIT
WiFi lost connection, reconnect...
E (20741) wifi:Set status to INIT
WiFi lost connection, reconnect...
E (20769) wifi:Set status to INIT
WiFi lost connection, reconnect...
E (20801) wifi:Set status to INIT
WiFi lost connection, reconnect...
E (20830) wifi:Set status to INIT
WiFi lost connection, reconnect...
E (20859) wifi:Set status to INIT
WiFi lost connection, reconnect...
E (20889) wifi:Set status to INIT
WiFi lost connection, reconnect...
E (20933) wifi:Set status to INIT
WiFi lost connection, reconnect...
E (20962) wifi:Set status to INIT
WiFi lost connection, reconnect...
E (20991) wifi:Set status to INIT
WiFi lost connection, reconnect...
E (21023) wifi:Set status to INIT
WiFi lost connection, reconnect...
E (21056) wifi:Set status to INIT
WiFi lost connection, reconnect...
E (21085) wifi:Set status to INIT
WiFi lost connection, reconnect...
E (21116) wifi:Set status to INIT
WiFi lost connection, reconnect...
[ 11104][E][WiFiUdp.cpp:172] beginPacket(): could not get host from dns: 11
[ 11105][E][WiFiUdp.cpp:185] endPacket(): could not send data: 118
E (21161) wifi:Set status to INIT
WiFi lost connection, reconnect...
E (21190) wifi:Set status to INIT
WiFi lost connection, reconnect...
E (21224) wifi:Set status to INIT
WiFi lost connection, reconnect...
E (21253) wifi:Set status to INIT
WiFi lost connection, reconnect...
E (21281) wifi:Set status to INIT
WiFi lost connection, reconnect...
E (21310) wifi:Set status to INIT
WiFi lost connection, reconnect...
E (21432) wifi:Set status to INIT
WiFi lost connection, reconnect...
E (21464) wifi:Set status to INIT
WiFi lost connection, reconnect...
E (21493) wifi:Set status to INIT
WiFi lost connection, reconnect...
E (21525) wifi:Set status to INIT
WiFi lost connection, reconnect...
E (21561) wifi:Set status to INIT
WiFi lost connection, reconnect...
E (21614) wifi:Set status to INIT
WiFi lost connection, reconnect...
E (21644) wifi:Set status to INIT
WiFi lost connection, reconnect...
E (21675) wifi:Set status to INIT
WiFi lost connection, reconnect...
E (21705) wifi:Set status to INIT
WiFi lost connection, reconnect...
E (21738) wifi:Set status to INIT
WiFi lost connection, reconnect...
E (21766) wifi:Set status to INIT
WiFi lost connection, reconnect...
E (21799) wifi:Set status to INIT
WiFi lost connection, reconnect...
E (21840) wifi:Set status to INIT
WiFi lost connection, reconnect...
E (21876) wifi:Set status to INIT
WiFi lost connection, reconnect...
E (21905) wifi:Set status to INIT
WiFi lost connection, reconnect...
E (21941) wifi:Set status to INIT
WiFi lost connection, reconnect...
E (21970) wifi:Set status to INIT
WiFi lost connection, reconnect...
E (22007) wifi:Set status to INIT
WiFi lost connection, reconnect...
E (22041) wifi:Set status to INIT
WiFi lost connection, reconnect...
E (22073) wifi:Set status to INIT
WiFi lost connection, reconnect...
E (22102) wifi:Set status to INIT
WiFi lost connection, reconnect...
E (22130) wifi:Set status to INIT
WiFi lost connection, reconnect...
E (22159) wifi:Set status to INIT
WiFi lost connection, reconnect...
E (22188) wifi:Set status to INIT
WiFi lost connection, reconnect...
E (22216) wifi:Set status to INIT
WiFi lost connection, reconnect...
E (22252) wifi:Set status to INIT
WiFi lost connection, reconnect...
E (22361) wifi:Set status to INIT
WiFi lost connection, reconnect...
E (22393) wifi:Set status to INIT
WiFi lost connection, reconnect...
E (22422) wifi:Set status to INIT
WiFi lost connection, reconnect...
E (22454) wifi:Set status to INIT
WiFi lost connection, reconnect...
E (22491) wifi:Set status to INIT
WiFi lost connection, reconnect...
E (22520) wifi:Set status to INIT
WiFi lost connection, reconnect...
E (22558) wifi:Set status to INIT
WiFi lost connection, reconnect...
E (22587) wifi:Set status to INIT
WiFi lost connection, reconnect...
E (22616) wifi:Set status to INIT
WiFi lost connection, reconnect...
E (22657) wifi:Set status to INIT
WiFi lost connection, reconnect...
E (22696) wifi:Set status to INIT
WiFi lost connection, reconnect...
E (22726) wifi:Set status to INIT
WiFi lost connection, reconnect...
E (22760) wifi:Set status to INIT
WiFi lost connection, reconnect...
E (22797) wifi:Set status to INIT
WiFi lost connection, reconnect...
[ 12760][E][WiFiUdp.cpp:172] beginPacket(): could not get host from dns: 11
[ 12762][E][WiFiUdp.cpp:185] endPacket(): could not send data: 118
E (22827) wifi:Set status to INIT
WiFi lost connection, reconnect...
E (22875) wifi:Set status to INIT
WiFi lost connection, reconnect...
E (22969) wifi:Set status to INIT
WiFi lost connection, reconnect...
E (23004) wifi:Set status to INIT
WiFi lost connection, reconnect...
E (23033) wifi:Set status to INIT
WiFi lost connection, reconnect...
E (23065) wifi:Set status to INIT
WiFi lost connection, reconnect...
E (23093) wifi:Set status to INIT
WiFi lost connection, reconnect...
E (23177) wifi:Set status to INIT
WiFi lost connection, reconnect...
E (23210) wifi:Set status to INIT
WiFi lost connection, reconnect...
E (23239) wifi:Set status to INIT
WiFi lost connection, reconnect...
E (23273) wifi:Set status to INIT
WiFi lost connection, reconnect...
E (23302) wifi:Set status to INIT
WiFi lost connection, reconnect...
E (23334) wifi:Set status to INIT
WiFi lost connection, reconnect...
E (23367) wifi:Set status to INIT
WiFi lost connection, reconnect...
E (23397) wifi:Set status to INIT
WiFi lost connection, reconnect...
E (23428) wifi:Set status to INIT
WiFi lost connection, reconnect...
E (23457) wifi:Set status to INIT
WiFi lost connection, reconnect...
E (23488) wifi:Set status to INIT
WiFi lost connection, reconnect...
E (23524) wifi:Set status to INIT
WiFi lost connection, reconnect...
E (23553) wifi:Set status to INIT
WiFi lost connection, reconnect...
E (23581) wifi:Set status to INIT
WiFi lost connection, reconnect...
E (23610) wifi:Set status to INIT
WiFi lost connection, reconnect...
E (23642) wifi:Set status to INIT
WiFi lost connection, reconnect...
E (23675) wifi:Set status to INIT
WiFi lost connection, reconnect...
E (23710) wifi:Set status to INIT
WiFi lost connection, reconnect...
E (23750) wifi:Set status to INIT
WiFi lost connection, reconnect...
E (23789) wifi:Set status to INIT
WiFi lost connection, reconnect...
E (23823) wifi:Set status to INIT
WiFi lost connection, reconnect...
E (23852) wifi:Set status to INIT
WiFi lost connection, reconnect...
E (23893) wifi:Set status to INIT
WiFi lost connection, reconnect...
E (23926) wifi:Set status to INIT
WiFi lost connection, reconnect...
E (23955) wifi:Set status to INIT
WiFi lost connection, reconnect...
E (23991) wifi:Set status to INIT
WiFi lost connection, reconnect...
E (24022) wifi:Set status to INIT
WiFi lost connection, reconnect...
E (24052) wifi:Set status to INIT
WiFi lost connection, reconnect...
E (24087) wifi:Set status to INIT
WiFi lost connection, reconnect...
E (24119) wifi:Set status to INIT
WiFi lost connection, reconnect...
E (24147) wifi:Set status to INIT
WiFi lost connection, reconnect...
E (24176) wifi:Set status to INIT
WiFi lost connection, reconnect...
E (24300) wifi:Set status to INIT
WiFi lost connection, reconnect...
E (24331) wifi:Set status to INIT
WiFi lost connection, reconnect...
E (24360) wifi:Set status to INIT
WiFi lost connection, reconnect...
E (24395) wifi:Set status to INIT
WiFi lost connection, reconnect...
E (24424) wifi:Set status to INIT
WiFi lost connection, reconnect...
E (24453) wifi:Set status to INIT
WiFi lost connection, reconnect...
E (24482) wifi:Set status to INIT
WiFi lost connection, reconnect...
[ 14449][E][WiFiUdp.cpp:172] beginPacket(): could not get host from dns: 11
[ 14450][E][WiFiUdp.cpp:185] endPacket(): could not send data: 118
E (24607) wifi:Set status to INIT
WiFi lost connection, reconnect...
E (24639) wifi:Set status to INIT
WiFi lost connection, reconnect...
E (24668) wifi:Set status to INIT
WiFi lost connection, reconnect...
E (24700) wifi:Set status to INIT
WiFi lost connection, reconnect...
E (24730) wifi:Set status to INIT
WiFi lost connection, reconnect...
E (24760) wifi:Set status to INIT
WiFi lost connection, reconnect...
E (24793) wifi:Set status to INIT
WiFi lost connection, reconnect...
[ 15822][E][WiFiUdp.cpp:172] beginPacket(): could not get host from dns: 11
[ 15824][E][WiFiUdp.cpp:185] endPacket(): could not send data: 118
WiFi lost connection, reconnect...
E (26848) wifi:Set status to INIT
WiFi lost connection, reconnect...
E (26878) wifi:Set status to INIT
WiFi lost connection, reconnect...
E (26907) wifi:Set status to INIT
WiFi lost connection, reconnect...
E (26947) wifi:Set status to INIT
WiFi lost connection, reconnect...
E (26988) wifi:Set status to INIT
WiFi lost connection, reconnect...
E (27017) wifi:Set status to INIT
WiFi lost connection, reconnect...
E (27045) wifi:Set status to INIT
WiFi lost connection, reconnect...
E (27076) wifi:Set status to INIT
WiFi lost connection, reconnect...
E (27109) wifi:Set status to INIT
WiFi lost connection, reconnect...
E (27138) wifi:Set status to INIT
WiFi lost connection, reconnect...
E (27168) wifi:Set status to INIT
WiFi lost connection, reconnect...
E (27200) wifi:Set status to INIT
WiFi lost connection, reconnect...
E (27230) wifi:Set status to INIT
WiFi lost connection, reconnect...
[ 17204][E][WiFiUdp.cpp:172] beginPacket(): could not get host from dns: 11
[ 17205][E][WiFiUdp.cpp:185] endPacket(): could not send data: 118
E (27262) wifi:Set status to INIT
WiFi lost connection, reconnect...
E (27292) wifi:Set status to INIT
WiFi lost connection, reconnect...
E (27321) wifi:Set status to INIT
WiFi lost connection, reconnect...
E (27351) wifi:Set status to INIT
WiFi lost connection, reconnect...
E (27381) wifi:Set status to INIT
WiFi lost connection, reconnect...
E (27411) wifi:Set status to INIT
WiFi lost connection, reconnect...
E (27443) wifi:Set status to INIT
WiFi lost connection, reconnect...
E (27473) wifi:Set status to INIT
WiFi lost connection, reconnect...
E (27502) wifi:Set status to INIT
WiFi lost connection, reconnect...
E (27531) wifi:Set status to INIT
WiFi lost connection, reconnect...
E (27568) wifi:Set status to INIT
WiFi lost connection, reconnect...
E (27596) wifi:Set status to INIT
WiFi lost connection, reconnect...
E (27624) wifi:Set status to INIT
WiFi lost connection, reconnect...
E (27653) wifi:Set status to INIT
WiFi lost connection, reconnect...
E (27691) wifi:Set status to INIT
WiFi lost connection, reconnect...
E (27722) wifi:Set status to INIT
WiFi lost connection, reconnect...
E (27751) wifi:Set status to INIT
WiFi lost connection, reconnect...
E (27789) wifi:Set status to INIT
WiFi lost connection, reconnect...
E (27818) wifi:Set status to INIT
WiFi lost connection, reconnect...
E (27852) wifi:Set status to INIT
WiFi lost connection, reconnect...
E (27880) wifi:Set status to INIT
WiFi lost connection, reconnect...
E (27910) wifi:Set status to INIT
WiFi lost connection, reconnect...
E (27939) wifi:Set status to INIT
WiFi lost connection, reconnect...
E (27978) wifi:Set status to INIT
WiFi lost connection, reconnect...
E (28027) wifi:Set status to INIT
WiFi lost connection, reconnect...
E (28062) wifi:Set status to INIT
WiFi lost connection, reconnect...
E (28092) wifi:Set status to INIT
WiFi lost connection, reconnect...
E (28125) wifi:Set status to INIT
WiFi lost connection, reconnect...
E (28153) wifi:Set status to INIT
WiFi lost connection, reconnect...
E (28187) wifi:Set status to INIT
WiFi lost connection, reconnect...
E (28219) wifi:Set status to INIT
WiFi lost connection, reconnect...
E (28247) wifi:Set status to INIT
WiFi lost connection, reconnect...
E (28276) wifi:Set status to INIT
WiFi lost connection, reconnect...
E (28308) wifi:Set status to INIT
WiFi lost connection, reconnect...
E (28339) wifi:Set status to INIT
WiFi lost connection, reconnect...
E (28369) wifi:Set status to INIT
WiFi lost connection, reconnect...
E (28401) wifi:Set status to INIT
WiFi lost connection, reconnect...
E (28432) wifi:Set status to INIT
WiFi lost connection, reconnect...
E (28463) wifi:Set status to INIT
WiFi lost connection, reconnect...
E (28492) wifi:Set status to INIT
WiFi lost connection, reconnect...
E (28521) wifi:Set status to INIT
WiFi lost connection, reconnect...
E (28555) wifi:Set status to INIT
WiFi lost connection, reconnect...
E (28583) wifi:Set status to INIT
WiFi lost connection, reconnect...
E (28611) wifi:Set status to INIT
WiFi lost connection, reconnect...
E (28640) wifi:Set status to INIT
WiFi lost connection, reconnect...
E (28669) wifi:Set status to INIT
WiFi lost connection, reconnect...
E (28698) wifi:Set status to INIT
WiFi lost connection, reconnect...
E (28726) wifi:Set status to INIT
WiFi lost connection, reconnect...
E (28756) wifi:Set status to INIT
WiFi lost connection, reconnect...
E (28787) wifi:Set status to INIT
WiFi lost connection, reconnect...
E (28815) wifi:Set status to INIT
WiFi lost connection, reconnect...
E (28843) wifi:Set status to INIT
WiFi lost connection, reconnect...
E (28871) wifi:Set status to INIT
WiFi lost connection, reconnect...
E (28904) wifi:Set status to INIT
WiFi lost connection, reconnect...
E (28939) wifi:Set status to INIT
WiFi lost connection, reconnect...
E (28967) wifi:Set status to INIT
WiFi lost connection, reconnect...
[ 18929][E][WiFiUdp.cpp:172] beginPacket(): could not get host from dns: 11
[ 18931][E][WiFiUdp.cpp:185] endPacket(): could not send data: 118
E (29004) wifi:Set status to INIT
WiFi lost connection, reconnect...
E (29033) wifi:Set status to INIT
WiFi lost connection, reconnect...
E (29063) wifi:Set status to INIT
WiFi lost connection, reconnect...
E (29105) wifi:Set status to INIT
WiFi lost connection, reconnect...
E (29142) wifi:Set status to INIT
WiFi lost connection, reconnect...
E (29171) wifi:Set status to INIT
WiFi lost connection, reconnect...
E (29211) wifi:Set status to INIT
WiFi lost connection, reconnect...
E (29319) wifi:Set status to INIT
WiFi lost connection, reconnect...
E (29351) wifi:Set status to INIT
WiFi lost connection, reconnect...
E (29382) wifi:Set status to INIT
WiFi lost connection, reconnect...
E (29417) wifi:Set status to INIT
WiFi lost connection, reconnect...
E (29448) wifi:Set status to INIT
WiFi lost connection, reconnect...
E (29478) wifi:Set status to INIT
WiFi lost connection, reconnect...
E (29515) wifi:Set status to INIT
WiFi lost connection, reconnect...
E (29545) wifi:Set status to INIT
WiFi lost connection, reconnect...
E (29578) wifi:Set status to INIT
WiFi lost connection, reconnect...
E (29617) wifi:Set status to INIT
WiFi lost connection, reconnect...
E (29647) wifi:Set status to INIT
WiFi lost connection, reconnect...
E (29675) wifi:Set status to INIT
WiFi lost connection, reconnect...
E (29704) wifi:Set status to INIT
WiFi lost connection, reconnect...
E (29737) wifi:Set status to INIT
WiFi lost connection, reconnect...
E (29767) wifi:Set status to INIT
WiFi lost connection, reconnect...
E (29795) wifi:Set status to INIT
WiFi lost connection, reconnect...
E (29826) wifi:Set status to INIT
WiFi lost connection, reconnect...
E (29858) wifi:Set status to INIT
WiFi lost connection, reconnect...
E (29886) wifi:Set status to INIT
WiFi lost connection, reconnect...
E (29915) wifi:Set status to INIT
WiFi lost connection, reconnect...
E (29945) wifi:Set status to INIT
WiFi lost connection, reconnect...
E (29976) wifi:Set status to INIT
WiFi lost connection, reconnect...
E (30009) wifi:Set status to INIT
WiFi lost connection, reconnect...
E (30148) wifi:Set status to INIT
WiFi lost connection, reconnect...
E (30253) wifi:Set status to INIT
WiFi lost connection, reconnect...
E (30345) wifi:Set status to INIT
WiFi lost connection, reconnect...
E (30378) wifi:Set status to INIT
WiFi lost connection, reconnect...
E (30410) wifi:Set status to INIT
WiFi lost connection, reconnect...
E (30445) wifi:Set status to INIT
WiFi lost connection, reconnect...
E (30477) wifi:Set status to INIT
WiFi lost connection, reconnect...
E (30509) wifi:Set status to INIT
WiFi lost connection, reconnect...
E (30543) wifi:Set status to INIT
WiFi lost connection, reconnect...
[ 20516][E][WiFiUdp.cpp:172] beginPacket(): could not get host from dns: 11
[ 20517][E][WiFiUdp.cpp:185] endPacket(): could not send data: 118
E (30579) wifi:Set status to INIT
WiFi lost connection, reconnect...
E (30613) wifi:Set status to INIT
WiFi lost connection, reconnect...
E (30649) wifi:Set status to INIT
WiFi lost connection, reconnect...
E (30683) wifi:Set status to INIT
WiFi lost connection, reconnect...
E (30712) wifi:Set status to INIT
WiFi lost connection, reconnect...
E (30745) wifi:Set status to INIT
WiFi lost connection, reconnect...
E (30773) wifi:Set status to INIT
WiFi lost connection, reconnect...
E (30806) wifi:Set status to INIT
WiFi lost connection, reconnect...
E (30855) wifi:Set status to INIT
WiFi lost connection, reconnect...
E (30888) wifi:Set status to INIT
WiFi lost connection, reconnect...
E (30923) wifi:Set status to INIT
WiFi lost connection, reconnect...
E (30964) wifi:Set status to INIT
WiFi lost connection, reconnect...
E (30993) wifi:Set status to INIT
WiFi lost connection, reconnect...
E (31022) wifi:Set status to INIT
WiFi lost connection, reconnect...
E (31056) wifi:Set status to INIT
WiFi lost connection, reconnect...
E (31092) wifi:Set status to INIT
WiFi lost connection, reconnect...
E (31123) wifi:Set status to INIT
WiFi lost connection, reconnect...
E (31155) wifi:Set status to INIT
WiFi lost connection, reconnect...
E (31185) wifi:Set status to INIT
WiFi lost connection, reconnect...
E (31219) wifi:Set status to INIT
WiFi lost connection, reconnect...
E (31268) wifi:Set status to INIT
WiFi lost connection, reconnect...
E (31305) wifi:Set status to INIT
WiFi lost connection, reconnect...
E (31339) wifi:Set status to INIT
WiFi lost connection, reconnect...
E (31372) wifi:Set status to INIT
WiFi lost connection, reconnect...
E (31402) wifi:Set status to INIT
WiFi lost connection, reconnect...
E (31433) wifi:Set status to INIT
WiFi lost connection, reconnect...
E (31462) wifi:Set status to INIT
WiFi lost connection, reconnect...
E (31576) wifi:Set status to INIT
WiFi lost connection, reconnect...
E (31607) wifi:Set status to INIT
WiFi lost connection, reconnect...
E (31635) wifi:Set status to INIT
WiFi lost connection, reconnect...
E (31671) wifi:Set status to INIT
WiFi lost connection, reconnect...
E (31701) wifi:Set status to INIT
WiFi lost connection, reconnect...
E (31732) wifi:Set status to INIT
WiFi lost connection, reconnect...
E (31771) wifi:Set status to INIT
WiFi lost connection, reconnect...
E (31800) wifi:Set status to INIT
WiFi lost connection, reconnect...
E (31834) wifi:Set status to INIT
WiFi lost connection, reconnect...
E (31871) wifi:Set status to INIT
WiFi lost connection, reconnect...
E (31903) wifi:Set status to INIT
WiFi lost connection, reconnect...
E (31935) wifi:Set status to INIT
WiFi lost connection, reconnect...
E (31971) wifi:Set status to INIT
WiFi lost connection, reconnect...
E (31999) wifi:Set status to INIT
WiFi lost connection, reconnect...
E (32027) wifi:Set status to INIT
WiFi lost connection, reconnect...
E (32059) wifi:Set status to INIT
WiFi lost connection, reconnect...
E (32089) wifi:Set status to INIT
WiFi lost connection, reconnect...
E (32119) wifi:Set status to INIT
WiFi lost connection, reconnect...
E (32151) wifi:Set status to INIT
WiFi lost connection, reconnect...
E (32180) wifi:Set status to INIT
WiFi lost connection, reconnect...
E (32208) wifi:Set status to INIT
WiFi lost connection, reconnect...
E (32242) wifi:Set status to INIT
WiFi lost connection, reconnect...
[ 22226][E][WiFiUdp.cpp:172] beginPacket(): could not get host from dns: 11
[ 22228][E][WiFiUdp.cpp:185] endPacket(): could not send data: 118
E (32290) wifi:Set status to INIT
WiFi lost connection, reconnect...
E (32338) wifi:Set status to INIT
WiFi lost connection, reconnect...
E (32372) wifi:Set status to INIT
WiFi lost connection, reconnect...
E (32415) wifi:Set status to INIT
WiFi lost connection, reconnect...
E (32446) wifi:Set status to INIT
WiFi lost connection, reconnect...
E (32485) wifi:Set status to INIT
WiFi lost connection, reconnect...
E (32516) wifi:Set status to INIT
WiFi lost connection, reconnect...
E (32602) wifi:Set status to INIT
WiFi lost connection, reconnect...
E (32633) wifi:Set status to INIT
WiFi lost connection, reconnect...
E (32662) wifi:Set status to INIT
WiFi lost connection, reconnect...
E (32691) wifi:Set status to INIT
WiFi lost connection, reconnect...
E (32720) wifi:Set status to INIT
WiFi lost connection, reconnect...
E (32801) wifi:Set status to INIT
WiFi lost connection, reconnect...
E (32835) wifi:Set status to INIT
WiFi lost connection, reconnect...
E (32864) wifi:Set status to INIT
WiFi lost connection, reconnect...
E (32897) wifi:Set status to INIT
WiFi lost connection, reconnect...
E (32928) wifi:Set status to INIT
WiFi lost connection, reconnect...
E (33009) wifi:Set status to INIT
WiFi lost connection, reconnect...
E (33041) wifi:Set status to INIT
WiFi lost connection, reconnect...
E (33074) wifi:Set status to INIT
WiFi lost connection, reconnect...
E (33123) wifi:Set status to INIT
WiFi lost connection, reconnect...
E (33210) wifi:Set status to INIT
WiFi lost connection, reconnect...
E (33243) wifi:Set status to INIT
WiFi lost connection, reconnect...
E (33275) wifi:Set status to INIT
WiFi lost connection, reconnect...
E (33306) wifi:Set status to INIT
WiFi lost connection, reconnect...
E (33343) wifi:Set status to INIT
WiFi lost connection, reconnect...
E (33421) wifi:Set status to INIT
WiFi lost connection, reconnect...
E (33451) wifi:Set status to INIT
WiFi lost connection, reconnect...
E (33484) wifi:Set status to INIT
WiFi lost connection, reconnect...
E (33513) wifi:Set status to INIT
WiFi lost connection, reconnect...
E (33549) wifi:Set status to INIT
WiFi lost connection, reconnect...
E (33580) wifi:Set status to INIT
WiFi lost connection, reconnect...
E (33647) wifi:Set status to INIT
WiFi lost connection, reconnect...
E (33675) wifi:Set status to INIT
WiFi lost connection, reconnect...
E (33703) wifi:Set status to INIT
WiFi lost connection, reconnect...
E (33733) wifi:Set status to INIT
WiFi lost connection, reconnect...
E (33761) wifi:Set status to INIT
WiFi lost connection, reconnect...
E (33790) wifi:Set status to INIT
WiFi lost connection, reconnect...
E (33820) wifi:Set status to INIT
WiFi lost connection, reconnect...
E (33849) wifi:Set status to INIT
WiFi lost connection, reconnect...
[ 23825][E][WiFiUdp.cpp:172] beginPacket(): could not get host from dns: 11
E (33877) wifi:Set status to INIT
WiFi lost connection, reconnect...
[ 23839][E][WiFiUdp.cpp:185] endPacket(): could not send data: 118
E (33915) wifi:Set status to INIT
WiFi lost connection, reconnect...
E (33943) wifi:Set status to INIT
WiFi lost connection, reconnect...
E (34029) wifi:Set status to INIT
WiFi lost connection, reconnect...
E (34063) wifi:Set status to INIT
WiFi lost connection, reconnect...
E (34094) wifi:Set status to INIT
WiFi lost connection, reconnect...
E (34129) wifi:Set status to INIT
WiFi lost connection, reconnect...
E (34168) wifi:Set status to INIT
WiFi lost connection, reconnect...
E (34196) wifi:Set status to INIT
WiFi lost connection, reconnect...
E (34229) wifi:Set status to INIT
WiFi lost connection, reconnect...
E (34258) wifi:Set status to INIT
WiFi lost connection, reconnect...
E (34288) wifi:Set status to INIT
WiFi lost connection, reconnect...
E (34317) wifi:Set status to INIT
WiFi lost connection, reconnect...
E (34352) wifi:Set status to INIT
WiFi lost connection, reconnect...
[ 25237][E][WiFiUdp.cpp:172] beginPacket(): could not get host from dns: 11
[ 25238][E][WiFiUdp.cpp:185] endPacket(): could not send data: 118
E (36392) wifi:Set status to INIT
WiFi lost connection, reconnect...
E (36421) wifi:Set status to INIT
WiFi lost connection, reconnect...
E (36453) wifi:Set status to INIT
WiFi lost connection, reconnect...
E (36487) wifi:Set status to INIT
WiFi lost connection, reconnect...
E (36530) wifi:Set status to INIT
WiFi lost connection, reconnect...
[ 26514][E][WiFiUdp.cpp:172] beginPacket(): could not get host from dns: 11
[ 26516][E][WiFiUdp.cpp:185] endPacket(): could not send data: 118
E (36568) wifi:Set status to INIT
WiFi lost connection, reconnect...
E (36602) wifi:Set status to INIT
WiFi lost connection, reconnect...
E (36632) wifi:Set status to INIT
WiFi lost connection, reconnect...
E (36660) wifi:Set status to INIT
WiFi lost connection, reconnect...
E (36690) wifi:Set status to INIT
WiFi lost connection, reconnect...
E (36725) wifi:Set status to INIT
WiFi lost connection, reconnect...
E (36754) wifi:Set status to INIT
WiFi lost connection, reconnect...
E (36785) wifi:Set status to INIT
WiFi lost connection, reconnect...
10.175.1.7
WiFi lost connection, reconnect...
10.175.1.7
WiFi lost connection, reconnect...
10.175.1.7
WiFi lost connection, reconnect...
10.175.1.7
WiFi lost connection, reconnect...
10.175.1.7
WiFi lost connection, reconnect...
10.175.1.7
WiFi lost connection, reconnect...
10.175.1.7
WiFi lost connection, reconnect...
10.175.1.7
WiFi lost connection, reconnect...
10.175.1.7
WiFi lost connection, reconnect...
10.175.1.7
WiFi lost connection, reconnect...
10.175.1.7
WiFi lost connection, reconnect...
10.175.1.7
WiFi lost connection, reconnect...
10.175.1.7
WiFi lost connection, reconnect...
10.175.1.7
WiFi lost connection, reconnect...
10.175.1.7
WiFi lost connection, reconnect...
10.175.1.7
WiFi lost connection, reconnect...
10.175.1.7
WiFi lost connection, reconnect...
10.175.1.7
WiFi lost connection, reconnect...
10.175.1.7
WiFi lost connection, reconnect...
10.175.1.7
WiFi lost connection, reconnect...
10.175.1.7
WiFi lost connection, reconnect...
10.175.1.7
WiFi lost connection, reconnect...
10.175.1.7
WiFi lost connection, reconnect...
10.175.1.7
WiFi lost connection, reconnect...
10.175.1.7
WiFi lost connection, reconnect...
10.175.1.7
WiFi lost connection, reconnect...
WiFi lost connection, reconnect...
WiFi lost connection, reconnect...
E (92990) wifi:Set status to INIT
WiFi lost connection, reconnect...
E (93019) wifi:Set status to INIT
WiFi lost connection, reconnect...
E (93047) wifi:Set status to INIT
WiFi lost connection, reconnect...
E (93075) wifi:Set status to INIT
WiFi lost connection, reconnect...
E (93105) wifi:Set status to INIT
WiFi lost connection, reconnect...
E (93212) wifi:Set status to INIT
WiFi lost connection, reconnect...
E (93242) wifi:Set status to INIT
WiFi lost connection, reconnect...
E (93270) wifi:Set status to INIT
WiFi lost connection, reconnect...
E (93300) wifi:Set status to INIT
WiFi lost connection, reconnect...
E (93328) wifi:Set status to INIT
WiFi lost connection, reconnect...
E (93357) wifi:Set status to INIT
WiFi lost connection, reconnect...
E (93385) wifi:Set status to INIT
WiFi lost connection, reconnect...
E (93414) wifi:Set status to INIT
WiFi lost connection, reconnect...
E (93442) wifi:Set status to INIT
WiFi lost connection, reconnect...
E (93474) wifi:Set status to INIT
WiFi lost connection, reconnect...
E (93517) wifi:Set status to INIT
WiFi lost connection, reconnect...
E (93551) wifi:Set status to INIT
WiFi lost connection, reconnect...
E (93622) wifi:Set status to INIT
WiFi lost connection, reconnect...
E (93651) wifi:Set status to INIT
WiFi lost connection, reconnect...
E (93679) wifi:Set status to INIT
WiFi lost connection, reconnect...
E (93715) wifi:Set status to INIT
WiFi lost connection, reconnect...
E (93743) wifi:Set status to INIT
WiFi lost connection, reconnect...
E (93775) wifi:Set status to INIT
WiFi lost connection, reconnect...
E (93808) wifi:Set status to INIT
WiFi lost connection, reconnect...
E (93836) wifi:Set status to INIT
WiFi lost connection, reconnect...
E (93864) wifi:Set status to INIT
WiFi lost connection, reconnect...
E (93894) wifi:Set status to INIT
WiFi lost connection, reconnect...
E (93925) wifi:Set status to INIT
WiFi lost connection, reconnect...
E (93953) wifi:Set status to INIT
WiFi lost connection, reconnect...
E (93983) wifi:Set status to INIT
WiFi lost connection, reconnect...
E (94012) wifi:Set status to INIT
WiFi lost connection, reconnect...
E (94040) wifi:Set status to INIT
WiFi lost connection, reconnect...
E (94069) wifi:Set status to INIT
WiFi lost connection, reconnect...
E (94098) wifi:Set status to INIT
WiFi lost connection, reconnect...
E (94128) wifi:Set status to INIT
WiFi lost connection, reconnect...
E (94157) wifi:Set status to INIT
WiFi lost connection, reconnect...
E (94192) wifi:Set status to INIT
WiFi lost connection, reconnect...
E (94221) wifi:Set status to INIT
WiFi lost connection, reconnect...
E (94250) wifi:Set status to INIT
WiFi lost connection, reconnect...
E (94278) wifi:Set status to INIT
WiFi lost connection, reconnect...
E (94307) wifi:Set status to INIT
WiFi lost connection, reconnect...
E (94336) wifi:Set status to INIT
WiFi lost connection, reconnect...
E (94365) wifi:Set status to INIT
WiFi lost connection, reconnect...
E (94394) wifi:Set status to INIT
WiFi lost connection, reconnect...
E (94432) wifi:Set status to INIT
WiFi lost connection, reconnect...
E (94461) wifi:Set status to INIT
WiFi lost connection, reconnect...
E (94494) wifi:Set status to INIT
WiFi lost connection, reconnect...
E (94523) wifi:Set status to INIT
WiFi lost connection, reconnect...
E (94561) wifi:Set status to INIT
WiFi lost connection, reconnect...
E (94604) wifi:Set status to INIT
WiFi lost connection, reconnect...
E (94639) wifi:Set status to INIT
WiFi lost connection, reconnect...
E (94668) wifi:Set status to INIT
WiFi lost connection, reconnect...
E (94698) wifi:Set status to INIT
WiFi lost connection, reconnect...
E (94726) wifi:Set status to INIT
WiFi lost connection, reconnect...
E (94755) wifi:Set status to INIT
WiFi lost connection, reconnect...
E (94784) wifi:Set status to INIT
WiFi lost connection, reconnect...
E (94820) wifi:Set status to INIT
WiFi lost connection, reconnect...
E (94848) wifi:Set status to INIT
WiFi lost connection, reconnect...
E (94878) wifi:Set status to INIT
WiFi lost connection, reconnect...
E (94907) wifi:Set status to INIT
WiFi lost connection, reconnect...
E (94935) wifi:Set status to INIT
WiFi lost connection, reconnect...
E (94963) wifi:Set status to INIT
WiFi lost connection, reconnect...
E (94993) wifi:Set status to INIT
WiFi lost connection, reconnect...
E (95021) wifi:Set status to INIT
WiFi lost connection, reconnect...
E (95050) wifi:Set status to INIT
WiFi lost connection, reconnect...
E (95086) wifi:Set status to INIT
WiFi lost connection, reconnect...
E (95158) wifi:Set status to INIT
WiFi lost connection, reconnect...
E (95188) wifi:Set status to INIT
WiFi lost connection, reconnect...
E (95221) wifi:Set status to INIT
WiFi lost connection, reconnect...
E (95254) wifi:Set status to INIT
WiFi lost connection, reconnect...
E (95282) wifi:Set status to INIT
WiFi lost connection, reconnect...
E (95314) wifi:Set status to INIT
WiFi lost connection, reconnect...
E (95342) wifi:Set status to INIT
WiFi lost connection, reconnect...
E (95370) wifi:Set status to INIT
WiFi lost connection, reconnect...
E (95401) wifi:Set status to INIT
WiFi lost connection, reconnect...
E (95434) wifi:Set status to INIT
WiFi lost connection, reconnect...
E (95463) wifi:Set status to INIT
WiFi lost connection, reconnect...
E (95491) wifi:Set status to INIT
WiFi lost connection, reconnect...
E (95519) wifi:Set status to INIT
WiFi lost connection, reconnect...
E (95548) wifi:Set status to INIT
WiFi lost connection, reconnect...
E (95577) wifi:Set status to INIT
WiFi lost connection, reconnect...
E (95606) wifi:Set status to INIT
WiFi lost connection, reconnect...
E (95645) wifi:Set status to INIT
WiFi lost connection, reconnect...
E (95682) wifi:Set status to INIT
WiFi lost connection, reconnect...
E (95713) wifi:Set status to INIT
WiFi lost connection, reconnect...
E (95741) wifi:Set status to INIT
WiFi lost connection, reconnect...
E (95769) wifi:Set status to INIT
WiFi lost connection, reconnect...
E (95798) wifi:Set status to INIT
WiFi lost connection, reconnect...
E (95827) wifi:Set status to INIT
WiFi lost connection, reconnect...
E (95856) wifi:Set status to INIT
WiFi lost connection, reconnect...
E (95884) wifi:Set status to INIT
WiFi lost connection, reconnect...
E (95912) wifi:Set status to INIT
WiFi lost connection, reconnect...
E (95941) wifi:Set status to INIT
WiFi lost connection, reconnect...
E (95971) wifi:Set status to INIT
WiFi lost connection, reconnect...
E (95999) wifi:Set status to INIT
WiFi lost connection, reconnect...
E (96029) wifi:Set status to INIT
WiFi lost connection, reconnect...
E (96058) wifi:Set status to INIT
WiFi lost connection, reconnect...
E (96088) wifi:Set status to INIT
WiFi lost connection, reconnect...
E (96117) wifi:Set status to INIT
WiFi lost connection, reconnect...
E (96147) wifi:Set status to INIT
WiFi lost connection, reconnect...
E (96177) wifi:Set status to INIT
WiFi lost connection, reconnect...
E (96206) wifi:Set status to INIT
WiFi lost connection, reconnect...
E (96234) wifi:Set status to INIT
WiFi lost connection, reconnect...
E (96263) wifi:Set status to INIT
WiFi lost connection, reconnect...
E (96291) wifi:Set status to INIT
WiFi lost connection, reconnect...
E (96320) wifi:Set status to INIT
WiFi lost connection, reconnect...
E (96348) wifi:Set status to INIT
WiFi lost connection, reconnect...
E (96380) wifi:Set status to INIT
WiFi lost connection, reconnect...
E (96408) wifi:Set status to INIT
WiFi lost connection, reconnect...
E (96440) wifi:Set status to INIT
WiFi lost connection, reconnect...
E (96469) wifi:Set status to INIT
WiFi lost connection, reconnect...
E (96498) wifi:Set status to INIT
WiFi lost connection, reconnect...
E (96527) wifi:Set status to INIT
WiFi lost connection, reconnect...
E (96557) wifi:Set status to INIT
WiFi lost connection, reconnect...
E (96586) wifi:Set status to INIT
WiFi lost connection, reconnect...
E (96614) wifi:Set status to INIT
WiFi lost connection, reconnect...
E (96644) wifi:Set status to INIT
WiFi lost connection, reconnect...
E (96672) wifi:Set status to INIT
WiFi lost connection, reconnect...
E (96705) wifi:Set status to INIT
WiFi lost connection, reconnect...
E (96748) wifi:Set status to INIT
WiFi lost connection, reconnect...
E (96781) wifi:Set status to INIT
WiFi lost connection, reconnect...
E (96810) wifi:Set status to INIT
WiFi lost connection, reconnect...
E (96840) wifi:Set status to INIT
WiFi lost connection, reconnect...
E (96869) wifi:Set status to INIT
WiFi lost connection, reconnect...
E (96898) wifi:Set status to INIT
WiFi lost connection, reconnect...
E (96927) wifi:Set status to INIT
WiFi lost connection, reconnect...
E (96955) wifi:Set status to INIT
WiFi lost connection, reconnect...
E (96983) wifi:Set status to INIT
WiFi lost connection, reconnect...
E (97016) wifi:Set status to INIT
WiFi lost connection, reconnect...
E (97050) wifi:Set status to INIT
WiFi lost connection, reconnect...
E (97079) wifi:Set status to INIT
WiFi lost connection, reconnect...
E (97109) wifi:Set status to INIT
WiFi lost connection, reconnect...
E (97141) wifi:Set status to INIT
WiFi lost connection, reconnect...
E (97171) wifi:Set status to INIT
WiFi lost connection, reconnect...
E (97205) wifi:Set status to INIT
WiFi lost connection, reconnect...
E (97234) wifi:Set status to INIT
WiFi lost connection, reconnect...
E (97320) wifi:Set status to INIT
WiFi lost connection, reconnect...
E (97350) wifi:Set status to INIT
WiFi lost connection, reconnect...
E (97378) wifi:Set status to INIT
WiFi lost connection, reconnect...
E (97407) wifi:Set status to INIT
WiFi lost connection, reconnect...
E (97436) wifi:Set status to INIT
WiFi lost connection, reconnect...
E (97467) wifi:Set status to INIT
WiFi lost connection, reconnect...
E (97504) wifi:Set status to INIT
WiFi lost connection, reconnect...
E (97533) wifi:Set status to INIT
WiFi lost connection, reconnect...
E (97570) wifi:Set status to INIT
WiFi lost connection, reconnect...
E (97617) wifi:Set status to INIT
WiFi lost connection, reconnect...
E (97649) wifi:Set status to INIT
WiFi lost connection, reconnect...
E (97718) wifi:Set status to INIT
WiFi lost connection, reconnect...
E (97748) wifi:Set status to INIT
WiFi lost connection, reconnect...
E (97822) wifi:Set status to INIT
WiFi lost connection, reconnect...
E (97852) wifi:Set status to INIT
WiFi lost connection, reconnect...
E (97922) wifi:Set status to INIT
WiFi lost connection, reconnect...
E (97952) wifi:Set status to INIT
WiFi lost connection, reconnect...
10.175.1.7
WiFi lost connection, reconnect...
10.175.1.7
WiFi lost connection, reconnect...
10.175.1.7
WiFi lost connection, reconnect...
10.175.1.7
WiFi lost connection, reconnect...
10.175.1.7
WiFi lost connection, reconnect...
WiFi lost connection, reconnect...
10.175.1.7
WiFi lost connection, reconnect...
10.175.1.7
WiFi lost connection, reconnect...
10.175.1.7
WiFi lost connection, reconnect...
10.175.1.7
WiFi lost connection, reconnect...
10.175.1.7
WiFi lost connection, reconnect...
10.175.1.7
WiFi lost connection, reconnect...
10.175.1.7
WiFi lost connection, reconnect...
10.175.1.7
WiFi lost connection, reconnect...
10.175.1.7
WiFi lost connection, reconnect...
10.175.1.7
WiFi lost connection, reconnect...
10.175.1.7
WiFi lost connection, reconnect...
10.175.1.7
WiFi lost connection, reconnect...
10.175.1.7
