[   776][E][Wire.cpp:481] requestFrom(): NULL buffer pointer
[   777][E][Wire.cpp:557] read(): NULL RX buffer pointer
[   777][E][Wire.cpp:422] beginTransmission(): could not acquire lock
[   779][E][WiFiUdp.cpp:172] beginPacket(): could not get host from dns: 11
[   790][E][WiFiUdp.cpp:185] endPacket(): could not send data: 118
[   782][E][Wire.cpp:526] write(): NULL TX buffer pointer
[   800][E][Wire.cpp:526] write(): NULL TX buffer pointer
[   805][E][Wire.cpp:448] endTransmission(): NULL TX buffer pointer
The SI473X / SI474X I2C address is 0x11
10.175.1.7
WiFi lost connection, reconnect...
WiFi lost connection, reconnect...
[918217][E][WiFiUdp.cpp:185] endPacket(): could not send data: 118
[919491][E][WiFiUdp.cpp:185] endPacket(): could not send data: 118
[920762][E][WiFiUdp.cpp:185] endPacket(): could not send data: 118
WiFi lost connection, reconnect...
[922047][E][WiFiUdp.cpp:172] beginPacket(): could not get host from dns: 11
[922048][E][WiFiUdp.cpp:185] endPacket(): could not send data: 118
[923320][E][WiFiUdp.cpp:172] beginPacket(): could not get host from dns: 11
[923321][E][WiFiUdp.cpp:185] endPacket(): could not send data: 118
[924595][E][WiFiUdp.cpp:172] beginPacket(): could not get host from dns: 11
[924597][E][WiFiUdp.cpp:185] endPacket(): could not send data: 118
WiFi lost connection, reconnect...
[925867][E][WiFiUdp.cpp:172] beginPacket(): could not get host from dns: 11
[925868][E][WiFiUdp.cpp:185] endPacket(): could not send data: 118
[927144][E][WiFiUdp.cpp:172] beginPacket(): could not get host from dns: 11
[927145][E][WiFiUdp.cpp:185] endPacket(): could not send data: 118
[928419][E][WiFiUdp.cpp:172] beginPacket(): could not get host from dns: 11
[928420][E][WiFiUdp.cpp:185] endPacket(): could not send data: 118
[929693][E][WiFiUdp.cpp:172] beginPacket(): could not get host from dns: 11
[929694][E][WiFiUdp.cpp:185] endPacket(): could not send data: 118
WiFi lost connection, reconnect...
[930974][E][WiFiUdp.cpp:172] beginPacket(): could not get host from dns: 11
[930975][E][WiFiUdp.cpp:185] endPacket(): could not send data: 118
[932252][E][WiFiUdp.cpp:172] beginPacket(): could not get host from dns: 11
[932253][E][WiFiUdp.cpp:185] endPacket(): could not send data: 118
10.175.1.7
[947550][E][WiFiUdp.cpp:172] beginPacket(): could not get host from dns: 11
