[ 33446][E][Wire.cpp:513] requestFrom(): i2cRead returned Error 263
[ 34449][E][Wire.cpp:513] requestFrom(): i2cRead returned Error 263
clkdtclk[ 35450][E][Wire.cpp:513] requestFrom(): i2cRead returned Error 263
dtclkdtclkdtclkdtclkdtclkdtclkdtclkdtclkdtdtclk[ 36453][E][Wire.cpp:513] requestFrom(): i2cRead returned Error 263
dtclkdt[ 37454][E][Wire.cpp:513] requestFrom(): i2cRead returned Error 263
[ 38457][E][Wire.cpp:513] requestFrom(): i2cRead returned Error 263
dt[ 39458][E][Wire.cpp:513] requestFrom(): i2cRead returned Error 263
clkdtclkdtclkdtclkdtdt[ 40461][E][Wire.cpp:513] requestFrom(): i2cRead returned Error 263
[ 41462][E][Wire.cpp:513] requestFrom(): i2cRead returned Error 263
[ 42465][E][Wire.cpp:513] requestFrom(): i2cRead returned Error 263
[ 43466][E][Wire.cpp:513] requestFrom(): i2cRead returned Error 263
[ 44469][E][Wire.cpp:513] requestFrom(): i2cRead returned Error 263
[ 45470][E][Wire.cpp:513] requestFrom(): i2cRead returned Error 263
[ 46473][E][Wire.cpp:513] requestFrom(): i2cRead returned Error 263
[ 47474][E][Wire.cpp:513] requestFrom(): i2cRead returned Error 263
[ 48477][E][Wire.cpp:513] requestFrom(): i2cRead returned Error 263
[ 49478][E][Wire.cpp:513] requestFrom(): i2cRead returned Error 263
[ 50481][E][Wire.cpp:513] requestFrom(): i2cRead returned Error 263
[ 51482][E][Wire.cpp:513] requestFrom(): i2cRead returned Error 263
[ 52485][E][Wire.cpp:513] requestFrom(): i2cRead returned Error 263
[ 53486][E][Wire.cpp:513] requestFrom(): i2cRead returned Error 263
[ 54489][E][Wire.cpp:513] requestFrom(): i2cRead returned Error 263
[ 55490][E][Wire.cpp:513] requestFrom(): i2cRead returned Error 263
[ 56493][E][Wire.cpp:513] requestFrom(): i2cRead returned Error 263
[ 57494][E][Wire.cpp:513] requestFrom(): i2cRead returned Error 263
[ 58496][E][Wire.cpp:513] requestFrom(): i2cRead returned Error 263
[ 59497][E][Wire.cpp:513] requestFrom(): i2cRead returned Error 263
[ 60500][E][Wire.cpp:513] requestFrom(): i2cRead returned Error 263
[ 61502][E][Wire.cpp:513] requestFrom(): i2cRead returned Error 263
[ 62505][E][Wire.cpp:513] requestFrom(): i2cRead returned Error 263
[ 63506][E][Wire.cpp:513] requestFrom(): i2cRead returned Error 263
[ 64509][E][Wire.cpp:513] requestFrom(): i2cRead returned Error 263
