10.175.1.7
The SI473X / SI474X I2C address is 0x11
[Warn]	(1.780, +1780)	 lv_draw_sw_letter: lv_draw_letter: glyph dsc. not found for U+3BC 	(in lv_draw_sw_letter.c line #106)
[Warn]	(1.800, +20)	 lv_draw_sw_letter: lv_draw_letter: glyph dsc. not found for U+3BC 	(in lv_draw_sw_letter.c line #106)
[Warn]	(2.875, +1075)	 lv_draw_sw_letter: lv_draw_letter: glyph dsc. not found for U+3BC 	(in lv_draw_sw_letter.c line #106)
[Warn]	(2.895, +20)	 lv_draw_sw_letter: lv_draw_letter: glyph dsc. not found for U+3BC 	(in lv_draw_sw_letter.c line #106)
[Warn]	(3.960, +1065)	 lv_draw_sw_letter: lv_draw_letter: glyph dsc. not found for U+3BC 	(in lv_draw_sw_letter.c line #106)
[Warn]	(3.980, +20)	 lv_draw_sw_letter: lv_draw_letter: glyph dsc. not found for U+3BC 	(in lv_draw_sw_letter.c line #106)
[Warn]	(5.055, +1075)	 lv_draw_sw_letter: lv_draw_letter: glyph dsc. not found for U+3BC 	(in lv_draw_sw_letter.c line #106)
[Warn]	(5.075, +20)	 lv_draw_sw_letter: lv_draw_letter: glyph dsc. not found for U+3BC 	(in lv_draw_sw_letter.c line #106)
[Warn]	(6.140, +1065)	 lv_draw_sw_letter: lv_draw_letter: glyph dsc. not found for U+3BC 	(in lv_draw_sw_letter.c line #106)
[Warn]	(6.160, +20)	 lv_draw_sw_letter: lv_draw_letter: glyph dsc. not found for U+3BC 	(in lv_draw_sw_letter.c line #106)
[Warn]	(7.225, +1065)	 lv_draw_sw_letter: lv_draw_letter: glyph dsc. not found for U+3BC 	(in lv_draw_sw_letter.c line #106)
[Warn]	(7.245, +20)	 lv_draw_sw_letter: lv_draw_letter: glyph dsc. not found for U+3BC 	(in lv_draw_sw_letter.c line #106)
[Warn]	(8.310, +1065)	 lv_draw_sw_letter: lv_draw_letter: glyph dsc. not found for U+3BC 	(in lv_draw_sw_letter.c line #106)
[Warn]	(8.330, +20)	 lv_draw_sw_letter: lv_draw_letter: glyph dsc. not found for U+3BC 	(in lv_draw_sw_letter.c line #106)
[Warn]	(9.395, +1065)	 lv_draw_sw_letter: lv_draw_letter: glyph dsc. not found for U+3BC 	(in lv_draw_sw_letter.c line #106)
[Warn]	(9.415, +20)	 lv_draw_sw_letter: lv_draw_letter: glyph dsc. not found for U+3BC 	(in lv_draw_sw_letter.c line #106)
[Warn]	(10.480, +1065)	 lv_draw_sw_letter: lv_draw_letter: glyph dsc. not found for U+3BC 	(in lv_draw_sw_letter.c line #106)
[Warn]	(10.500, +20)	 lv_draw_sw_letter: lv_draw_letter: glyph dsc. not found for U+3BC 	(in lv_draw_sw_letter.c line #106)
[Warn]	(11.565, +1065)	 lv_draw_sw_letter: lv_draw_letter: glyph dsc. not found for U+3BC 	(in lv_draw_sw_letter.c line #106)
[Warn]	(11.580, +15)	 lv_draw_sw_letter: lv_draw_letter: glyph dsc. not found for U+3BC 	(in lv_draw_sw_letter.c line #106)
[Warn]	(12.650, +1070)	 lv_draw_sw_letter: lv_draw_letter: glyph dsc. not found for U+3BC 	(in lv_draw_sw_letter.c line #106)
[Warn]	(12.665, +15)	 lv_draw_sw_letter: lv_draw_letter: glyph dsc. not found for U+3BC 	(in lv_draw_sw_letter.c line #106)
[Warn]	(13.735, +1070)	 lv_draw_sw_letter: lv_draw_letter: glyph dsc. not found for U+3BC 	(in lv_draw_sw_letter.c line #106)
[Warn]	(13.750, +15)	 lv_draw_sw_letter: lv_draw_letter: glyph dsc. not found for U+3BC 	(in lv_draw_sw_letter.c line #106)
[Warn]	(14.820, +1070)	 lv_draw_sw_letter: lv_draw_letter: glyph dsc. not found for U+3BC 	(in lv_draw_sw_letter.c line #106)
[Warn]	(14.835, +15)	 lv_draw_sw_letter: lv_draw_letter: glyph dsc. not found for U+3BC 	(in lv_draw_sw_letter.c line #106)
[Warn]	(15.905, +1070)	 lv_draw_sw_letter: lv_draw_letter: glyph dsc. not found for U+3BC 	(in lv_draw_sw_letter.c line #106)
[Warn]	(15.920, +15)	 lv_draw_sw_letter: lv_draw_letter: glyph dsc. not found for U+3BC 	(in lv_draw_sw_letter.c line #106)
[Warn]	(16.990, +1070)	 lv_draw_sw_letter: lv_draw_letter: glyph dsc. not found for U+3BC 	(in lv_draw_sw_letter.c line #106)
[Warn]	(17.005, +15)	 lv_draw_sw_letter: lv_draw_letter: glyph dsc. not found for U+3BC 	(in lv_draw_sw_letter.c line #106)
[Warn]	(18.070, +1065)	 lv_draw_sw_letter: lv_draw_letter: glyph dsc. not found for U+3BC 	(in lv_draw_sw_letter.c line #106)
[Warn]	(18.090, +20)	 lv_draw_sw_letter: lv_draw_letter: glyph dsc. not found for U+3BC 	(in lv_draw_sw_letter.c line #106)
[Warn]	(19.155, +1065)	 lv_draw_sw_letter: lv_draw_letter: glyph dsc. not found for U+3BC 	(in lv_draw_sw_letter.c line #106)
[Warn]	(19.175, +20)	 lv_draw_sw_letter: lv_draw_letter: glyph dsc. not found for U+3BC 	(in lv_draw_sw_letter.c line #106)
[Warn]	(20.240, +1065)	 lv_draw_sw_letter: lv_draw_letter: glyph dsc. not found for U+3BC 	(in lv_draw_sw_letter.c line #106)
[Warn]	(20.260, +20)	 lv_draw_sw_letter: lv_draw_letter: glyph dsc. not found for U+3BC 	(in lv_draw_sw_letter.c line #106)
[Warn]	(21.325, +1065)	 lv_draw_sw_letter: lv_draw_letter: glyph dsc. not found for U+3BC 	(in lv_draw_sw_letter.c line #106)
[Warn]	(21.345, +20)	 lv_draw_sw_letter: lv_draw_letter: glyph dsc. not found for U+3BC 	(in lv_draw_sw_letter.c line #106)
[Warn]	(22.410, +1065)	 lv_draw_sw_letter: lv_draw_letter: glyph dsc. not found for U+3BC 	(in lv_draw_sw_letter.c line #106)
[Warn]	(22.430, +20)	 lv_draw_sw_letter: lv_draw_letter: glyph dsc. not found for U+3BC 	(in lv_draw_sw_letter.c line #106)
[Warn]	(23.495, +1065)	 lv_draw_sw_letter: lv_draw_letter: glyph dsc. not found for U+3BC 	(in lv_draw_sw_letter.c line #106)
[Warn]	(23.515, +20)	 lv_draw_sw_letter: lv_draw_letter: glyph dsc. not found for U+3BC 	(in lv_draw_sw_letter.c line #106)
[Warn]	(24.580, +1065)	 lv_draw_sw_letter: lv_draw_letter: glyph dsc. not found for U+3BC 	(in lv_draw_sw_letter.c line #106)
[Warn]	(24.600, +20)	 lv_draw_sw_letter: lv_draw_letter: glyph dsc. not found for U+3BC 	(in lv_draw_sw_letter.c line #106)
[Warn]	(25.665, +1065)	 lv_draw_sw_letter: lv_draw_letter: glyph dsc. not found for U+3BC 	(in lv_draw_sw_letter.c line #106)
[Warn]	(25.685, +20)	 lv_draw_sw_letter: lv_draw_letter: glyph dsc. not found for U+3BC 	(in lv_draw_sw_letter.c line #106)
[Warn]	(26.750, +1065)	 lv_draw_sw_letter: lv_draw_letter: glyph dsc. not found for U+3BC 	(in lv_draw_sw_letter.c line #106)
[Warn]	(26.770, +20)	 lv_draw_sw_letter: lv_draw_letter: glyph dsc. not found for U+3BC 	(in lv_draw_sw_letter.c line #106)
[Warn]	(27.835, +1065)	 lv_draw_sw_letter: lv_draw_letter: glyph dsc. not found for U+3BC 	(in lv_draw_sw_letter.c line #106)
[Warn]	(27.855, +20)	 lv_draw_sw_letter: lv_draw_letter: glyph dsc. not found for U+3BC 	(in lv_draw_sw_letter.c line #106)
[Warn]	(28.920, +1065)	 lv_draw_sw_letter: lv_draw_letter: glyph dsc. not found for U+3BC 	(in lv_draw_sw_letter.c line #106)
[Warn]	(28.940, +20)	 lv_draw_sw_letter: lv_draw_letter: glyph dsc. not found for U+3BC 	(in lv_draw_sw_letter.c line #106)
[Warn]	(30.005, +1065)	 lv_draw_sw_letter: lv_draw_letter: glyph dsc. not found for U+3BC 	(in lv_draw_sw_letter.c line #106)
[Warn]	(30.025, +20)	 lv_draw_sw_letter: lv_draw_letter: glyph dsc. not found for U+3BC 	(in lv_draw_sw_letter.c line #106)
[Warn]	(31.090, +1065)	 lv_draw_sw_letter: lv_draw_letter: glyph dsc. not found for U+3BC 	(in lv_draw_sw_letter.c line #106)
[Warn]	(31.110, +20)	 lv_draw_sw_letter: lv_draw_letter: glyph dsc. not found for U+3BC 	(in lv_draw_sw_letter.c line #106)
[Warn]	(32.175, +1065)	 lv_draw_sw_letter: lv_draw_letter: glyph dsc. not found for U+3BC 	(in lv_draw_sw_letter.c line #106)
[Warn]	(32.195, +20)	 lv_draw_sw_letter: lv_draw_letter: glyph dsc. not found for U+3BC 	(in lv_draw_sw_letter.c line #106)
[Warn]	(33.260, +1065)	 lv_draw_sw_letter: lv_draw_letter: glyph dsc. not found for U+3BC 	(in lv_draw_sw_letter.c line #106)
[Warn]	(33.280, +20)	 lv_draw_sw_letter: lv_draw_letter: glyph dsc. not found for U+3BC 	(in lv_draw_sw_letter.c line #106)
[Warn]	(34.345, +1065)	 lv_draw_sw_letter: lv_draw_letter: glyph dsc. not found for U+3BC 	(in lv_draw_sw_letter.c line #106)
[Warn]	(34.365, +20)	 lv_draw_sw_letter: lv_draw_letter: glyph dsc. not found for U+3BC 	(in lv_draw_sw_letter.c line #106)
1
[Warn]	(35.455, +1090)	 lv_draw_sw_letter: lv_draw_letter: glyph dsc. not found for U+3BC 	(in lv_draw_sw_letter.c line #106)
[Warn]	(35.475, +20)	 lv_draw_sw_letter: lv_draw_letter: glyph dsc. not found for U+3BC 	(in lv_draw_sw_letter.c line #106)
[Warn]	(36.615, +1140)	 lv_draw_sw_letter: lv_draw_letter: glyph dsc. not found for U+3BC 	(in lv_draw_sw_letter.c line #106)
[Warn]	(36.630, +15)	 lv_draw_sw_letter: lv_draw_letter: glyph dsc. not found for U+3BC 	(in lv_draw_sw_letter.c line #106)
Click
Encoder
[Warn]	(37.700, +1070)	 lv_draw_sw_letter: lv_draw_letter: glyph dsc. not found for U+3BC 	(in lv_draw_sw_letter.c line #106)
[Warn]	(37.720, +20)	 lv_draw_sw_letter: lv_draw_letter: glyph dsc. not found for U+3BC 	(in lv_draw_sw_letter.c line #106)
[Warn]	(37.750, +30)	 lv_draw_sw_letter: lv_draw_letter: glyph dsc. not found for U+3BC 	(in lv_draw_sw_letter.c line #106)
[User]	(38.775, +1025)	 scan_event_handler: Clicked 	(in events.cpp line #9)
[Warn]	(38.790, +15)	 lv_draw_sw_letter: lv_draw_letter: glyph dsc. not found for U+3BC 	(in lv_draw_sw_letter.c line #106)
[Warn]	(38.845, +55)	 lv_draw_sw_letter: lv_draw_letter: glyph dsc. not found for U+3BC 	(in lv_draw_sw_letter.c line #106)
[Warn]	(38.865, +20)	 lv_draw_sw_letter: lv_draw_letter: glyph dsc. not found for U+3BC 	(in lv_draw_sw_letter.c line #106)
[Warn]	(39.900, +1035)	 lv_draw_sw_letter: lv_draw_letter: glyph dsc. not found for U+3BC 	(in lv_draw_sw_letter.c line #106)
[Warn]	(39.990, +90)	 lv_draw_sw_letter: lv_draw_letter: glyph dsc. not found for U+3BC 	(in lv_draw_sw_letter.c line #106)
[Warn]	(40.010, +20)	 lv_draw_sw_letter: lv_draw_letter: glyph dsc. not found for U+3BC 	(in lv_draw_sw_letter.c line #106)
[Warn]	(41.050, +1040)	 lv_draw_sw_letter: lv_draw_letter: glyph dsc. not found for U+3BC 	(in lv_draw_sw_letter.c line #106)
[Warn]	(41.110, +60)	 lv_draw_sw_letter: lv_draw_letter: glyph dsc. not found for U+3BC 	(in lv_draw_sw_letter.c line #106)
[Warn]	(41.125, +15)	 lv_draw_sw_letter: lv_draw_letter: glyph dsc. not found for U+3BC 	(in lv_draw_sw_letter.c line #106)
[Warn]	(42.195, +1070)	 lv_draw_sw_letter: lv_draw_letter: glyph dsc. not found for U+3BC 	(in lv_draw_sw_letter.c line #106)
[Warn]	(42.215, +20)	 lv_draw_sw_letter: lv_draw_letter: glyph dsc. not found for U+3BC 	(in lv_draw_sw_letter.c line #106)
Encoder
[Warn]	(43.280, +1065)	 lv_draw_sw_letter: lv_draw_letter: glyph dsc. not found for U+3BC 	(in lv_draw_sw_letter.c line #106)
[Warn]	(43.300, +20)	 lv_draw_sw_letter: lv_draw_letter: glyph dsc. not found for U+3BC 	(in lv_draw_sw_letter.c line #106)
[Warn]	(43.330, +30)	 lv_draw_sw_letter: lv_draw_letter: glyph dsc. not found for U+3BC 	(in lv_draw_sw_letter.c line #106)
[User]	(44.355, +1025)	 scan_event_handler: Clicked 	(in events.cpp line #9)
[Warn]	(44.370, +15)	 lv_draw_sw_letter: lv_draw_letter: glyph dsc. not found for U+3BC 	(in lv_draw_sw_letter.c line #106)
[Warn]	(44.425, +55)	 lv_draw_sw_letter: lv_draw_letter: glyph dsc. not found for U+3BC 	(in lv_draw_sw_letter.c line #106)
[Warn]	(44.445, +20)	 lv_draw_sw_letter: lv_draw_letter: glyph dsc. not found for U+3BC 	(in lv_draw_sw_letter.c line #106)
[Warn]	(45.485, +1040)	 lv_draw_sw_letter: lv_draw_letter: glyph dsc. not found for U+3BC 	(in lv_draw_sw_letter.c line #106)
[Warn]	(45.575, +90)	 lv_draw_sw_letter: lv_draw_letter: glyph dsc. not found for U+3BC 	(in lv_draw_sw_letter.c line #106)
[Warn]	(45.595, +20)	 lv_draw_sw_letter: lv_draw_letter: glyph dsc. not found for U+3BC 	(in lv_draw_sw_letter.c line #106)
[Warn]	(46.635, +1040)	 lv_draw_sw_letter: lv_draw_letter: glyph dsc. not found for U+3BC 	(in lv_draw_sw_letter.c line #106)
[Warn]	(46.695, +60)	 lv_draw_sw_letter: lv_draw_letter: glyph dsc. not found for U+3BC 	(in lv_draw_sw_letter.c line #106)
[Warn]	(46.710, +15)	 lv_draw_sw_letter: lv_draw_letter: glyph dsc. not found for U+3BC 	(in lv_draw_sw_letter.c line #106)
Click
Encoder
[Warn]	(47.780, +1070)	 lv_draw_sw_letter: lv_draw_letter: glyph dsc. not found for U+3BC 	(in lv_draw_sw_letter.c line #106)
[Warn]	(47.800, +20)	 lv_draw_sw_letter: lv_draw_letter: glyph dsc. not found for U+3BC 	(in lv_draw_sw_letter.c line #106)
[Warn]	(47.830, +30)	 lv_draw_sw_letter: lv_draw_letter: glyph dsc. not found for U+3BC 	(in lv_draw_sw_letter.c line #106)
[User]	(48.855, +1025)	 scan_event_handler: Clicked 	(in events.cpp line #9)
[Warn]	(48.870, +15)	 lv_draw_sw_letter: lv_draw_letter: glyph dsc. not found for U+3BC 	(in lv_draw_sw_letter.c line #106)
[Warn]	(48.925, +55)	 lv_draw_sw_letter: lv_draw_letter: glyph dsc. not found for U+3BC 	(in lv_draw_sw_letter.c line #106)
[Warn]	(48.945, +20)	 lv_draw_sw_letter: lv_draw_letter: glyph dsc. not found for U+3BC 	(in lv_draw_sw_letter.c line #106)
[Warn]	(49.985, +1040)	 lv_draw_sw_letter: lv_draw_letter: glyph dsc. not found for U+3BC 	(in lv_draw_sw_letter.c line #106)
[Warn]	(50.075, +90)	 lv_draw_sw_letter: lv_draw_letter: glyph dsc. not found for U+3BC 	(in lv_draw_sw_letter.c line #106)
[Warn]	(50.095, +20)	 lv_draw_sw_letter: lv_draw_letter: glyph dsc. not found for U+3BC 	(in lv_draw_sw_letter.c line #106)
Click
Encoder
[Warn]	(51.140, +1045)	 lv_draw_sw_letter: lv_draw_letter: glyph dsc. not found for U+3BC 	(in lv_draw_sw_letter.c line #106)
[Warn]	(51.195, +55)	 lv_draw_sw_letter: lv_draw_letter: glyph dsc. not found for U+3BC 	(in lv_draw_sw_letter.c line #106)
[Warn]	(51.215, +20)	 lv_draw_sw_letter: lv_draw_letter: glyph dsc. not found for U+3BC 	(in lv_draw_sw_letter.c line #106)
[User]	(52.245, +1030)	 scan_event_handler: Clicked 	(in events.cpp line #9)
[Warn]	(52.260, +15)	 lv_draw_sw_letter: lv_draw_letter: glyph dsc. not found for U+3BC 	(in lv_draw_sw_letter.c line #106)
[Warn]	(52.315, +55)	 lv_draw_sw_letter: lv_draw_letter: glyph dsc. not found for U+3BC 	(in lv_draw_sw_letter.c line #106)
[Warn]	(52.335, +20)	 lv_draw_sw_letter: lv_draw_letter: glyph dsc. not found for U+3BC 	(in lv_draw_sw_letter.c line #106)
[Warn]	(53.375, +1040)	 lv_draw_sw_letter: lv_draw_letter: glyph dsc. not found for U+3BC 	(in lv_draw_sw_letter.c line #106)
[Warn]	(53.465, +90)	 lv_draw_sw_letter: lv_draw_letter: glyph dsc. not found for U+3BC 	(in lv_draw_sw_letter.c line #106)
[Warn]	(53.485, +20)	 lv_draw_sw_letter: lv_draw_letter: glyph dsc. not found for U+3BC 	(in lv_draw_sw_letter.c line #106)
[Warn]	(54.525, +1040)	 lv_draw_sw_letter: lv_draw_letter: glyph dsc. not found for U+3BC 	(in lv_draw_sw_letter.c line #106)
[Warn]	(54.580, +55)	 lv_draw_sw_letter: lv_draw_letter: glyph dsc. not found for U+3BC 	(in lv_draw_sw_letter.c line #106)
[Warn]	(54.600, +20)	 lv_draw_sw_letter: lv_draw_letter: glyph dsc. not found for U+3BC 	(in lv_draw_sw_letter.c line #106)
[Warn]	(55.665, +1065)	 lv_draw_sw_letter: lv_draw_letter: glyph dsc. not found for U+3BC 	(in lv_draw_sw_letter.c line #106)
[Warn]	(55.685, +20)	 lv_draw_sw_letter: lv_draw_letter: glyph dsc. not found for U+3BC 	(in lv_draw_sw_letter.c line #106)
Encoder
[Warn]	(56.755, +1070)	 lv_draw_sw_letter: lv_draw_letter: glyph dsc. not found for U+3BC 	(in lv_draw_sw_letter.c line #106)
[Warn]	(56.775, +20)	 lv_draw_sw_letter: lv_draw_letter: glyph dsc. not found for U+3BC 	(in lv_draw_sw_letter.c line #106)
[Warn]	(56.805, +30)	 lv_draw_sw_letter: lv_draw_letter: glyph dsc. not found for U+3BC 	(in lv_draw_sw_letter.c line #106)
[User]	(57.830, +1025)	 scan_event_handler: Clicked 	(in events.cpp line #9)
[Warn]	(57.840, +10)	 lv_draw_sw_letter: lv_draw_letter: glyph dsc. not found for U+3BC 	(in lv_draw_sw_letter.c line #106)
[Warn]	(57.900, +60)	 lv_draw_sw_letter: lv_draw_letter: glyph dsc. not found for U+3BC 	(in lv_draw_sw_letter.c line #106)
[Warn]	(57.920, +20)	 lv_draw_sw_letter: lv_draw_letter: glyph dsc. not found for U+3BC 	(in lv_draw_sw_letter.c line #106)
[Warn]	(58.960, +1040)	 lv_draw_sw_letter: lv_draw_letter: glyph dsc. not found for U+3BC 	(in lv_draw_sw_letter.c line #106)
[Warn]	(59.045, +85)	 lv_draw_sw_letter: lv_draw_letter: glyph dsc. not found for U+3BC 	(in lv_draw_sw_letter.c line #106)
[Warn]	(59.065, +20)	 lv_draw_sw_letter: lv_draw_letter: glyph dsc. not found for U+3BC 	(in lv_draw_sw_letter.c line #106)
[Warn]	(60.110, +1045)	 lv_draw_sw_letter: lv_draw_letter: glyph dsc. not found for U+3BC 	(in lv_draw_sw_letter.c line #106)
[Warn]	(60.165, +55)	 lv_draw_sw_letter: lv_draw_letter: glyph dsc. not found for U+3BC 	(in lv_draw_sw_letter.c line #106)
[Warn]	(60.185, +20)	 lv_draw_sw_letter: lv_draw_letter: glyph dsc. not found for U+3BC 	(in lv_draw_sw_letter.c line #106)
[Warn]	(61.250, +1065)	 lv_draw_sw_letter: lv_draw_letter: glyph dsc. not found for U+3BC 	(in lv_draw_sw_letter.c line #106)
[Warn]	(61.270, +20)	 lv_draw_sw_letter: lv_draw_letter: glyph dsc. not found for U+3BC 	(in lv_draw_sw_letter.c line #106)
Click
Encoder
[Warn]	(62.325, +1055)	 lv_draw_sw_letter: lv_draw_letter: glyph dsc. not found for U+3BC 	(in lv_draw_sw_letter.c line #106)
[Warn]	(62.345, +20)	 lv_draw_sw_letter: lv_draw_letter: glyph dsc. not found for U+3BC 	(in lv_draw_sw_letter.c line #106)
[Warn]	(62.385, +40)	 lv_draw_sw_letter: lv_draw_letter: glyph dsc. not found for U+3BC 	(in lv_draw_sw_letter.c line #106)
[User]	(63.410, +1025)	 scan_event_handler: Clicked 	(in events.cpp line #9)
[Warn]	(63.425, +15)	 lv_draw_sw_letter: lv_draw_letter: glyph dsc. not found for U+3BC 	(in lv_draw_sw_letter.c line #106)
[Warn]	(63.470, +45)	 lv_draw_sw_letter: lv_draw_letter: glyph dsc. not found for U+3BC 	(in lv_draw_sw_letter.c line #106)
[Warn]	(63.490, +20)	 lv_draw_sw_letter: lv_draw_letter: glyph dsc. not found for U+3BC 	(in lv_draw_sw_letter.c line #106)
[Warn]	(64.540, +1050)	 lv_draw_sw_letter: lv_draw_letter: glyph dsc. not found for U+3BC 	(in lv_draw_sw_letter.c line #106)
[Warn]	(64.630, +90)	 lv_draw_sw_letter: lv_draw_letter: glyph dsc. not found for U+3BC 	(in lv_draw_sw_letter.c line #106)
[Warn]	(64.650, +20)	 lv_draw_sw_letter: lv_draw_letter: glyph dsc. not found for U+3BC 	(in lv_draw_sw_letter.c line #106)
[Warn]	(65.690, +1040)	 lv_draw_sw_letter: lv_draw_letter: glyph dsc. not found for U+3BC 	(in lv_draw_sw_letter.c line #106)
[Warn]	(65.745, +55)	 lv_draw_sw_letter: lv_draw_letter: glyph dsc. not found for U+3BC 	(in lv_draw_sw_letter.c line #106)
[Warn]	(65.765, +20)	 lv_draw_sw_letter: lv_draw_letter: glyph dsc. not found for U+3BC 	(in lv_draw_sw_letter.c line #106)
[Warn]	(66.830, +1065)	 lv_draw_sw_letter: lv_draw_letter: glyph dsc. not found for U+3BC 	(in lv_draw_sw_letter.c line #106)
[Warn]	(66.850, +20)	 lv_draw_sw_letter: lv_draw_letter: glyph dsc. not found for U+3BC 	(in lv_draw_sw_letter.c line #106)
Click
Encoder
[Warn]	(67.920, +1070)	 lv_draw_sw_letter: lv_draw_letter: glyph dsc. not found for U+3BC 	(in lv_draw_sw_letter.c line #106)
[Warn]	(67.935, +15)	 lv_draw_sw_letter: lv_draw_letter: glyph dsc. not found for U+3BC 	(in lv_draw_sw_letter.c line #106)
[Warn]	(67.965, +30)	 lv_draw_sw_letter: lv_draw_letter: glyph dsc. not found for U+3BC 	(in lv_draw_sw_letter.c line #106)
[User]	(68.995, +1030)	 scan_event_handler: Clicked 	(in events.cpp line #9)
[Warn]	(69.005, +10)	 lv_draw_sw_letter: lv_draw_letter: glyph dsc. not found for U+3BC 	(in lv_draw_sw_letter.c line #106)
[Warn]	(69.065, +60)	 lv_draw_sw_letter: lv_draw_letter: glyph dsc. not found for U+3BC 	(in lv_draw_sw_letter.c line #106)
[Warn]	(69.080, +15)	 lv_draw_sw_letter: lv_draw_letter: glyph dsc. not found for U+3BC 	(in lv_draw_sw_letter.c line #106)
[Warn]	(70.120, +1040)	 lv_draw_sw_letter: lv_draw_letter: glyph dsc. not found for U+3BC 	(in lv_draw_sw_letter.c line #106)
[Warn]	(70.210, +90)	 lv_draw_sw_letter: lv_draw_letter: glyph dsc. not found for U+3BC 	(in lv_draw_sw_letter.c line #106)
[Warn]	(70.230, +20)	 lv_draw_sw_letter: lv_draw_letter: glyph dsc. not found for U+3BC 	(in lv_draw_sw_letter.c line #106)
[Warn]	(71.275, +1045)	 lv_draw_sw_letter: lv_draw_letter: glyph dsc. not found for U+3BC 	(in lv_draw_sw_letter.c line #106)
[Warn]	(71.330, +55)	 lv_draw_sw_letter: lv_draw_letter: glyph dsc. not found for U+3BC 	(in lv_draw_sw_letter.c line #106)
[Warn]	(71.350, +20)	 lv_draw_sw_letter: lv_draw_letter: glyph dsc. not found for U+3BC 	(in lv_draw_sw_letter.c line #106)
[Warn]	(72.415, +1065)	 lv_draw_sw_letter: lv_draw_letter: glyph dsc. not found for U+3BC 	(in lv_draw_sw_letter.c line #106)
[Warn]	(72.435, +20)	 lv_draw_sw_letter: lv_draw_letter: glyph dsc. not found for U+3BC 	(in lv_draw_sw_letter.c line #106)
Encoder
[Warn]	(73.500, +1065)	 lv_draw_sw_letter: lv_draw_letter: glyph dsc. not found for U+3BC 	(in lv_draw_sw_letter.c line #106)
[Warn]	(73.520, +20)	 lv_draw_sw_letter: lv_draw_letter: glyph dsc. not found for U+3BC 	(in lv_draw_sw_letter.c line #106)
[Warn]	(73.550, +30)	 lv_draw_sw_letter: lv_draw_letter: glyph dsc. not found for U+3BC 	(in lv_draw_sw_letter.c line #106)
[User]	(74.575, +1025)	 scan_event_handler: Clicked 	(in events.cpp line #9)
[Warn]	(74.590, +15)	 lv_draw_sw_letter: lv_draw_letter: glyph dsc. not found for U+3BC 	(in lv_draw_sw_letter.c line #106)
[Warn]	(74.645, +55)	 lv_draw_sw_letter: lv_draw_letter: glyph dsc. not found for U+3BC 	(in lv_draw_sw_letter.c line #106)
[Warn]	(74.665, +20)	 lv_draw_sw_letter: lv_draw_letter: glyph dsc. not found for U+3BC 	(in lv_draw_sw_letter.c line #106)
[Warn]	(75.700, +1035)	 lv_draw_sw_letter: lv_draw_letter: glyph dsc. not found for U+3BC 	(in lv_draw_sw_letter.c line #106)
[Warn]	(75.790, +90)	 lv_draw_sw_letter: lv_draw_letter: glyph dsc. not found for U+3BC 	(in lv_draw_sw_letter.c line #106)
[Warn]	(75.810, +20)	 lv_draw_sw_letter: lv_draw_letter: glyph dsc. not found for U+3BC 	(in lv_draw_sw_letter.c line #106)
[Warn]	(76.855, +1045)	 lv_draw_sw_letter: lv_draw_letter: glyph dsc. not found for U+3BC 	(in lv_draw_sw_letter.c line #106)
[Warn]	(76.910, +55)	 lv_draw_sw_letter: lv_draw_letter: glyph dsc. not found for U+3BC 	(in lv_draw_sw_letter.c line #106)
[Warn]	(76.930, +20)	 lv_draw_sw_letter: lv_draw_letter: glyph dsc. not found for U+3BC 	(in lv_draw_sw_letter.c line #106)
[Warn]	(77.995, +1065)	 lv_draw_sw_letter: lv_draw_letter: glyph dsc. not found for U+3BC 	(in lv_draw_sw_letter.c line #106)
[Warn]	(78.010, +15)	 lv_draw_sw_letter: lv_draw_letter: glyph dsc. not found for U+3BC 	(in lv_draw_sw_letter.c line #106)
Click
Encoder
[Warn]	(79.080, +1070)	 lv_draw_sw_letter: lv_draw_letter: glyph dsc. not found for U+3BC 	(in lv_draw_sw_letter.c line #106)
[Warn]	(79.100, +20)	 lv_draw_sw_letter: lv_draw_letter: glyph dsc. not found for U+3BC 	(in lv_draw_sw_letter.c line #106)
[Warn]	(79.130, +30)	 lv_draw_sw_letter: lv_draw_letter: glyph dsc. not found for U+3BC 	(in lv_draw_sw_letter.c line #106)
[User]	(80.160, +1030)	 scan_event_handler: Clicked 	(in events.cpp line #9)
[Warn]	(80.170, +10)	 lv_draw_sw_letter: lv_draw_letter: glyph dsc. not found for U+3BC 	(in lv_draw_sw_letter.c line #106)
[Warn]	(80.225, +55)	 lv_draw_sw_letter: lv_draw_letter: glyph dsc. not found for U+3BC 	(in lv_draw_sw_letter.c line #106)
[Warn]	(80.245, +20)	 lv_draw_sw_letter: lv_draw_letter: glyph dsc. not found for U+3BC 	(in lv_draw_sw_letter.c line #106)
[Warn]	(81.285, +1040)	 lv_draw_sw_letter: lv_draw_letter: glyph dsc. not found for U+3BC 	(in lv_draw_sw_letter.c line #106)
[Warn]	(81.375, +90)	 lv_draw_sw_letter: lv_draw_letter: glyph dsc. not found for U+3BC 	(in lv_draw_sw_letter.c line #106)
[Warn]	(81.390, +15)	 lv_draw_sw_letter: lv_draw_letter: glyph dsc. not found for U+3BC 	(in lv_draw_sw_letter.c line #106)
[Warn]	(82.435, +1045)	 lv_draw_sw_letter: lv_draw_letter: glyph dsc. not found for U+3BC 	(in lv_draw_sw_letter.c line #106)
[Warn]	(82.490, +55)	 lv_draw_sw_letter: lv_draw_letter: glyph dsc. not found for U+3BC 	(in lv_draw_sw_letter.c line #106)
[Warn]	(82.510, +20)	 lv_draw_sw_letter: lv_draw_letter: glyph dsc. not found for U+3BC 	(in lv_draw_sw_letter.c line #106)
[Warn]	(83.575, +1065)	 lv_draw_sw_letter: lv_draw_letter: glyph dsc. not found for U+3BC 	(in lv_draw_sw_letter.c line #106)
[Warn]	(83.595, +20)	 lv_draw_sw_letter: lv_draw_letter: glyph dsc. not found for U+3BC 	(in lv_draw_sw_letter.c line #106)
Click
Encoder
[Warn]	(84.665, +1070)	 lv_draw_sw_letter: lv_draw_letter: glyph dsc. not found for U+3BC 	(in lv_draw_sw_letter.c line #106)
[Warn]	(84.680, +15)	 lv_draw_sw_letter: lv_draw_letter: glyph dsc. not found for U+3BC 	(in lv_draw_sw_letter.c line #106)
[Warn]	(84.715, +35)	 lv_draw_sw_letter: lv_draw_letter: glyph dsc. not found for U+3BC 	(in lv_draw_sw_letter.c line #106)
[User]	(85.740, +1025)	 scan_event_handler: Clicked 	(in events.cpp line #9)
[Warn]	(85.750, +10)	 lv_draw_sw_letter: lv_draw_letter: glyph dsc. not found for U+3BC 	(in lv_draw_sw_letter.c line #106)
[Warn]	(85.810, +60)	 lv_draw_sw_letter: lv_draw_letter: glyph dsc. not found for U+3BC 	(in lv_draw_sw_letter.c line #106)
[Warn]	(85.830, +20)	 lv_draw_sw_letter: lv_draw_letter: glyph dsc. not found for U+3BC 	(in lv_draw_sw_letter.c line #106)
[Warn]	(86.865, +1035)	 lv_draw_sw_letter: lv_draw_letter: glyph dsc. not found for U+3BC 	(in lv_draw_sw_letter.c line #106)
[Warn]	(86.955, +90)	 lv_draw_sw_letter: lv_draw_letter: glyph dsc. not found for U+3BC 	(in lv_draw_sw_letter.c line #106)
[Warn]	(86.975, +20)	 lv_draw_sw_letter: lv_draw_letter: glyph dsc. not found for U+3BC 	(in lv_draw_sw_letter.c line #106)
[Warn]	(88.015, +1040)	 lv_draw_sw_letter: lv_draw_letter: glyph dsc. not found for U+3BC 	(in lv_draw_sw_letter.c line #106)
[Warn]	(88.075, +60)	 lv_draw_sw_letter: lv_draw_letter: glyph dsc. not found for U+3BC 	(in lv_draw_sw_letter.c line #106)
[Warn]	(88.095, +20)	 lv_draw_sw_letter: lv_draw_letter: glyph dsc. not found for U+3BC 	(in lv_draw_sw_letter.c line #106)
[Warn]	(89.160, +1065)	 lv_draw_sw_letter: lv_draw_letter: glyph dsc. not found for U+3BC 	(in lv_draw_sw_letter.c line #106)
[Warn]	(89.180, +20)	 lv_draw_sw_letter: lv_draw_letter: glyph dsc. not found for U+3BC 	(in lv_draw_sw_letter.c line #106)
Click
Encoder
[Warn]	(90.245, +1065)	 lv_draw_sw_letter: lv_draw_letter: glyph dsc. not found for U+3BC 	(in lv_draw_sw_letter.c line #106)
[Warn]	(90.265, +20)	 lv_draw_sw_letter: lv_draw_letter: glyph dsc. not found for U+3BC 	(in lv_draw_sw_letter.c line #106)
[Warn]	(90.295, +30)	 lv_draw_sw_letter: lv_draw_letter: glyph dsc. not found for U+3BC 	(in lv_draw_sw_letter.c line #106)
[User]	(91.325, +1030)	 scan_event_handler: Clicked 	(in events.cpp line #9)
[Warn]	(91.335, +10)	 lv_draw_sw_letter: lv_draw_letter: glyph dsc. not found for U+3BC 	(in lv_draw_sw_letter.c line #106)
[Warn]	(91.395, +60)	 lv_draw_sw_letter: lv_draw_letter: glyph dsc. not found for U+3BC 	(in lv_draw_sw_letter.c line #106)
[Warn]	(91.415, +20)	 lv_draw_sw_letter: lv_draw_letter: glyph dsc. not found for U+3BC 	(in lv_draw_sw_letter.c line #106)
[Warn]	(92.450, +1035)	 lv_draw_sw_letter: lv_draw_letter: glyph dsc. not found for U+3BC 	(in lv_draw_sw_letter.c line #106)
[Warn]	(92.545, +95)	 lv_draw_sw_letter: lv_draw_letter: glyph dsc. not found for U+3BC 	(in lv_draw_sw_letter.c line #106)
[Warn]	(92.560, +15)	 lv_draw_sw_letter: lv_draw_letter: glyph dsc. not found for U+3BC 	(in lv_draw_sw_letter.c line #106)
Encoder
[Warn]	(93.605, +1045)	 lv_draw_sw_letter: lv_draw_letter: glyph dsc. not found for U+3BC 	(in lv_draw_sw_letter.c line #106)
[Warn]	(93.665, +60)	 lv_draw_sw_letter: lv_draw_letter: glyph dsc. not found for U+3BC 	(in lv_draw_sw_letter.c line #106)
[Warn]	(93.680, +15)	 lv_draw_sw_letter: lv_draw_letter: glyph dsc. not found for U+3BC 	(in lv_draw_sw_letter.c line #106)
Click
[User]	(94.710, +1030)	 scan_event_handler: Clicked 	(in events.cpp line #9)
[Warn]	(94.725, +15)	 lv_draw_sw_letter: lv_draw_letter: glyph dsc. not found for U+3BC 	(in lv_draw_sw_letter.c line #106)
[Warn]	(94.780, +55)	 lv_draw_sw_letter: lv_draw_letter: glyph dsc. not found for U+3BC 	(in lv_draw_sw_letter.c line #106)
[Warn]	(94.800, +20)	 lv_draw_sw_letter: lv_draw_letter: glyph dsc. not found for U+3BC 	(in lv_draw_sw_letter.c line #106)
[Warn]	(95.840, +1040)	 lv_draw_sw_letter: lv_draw_letter: glyph dsc. not found for U+3BC 	(in lv_draw_sw_letter.c line #106)
[Warn]	(95.925, +85)	 lv_draw_sw_letter: lv_draw_letter: glyph dsc. not found for U+3BC 	(in lv_draw_sw_letter.c line #106)
[Warn]	(95.945, +20)	 lv_draw_sw_letter: lv_draw_letter: glyph dsc. not found for U+3BC 	(in lv_draw_sw_letter.c line #106)
[Warn]	(96.990, +1045)	 lv_draw_sw_letter: lv_draw_letter: glyph dsc. not found for U+3BC 	(in lv_draw_sw_letter.c line #106)
[Warn]	(97.045, +55)	 lv_draw_sw_letter: lv_draw_letter: glyph dsc. not found for U+3BC 	(in lv_draw_sw_letter.c line #106)
[Warn]	(97.060, +15)	 lv_draw_sw_letter: lv_draw_letter: glyph dsc. not found for U+3BC 	(in lv_draw_sw_letter.c line #106)
Click
Encoder
[Warn]	(98.130, +1070)	 lv_draw_sw_letter: lv_draw_letter: glyph dsc. not found for U+3BC 	(in lv_draw_sw_letter.c line #106)
[Warn]	(98.150, +20)	 lv_draw_sw_letter: lv_draw_letter: glyph dsc. not found for U+3BC 	(in lv_draw_sw_letter.c line #106)
[Warn]	(98.180, +30)	 lv_draw_sw_letter: lv_draw_letter: glyph dsc. not found for U+3BC 	(in lv_draw_sw_letter.c line #106)
[User]	(99.205, +1025)	 scan_event_handler: Clicked 	(in events.cpp line #9)
[Warn]	(99.220, +15)	 lv_draw_sw_letter: lv_draw_letter: glyph dsc. not found for U+3BC 	(in lv_draw_sw_letter.c line #106)
[Warn]	(99.275, +55)	 lv_draw_sw_letter: lv_draw_letter: glyph dsc. not found for U+3BC 	(in lv_draw_sw_letter.c line #106)
[Warn]	(99.295, +20)	 lv_draw_sw_letter: lv_draw_letter: glyph dsc. not found for U+3BC 	(in lv_draw_sw_letter.c line #106)
[Warn]	(100.335, +1040)	 lv_draw_sw_letter: lv_draw_letter: glyph dsc. not found for U+3BC 	(in lv_draw_sw_letter.c line #106)
[Warn]	(100.420, +85)	 lv_draw_sw_letter: lv_draw_letter: glyph dsc. not found for U+3BC 	(in lv_draw_sw_letter.c line #106)
[Warn]	(100.440, +20)	 lv_draw_sw_letter: lv_draw_letter: glyph dsc. not found for U+3BC 	(in lv_draw_sw_letter.c line #106)
[Warn]	(101.485, +1045)	 lv_draw_sw_letter: lv_draw_letter: glyph dsc. not found for U+3BC 	(in lv_draw_sw_letter.c line #106)
[Warn]	(101.540, +55)	 lv_draw_sw_letter: lv_draw_letter: glyph dsc. not found for U+3BC 	(in lv_draw_sw_letter.c line #106)
[Warn]	(101.560, +20)	 lv_draw_sw_letter: lv_draw_letter: glyph dsc. not found for U+3BC 	(in lv_draw_sw_letter.c line #106)
[Warn]	(102.625, +1065)	 lv_draw_sw_letter: lv_draw_letter: glyph dsc. not found for U+3BC 	(in lv_draw_sw_letter.c line #106)
[Warn]	(102.645, +20)	 lv_draw_sw_letter: lv_draw_letter: glyph dsc. not found for U+3BC 	(in lv_draw_sw_letter.c line #106)
[Warn]	(103.710, +1065)	 lv_draw_sw_letter: lv_draw_letter: glyph dsc. not found for U+3BC 	(in lv_draw_sw_letter.c line #106)
[Warn]	(103.730, +20)	 lv_draw_sw_letter: lv_draw_letter: glyph dsc. not found for U+3BC 	(in lv_draw_sw_letter.c line #106)
[Warn]	(104.800, +1070)	 lv_draw_sw_letter: lv_draw_letter: glyph dsc. not found for U+3BC 	(in lv_draw_sw_letter.c line #106)
[Warn]	(104.815, +15)	 lv_draw_sw_letter: lv_draw_letter: glyph dsc. not found for U+3BC 	(in lv_draw_sw_letter.c line #106)
[Warn]	(105.885, +1070)	 lv_draw_sw_letter: lv_draw_letter: glyph dsc. not found for U+3BC 	(in lv_draw_sw_letter.c line #106)
[Warn]	(105.905, +20)	 lv_draw_sw_letter: lv_draw_letter: glyph dsc. not found for U+3BC 	(in lv_draw_sw_letter.c line #106)
[Warn]	(106.970, +1065)	 lv_draw_sw_letter: lv_draw_letter: glyph dsc. not found for U+3BC 	(in lv_draw_sw_letter.c line #106)
[Warn]	(106.990, +20)	 lv_draw_sw_letter: lv_draw_letter: glyph dsc. not found for U+3BC 	(in lv_draw_sw_letter.c line #106)
[Warn]	(108.055, +1065)	 lv_draw_sw_letter: lv_draw_letter: glyph dsc. not found for U+3BC 	(in lv_draw_sw_letter.c line #106)
[Warn]	(108.070, +15)	 lv_draw_sw_letter: lv_draw_letter: glyph dsc. not found for U+3BC 	(in lv_draw_sw_letter.c line #106)
[Warn]	(109.140, +1070)	 lv_draw_sw_letter: lv_draw_letter: glyph dsc. not found for U+3BC 	(in lv_draw_sw_letter.c line #106)
[Warn]	(109.160, +20)	 lv_draw_sw_letter: lv_draw_letter: glyph dsc. not found for U+3BC 	(in lv_draw_sw_letter.c line #106)
[Warn]	(110.225, +1065)	 lv_draw_sw_letter: lv_draw_letter: glyph dsc. not found for U+3BC 	(in lv_draw_sw_letter.c line #106)
[Warn]	(110.245, +20)	 lv_draw_sw_letter: lv_draw_letter: glyph dsc. not found for U+3BC 	(in lv_draw_sw_letter.c line #106)
[Warn]	(111.310, +1065)	 lv_draw_sw_letter: lv_draw_letter: glyph dsc. not found for U+3BC 	(in lv_draw_sw_letter.c line #106)
[Warn]	(111.330, +20)	 lv_draw_sw_letter: lv_draw_letter: glyph dsc. not found for U+3BC 	(in lv_draw_sw_letter.c line #106)
[Warn]	(112.395, +1065)	 lv_draw_sw_letter: lv_draw_letter: glyph dsc. not found for U+3BC 	(in lv_draw_sw_letter.c line #106)
[Warn]	(112.415, +20)	 lv_draw_sw_letter: lv_draw_letter: glyph dsc. not found for U+3BC 	(in lv_draw_sw_letter.c line #106)
[Warn]	(113.480, +1065)	 lv_draw_sw_letter: lv_draw_letter: glyph dsc. not found for U+3BC 	(in lv_draw_sw_letter.c line #106)
[Warn]	(113.500, +20)	 lv_draw_sw_letter: lv_draw_letter: glyph dsc. not found for U+3BC 	(in lv_draw_sw_letter.c line #106)
[Warn]	(114.570, +1070)	 lv_draw_sw_letter: lv_draw_letter: glyph dsc. not found for U+3BC 	(in lv_draw_sw_letter.c line #106)
[Warn]	(114.585, +15)	 lv_draw_sw_letter: lv_draw_letter: glyph dsc. not found for U+3BC 	(in lv_draw_sw_letter.c line #106)
[Warn]	(115.655, +1070)	 lv_draw_sw_letter: lv_draw_letter: glyph dsc. not found for U+3BC 	(in lv_draw_sw_letter.c line #106)
[Warn]	(115.675, +20)	 lv_draw_sw_letter: lv_draw_letter: glyph dsc. not found for U+3BC 	(in lv_draw_sw_letter.c line #106)
[Warn]	(116.740, +1065)	 lv_draw_sw_letter: lv_draw_letter: glyph dsc. not found for U+3BC 	(in lv_draw_sw_letter.c line #106)
[Warn]	(116.760, +20)	 lv_draw_sw_letter: lv_draw_letter: glyph dsc. not found for U+3BC 	(in lv_draw_sw_letter.c line #106)
[Warn]	(117.825, +1065)	 lv_draw_sw_letter: lv_draw_letter: glyph dsc. not found for U+3BC 	(in lv_draw_sw_letter.c line #106)
[Warn]	(117.845, +20)	 lv_draw_sw_letter: lv_draw_letter: glyph dsc. not found for U+3BC 	(in lv_draw_sw_letter.c line #106)
[Warn]	(118.910, +1065)	 lv_draw_sw_letter: lv_draw_letter: glyph dsc. not found for U+3BC 	(in lv_draw_sw_letter.c line #106)
[Warn]	(118.930, +20)	 lv_draw_sw_letter: lv_draw_letter: glyph dsc. not found for U+3BC 	(in lv_draw_sw_letter.c line #106)
[Warn]	(119.995, +1065)	 lv_draw_sw_letter: lv_draw_letter: glyph dsc. not found for U+3BC 	(in lv_draw_sw_letter.c line #106)
[Warn]	(120.015, +20)	 lv_draw_sw_letter: lv_draw_letter: glyph dsc. not found for U+3BC 	(in lv_draw_sw_letter.c line #106)
[Warn]	(121.080, +1065)	 lv_draw_sw_letter: lv_draw_letter: glyph dsc. not found for U+3BC 	(in lv_draw_sw_letter.c line #106)
[Warn]	(121.100, +20)	 lv_draw_sw_letter: lv_draw_letter: glyph dsc. not found for U+3BC 	(in lv_draw_sw_letter.c line #106)
[Warn]	(122.155, +1055)	 lv_draw_sw_letter: lv_draw_letter: glyph dsc. not found for U+3BC 	(in lv_draw_sw_letter.c line #106)
[Warn]	(122.175, +20)	 lv_draw_sw_letter: lv_draw_letter: glyph dsc. not found for U+3BC 	(in lv_draw_sw_letter.c line #106)
[Warn]	(123.245, +1070)	 lv_draw_sw_letter: lv_draw_letter: glyph dsc. not found for U+3BC 	(in lv_draw_sw_letter.c line #106)
[Warn]	(123.260, +15)	 lv_draw_sw_letter: lv_draw_letter: glyph dsc. not found for U+3BC 	(in lv_draw_sw_letter.c line #106)
[Warn]	(124.340, +1080)	 lv_draw_sw_letter: lv_draw_letter: glyph dsc. not found for U+3BC 	(in lv_draw_sw_letter.c line #106)
[Warn]	(124.360, +20)	 lv_draw_sw_letter: lv_draw_letter: glyph dsc. not found for U+3BC 	(in lv_draw_sw_letter.c line #106)
[Warn]	(125.425, +1065)	 lv_draw_sw_letter: lv_draw_letter: glyph dsc. not found for U+3BC 	(in lv_draw_sw_letter.c line #106)
[Warn]	(125.445, +20)	 lv_draw_sw_letter: lv_draw_letter: glyph dsc. not found for U+3BC 	(in lv_draw_sw_letter.c line #106)
[Warn]	(126.510, +1065)	 lv_draw_sw_letter: lv_draw_letter: glyph dsc. not found for U+3BC 	(in lv_draw_sw_letter.c line #106)
[Warn]	(126.530, +20)	 lv_draw_sw_letter: lv_draw_letter: glyph dsc. not found for U+3BC 	(in lv_draw_sw_letter.c line #106)
[Warn]	(127.595, +1065)	 lv_draw_sw_letter: lv_draw_letter: glyph dsc. not found for U+3BC 	(in lv_draw_sw_letter.c line #106)
[Warn]	(127.615, +20)	 lv_draw_sw_letter: lv_draw_letter: glyph dsc. not found for U+3BC 	(in lv_draw_sw_letter.c line #106)
[Warn]	(128.680, +1065)	 lv_draw_sw_letter: lv_draw_letter: glyph dsc. not found for U+3BC 	(in lv_draw_sw_letter.c line #106)
[Warn]	(128.700, +20)	 lv_draw_sw_letter: lv_draw_letter: glyph dsc. not found for U+3BC 	(in lv_draw_sw_letter.c line #106)
[Warn]	(129.765, +1065)	 lv_draw_sw_letter: lv_draw_letter: glyph dsc. not found for U+3BC 	(in lv_draw_sw_letter.c line #106)
[Warn]	(129.785, +20)	 lv_draw_sw_letter: lv_draw_letter: glyph dsc. not found for U+3BC 	(in lv_draw_sw_letter.c line #106)
[Warn]	(130.850, +1065)	 lv_draw_sw_letter: lv_draw_letter: glyph dsc. not found for U+3BC 	(in lv_draw_sw_letter.c line #106)
[Warn]	(130.870, +20)	 lv_draw_sw_letter: lv_draw_letter: glyph dsc. not found for U+3BC 	(in lv_draw_sw_letter.c line #106)
[Warn]	(131.940, +1070)	 lv_draw_sw_letter: lv_draw_letter: glyph dsc. not found for U+3BC 	(in lv_draw_sw_letter.c line #106)
[Warn]	(131.955, +15)	 lv_draw_sw_letter: lv_draw_letter: glyph dsc. not found for U+3BC 	(in lv_draw_sw_letter.c line #106)
[Warn]	(133.025, +1070)	 lv_draw_sw_letter: lv_draw_letter: glyph dsc. not found for U+3BC 	(in lv_draw_sw_letter.c line #106)
[Warn]	(133.040, +15)	 lv_draw_sw_letter: lv_draw_letter: glyph dsc. not found for U+3BC 	(in lv_draw_sw_letter.c line #106)
[Warn]	(134.110, +1070)	 lv_draw_sw_letter: lv_draw_letter: glyph dsc. not found for U+3BC 	(in lv_draw_sw_letter.c line #106)
[Warn]	(134.125, +15)	 lv_draw_sw_letter: lv_draw_letter: glyph dsc. not found for U+3BC 	(in lv_draw_sw_letter.c line #106)
[Warn]	(135.195, +1070)	 lv_draw_sw_letter: lv_draw_letter: glyph dsc. not found for U+3BC 	(in lv_draw_sw_letter.c line #106)
[Warn]	(135.215, +20)	 lv_draw_sw_letter: lv_draw_letter: glyph dsc. not found for U+3BC 	(in lv_draw_sw_letter.c line #106)
[Warn]	(136.280, +1065)	 lv_draw_sw_letter: lv_draw_letter: glyph dsc. not found for U+3BC 	(in lv_draw_sw_letter.c line #106)
[Warn]	(136.300, +20)	 lv_draw_sw_letter: lv_draw_letter: glyph dsc. not found for U+3BC 	(in lv_draw_sw_letter.c line #106)
[Warn]	(137.365, +1065)	 lv_draw_sw_letter: lv_draw_letter: glyph dsc. not found for U+3BC 	(in lv_draw_sw_letter.c line #106)
[Warn]	(137.385, +20)	 lv_draw_sw_letter: lv_draw_letter: glyph dsc. not found for U+3BC 	(in lv_draw_sw_letter.c line #106)
[Warn]	(138.450, +1065)	 lv_draw_sw_letter: lv_draw_letter: glyph dsc. not found for U+3BC 	(in lv_draw_sw_letter.c line #106)
[Warn]	(138.470, +20)	 lv_draw_sw_letter: lv_draw_letter: glyph dsc. not found for U+3BC 	(in lv_draw_sw_letter.c line #106)
[Warn]	(139.535, +1065)	 lv_draw_sw_letter: lv_draw_letter: glyph dsc. not found for U+3BC 	(in lv_draw_sw_letter.c line #106)
[Warn]	(139.555, +20)	 lv_draw_sw_letter: lv_draw_letter: glyph dsc. not found for U+3BC 	(in lv_draw_sw_letter.c line #106)
[Warn]	(140.620, +1065)	 lv_draw_sw_letter: lv_draw_letter: glyph dsc. not found for U+3BC 	(in lv_draw_sw_letter.c line #106)
[Warn]	(140.640, +20)	 lv_draw_sw_letter: lv_draw_letter: glyph dsc. not found for U+3BC 	(in lv_draw_sw_letter.c line #106)
[Warn]	(141.705, +1065)	 lv_draw_sw_letter: lv_draw_letter: glyph dsc. not found for U+3BC 	(in lv_draw_sw_letter.c line #106)
[Warn]	(141.725, +20)	 lv_draw_sw_letter: lv_draw_letter: glyph dsc. not found for U+3BC 	(in lv_draw_sw_letter.c line #106)
[Warn]	(142.795, +1070)	 lv_draw_sw_letter: lv_draw_letter: glyph dsc. not found for U+3BC 	(in lv_draw_sw_letter.c line #106)
[Warn]	(142.815, +20)	 lv_draw_sw_letter: lv_draw_letter: glyph dsc. not found for U+3BC 	(in lv_draw_sw_letter.c line #106)
[Warn]	(143.880, +1065)	 lv_draw_sw_letter: lv_draw_letter: glyph dsc. not found for U+3BC 	(in lv_draw_sw_letter.c line #106)
[Warn]	(143.900, +20)	 lv_draw_sw_letter: lv_draw_letter: glyph dsc. not found for U+3BC 	(in lv_draw_sw_letter.c line #106)
[Warn]	(144.965, +1065)	 lv_draw_sw_letter: lv_draw_letter: glyph dsc. not found for U+3BC 	(in lv_draw_sw_letter.c line #106)
[Warn]	(144.985, +20)	 lv_draw_sw_letter: lv_draw_letter: glyph dsc. not found for U+3BC 	(in lv_draw_sw_letter.c line #106)
[Warn]	(146.050, +1065)	 lv_draw_sw_letter: lv_draw_letter: glyph dsc. not found for U+3BC 	(in lv_draw_sw_letter.c line #106)
[Warn]	(146.070, +20)	 lv_draw_sw_letter: lv_draw_letter: glyph dsc. not found for U+3BC 	(in lv_draw_sw_letter.c line #106)
[Warn]	(147.135, +1065)	 lv_draw_sw_letter: lv_draw_letter: glyph dsc. not found for U+3BC 	(in lv_draw_sw_letter.c line #106)
[Warn]	(147.155, +20)	 lv_draw_sw_letter: lv_draw_letter: glyph dsc. not found for U+3BC 	(in lv_draw_sw_letter.c line #106)
[Warn]	(148.225, +1070)	 lv_draw_sw_letter: lv_draw_letter: glyph dsc. not found for U+3BC 	(in lv_draw_sw_letter.c line #106)
[Warn]	(148.245, +20)	 lv_draw_sw_letter: lv_draw_letter: glyph dsc. not found for U+3BC 	(in lv_draw_sw_letter.c line #106)
[Warn]	(149.310, +1065)	 lv_draw_sw_letter: lv_draw_letter: glyph dsc. not found for U+3BC 	(in lv_draw_sw_letter.c line #106)
[Warn]	(149.330, +20)	 lv_draw_sw_letter: lv_draw_letter: glyph dsc. not found for U+3BC 	(in lv_draw_sw_letter.c line #106)
[Warn]	(150.395, +1065)	 lv_draw_sw_letter: lv_draw_letter: glyph dsc. not found for U+3BC 	(in lv_draw_sw_letter.c line #106)
[Warn]	(150.415, +20)	 lv_draw_sw_letter: lv_draw_letter: glyph dsc. not found for U+3BC 	(in lv_draw_sw_letter.c line #106)
[Warn]	(151.485, +1070)	 lv_draw_sw_letter: lv_draw_letter: glyph dsc. not found for U+3BC 	(in lv_draw_sw_letter.c line #106)
[Warn]	(151.500, +15)	 lv_draw_sw_letter: lv_draw_letter: glyph dsc. not found for U+3BC 	(in lv_draw_sw_letter.c line #106)
[Warn]	(152.570, +1070)	 lv_draw_sw_letter: lv_draw_letter: glyph dsc. not found for U+3BC 	(in lv_draw_sw_letter.c line #106)
[Warn]	(152.585, +15)	 lv_draw_sw_letter: lv_draw_letter: glyph dsc. not found for U+3BC 	(in lv_draw_sw_letter.c line #106)
[Warn]	(153.655, +1070)	 lv_draw_sw_letter: lv_draw_letter: glyph dsc. not found for U+3BC 	(in lv_draw_sw_letter.c line #106)
[Warn]	(153.675, +20)	 lv_draw_sw_letter: lv_draw_letter: glyph dsc. not found for U+3BC 	(in lv_draw_sw_letter.c line #106)
[Warn]	(154.740, +1065)	 lv_draw_sw_letter: lv_draw_letter: glyph dsc. not found for U+3BC 	(in lv_draw_sw_letter.c line #106)
[Warn]	(154.760, +20)	 lv_draw_sw_letter: lv_draw_letter: glyph dsc. not found for U+3BC 	(in lv_draw_sw_letter.c line #106)
[Warn]	(155.825, +1065)	 lv_draw_sw_letter: lv_draw_letter: glyph dsc. not found for U+3BC 	(in lv_draw_sw_letter.c line #106)
[Warn]	(155.845, +20)	 lv_draw_sw_letter: lv_draw_letter: glyph dsc. not found for U+3BC 	(in lv_draw_sw_letter.c line #106)
[Warn]	(156.915, +1070)	 lv_draw_sw_letter: lv_draw_letter: glyph dsc. not found for U+3BC 	(in lv_draw_sw_letter.c line #106)
[Warn]	(156.930, +15)	 lv_draw_sw_letter: lv_draw_letter: glyph dsc. not found for U+3BC 	(in lv_draw_sw_letter.c line #106)
[Warn]	(158.000, +1070)	 lv_draw_sw_letter: lv_draw_letter: glyph dsc. not found for U+3BC 	(in lv_draw_sw_letter.c line #106)
[Warn]	(158.015, +15)	 lv_draw_sw_letter: lv_draw_letter: glyph dsc. not found for U+3BC 	(in lv_draw_sw_letter.c line #106)
[Warn]	(159.085, +1070)	 lv_draw_sw_letter: lv_draw_letter: glyph dsc. not found for U+3BC 	(in lv_draw_sw_letter.c line #106)
[Warn]	(159.105, +20)	 lv_draw_sw_letter: lv_draw_letter: glyph dsc. not found for U+3BC 	(in lv_draw_sw_letter.c line #106)
[Warn]	(160.170, +1065)	 lv_draw_sw_letter: lv_draw_letter: glyph dsc. not found for U+3BC 	(in lv_draw_sw_letter.c line #106)
[Warn]	(160.190, +20)	 lv_draw_sw_letter: lv_draw_letter: glyph dsc. not found for U+3BC 	(in lv_draw_sw_letter.c line #106)
[Warn]	(161.255, +1065)	 lv_draw_sw_letter: lv_draw_letter: glyph dsc. not found for U+3BC 	(in lv_draw_sw_letter.c line #106)
[Warn]	(161.275, +20)	 lv_draw_sw_letter: lv_draw_letter: glyph dsc. not found for U+3BC 	(in lv_draw_sw_letter.c line #106)
[Warn]	(162.340, +1065)	 lv_draw_sw_letter: lv_draw_letter: glyph dsc. not found for U+3BC 	(in lv_draw_sw_letter.c line #106)
[Warn]	(162.360, +20)	 lv_draw_sw_letter: lv_draw_letter: glyph dsc. not found for U+3BC 	(in lv_draw_sw_letter.c line #106)
[Warn]	(163.430, +1070)	 lv_draw_sw_letter: lv_draw_letter: glyph dsc. not found for U+3BC 	(in lv_draw_sw_letter.c line #106)
[Warn]	(163.445, +15)	 lv_draw_sw_letter: lv_draw_letter: glyph dsc. not found for U+3BC 	(in lv_draw_sw_letter.c line #106)
[Warn]	(164.515, +1070)	 lv_draw_sw_letter: lv_draw_letter: glyph dsc. not found for U+3BC 	(in lv_draw_sw_letter.c line #106)
[Warn]	(164.535, +20)	 lv_draw_sw_letter: lv_draw_letter: glyph dsc. not found for U+3BC 	(in lv_draw_sw_letter.c line #106)
[Warn]	(165.600, +1065)	 lv_draw_sw_letter: lv_draw_letter: glyph dsc. not found for U+3BC 	(in lv_draw_sw_letter.c line #106)
[Warn]	(165.620, +20)	 lv_draw_sw_letter: lv_draw_letter: glyph dsc. not found for U+3BC 	(in lv_draw_sw_letter.c line #106)
[Warn]	(166.685, +1065)	 lv_draw_sw_letter: lv_draw_letter: glyph dsc. not found for U+3BC 	(in lv_draw_sw_letter.c line #106)
[Warn]	(166.705, +20)	 lv_draw_sw_letter: lv_draw_letter: glyph dsc. not found for U+3BC 	(in lv_draw_sw_letter.c line #106)
[Warn]	(167.770, +1065)	 lv_draw_sw_letter: lv_draw_letter: glyph dsc. not found for U+3BC 	(in lv_draw_sw_letter.c line #106)
[Warn]	(167.790, +20)	 lv_draw_sw_letter: lv_draw_letter: glyph dsc. not found for U+3BC 	(in lv_draw_sw_letter.c line #106)
[Warn]	(168.855, +1065)	 lv_draw_sw_letter: lv_draw_letter: glyph dsc. not found for U+3BC 	(in lv_draw_sw_letter.c line #106)
[Warn]	(168.875, +20)	 lv_draw_sw_letter: lv_draw_letter: glyph dsc. not found for U+3BC 	(in lv_draw_sw_letter.c line #106)
[Warn]	(169.945, +1070)	 lv_draw_sw_letter: lv_draw_letter: glyph dsc. not found for U+3BC 	(in lv_draw_sw_letter.c line #106)
[Warn]	(169.960, +15)	 lv_draw_sw_letter: lv_draw_letter: glyph dsc. not found for U+3BC 	(in lv_draw_sw_letter.c line #106)
[Warn]	(171.030, +1070)	 lv_draw_sw_letter: lv_draw_letter: glyph dsc. not found for U+3BC 	(in lv_draw_sw_letter.c line #106)
[Warn]	(171.050, +20)	 lv_draw_sw_letter: lv_draw_letter: glyph dsc. not found for U+3BC 	(in lv_draw_sw_letter.c line #106)
[Warn]	(172.115, +1065)	 lv_draw_sw_letter: lv_draw_letter: glyph dsc. not found for U+3BC 	(in lv_draw_sw_letter.c line #106)
[Warn]	(172.135, +20)	 lv_draw_sw_letter: lv_draw_letter: glyph dsc. not found for U+3BC 	(in lv_draw_sw_letter.c line #106)
[Warn]	(173.200, +1065)	 lv_draw_sw_letter: lv_draw_letter: glyph dsc. not found for U+3BC 	(in lv_draw_sw_letter.c line #106)
[Warn]	(173.220, +20)	 lv_draw_sw_letter: lv_draw_letter: glyph dsc. not found for U+3BC 	(in lv_draw_sw_letter.c line #106)
[Warn]	(174.285, +1065)	 lv_draw_sw_letter: lv_draw_letter: glyph dsc. not found for U+3BC 	(in lv_draw_sw_letter.c line #106)
[Warn]	(174.305, +20)	 lv_draw_sw_letter: lv_draw_letter: glyph dsc. not found for U+3BC 	(in lv_draw_sw_letter.c line #106)
[Warn]	(175.375, +1070)	 lv_draw_sw_letter: lv_draw_letter: glyph dsc. not found for U+3BC 	(in lv_draw_sw_letter.c line #106)
[Warn]	(175.390, +15)	 lv_draw_sw_letter: lv_draw_letter: glyph dsc. not found for U+3BC 	(in lv_draw_sw_letter.c line #106)
[Warn]	(176.460, +1070)	 lv_draw_sw_letter: lv_draw_letter: glyph dsc. not found for U+3BC 	(in lv_draw_sw_letter.c line #106)
[Warn]	(176.475, +15)	 lv_draw_sw_letter: lv_draw_letter: glyph dsc. not found for U+3BC 	(in lv_draw_sw_letter.c line #106)
[Warn]	(177.545, +1070)	 lv_draw_sw_letter: lv_draw_letter: glyph dsc. not found for U+3BC 	(in lv_draw_sw_letter.c line #106)
[Warn]	(177.565, +20)	 lv_draw_sw_letter: lv_draw_letter: glyph dsc. not found for U+3BC 	(in lv_draw_sw_letter.c line #106)
