[   775][E][Wire.cpp:481] requestFrom(): NULL buffer pointer
[   777][E][Wire.cpp:557] read(): NULL RX buffer pointer
[   777][E][Wire.cpp:422] beginTransmission(): could not acquire lock
[   779][E][WiFiUdp.cpp:172] beginPacket(): could not get host from dns: 11
[   789][E][WiFiUdp.cpp:185] endPacket(): could not send data: 118
[   782][E][Wire.cpp:526] write(): NULL TX buffer pointer
[   800][E][Wire.cpp:526] write(): NULL TX buffer pointer
[   805][E][Wire.cpp:448] endTransmission(): NULL TX buffer pointer
[   811][E][Wire.cpp:481] requestFrom(): NULL buffer pointer
The SI473X / SI474X I2C address is 0x11
[  1821][E][WiFiUdp.cpp:172] beginPacket(): could not get host from dns: 11
[  1822][E][WiFiUdp.cpp:185] endPacket(): could not send data: 118
[  3096][E][WiFiUdp.cpp:172] beginPacket(): could not get host from dns: 11
[  3097][E][WiFiUdp.cpp:185] endPacket(): could not send data: 118
[  4375][E][WiFiUdp.cpp:172] beginPacket(): could not get host from dns: 11
[  4377][E][WiFiUdp.cpp:185] endPacket(): could not send data: 118
[Error]	(4.850, +4850)	 _lv_inv_area: detected modifying dirty areas in render 	(in lv_refr.c line #212)
[  5650][E][WiFiUdp.cpp:172] beginPacket(): could not get host from dns: 11
[  5651][E][WiFiUdp.cpp:185] endPacket(): could not send data: 118
[Error]	(5.905, +1055)	 _lv_inv_area: detected modifying dirty areas in render 	(in lv_refr.c line #212)
[  6927][E][WiFiUdp.cpp:172] beginPacket(): could not get host from dns: 11
[  6928][E][WiFiUdp.cpp:185] endPacket(): could not send data: 118
[Error]	(6.960, +1055)	 _lv_inv_area: detected modifying dirty areas in render 	(in lv_refr.c line #212)
WiFi lost connection, reconnect...
[  8222][E][WiFiUdp.cpp:172] beginPacket(): could not get host from dns: 11
[  8226][E][WiFiUdp.cpp:185] endPacket(): could not send data: 118
[Error]	(8.030, +1070)	 _lv_inv_area: detected modifying dirty areas in render 	(in lv_refr.c line #212)
[  9545][E][WiFiUdp.cpp:172] beginPacket(): could not get host from dns: 11
[  9546][E][WiFiUdp.cpp:185] endPacket(): could not send data: 118
WiFi lost connection, reconnect...
E (19869) wifi:Set status to INIT
WiFi lost connection, reconnect...
E (19904) wifi:Set status to INIT
WiFi lost connection, reconnect...
E (19941) wifi:Set status to INIT
WiFi lost connection, reconnect...
E (19975) wifi:Set status to INIT
WiFi lost connection, reconnect...
E (20009) wifi:Set status to INIT
WiFi lost connection, reconnect...
E (20046) wifi:Set status to INIT
WiFi lost connection, reconnect...
E (20080) wifi:Set status to INIT
WiFi lost connection, reconnect...
E (20114) wifi:Set status to INIT
WiFi lost connection, reconnect...
E (20151) wifi:Set status to INIT
WiFi lost connection, reconnect...
E (20184) wifi:Set status to INIT
WiFi lost connection, reconnect...
E (20246) wifi:Set status to INIT
WiFi lost connection, reconnect...
E (20282) wifi:Set status to INIT
WiFi lost connection, reconnect...
E (20318) wifi:Set status to INIT
WiFi lost connection, reconnect...
E (20357) wifi:Set status to INIT
WiFi lost connection, reconnect...
E (20390) wifi:Set status to INIT
WiFi lost connection, reconnect...
E (20457) wifi:Set status to INIT
WiFi lost connection, reconnect...
E (20493) wifi:Set status to INIT
WiFi lost connection, reconnect...
E (20531) wifi:Set status to INIT
WiFi lost connection, reconnect...
E (20566) wifi:Set status to INIT
WiFi lost connection, reconnect...
E (20601) wifi:Set status to INIT
WiFi lost connection, reconnect...
E (20633) wifi:Set status to INIT
WiFi lost connection, reconnect...
E (20666) wifi:Set status to INIT
WiFi lost connection, reconnect...
E (20699) wifi:Set status to INIT
WiFi lost connection, reconnect...
E (20734) wifi:Set status to INIT
WiFi lost connection, reconnect...
E (20768) wifi:Set status to INIT
WiFi lost connection, reconnect...
E (20801) wifi:Set status to INIT
WiFi lost connection, reconnect...
E (20836) wifi:Set status to INIT
WiFi lost connection, reconnect...
E (20870) wifi:Set status to INIT
WiFi lost connection, reconnect...
E (20904) wifi:Set status to INIT
WiFi lost connection, reconnect...
E (20942) wifi:Set status to INIT
WiFi lost connection, reconnect...
E (20976) wifi:Set status to INIT
WiFi lost connection, reconnect...
E (21011) wifi:Set status to INIT
WiFi lost connection, reconnect...
E (21047) wifi:Set status to INIT
WiFi lost connection, reconnect...
E (21083) wifi:Set status to INIT
WiFi lost connection, reconnect...
E (21175) wifi:Set status to INIT
WiFi lost connection, reconnect...
E (21209) wifi:Set status to INIT
WiFi lost connection, reconnect...
E (21270) wifi:Set status to INIT
WiFi lost connection, reconnect...
E (21304) wifi:Set status to INIT
WiFi lost connection, reconnect...
E (21338) wifi:Set status to INIT
WiFi lost connection, reconnect...
E (21371) wifi:Set status to INIT
WiFi lost connection, reconnect...
[ 11328][E][WiFiUdp.cpp:172] beginPacket(): could not get host from dns: 11
[ 11329][E][WiFiUdp.cpp:185] endPacket(): could not send data: 118
E (21407) wifi:Set status to INIT
WiFi lost connection, reconnect...
E (21442) wifi:Set status to INIT
WiFi lost connection, reconnect...
E (21486) wifi:Set status to INIT
WiFi lost connection, reconnect...
E (21523) wifi:Set status to INIT
WiFi lost connection, reconnect...
E (21575) wifi:Set status to INIT
WiFi lost connection, reconnect...
E (21604) wifi:Set status to INIT
WiFi lost connection, reconnect...
E (21643) wifi:Set status to INIT
WiFi lost connection, reconnect...
E (21675) wifi:Set status to INIT
WiFi lost connection, reconnect...
E (21703) wifi:Set status to INIT
WiFi lost connection, reconnect...
E (21732) wifi:Set status to INIT
WiFi lost connection, reconnect...
E (21760) wifi:Set status to INIT
WiFi lost connection, reconnect...
E (21790) wifi:Set status to INIT
WiFi lost connection, reconnect...
E (21818) wifi:Set status to INIT
WiFi lost connection, reconnect...
E (21846) wifi:Set status to INIT
WiFi lost connection, reconnect...
E (21878) wifi:Set status to INIT
WiFi lost connection, reconnect...
E (21912) wifi:Set status to INIT
WiFi lost connection, reconnect...
E (21944) wifi:Set status to INIT
WiFi lost connection, reconnect...
E (21979) wifi:Set status to INIT
WiFi lost connection, reconnect...
E (22008) wifi:Set status to INIT
WiFi lost connection, reconnect...
E (22044) wifi:Set status to INIT
WiFi lost connection, reconnect...
E (22078) wifi:Set status to INIT
WiFi lost connection, reconnect...
E (22107) wifi:Set status to INIT
WiFi lost connection, reconnect...
E (22137) wifi:Set status to INIT
WiFi lost connection, reconnect...
E (22165) wifi:Set status to INIT
WiFi lost connection, reconnect...
E (22210) wifi:Set status to INIT
WiFi lost connection, reconnect...
E (22238) wifi:Set status to INIT
WiFi lost connection, reconnect...
E (22267) wifi:Set status to INIT
WiFi lost connection, reconnect...
E (22298) wifi:Set status to INIT
WiFi lost connection, reconnect...
E (22327) wifi:Set status to INIT
WiFi lost connection, reconnect...
E (22359) wifi:Set status to INIT
WiFi lost connection, reconnect...
E (22390) wifi:Set status to INIT
WiFi lost connection, reconnect...
E (22419) wifi:Set status to INIT
WiFi lost connection, reconnect...
E (22448) wifi:Set status to INIT
WiFi lost connection, reconnect...
E (22481) wifi:Set status to INIT
WiFi lost connection, reconnect...
E (22515) wifi:Set status to INIT
WiFi lost connection, reconnect...
E (22550) wifi:Set status to INIT
WiFi lost connection, reconnect...
E (22585) wifi:Set status to INIT
[Error]	(12.340, +4310)	 _lv_inv_area: detected modifying dirty areas in render 	(in lv_refr.c line #212)
WiFi lost connection, reconnect...
E (22706) wifi:Set status to INIT
WiFi lost connection, reconnect...
E (22736) wifi:Set status to INIT
WiFi lost connection, reconnect...
E (22765) wifi:Set status to INIT
WiFi lost connection, reconnect...
E (22799) wifi:Set status to INIT
WiFi lost connection, reconnect...
E (22828) wifi:Set status to INIT
WiFi lost connection, reconnect...
E (22856) wifi:Set status to INIT
WiFi lost connection, reconnect...
E (22889) wifi:Set status to INIT
WiFi lost connection, reconnect...
E (22922) wifi:Set status to INIT
WiFi lost connection, reconnect...
E (22951) wifi:Set status to INIT
WiFi lost connection, reconnect...
E (23013) wifi:Set status to INIT
WiFi lost connection, reconnect...
E (23047) wifi:Set status to INIT
WiFi lost connection, reconnect...
E (23081) wifi:Set status to INIT
WiFi lost connection, reconnect...
E (23108) wifi:Set status to INIT
WiFi lost connection, reconnect...
[ 13062][E][WiFiUdp.cpp:172] beginPacket(): could not get host from dns: 11
[ 13063][E][WiFiUdp.cpp:185] endPacket(): could not send data: 118
E (23137) wifi:Set status to INIT
WiFi lost connection, reconnect...
E (23165) wifi:Set status to INIT
WiFi lost connection, reconnect...
E (23193) wifi:Set status to INIT
WiFi lost connection, reconnect...
E (23222) wifi:Set status to INIT
WiFi lost connection, reconnect...
E (23252) wifi:Set status to INIT
WiFi lost connection, reconnect...
E (23280) wifi:Set status to INIT
WiFi lost connection, reconnect...
E (23313) wifi:Set status to INIT
WiFi lost connection, reconnect...
E (23342) wifi:Set status to INIT
WiFi lost connection, reconnect...
E (23370) wifi:Set status to INIT
WiFi lost connection, reconnect...
E (23422) wifi:Set status to INIT
WiFi lost connection, reconnect...
E (23451) wifi:Set status to INIT
WiFi lost connection, reconnect...
E (23483) wifi:Set status to INIT
WiFi lost connection, reconnect...
E (23514) wifi:Set status to INIT
WiFi lost connection, reconnect...
E (23542) wifi:Set status to INIT
WiFi lost connection, reconnect...
E (23570) wifi:Set status to INIT
WiFi lost connection, reconnect...
E (23598) wifi:Set status to INIT
WiFi lost connection, reconnect...
E (23638) wifi:Set status to INIT
WiFi lost connection, reconnect...
E (23678) wifi:Set status to INIT
WiFi lost connection, reconnect...
E (23718) wifi:Set status to INIT
WiFi lost connection, reconnect...
E (23756) wifi:Set status to INIT
WiFi lost connection, reconnect...
E (23786) wifi:Set status to INIT
WiFi lost connection, reconnect...
E (23821) wifi:Set status to INIT
WiFi lost connection, reconnect...
E (23854) wifi:Set status to INIT
WiFi lost connection, reconnect...
E (23887) wifi:Set status to INIT
WiFi lost connection, reconnect...
E (23923) wifi:Set status to INIT
WiFi lost connection, reconnect...
E (23952) wifi:Set status to INIT
WiFi lost connection, reconnect...
E (23980) wifi:Set status to INIT
WiFi lost connection, reconnect...
E (24008) wifi:Set status to INIT
WiFi lost connection, reconnect...
E (24037) wifi:Set status to INIT
WiFi lost connection, reconnect...
E (24071) wifi:Set status to INIT
WiFi lost connection, reconnect...
E (24099) wifi:Set status to INIT
WiFi lost connection, reconnect...
E (24130) wifi:Set status to INIT
WiFi lost connection, reconnect...
E (24160) wifi:Set status to INIT
WiFi lost connection, reconnect...
E (24189) wifi:Set status to INIT
WiFi lost connection, reconnect...
E (24217) wifi:Set status to INIT
WiFi lost connection, reconnect...
E (24246) wifi:Set status to INIT
WiFi lost connection, reconnect...
E (24276) wifi:Set status to INIT
WiFi lost connection, reconnect...
E (24304) wifi:Set status to INIT
WiFi lost connection, reconnect...
E (24335) wifi:Set status to INIT
WiFi lost connection, reconnect...
E (24365) wifi:Set status to INIT
WiFi lost connection, reconnect...
E (24394) wifi:Set status to INIT
WiFi lost connection, reconnect...
E (24422) wifi:Set status to INIT
WiFi lost connection, reconnect...
E (24451) wifi:Set status to INIT
WiFi lost connection, reconnect...
E (24480) wifi:Set status to INIT
WiFi lost connection, reconnect...
E (24510) wifi:Set status to INIT
WiFi lost connection, reconnect...
E (24541) wifi:Set status to INIT
WiFi lost connection, reconnect...
E (24569) wifi:Set status to INIT
WiFi lost connection, reconnect...
E (24597) wifi:Set status to INIT
WiFi lost connection, reconnect...
E (24626) wifi:Set status to INIT
WiFi lost connection, reconnect...
E (24666) wifi:Set status to INIT
WiFi lost connection, reconnect...
E (24706) wifi:Set status to INIT
WiFi lost connection, reconnect...
E (24743) wifi:Set status to INIT
WiFi lost connection, reconnect...
E (24775) wifi:Set status to INIT
WiFi lost connection, reconnect...
E (24804) wifi:Set status to INIT
WiFi lost connection, reconnect...
E (24832) wifi:Set status to INIT
WiFi lost connection, reconnect...
[ 14826][E][WiFiUdp.cpp:172] beginPacket(): could not get host from dns: 11
[ 14828][E][WiFiUdp.cpp:185] endPacket(): could not send data: 118
[Error]	(15.490, +3150)	 _lv_inv_area: detected modifying dirty areas in render 	(in lv_refr.c line #212)
[ 16107][E][WiFiUdp.cpp:172] beginPacket(): could not get host from dns: 11
[ 16110][E][WiFiUdp.cpp:185] endPacket(): could not send data: 118
WiFi lost connection, reconnect...
E (26876) wifi:Set status to INIT
WiFi lost connection, reconnect...
E (26905) wifi:Set status to INIT
WiFi lost connection, reconnect...
E (26939) wifi:Set status to INIT
WiFi lost connection, reconnect...
E (26968) wifi:Set status to INIT
WiFi lost connection, reconnect...
E (26998) wifi:Set status to INIT
WiFi lost connection, reconnect...
E (27028) wifi:Set status to INIT
WiFi lost connection, reconnect...
E (27064) wifi:Set status to INIT
WiFi lost connection, reconnect...
E (27098) wifi:Set status to INIT
WiFi lost connection, reconnect...
E (27130) wifi:Set status to INIT
WiFi lost connection, reconnect...
E (27159) wifi:Set status to INIT
WiFi lost connection, reconnect...
E (27187) wifi:Set status to INIT
WiFi lost connection, reconnect...
E (27222) wifi:Set status to INIT
WiFi lost connection, reconnect...
E (27250) wifi:Set status to INIT
WiFi lost connection, reconnect...
E (27314) wifi:Set status to INIT
WiFi lost connection, reconnect...
E (27349) wifi:Set status to INIT
WiFi lost connection, reconnect...
E (27416) wifi:Set status to INIT
WiFi lost connection, reconnect...
E (27446) wifi:Set status to INIT
WiFi lost connection, reconnect...
E (27477) wifi:Set status to INIT
WiFi lost connection, reconnect...
E (27507) wifi:Set status to INIT
WiFi lost connection, reconnect...
E (27535) wifi:Set status to INIT
WiFi lost connection, reconnect...
[ 17533][E][WiFiUdp.cpp:172] beginPacket(): could not get host from dns: 11
[ 17534][E][WiFiUdp.cpp:185] endPacket(): could not send data: 118
E (27620) wifi:Set status to INIT
WiFi lost connection, reconnect...
E (27652) wifi:Set status to INIT
WiFi lost connection, reconnect...
E (27681) wifi:Set status to INIT
WiFi lost connection, reconnect...
E (27712) wifi:Set status to INIT
WiFi lost connection, reconnect...
E (27740) wifi:Set status to INIT
WiFi lost connection, reconnect...
E (27768) wifi:Set status to INIT
WiFi lost connection, reconnect...
E (27796) wifi:Set status to INIT
WiFi lost connection, reconnect...
E (27834) wifi:Set status to INIT
WiFi lost connection, reconnect...
E (27882) wifi:Set status to INIT
WiFi lost connection, reconnect...
E (27921) wifi:Set status to INIT
WiFi lost connection, reconnect...
E (27958) wifi:Set status to INIT
WiFi lost connection, reconnect...
E (27992) wifi:Set status to INIT
WiFi lost connection, reconnect...
E (28025) wifi:Set status to INIT
WiFi lost connection, reconnect...
E (28055) wifi:Set status to INIT
WiFi lost connection, reconnect...
E (28090) wifi:Set status to INIT
WiFi lost connection, reconnect...
E (28121) wifi:Set status to INIT
WiFi lost connection, reconnect...
E (28152) wifi:Set status to INIT
WiFi lost connection, reconnect...
E (28181) wifi:Set status to INIT
WiFi lost connection, reconnect...
E (28209) wifi:Set status to INIT
WiFi lost connection, reconnect...
E (28239) wifi:Set status to INIT
WiFi lost connection, reconnect...
E (28269) wifi:Set status to INIT
WiFi lost connection, reconnect...
E (28298) wifi:Set status to INIT
WiFi lost connection, reconnect...
E (28331) wifi:Set status to INIT
WiFi lost connection, reconnect...
E (28359) wifi:Set status to INIT
WiFi lost connection, reconnect...
E (28388) wifi:Set status to INIT
WiFi lost connection, reconnect...
E (28417) wifi:Set status to INIT
WiFi lost connection, reconnect...
E (28446) wifi:Set status to INIT
WiFi lost connection, reconnect...
E (28474) wifi:Set status to INIT
WiFi lost connection, reconnect...
E (28503) wifi:Set status to INIT
WiFi lost connection, reconnect...
E (28535) wifi:Set status to INIT
WiFi lost connection, reconnect...
E (28564) wifi:Set status to INIT
WiFi lost connection, reconnect...
E (28592) wifi:Set status to INIT
WiFi lost connection, reconnect...
E (28620) wifi:Set status to INIT
WiFi lost connection, reconnect...
E (28649) wifi:Set status to INIT
WiFi lost connection, reconnect...
E (28679) wifi:Set status to INIT
WiFi lost connection, reconnect...
E (28707) wifi:Set status to INIT
WiFi lost connection, reconnect...
E (28742) wifi:Set status to INIT
WiFi lost connection, reconnect...
E (28770) wifi:Set status to INIT
WiFi lost connection, reconnect...
E (28798) wifi:Set status to INIT
WiFi lost connection, reconnect...
E (28828) wifi:Set status to INIT
WiFi lost connection, reconnect...
E (28857) wifi:Set status to INIT
WiFi lost connection, reconnect...
E (28885) wifi:Set status to INIT
WiFi lost connection, reconnect...
E (28914) wifi:Set status to INIT
WiFi lost connection, reconnect...
E (28948) wifi:Set status to INIT
WiFi lost connection, reconnect...
E (28983) wifi:Set status to INIT
WiFi lost connection, reconnect...
E (29018) wifi:Set status to INIT
WiFi lost connection, reconnect...
E (29056) wifi:Set status to INIT
WiFi lost connection, reconnect...
[Error]	(18.810, +3320)	 _lv_inv_area: detected modifying dirty areas in render 	(in lv_refr.c line #212)
E (29091) wifi:Set status to INIT
WiFi lost connection, reconnect...
E (29128) wifi:Set status to INIT
WiFi lost connection, reconnect...
E (29160) wifi:Set status to INIT
WiFi lost connection, reconnect...
E (29190) wifi:Set status to INIT
WiFi lost connection, reconnect...
E (29218) wifi:Set status to INIT
WiFi lost connection, reconnect...
E (29248) wifi:Set status to INIT
WiFi lost connection, reconnect...
E (29276) wifi:Set status to INIT
WiFi lost connection, reconnect...
E (29305) wifi:Set status to INIT
WiFi lost connection, reconnect...
E (29333) wifi:Set status to INIT
WiFi lost connection, reconnect...
E (29364) wifi:Set status to INIT
WiFi lost connection, reconnect...
E (29393) wifi:Set status to INIT
WiFi lost connection, reconnect...
[ 19331][E][WiFiUdp.cpp:172] beginPacket(): could not get host from dns: 11
[ 19346][E][WiFiUdp.cpp:185] endPacket(): could not send data: 118
E (29427) wifi:Set status to INIT
WiFi lost connection, reconnect...
E (29499) wifi:Set status to INIT
WiFi lost connection, reconnect...
E (29527) wifi:Set status to INIT
WiFi lost connection, reconnect...
E (29558) wifi:Set status to INIT
WiFi lost connection, reconnect...
E (29586) wifi:Set status to INIT
WiFi lost connection, reconnect...
E (29615) wifi:Set status to INIT
WiFi lost connection, reconnect...
E (29643) wifi:Set status to INIT
WiFi lost connection, reconnect...
E (29672) wifi:Set status to INIT
WiFi lost connection, reconnect...
E (29702) wifi:Set status to INIT
WiFi lost connection, reconnect...
E (29732) wifi:Set status to INIT
WiFi lost connection, reconnect...
E (29763) wifi:Set status to INIT
WiFi lost connection, reconnect...
E (29791) wifi:Set status to INIT
WiFi lost connection, reconnect...
E (29819) wifi:Set status to INIT
WiFi lost connection, reconnect...
E (29847) wifi:Set status to INIT
WiFi lost connection, reconnect...
E (29878) wifi:Set status to INIT
WiFi lost connection, reconnect...
E (29907) wifi:Set status to INIT
WiFi lost connection, reconnect...
E (29936) wifi:Set status to INIT
WiFi lost connection, reconnect...
E (29969) wifi:Set status to INIT
WiFi lost connection, reconnect...
E (29999) wifi:Set status to INIT
WiFi lost connection, reconnect...
E (30027) wifi:Set status to INIT
WiFi lost connection, reconnect...
E (30057) wifi:Set status to INIT
WiFi lost connection, reconnect...
E (30090) wifi:Set status to INIT
WiFi lost connection, reconnect...
E (30128) wifi:Set status to INIT
WiFi lost connection, reconnect...
[Error]	(19.895, +1085)	 _lv_inv_area: detected modifying dirty areas in render 	(in lv_refr.c line #212)
E (30168) wifi:Set status to INIT
WiFi lost connection, reconnect...
E (30213) wifi:Set status to INIT
WiFi lost connection, reconnect...
E (30242) wifi:Set status to INIT
WiFi lost connection, reconnect...
E (30278) wifi:Set status to INIT
WiFi lost connection, reconnect...
E (30307) wifi:Set status to INIT
WiFi lost connection, reconnect...
E (30335) wifi:Set status to INIT
WiFi lost connection, reconnect...
E (30363) wifi:Set status to INIT
WiFi lost connection, reconnect...
E (30391) wifi:Set status to INIT
WiFi lost connection, reconnect...
E (30423) wifi:Set status to INIT
WiFi lost connection, reconnect...
E (30451) wifi:Set status to INIT
WiFi lost connection, reconnect...
E (30487) wifi:Set status to INIT
WiFi lost connection, reconnect...
E (30516) wifi:Set status to INIT
WiFi lost connection, reconnect...
E (30549) wifi:Set status to INIT
WiFi lost connection, reconnect...
E (30579) wifi:Set status to INIT
WiFi lost connection, reconnect...
E (30607) wifi:Set status to INIT
WiFi lost connection, reconnect...
E (30636) wifi:Set status to INIT
WiFi lost connection, reconnect...
E (30664) wifi:Set status to INIT
WiFi lost connection, reconnect...
E (30693) wifi:Set status to INIT
WiFi lost connection, reconnect...
E (30721) wifi:Set status to INIT
WiFi lost connection, reconnect...
E (30750) wifi:Set status to INIT
WiFi lost connection, reconnect...
E (30778) wifi:Set status to INIT
WiFi lost connection, reconnect...
E (30806) wifi:Set status to INIT
WiFi lost connection, reconnect...
E (30835) wifi:Set status to INIT
WiFi lost connection, reconnect...
E (30896) wifi:Set status to INIT
WiFi lost connection, reconnect...
E (30924) wifi:Set status to INIT
WiFi lost connection, reconnect...
E (30954) wifi:Set status to INIT
WiFi lost connection, reconnect...
E (30982) wifi:Set status to INIT
WiFi lost connection, reconnect...
E (31100) wifi:Set status to INIT
WiFi lost connection, reconnect...
[ 21069][E][WiFiUdp.cpp:172] beginPacket(): could not get host from dns: 11
E (31134) wifi:Set status to INIT
WiFi lost connection, reconnect...
[ 21091][E][WiFiUdp.cpp:185] endPacket(): could not send data: 118
E (31170) wifi:Set status to INIT
WiFi lost connection, reconnect...
[Error]	(20.950, +1055)	 _lv_inv_area: detected modifying dirty areas in render 	(in lv_refr.c line #212)
E (31210) wifi:Set status to INIT
WiFi lost connection, reconnect...
E (31251) wifi:Set status to INIT
WiFi lost connection, reconnect...
E (31285) wifi:Set status to INIT
WiFi lost connection, reconnect...
E (31315) wifi:Set status to INIT
WiFi lost connection, reconnect...
E (31343) wifi:Set status to INIT
WiFi lost connection, reconnect...
E (31371) wifi:Set status to INIT
WiFi lost connection, reconnect...
E (31401) wifi:Set status to INIT
WiFi lost connection, reconnect...
E (31429) wifi:Set status to INIT
WiFi lost connection, reconnect...
E (31458) wifi:Set status to INIT
WiFi lost connection, reconnect...
E (31486) wifi:Set status to INIT
WiFi lost connection, reconnect...
E (31515) wifi:Set status to INIT
WiFi lost connection, reconnect...
E (31545) wifi:Set status to INIT
WiFi lost connection, reconnect...
E (31574) wifi:Set status to INIT
WiFi lost connection, reconnect...
E (31608) wifi:Set status to INIT
WiFi lost connection, reconnect...
E (31636) wifi:Set status to INIT
WiFi lost connection, reconnect...
E (31669) wifi:Set status to INIT
WiFi lost connection, reconnect...
E (31699) wifi:Set status to INIT
WiFi lost connection, reconnect...
E (31727) wifi:Set status to INIT
WiFi lost connection, reconnect...
E (31756) wifi:Set status to INIT
WiFi lost connection, reconnect...
E (31820) wifi:Set status to INIT
WiFi lost connection, reconnect...
E (31849) wifi:Set status to INIT
WiFi lost connection, reconnect...
E (31879) wifi:Set status to INIT
WiFi lost connection, reconnect...
E (31922) wifi:Set status to INIT
WiFi lost connection, reconnect...
E (31952) wifi:Set status to INIT
WiFi lost connection, reconnect...
E (31983) wifi:Set status to INIT
WiFi lost connection, reconnect...
E (32017) wifi:Set status to INIT
WiFi lost connection, reconnect...
E (32046) wifi:Set status to INIT
WiFi lost connection, reconnect...
E (32074) wifi:Set status to INIT
WiFi lost connection, reconnect...
E (32107) wifi:Set status to INIT
WiFi lost connection, reconnect...
E (32136) wifi:Set status to INIT
WiFi lost connection, reconnect...
E (32165) wifi:Set status to INIT
WiFi lost connection, reconnect...
E (32195) wifi:Set status to INIT
WiFi lost connection, reconnect...
E (32234) wifi:Set status to INIT
WiFi lost connection, reconnect...
E (32270) wifi:Set status to INIT
WiFi lost connection, reconnect...
E (32306) wifi:Set status to INIT
WiFi lost connection, reconnect...
E (32341) wifi:Set status to INIT
WiFi lost connection, reconnect...
E (32375) wifi:Set status to INIT
WiFi lost connection, reconnect...
E (32403) wifi:Set status to INIT
WiFi lost connection, reconnect...
E (32444) wifi:Set status to INIT
WiFi lost connection, reconnect...
E (32472) wifi:Set status to INIT
WiFi lost connection, reconnect...
E (32503) wifi:Set status to INIT
WiFi lost connection, reconnect...
E (32535) wifi:Set status to INIT
WiFi lost connection, reconnect...
E (32566) wifi:Set status to INIT
WiFi lost connection, reconnect...
E (32596) wifi:Set status to INIT
WiFi lost connection, reconnect...
E (32626) wifi:Set status to INIT
WiFi lost connection, reconnect...
E (32660) wifi:Set status to INIT
WiFi lost connection, reconnect...
E (32700) wifi:Set status to INIT
WiFi lost connection, reconnect...
E (32735) wifi:Set status to INIT
WiFi lost connection, reconnect...
E (32765) wifi:Set status to INIT
WiFi lost connection, reconnect...
E (32795) wifi:Set status to INIT
WiFi lost connection, reconnect...
E (32824) wifi:Set status to INIT
WiFi lost connection, reconnect...
E (32856) wifi:Set status to INIT
WiFi lost connection, reconnect...
E (32885) wifi:Set status to INIT
WiFi lost connection, reconnect...
[ 22849][E][WiFiUdp.cpp:172] beginPacket(): could not get host from dns: 11
[ 22851][E][WiFiUdp.cpp:185] endPacket(): could not send data: 118
E (32919) wifi:Set status to INIT
WiFi lost connection, reconnect...
E (32949) wifi:Set status to INIT
WiFi lost connection, reconnect...
E (32980) wifi:Set status to INIT
WiFi lost connection, reconnect...
E (33018) wifi:Set status to INIT
WiFi lost connection, reconnect...
E (33047) wifi:Set status to INIT
WiFi lost connection, reconnect...
E (33078) wifi:Set status to INIT
WiFi lost connection, reconnect...
E (33107) wifi:Set status to INIT
WiFi lost connection, reconnect...
E (33138) wifi:Set status to INIT
WiFi lost connection, reconnect...
E (33167) wifi:Set status to INIT
WiFi lost connection, reconnect...
E (33195) wifi:Set status to INIT
WiFi lost connection, reconnect...
E (33223) wifi:Set status to INIT
WiFi lost connection, reconnect...
E (33259) wifi:Set status to INIT
WiFi lost connection, reconnect...
E (33302) wifi:Set status to INIT
WiFi lost connection, reconnect...
E (33337) wifi:Set status to INIT
WiFi lost connection, reconnect...
E (33457) wifi:Set status to INIT
WiFi lost connection, reconnect...
E (33488) wifi:Set status to INIT
WiFi lost connection, reconnect...
E (33517) wifi:Set status to INIT
WiFi lost connection, reconnect...
E (33548) wifi:Set status to INIT
WiFi lost connection, reconnect...
E (33576) wifi:Set status to INIT
WiFi lost connection, reconnect...
E (33604) wifi:Set status to INIT
WiFi lost connection, reconnect...
E (33632) wifi:Set status to INIT
WiFi lost connection, reconnect...
E (33665) wifi:Set status to INIT
WiFi lost connection, reconnect...
E (33693) wifi:Set status to INIT
WiFi lost connection, reconnect...
E (33722) wifi:Set status to INIT
WiFi lost connection, reconnect...
E (33753) wifi:Set status to INIT
WiFi lost connection, reconnect...
E (33787) wifi:Set status to INIT
WiFi lost connection, reconnect...
E (33815) wifi:Set status to INIT
WiFi lost connection, reconnect...
E (33843) wifi:Set status to INIT
WiFi lost connection, reconnect...
E (33871) wifi:Set status to INIT
WiFi lost connection, reconnect...
E (33901) wifi:Set status to INIT
WiFi lost connection, reconnect...
E (33941) wifi:Set status to INIT
WiFi lost connection, reconnect...
E (33976) wifi:Set status to INIT
WiFi lost connection, reconnect...
E (34005) wifi:Set status to INIT
WiFi lost connection, reconnect...
E (34035) wifi:Set status to INIT
WiFi lost connection, reconnect...
E (34064) wifi:Set status to INIT
WiFi lost connection, reconnect...
E (34093) wifi:Set status to INIT
WiFi lost connection, reconnect...
E (34121) wifi:Set status to INIT
WiFi lost connection, reconnect...
E (34150) wifi:Set status to INIT
WiFi lost connection, reconnect...
E (34179) wifi:Set status to INIT
WiFi lost connection, reconnect...
E (34207) wifi:Set status to INIT
WiFi lost connection, reconnect...
E (34235) wifi:Set status to INIT
WiFi lost connection, reconnect...
E (34265) wifi:Set status to INIT
WiFi lost connection, reconnect...
E (34295) wifi:Set status to INIT
WiFi lost connection, reconnect...
E (34323) wifi:Set status to INIT
WiFi lost connection, reconnect...
E (34352) wifi:Set status to INIT
WiFi lost connection, reconnect...
E (34389) wifi:Set status to INIT
WiFi lost connection, reconnect...
E (34431) wifi:Set status to INIT
WiFi lost connection, reconnect...
E (34472) wifi:Set status to INIT
WiFi lost connection, reconnect...
E (34515) wifi:Set status to INIT
WiFi lost connection, reconnect...
E (34543) wifi:Set status to INIT
WiFi lost connection, reconnect...
E (34575) wifi:Set status to INIT
WiFi lost connection, reconnect...
[ 24543][E][WiFiUdp.cpp:172] beginPacket(): could not get host from dns: 11
E (34605) wifi:Set status to INIT
WiFi lost connection, reconnect...
[ 24544][E][WiFiUdp.cpp:185] endPacket(): could not send data: 118
E (34634) wifi:Set status to INIT
WiFi lost connection, reconnect...
E (34662) wifi:Set status to INIT
WiFi lost connection, reconnect...
E (34691) wifi:Set status to INIT
WiFi lost connection, reconnect...
E (34720) wifi:Set status to INIT
WiFi lost connection, reconnect...
E (34749) wifi:Set status to INIT
WiFi lost connection, reconnect...
E (34780) wifi:Set status to INIT
WiFi lost connection, reconnect...
E (34809) wifi:Set status to INIT
WiFi lost connection, reconnect...
E (34837) wifi:Set status to INIT
WiFi lost connection, reconnect...
E (34866) wifi:Set status to INIT
WiFi lost connection, reconnect...
E (34895) wifi:Set status to INIT
WiFi lost connection, reconnect...
E (34925) wifi:Set status to INIT
WiFi lost connection, reconnect...
E (34953) wifi:Set status to INIT
WiFi lost connection, reconnect...
E (34985) wifi:Set status to INIT
WiFi lost connection, reconnect...
E (35014) wifi:Set status to INIT
WiFi lost connection, reconnect...
E (35042) wifi:Set status to INIT
WiFi lost connection, reconnect...
E (35070) wifi:Set status to INIT
WiFi lost connection, reconnect...
E (35098) wifi:Set status to INIT
WiFi lost connection, reconnect...
E (35126) wifi:Set status to INIT
WiFi lost connection, reconnect...
E (35156) wifi:Set status to INIT
WiFi lost connection, reconnect...
E (35187) wifi:Set status to INIT
WiFi lost connection, reconnect...
E (35215) wifi:Set status to INIT
WiFi lost connection, reconnect...
E (35243) wifi:Set status to INIT
WiFi lost connection, reconnect...
E (35271) wifi:Set status to INIT
WiFi lost connection, reconnect...
E (35300) wifi:Set status to INIT
WiFi lost connection, reconnect...
E (35328) wifi:Set status to INIT
WiFi lost connection, reconnect...
E (35359) wifi:Set status to INIT
WiFi lost connection, reconnect...
E (35390) wifi:Set status to INIT
WiFi lost connection, reconnect...
E (35423) wifi:Set status to INIT
WiFi lost connection, reconnect...
E (35460) wifi:Set status to INIT
WiFi lost connection, reconnect...
E (35498) wifi:Set status to INIT
[Error]	(25.245, +4295)	 _lv_inv_area: detected modifying dirty areas in render 	(in lv_refr.c line #212)
WiFi lost connection, reconnect...
E (35536) wifi:Set status to INIT
WiFi lost connection, reconnect...
E (35576) wifi:Set status to INIT
WiFi lost connection, reconnect...
E (35607) wifi:Set status to INIT
WiFi lost connection, reconnect...
E (35636) wifi:Set status to INIT
WiFi lost connection, reconnect...
E (35667) wifi:Set status to INIT
WiFi lost connection, reconnect...
E (35697) wifi:Set status to INIT
WiFi lost connection, reconnect...
E (35726) wifi:Set status to INIT
WiFi lost connection, reconnect...
E (35755) wifi:Set status to INIT
WiFi lost connection, reconnect...
E (35785) wifi:Set status to INIT
WiFi lost connection, reconnect...
E (35816) wifi:Set status to INIT
WiFi lost connection, reconnect...
E (35845) wifi:Set status to INIT
WiFi lost connection, reconnect...
E (35875) wifi:Set status to INIT
WiFi lost connection, reconnect...
E (35906) wifi:Set status to INIT
WiFi lost connection, reconnect...
E (35936) wifi:Set status to INIT
WiFi lost connection, reconnect...
E (35964) wifi:Set status to INIT
WiFi lost connection, reconnect...
E (36005) wifi:Set status to INIT
WiFi lost connection, reconnect...
E (36034) wifi:Set status to INIT
WiFi lost connection, reconnect...
E (36062) wifi:Set status to INIT
WiFi lost connection, reconnect...
E (36092) wifi:Set status to INIT
WiFi lost connection, reconnect...
E (36119) wifi:Set status to INIT
WiFi lost connection, reconnect...
E (36150) wifi:Set status to INIT
WiFi lost connection, reconnect...
E (36182) wifi:Set status to INIT
WiFi lost connection, reconnect...
E (36214) wifi:Set status to INIT
WiFi lost connection, reconnect...
E (36242) wifi:Set status to INIT
WiFi lost connection, reconnect...
E (36271) wifi:Set status to INIT
WiFi lost connection, reconnect...
E (36299) wifi:Set status to INIT
WiFi lost connection, reconnect...
E (36329) wifi:Set status to INIT
WiFi lost connection, reconnect...
E (36359) wifi:Set status to INIT
WiFi lost connection, reconnect...
E (36387) wifi:Set status to INIT
WiFi lost connection, reconnect...
[ 26340][E][WiFiUdp.cpp:172] beginPacket(): could not get host from dns: 11
[ 26342][E][WiFiUdp.cpp:185] endPacket(): could not send data: 118
E (36418) wifi:Set status to INIT
WiFi lost connection, reconnect...
E (36447) wifi:Set status to INIT
WiFi lost connection, reconnect...
E (36475) wifi:Set status to INIT
WiFi lost connection, reconnect...
E (36510) wifi:Set status to INIT
WiFi lost connection, reconnect...
E (36545) wifi:Set status to INIT
WiFi lost connection, reconnect...
E (36580) wifi:Set status to INIT
[Error]	(26.330, +1085)	 _lv_inv_area: detected modifying dirty areas in render 	(in lv_refr.c line #212)
WiFi lost connection, reconnect...
E (36621) wifi:Set status to INIT
WiFi lost connection, reconnect...
E (36657) wifi:Set status to INIT
WiFi lost connection, reconnect...
E (36690) wifi:Set status to INIT
WiFi lost connection, reconnect...
E (36721) wifi:Set status to INIT
WiFi lost connection, reconnect...
E (36750) wifi:Set status to INIT
WiFi lost connection, reconnect...
E (36779) wifi:Set status to INIT
WiFi lost connection, reconnect...
E (36836) wifi:Set status to INIT
WiFi lost connection, reconnect...
[ 27802][E][WiFiUdp.cpp:172] beginPacket(): could not get host from dns: 11
[ 27803][E][WiFiUdp.cpp:185] endPacket(): could not send data: 118
WiFi lost connection, reconnect...
E (38880) wifi:Set status to INIT
WiFi lost connection, reconnect...
E (38910) wifi:Set status to INIT
WiFi lost connection, reconnect...
E (38945) wifi:Set status to INIT
WiFi lost connection, reconnect...
E (38979) wifi:Set status to INIT
WiFi lost connection, reconnect...
E (39007) wifi:Set status to INIT
WiFi lost connection, reconnect...
E (39036) wifi:Set status to INIT
WiFi lost connection, reconnect...
E (39065) wifi:Set status to INIT
WiFi lost connection, reconnect...
E (39096) wifi:Set status to INIT
WiFi lost connection, reconnect...
E (39124) wifi:Set status to INIT
WiFi lost connection, reconnect...
E (39154) wifi:Set status to INIT
WiFi lost connection, reconnect...
[ 29117][E][WiFiUdp.cpp:172] beginPacket(): could not get host from dns: 11
[ 29122][E][WiFiUdp.cpp:185] endPacket(): could not send data: 118
E (39184) wifi:Set status to INIT
WiFi lost connection, reconnect...
E (39214) wifi:Set status to INIT
WiFi lost connection, reconnect...
E (39243) wifi:Set status to INIT
WiFi lost connection, reconnect...
E (39271) wifi:Set status to INIT
WiFi lost connection, reconnect...
E (39301) wifi:Set status to INIT
WiFi lost connection, reconnect...
E (39331) wifi:Set status to INIT
WiFi lost connection, reconnect...
E (39360) wifi:Set status to INIT
WiFi lost connection, reconnect...
E (39389) wifi:Set status to INIT
WiFi lost connection, reconnect...
E (39423) wifi:Set status to INIT
WiFi lost connection, reconnect...
E (39457) wifi:Set status to INIT
WiFi lost connection, reconnect...
E (39491) wifi:Set status to INIT
WiFi lost connection, reconnect...
E (39523) wifi:Set status to INIT
WiFi lost connection, reconnect...
E (39557) wifi:Set status to INIT
WiFi lost connection, reconnect...
E (39590) wifi:Set status to INIT
WiFi lost connection, reconnect...
E (39619) wifi:Set status to INIT
WiFi lost connection, reconnect...
E (39658) wifi:Set status to INIT
WiFi lost connection, reconnect...
E (39697) wifi:Set status to INIT
WiFi lost connection, reconnect...
E (39734) wifi:Set status to INIT
WiFi lost connection, reconnect...
E (39763) wifi:Set status to INIT
WiFi lost connection, reconnect...
E (39794) wifi:Set status to INIT
WiFi lost connection, reconnect...
E (39822) wifi:Set status to INIT
WiFi lost connection, reconnect...
E (39850) wifi:Set status to INIT
WiFi lost connection, reconnect...
E (39878) wifi:Set status to INIT
WiFi lost connection, reconnect...
E (39909) wifi:Set status to INIT
WiFi lost connection, reconnect...
E (39937) wifi:Set status to INIT
WiFi lost connection, reconnect...
E (39968) wifi:Set status to INIT
WiFi lost connection, reconnect...
E (40002) wifi:Set status to INIT
WiFi lost connection, reconnect...
E (40031) wifi:Set status to INIT
WiFi lost connection, reconnect...
E (40059) wifi:Set status to INIT
WiFi lost connection, reconnect...
E (40088) wifi:Set status to INIT
WiFi lost connection, reconnect...
E (40117) wifi:Set status to INIT
WiFi lost connection, reconnect...
E (40147) wifi:Set status to INIT
WiFi lost connection, reconnect...
E (40218) wifi:Set status to INIT
WiFi lost connection, reconnect...
E (40247) wifi:Set status to INIT
WiFi lost connection, reconnect...
E (40277) wifi:Set status to INIT
WiFi lost connection, reconnect...
E (40307) wifi:Set status to INIT
WiFi lost connection, reconnect...
E (40335) wifi:Set status to INIT
WiFi lost connection, reconnect...
E (40363) wifi:Set status to INIT
WiFi lost connection, reconnect...
E (40392) wifi:Set status to INIT
WiFi lost connection, reconnect...
E (40421) wifi:Set status to INIT
WiFi lost connection, reconnect...
E (40450) wifi:Set status to INIT
WiFi lost connection, reconnect...
E (40480) wifi:Set status to INIT
WiFi lost connection, reconnect...
E (40511) wifi:Set status to INIT
WiFi lost connection, reconnect...
E (40539) wifi:Set status to INIT
WiFi lost connection, reconnect...
E (40625) wifi:Set status to INIT
WiFi lost connection, reconnect...
E (40660) wifi:Set status to INIT
WiFi lost connection, reconnect...
E (40698) wifi:Set status to INIT
WiFi lost connection, reconnect...
E (40736) wifi:Set status to INIT
WiFi lost connection, reconnect...
E (40775) wifi:Set status to INIT
WiFi lost connection, reconnect...
E (40811) wifi:Set status to INIT
WiFi lost connection, reconnect...
E (40841) wifi:Set status to INIT
WiFi lost connection, reconnect...
E (40869) wifi:Set status to INIT
WiFi lost connection, reconnect...
E (40900) wifi:Set status to INIT
WiFi lost connection, reconnect...
E (40929) wifi:Set status to INIT
WiFi lost connection, reconnect...
[ 30882][E][WiFiUdp.cpp:172] beginPacket(): could not get host from dns: 11
[ 30883][E][WiFiUdp.cpp:185] endPacket(): could not send data: 118
E (40957) wifi:Set status to INIT
WiFi lost connection, reconnect...
E (40987) wifi:Set status to INIT
WiFi lost connection, reconnect...
E (41015) wifi:Set status to INIT
WiFi lost connection, reconnect...
E (41045) wifi:Set status to INIT
WiFi lost connection, reconnect...
E (41075) wifi:Set status to INIT
WiFi lost connection, reconnect...
E (41108) wifi:Set status to INIT
WiFi lost connection, reconnect...
E (41140) wifi:Set status to INIT
WiFi lost connection, reconnect...
E (41168) wifi:Set status to INIT
WiFi lost connection, reconnect...
E (41197) wifi:Set status to INIT
WiFi lost connection, reconnect...
E (41228) wifi:Set status to INIT
WiFi lost connection, reconnect...
E (41256) wifi:Set status to INIT
WiFi lost connection, reconnect...
E (41284) wifi:Set status to INIT
WiFi lost connection, reconnect...
E (41313) wifi:Set status to INIT
WiFi lost connection, reconnect...
E (41342) wifi:Set status to INIT
WiFi lost connection, reconnect...
E (41370) wifi:Set status to INIT
WiFi lost connection, reconnect...
E (41402) wifi:Set status to INIT
WiFi lost connection, reconnect...
E (41433) wifi:Set status to INIT
WiFi lost connection, reconnect...
E (41461) wifi:Set status to INIT
WiFi lost connection, reconnect...
E (41490) wifi:Set status to INIT
WiFi lost connection, reconnect...
E (41518) wifi:Set status to INIT
WiFi lost connection, reconnect...
E (41547) wifi:Set status to INIT
WiFi lost connection, reconnect...
E (41576) wifi:Set status to INIT
WiFi lost connection, reconnect...
E (41606) wifi:Set status to INIT
WiFi lost connection, reconnect...
E (41638) wifi:Set status to INIT
WiFi lost connection, reconnect...
E (41675) wifi:Set status to INIT
WiFi lost connection, reconnect...
E (41709) wifi:Set status to INIT
WiFi lost connection, reconnect...
E (41744) wifi:Set status to INIT
WiFi lost connection, reconnect...
E (41779) wifi:Set status to INIT
WiFi lost connection, reconnect...
E (41817) wifi:Set status to INIT
WiFi lost connection, reconnect...
E (41855) wifi:Set status to INIT
WiFi lost connection, reconnect...
E (41884) wifi:Set status to INIT
WiFi lost connection, reconnect...
E (41914) wifi:Set status to INIT
WiFi lost connection, reconnect...
E (41945) wifi:Set status to INIT
WiFi lost connection, reconnect...
E (41973) wifi:Set status to INIT
WiFi lost connection, reconnect...
E (42003) wifi:Set status to INIT
WiFi lost connection, reconnect...
E (42031) wifi:Set status to INIT
WiFi lost connection, reconnect...
E (42058) wifi:Set status to INIT
WiFi lost connection, reconnect...
E (42086) wifi:Set status to INIT
WiFi lost connection, reconnect...
E (42117) wifi:Set status to INIT
WiFi lost connection, reconnect...
E (42149) wifi:Set status to INIT
WiFi lost connection, reconnect...
E (42177) wifi:Set status to INIT
WiFi lost connection, reconnect...
E (42206) wifi:Set status to INIT
WiFi lost connection, reconnect...
E (42234) wifi:Set status to INIT
WiFi lost connection, reconnect...
E (42264) wifi:Set status to INIT
WiFi lost connection, reconnect...
E (42293) wifi:Set status to INIT
WiFi lost connection, reconnect...
E (42323) wifi:Set status to INIT
WiFi lost connection, reconnect...
E (42354) wifi:Set status to INIT
WiFi lost connection, reconnect...
E (42382) wifi:Set status to INIT
WiFi lost connection, reconnect...
E (42469) wifi:Set status to INIT
WiFi lost connection, reconnect...
E (42501) wifi:Set status to INIT
WiFi lost connection, reconnect...
E (42530) wifi:Set status to INIT
WiFi lost connection, reconnect...
E (42562) wifi:Set status to INIT
WiFi lost connection, reconnect...
E (42591) wifi:Set status to INIT
WiFi lost connection, reconnect...
E (42619) wifi:Set status to INIT
WiFi lost connection, reconnect...
E (42652) wifi:Set status to INIT
WiFi lost connection, reconnect...
E (42687) wifi:Set status to INIT
WiFi lost connection, reconnect...
[ 32641][E][WiFiUdp.cpp:172] beginPacket(): could not get host from dns: 11
[ 32642][E][WiFiUdp.cpp:185] endPacket(): could not send data: 118
E (42716) wifi:Set status to INIT
WiFi lost connection, reconnect...
E (42745) wifi:Set status to INIT
WiFi lost connection, reconnect...
E (42775) wifi:Set status to INIT
WiFi lost connection, reconnect...
E (42805) wifi:Set status to INIT
WiFi lost connection, reconnect...
E (42841) wifi:Set status to INIT
WiFi lost connection, reconnect...
E (42880) wifi:Set status to INIT
WiFi lost connection, reconnect...
E (42920) wifi:Set status to INIT
WiFi lost connection, reconnect...
E (42960) wifi:Set status to INIT
WiFi lost connection, reconnect...
E (42988) wifi:Set status to INIT
WiFi lost connection, reconnect...
E (43016) wifi:Set status to INIT
WiFi lost connection, reconnect...
E (43045) wifi:Set status to INIT
WiFi lost connection, reconnect...
E (43074) wifi:Set status to INIT
WiFi lost connection, reconnect...
E (43103) wifi:Set status to INIT
WiFi lost connection, reconnect...
E (43131) wifi:Set status to INIT
WiFi lost connection, reconnect...
E (43159) wifi:Set status to INIT
WiFi lost connection, reconnect...
E (43188) wifi:Set status to INIT
WiFi lost connection, reconnect...
E (43216) wifi:Set status to INIT
WiFi lost connection, reconnect...
E (43246) wifi:Set status to INIT
WiFi lost connection, reconnect...
E (43277) wifi:Set status to INIT
WiFi lost connection, reconnect...
E (43347) wifi:Set status to INIT
WiFi lost connection, reconnect...
E (43378) wifi:Set status to INIT
WiFi lost connection, reconnect...
E (43406) wifi:Set status to INIT
WiFi lost connection, reconnect...
E (43434) wifi:Set status to INIT
WiFi lost connection, reconnect...
E (43463) wifi:Set status to INIT
WiFi lost connection, reconnect...
E (43492) wifi:Set status to INIT
WiFi lost connection, reconnect...
E (43520) wifi:Set status to INIT
WiFi lost connection, reconnect...
E (43551) wifi:Set status to INIT
WiFi lost connection, reconnect...
E (43583) wifi:Set status to INIT
WiFi lost connection, reconnect...
E (43612) wifi:Set status to INIT
WiFi lost connection, reconnect...
E (43640) wifi:Set status to INIT
WiFi lost connection, reconnect...
E (43673) wifi:Set status to INIT
WiFi lost connection, reconnect...
E (43706) wifi:Set status to INIT
WiFi lost connection, reconnect...
E (43734) wifi:Set status to INIT
WiFi lost connection, reconnect...
E (43762) wifi:Set status to INIT
WiFi lost connection, reconnect...
E (43791) wifi:Set status to INIT
WiFi lost connection, reconnect...
E (43822) wifi:Set status to INIT
WiFi lost connection, reconnect...
E (43857) wifi:Set status to INIT
WiFi lost connection, reconnect...
E (43896) wifi:Set status to INIT
WiFi lost connection, reconnect...
E (43931) wifi:Set status to INIT
WiFi lost connection, reconnect...
E (43966) wifi:Set status to INIT
WiFi lost connection, reconnect...
E (43998) wifi:Set status to INIT
WiFi lost connection, reconnect...
E (44026) wifi:Set status to INIT
WiFi lost connection, reconnect...
E (44054) wifi:Set status to INIT
WiFi lost connection, reconnect...
E (44083) wifi:Set status to INIT
WiFi lost connection, reconnect...
E (44115) wifi:Set status to INIT
WiFi lost connection, reconnect...
E (44152) wifi:Set status to INIT
WiFi lost connection, reconnect...
E (44181) wifi:Set status to INIT
WiFi lost connection, reconnect...
E (44213) wifi:Set status to INIT
WiFi lost connection, reconnect...
E (44244) wifi:Set status to INIT
WiFi lost connection, reconnect...
E (44272) wifi:Set status to INIT
WiFi lost connection, reconnect...
E (44303) wifi:Set status to INIT
WiFi lost connection, reconnect...
E (44331) wifi:Set status to INIT
WiFi lost connection, reconnect...
E (44359) wifi:Set status to INIT
WiFi lost connection, reconnect...
E (44387) wifi:Set status to INIT
WiFi lost connection, reconnect...
E (44417) wifi:Set status to INIT
WiFi lost connection, reconnect...
E (44447) wifi:Set status to INIT
WiFi lost connection, reconnect...
[ 34400][E][WiFiUdp.cpp:172] beginPacket(): could not get host from dns: 11
[ 34401][E][WiFiUdp.cpp:185] endPacket(): could not send data: 118
E (44475) wifi:Set status to INIT
WiFi lost connection, reconnect...
E (44505) wifi:Set status to INIT
WiFi lost connection, reconnect...
E (44534) wifi:Set status to INIT
WiFi lost connection, reconnect...
E (44562) wifi:Set status to INIT
WiFi lost connection, reconnect...
E (44591) wifi:Set status to INIT
WiFi lost connection, reconnect...
E (44620) wifi:Set status to INIT
WiFi lost connection, reconnect...
E (44651) wifi:Set status to INIT
WiFi lost connection, reconnect...
E (44685) wifi:Set status to INIT
WiFi lost connection, reconnect...
E (44717) wifi:Set status to INIT
WiFi lost connection, reconnect...
E (44746) wifi:Set status to INIT
WiFi lost connection, reconnect...
E (44776) wifi:Set status to INIT
WiFi lost connection, reconnect...
E (44804) wifi:Set status to INIT
WiFi lost connection, reconnect...
E (44833) wifi:Set status to INIT
WiFi lost connection, reconnect...
E (44861) wifi:Set status to INIT
WiFi lost connection, reconnect...
E (44889) wifi:Set status to INIT
WiFi lost connection, reconnect...
E (44921) wifi:Set status to INIT
WiFi lost connection, reconnect...
E (44960) wifi:Set status to INIT
WiFi lost connection, reconnect...
E (44999) wifi:Set status to INIT
WiFi lost connection, reconnect...
E (45034) wifi:Set status to INIT
WiFi lost connection, reconnect...
E (45062) wifi:Set status to INIT
WiFi lost connection, reconnect...
E (45090) wifi:Set status to INIT
WiFi lost connection, reconnect...
E (45122) wifi:Set status to INIT
WiFi lost connection, reconnect...
E (45232) wifi:Set status to INIT
WiFi lost connection, reconnect...
E (45261) wifi:Set status to INIT
WiFi lost connection, reconnect...
E (45292) wifi:Set status to INIT
WiFi lost connection, reconnect...
E (45323) wifi:Set status to INIT
WiFi lost connection, reconnect...
E (45351) wifi:Set status to INIT
WiFi lost connection, reconnect...
E (45381) wifi:Set status to INIT
WiFi lost connection, reconnect...
E (45411) wifi:Set status to INIT
WiFi lost connection, reconnect...
E (45441) wifi:Set status to INIT
WiFi lost connection, reconnect...
E (45472) wifi:Set status to INIT
WiFi lost connection, reconnect...
E (45500) wifi:Set status to INIT
WiFi lost connection, reconnect...
E (45531) wifi:Set status to INIT
WiFi lost connection, reconnect...
E (45559) wifi:Set status to INIT
WiFi lost connection, reconnect...
E (45588) wifi:Set status to INIT
WiFi lost connection, reconnect...
E (45616) wifi:Set status to INIT
WiFi lost connection, reconnect...
E (45646) wifi:Set status to INIT
WiFi lost connection, reconnect...
E (45679) wifi:Set status to INIT
WiFi lost connection, reconnect...
E (45713) wifi:Set status to INIT
WiFi lost connection, reconnect...
E (45745) wifi:Set status to INIT
WiFi lost connection, reconnect...
E (45777) wifi:Set status to INIT
WiFi lost connection, reconnect...
E (45805) wifi:Set status to INIT
WiFi lost connection, reconnect...
E (45836) wifi:Set status to INIT
WiFi lost connection, reconnect...
E (45865) wifi:Set status to INIT
WiFi lost connection, reconnect...
E (45893) wifi:Set status to INIT
WiFi lost connection, reconnect...
E (45922) wifi:Set status to INIT
WiFi lost connection, reconnect...
E (45956) wifi:Set status to INIT
WiFi lost connection, reconnect...
E (45991) wifi:Set status to INIT
WiFi lost connection, reconnect...
E (46027) wifi:Set status to INIT
WiFi lost connection, reconnect...
E (46061) wifi:Set status to INIT
WiFi lost connection, reconnect...
E (46099) wifi:Set status to INIT
WiFi lost connection, reconnect...
E (46129) wifi:Set status to INIT
WiFi lost connection, reconnect...
E (46159) wifi:Set status to INIT
WiFi lost connection, reconnect...
E (46188) wifi:Set status to INIT
WiFi lost connection, reconnect...
E (46216) wifi:Set status to INIT
WiFi lost connection, reconnect...
E (46248) wifi:Set status to INIT
WiFi lost connection, reconnect...
E (46276) wifi:Set status to INIT
WiFi lost connection, reconnect...
[ 36231][E][WiFiUdp.cpp:172] beginPacket(): could not get host from dns: 11
[ 36232][E][WiFiUdp.cpp:185] endPacket(): could not send data: 118
E (46305) wifi:Set status to INIT
WiFi lost connection, reconnect...
E (46333) wifi:Set status to INIT
WiFi lost connection, reconnect...
E (46366) wifi:Set status to INIT
WiFi lost connection, reconnect...
E (46394) wifi:Set status to INIT
WiFi lost connection, reconnect...
E (46424) wifi:Set status to INIT
WiFi lost connection, reconnect...
E (46454) wifi:Set status to INIT
WiFi lost connection, reconnect...
E (46482) wifi:Set status to INIT
WiFi lost connection, reconnect...
E (46511) wifi:Set status to INIT
WiFi lost connection, reconnect...
E (46539) wifi:Set status to INIT
WiFi lost connection, reconnect...
E (46567) wifi:Set status to INIT
WiFi lost connection, reconnect...
E (46597) wifi:Set status to INIT
WiFi lost connection, reconnect...
E (46627) wifi:Set status to INIT
WiFi lost connection, reconnect...
E (46658) wifi:Set status to INIT
WiFi lost connection, reconnect...
E (46692) wifi:Set status to INIT
WiFi lost connection, reconnect...
E (46726) wifi:Set status to INIT
WiFi lost connection, reconnect...
E (46758) wifi:Set status to INIT
WiFi lost connection, reconnect...
E (46786) wifi:Set status to INIT
WiFi lost connection, reconnect...
E (46814) wifi:Set status to INIT
WiFi lost connection, reconnect...
E (46842) wifi:Set status to INIT
WiFi lost connection, reconnect...
E (46872) wifi:Set status to INIT
WiFi lost connection, reconnect...
E (46901) wifi:Set status to INIT
WiFi lost connection, reconnect...
E (46929) wifi:Set status to INIT
WiFi lost connection, reconnect...
E (46966) wifi:Set status to INIT
WiFi lost connection, reconnect...
E (46995) wifi:Set status to INIT
WiFi lost connection, reconnect...
E (47030) wifi:Set status to INIT
WiFi lost connection, reconnect...
E (47069) wifi:Set status to INIT
WiFi lost connection, reconnect...
E (47105) wifi:Set status to INIT
WiFi lost connection, reconnect...
E (47141) wifi:Set status to INIT
WiFi lost connection, reconnect...
E (47173) wifi:Set status to INIT
WiFi lost connection, reconnect...
E (47202) wifi:Set status to INIT
WiFi lost connection, reconnect...
E (47230) wifi:Set status to INIT
WiFi lost connection, reconnect...
E (47259) wifi:Set status to INIT
WiFi lost connection, reconnect...
E (47289) wifi:Set status to INIT
WiFi lost connection, reconnect...
E (47317) wifi:Set status to INIT
WiFi lost connection, reconnect...
E (47345) wifi:Set status to INIT
WiFi lost connection, reconnect...
E (47375) wifi:Set status to INIT
WiFi lost connection, reconnect...
E (47403) wifi:Set status to INIT
WiFi lost connection, reconnect...
E (47431) wifi:Set status to INIT
WiFi lost connection, reconnect...
E (47459) wifi:Set status to INIT
WiFi lost connection, reconnect...
E (47490) wifi:Set status to INIT
WiFi lost connection, reconnect...
E (47519) wifi:Set status to INIT
WiFi lost connection, reconnect...
E (47548) wifi:Set status to INIT
WiFi lost connection, reconnect...
E (47579) wifi:Set status to INIT
WiFi lost connection, reconnect...
E (47607) wifi:Set status to INIT
WiFi lost connection, reconnect...
E (47695) wifi:Set status to INIT
WiFi lost connection, reconnect...
E (47729) wifi:Set status to INIT
WiFi lost connection, reconnect...
E (47759) wifi:Set status to INIT
WiFi lost connection, reconnect...
E (47787) wifi:Set status to INIT
WiFi lost connection, reconnect...
E (47815) wifi:Set status to INIT
WiFi lost connection, reconnect...
E (47852) wifi:Set status to INIT
WiFi lost connection, reconnect...
E (47883) wifi:Set status to INIT
WiFi lost connection, reconnect...
E (47911) wifi:Set status to INIT
WiFi lost connection, reconnect...
E (47939) wifi:Set status to INIT
WiFi lost connection, reconnect...
E (47972) wifi:Set status to INIT
WiFi lost connection, reconnect...
[ 38020][E][WiFiUdp.cpp:172] beginPacket(): could not get host from dns: 11
[ 38021][E][WiFiUdp.cpp:185] endPacket(): could not send data: 118
E (48100) wifi:Set status to INIT
WiFi lost connection, reconnect...
E (48141) wifi:Set status to INIT
WiFi lost connection, reconnect...
E (48177) wifi:Set status to INIT
WiFi lost connection, reconnect...
E (48212) wifi:Set status to INIT
WiFi lost connection, reconnect...
E (48241) wifi:Set status to INIT
WiFi lost connection, reconnect...
E (48269) wifi:Set status to INIT
WiFi lost connection, reconnect...
E (48297) wifi:Set status to INIT
WiFi lost connection, reconnect...
E (48329) wifi:Set status to INIT
WiFi lost connection, reconnect...
E (48357) wifi:Set status to INIT
WiFi lost connection, reconnect...
E (48385) wifi:Set status to INIT
WiFi lost connection, reconnect...
E (48414) wifi:Set status to INIT
WiFi lost connection, reconnect...
E (48443) wifi:Set status to INIT
WiFi lost connection, reconnect...
E (48471) wifi:Set status to INIT
WiFi lost connection, reconnect...
E (48501) wifi:Set status to INIT
WiFi lost connection, reconnect...
E (48530) wifi:Set status to INIT
WiFi lost connection, reconnect...
E (48558) wifi:Set status to INIT
WiFi lost connection, reconnect...
E (48586) wifi:Set status to INIT
WiFi lost connection, reconnect...
E (48615) wifi:Set status to INIT
WiFi lost connection, reconnect...
E (48646) wifi:Set status to INIT
WiFi lost connection, reconnect...
E (48674) wifi:Set status to INIT
WiFi lost connection, reconnect...
E (48707) wifi:Set status to INIT
WiFi lost connection, reconnect...
E (48741) wifi:Set status to INIT
WiFi lost connection, reconnect...
E (48773) wifi:Set status to INIT
WiFi lost connection, reconnect...
E (48804) wifi:Set status to INIT
WiFi lost connection, reconnect...
E (48832) wifi:Set status to INIT
WiFi lost connection, reconnect...
E (48860) wifi:Set status to INIT
WiFi lost connection, reconnect...
E (48889) wifi:Set status to INIT
WiFi lost connection, reconnect...
E (48919) wifi:Set status to INIT
WiFi lost connection, reconnect...
E (48949) wifi:Set status to INIT
WiFi lost connection, reconnect...
E (48981) wifi:Set status to INIT
WiFi lost connection, reconnect...
E (49013) wifi:Set status to INIT
WiFi lost connection, reconnect...
E (49041) wifi:Set status to INIT
WiFi lost connection, reconnect...
E (49069) wifi:Set status to INIT
WiFi lost connection, reconnect...
E (49098) wifi:Set status to INIT
WiFi lost connection, reconnect...
E (49130) wifi:Set status to INIT
WiFi lost connection, reconnect...
E (49166) wifi:Set status to INIT
WiFi lost connection, reconnect...
E (49205) wifi:Set status to INIT
WiFi lost connection, reconnect...
E (49242) wifi:Set status to INIT
WiFi lost connection, reconnect...
E (49272) wifi:Set status to INIT
WiFi lost connection, reconnect...
E (49300) wifi:Set status to INIT
WiFi lost connection, reconnect...
E (49332) wifi:Set status to INIT
WiFi lost connection, reconnect...
E (49362) wifi:Set status to INIT
WiFi lost connection, reconnect...
E (49390) wifi:Set status to INIT
WiFi lost connection, reconnect...
E (49420) wifi:Set status to INIT
WiFi lost connection, reconnect...
E (49448) wifi:Set status to INIT
WiFi lost connection, reconnect...
E (49533) wifi:Set status to INIT
WiFi lost connection, reconnect...
E (49563) wifi:Set status to INIT
WiFi lost connection, reconnect...
E (49595) wifi:Set status to INIT
WiFi lost connection, reconnect...
E (49629) wifi:Set status to INIT
WiFi lost connection, reconnect...
E (49658) wifi:Set status to INIT
WiFi lost connection, reconnect...
E (49687) wifi:Set status to INIT
WiFi lost connection, reconnect...
E (49721) wifi:Set status to INIT
WiFi lost connection, reconnect...
E (49759) wifi:Set status to INIT
WiFi lost connection, reconnect...
E (49788) wifi:Set status to INIT
WiFi lost connection, reconnect...
E (49816) wifi:Set status to INIT
WiFi lost connection, reconnect...
E (49845) wifi:Set status to INIT
WiFi lost connection, reconnect...
[ 39799][E][WiFiUdp.cpp:172] beginPacket(): could not get host from dns: 11
[ 39800][E][WiFiUdp.cpp:185] endPacket(): could not send data: 118
E (49874) wifi:Set status to INIT
WiFi lost connection, reconnect...
E (49902) wifi:Set status to INIT
WiFi lost connection, reconnect...
E (49935) wifi:Set status to INIT
WiFi lost connection, reconnect...
E (49963) wifi:Set status to INIT
WiFi lost connection, reconnect...
E (49991) wifi:Set status to INIT
WiFi lost connection, reconnect...
E (50019) wifi:Set status to INIT
WiFi lost connection, reconnect...
E (50148) wifi:Set status to INIT
WiFi lost connection, reconnect...
E (50176) wifi:Set status to INIT
WiFi lost connection, reconnect...
E (50210) wifi:Set status to INIT
WiFi lost connection, reconnect...
E (50250) wifi:Set status to INIT
WiFi lost connection, reconnect...
[Error]	(40.010, +13680)	 _lv_inv_area: detected modifying dirty areas in render 	(in lv_refr.c line #212)
E (50285) wifi:Set status to INIT
WiFi lost connection, reconnect...
E (50318) wifi:Set status to INIT
WiFi lost connection, reconnect...
E (50348) wifi:Set status to INIT
WiFi lost connection, reconnect...
E (50376) wifi:Set status to INIT
WiFi lost connection, reconnect...
E (50404) wifi:Set status to INIT
WiFi lost connection, reconnect...
E (50435) wifi:Set status to INIT
WiFi lost connection, reconnect...
E (50463) wifi:Set status to INIT
WiFi lost connection, reconnect...
E (50491) wifi:Set status to INIT
WiFi lost connection, reconnect...
E (50519) wifi:Set status to INIT
WiFi lost connection, reconnect...
E (50549) wifi:Set status to INIT
WiFi lost connection, reconnect...
E (50577) wifi:Set status to INIT
WiFi lost connection, reconnect...
E (50606) wifi:Set status to INIT
WiFi lost connection, reconnect...
E (50634) wifi:Set status to INIT
WiFi lost connection, reconnect...
E (50664) wifi:Set status to INIT
WiFi lost connection, reconnect...
E (50692) wifi:Set status to INIT
WiFi lost connection, reconnect...
E (50727) wifi:Set status to INIT
WiFi lost connection, reconnect...
E (50762) wifi:Set status to INIT
WiFi lost connection, reconnect...
E (50792) wifi:Set status to INIT
WiFi lost connection, reconnect...
E (50854) wifi:Set status to INIT
WiFi lost connection, reconnect...
E (50882) wifi:Set status to INIT
WiFi lost connection, reconnect...
E (50910) wifi:Set status to INIT
WiFi lost connection, reconnect...
E (50939) wifi:Set status to INIT
WiFi lost connection, reconnect...
E (50969) wifi:Set status to INIT
WiFi lost connection, reconnect...
E (50997) wifi:Set status to INIT
WiFi lost connection, reconnect...
E (51028) wifi:Set status to INIT
WiFi lost connection, reconnect...
E (51061) wifi:Set status to INIT
WiFi lost connection, reconnect...
E (51090) wifi:Set status to INIT
WiFi lost connection, reconnect...
E (51118) wifi:Set status to INIT
WiFi lost connection, reconnect...
E (51146) wifi:Set status to INIT
WiFi lost connection, reconnect...
E (51176) wifi:Set status to INIT
WiFi lost connection, reconnect...
E (51206) wifi:Set status to INIT
WiFi lost connection, reconnect...
E (51242) wifi:Set status to INIT
WiFi lost connection, reconnect...
E (51278) wifi:Set status to INIT
WiFi lost connection, reconnect...
E (51314) wifi:Set status to INIT
WiFi lost connection, reconnect...
E (51352) wifi:Set status to INIT
WiFi lost connection, reconnect...
E (51386) wifi:Set status to INIT
WiFi lost connection, reconnect...
E (51415) wifi:Set status to INIT
WiFi lost connection, reconnect...
E (51449) wifi:Set status to INIT
WiFi lost connection, reconnect...
E (51479) wifi:Set status to INIT
WiFi lost connection, reconnect...
E (51509) wifi:Set status to INIT
WiFi lost connection, reconnect...
E (51540) wifi:Set status to INIT
WiFi lost connection, reconnect...
E (51573) wifi:Set status to INIT
WiFi lost connection, reconnect...
E (51600) wifi:Set status to INIT
WiFi lost connection, reconnect...
[ 41557][E][WiFiUdp.cpp:172] beginPacket(): could not get host from dns: 11
[ 41558][E][WiFiUdp.cpp:185] endPacket(): could not send data: 118
E (51684) wifi:Set status to INIT
WiFi lost connection, reconnect...
E (51719) wifi:Set status to INIT
WiFi lost connection, reconnect...
E (51751) wifi:Set status to INIT
WiFi lost connection, reconnect...
E (51783) wifi:Set status to INIT
WiFi lost connection, reconnect...
E (51812) wifi:Set status to INIT
WiFi lost connection, reconnect...
E (51843) wifi:Set status to INIT
WiFi lost connection, reconnect...
E (51871) wifi:Set status to INIT
WiFi lost connection, reconnect...
E (51899) wifi:Set status to INIT
WiFi lost connection, reconnect...
E (51927) wifi:Set status to INIT
WiFi lost connection, reconnect...
E (51956) wifi:Set status to INIT
WiFi lost connection, reconnect...
E (51984) wifi:Set status to INIT
WiFi lost connection, reconnect...
E (52014) wifi:Set status to INIT
WiFi lost connection, reconnect...
E (52042) wifi:Set status to INIT
WiFi lost connection, reconnect...
E (52070) wifi:Set status to INIT
WiFi lost connection, reconnect...
E (52101) wifi:Set status to INIT
WiFi lost connection, reconnect...
E (52129) wifi:Set status to INIT
WiFi lost connection, reconnect...
E (52160) wifi:Set status to INIT
WiFi lost connection, reconnect...
E (52188) wifi:Set status to INIT
WiFi lost connection, reconnect...
E (52217) wifi:Set status to INIT
WiFi lost connection, reconnect...
E (52245) wifi:Set status to INIT
WiFi lost connection, reconnect...
E (52275) wifi:Set status to INIT
WiFi lost connection, reconnect...
E (52303) wifi:Set status to INIT
WiFi lost connection, reconnect...
E (52371) wifi:Set status to INIT
WiFi lost connection, reconnect...
[Error]	(42.125, +2115)	 _lv_inv_area: detected modifying dirty areas in render 	(in lv_refr.c line #212)
E (52406) wifi:Set status to INIT
WiFi lost connection, reconnect...
E (52480) wifi:Set status to INIT
WiFi lost connection, reconnect...
E (52508) wifi:Set status to INIT
WiFi lost connection, reconnect...
E (52537) wifi:Set status to INIT
WiFi lost connection, reconnect...
E (52566) wifi:Set status to INIT
WiFi lost connection, reconnect...
E (52597) wifi:Set status to INIT
WiFi lost connection, reconnect...
E (52625) wifi:Set status to INIT
WiFi lost connection, reconnect...
E (52653) wifi:Set status to INIT
WiFi lost connection, reconnect...
E (52682) wifi:Set status to INIT
WiFi lost connection, reconnect...
E (52723) wifi:Set status to INIT
WiFi lost connection, reconnect...
E (52752) wifi:Set status to INIT
WiFi lost connection, reconnect...
E (52784) wifi:Set status to INIT
WiFi lost connection, reconnect...
E (52815) wifi:Set status to INIT
WiFi lost connection, reconnect...
E (52844) wifi:Set status to INIT
WiFi lost connection, reconnect...
E (52872) wifi:Set status to INIT
WiFi lost connection, reconnect...
E (52904) wifi:Set status to INIT
WiFi lost connection, reconnect...
E (52932) wifi:Set status to INIT
WiFi lost connection, reconnect...
E (52960) wifi:Set status to INIT
WiFi lost connection, reconnect...
E (52988) wifi:Set status to INIT
WiFi lost connection, reconnect...
E (53024) wifi:Set status to INIT
WiFi lost connection, reconnect...
E (53117) wifi:Set status to INIT
WiFi lost connection, reconnect...
E (53147) wifi:Set status to INIT
WiFi lost connection, reconnect...
E (53181) wifi:Set status to INIT
WiFi lost connection, reconnect...
E (53212) wifi:Set status to INIT
WiFi lost connection, reconnect...
E (53242) wifi:Set status to INIT
WiFi lost connection, reconnect...
E (53270) wifi:Set status to INIT
WiFi lost connection, reconnect...
E (53299) wifi:Set status to INIT
WiFi lost connection, reconnect...
[ 43237][E][WiFiUdp.cpp:172] beginPacket(): could not get host from dns: 11
[ 43253][E][WiFiUdp.cpp:185] endPacket(): could not send data: 118
E (53327) wifi:Set status to INIT
WiFi lost connection, reconnect...
E (53356) wifi:Set status to INIT
WiFi lost connection, reconnect...
E (53388) wifi:Set status to INIT
WiFi lost connection, reconnect...
E (53425) wifi:Set status to INIT
WiFi lost connection, reconnect...
E (53462) wifi:Set status to INIT
WiFi lost connection, reconnect...
E (53527) wifi:Set status to INIT
WiFi lost connection, reconnect...
E (53557) wifi:Set status to INIT
WiFi lost connection, reconnect...
E (53588) wifi:Set status to INIT
WiFi lost connection, reconnect...
E (53618) wifi:Set status to INIT
WiFi lost connection, reconnect...
E (53646) wifi:Set status to INIT
WiFi lost connection, reconnect...
E (53674) wifi:Set status to INIT
WiFi lost connection, reconnect...
E (53702) wifi:Set status to INIT
WiFi lost connection, reconnect...
E (53740) wifi:Set status to INIT
WiFi lost connection, reconnect...
E (53772) wifi:Set status to INIT
WiFi lost connection, reconnect...
E (53807) wifi:Set status to INIT
WiFi lost connection, reconnect...
E (53838) wifi:Set status to INIT
WiFi lost connection, reconnect...
E (53867) wifi:Set status to INIT
WiFi lost connection, reconnect...
E (53896) wifi:Set status to INIT
WiFi lost connection, reconnect...
E (53925) wifi:Set status to INIT
WiFi lost connection, reconnect...
E (53954) wifi:Set status to INIT
WiFi lost connection, reconnect...
E (53982) wifi:Set status to INIT
WiFi lost connection, reconnect...
E (54010) wifi:Set status to INIT
WiFi lost connection, reconnect...
E (54043) wifi:Set status to INIT
WiFi lost connection, reconnect...
E (54072) wifi:Set status to INIT
WiFi lost connection, reconnect...
E (54102) wifi:Set status to INIT
WiFi lost connection, reconnect...
E (54133) wifi:Set status to INIT
WiFi lost connection, reconnect...
E (54162) wifi:Set status to INIT
WiFi lost connection, reconnect...
E (54190) wifi:Set status to INIT
WiFi lost connection, reconnect...
E (54218) wifi:Set status to INIT
WiFi lost connection, reconnect...
E (54249) wifi:Set status to INIT
WiFi lost connection, reconnect...
E (54277) wifi:Set status to INIT
WiFi lost connection, reconnect...
E (54307) wifi:Set status to INIT
WiFi lost connection, reconnect...
E (54338) wifi:Set status to INIT
WiFi lost connection, reconnect...
E (54366) wifi:Set status to INIT
WiFi lost connection, reconnect...
E (54394) wifi:Set status to INIT
WiFi lost connection, reconnect...
E (54427) wifi:Set status to INIT
WiFi lost connection, reconnect...
E (54462) wifi:Set status to INIT
WiFi lost connection, reconnect...
E (54498) wifi:Set status to INIT
WiFi lost connection, reconnect...
E (54535) wifi:Set status to INIT
WiFi lost connection, reconnect...
E (54653) wifi:Set status to INIT
WiFi lost connection, reconnect...
E (54684) wifi:Set status to INIT
WiFi lost connection, reconnect...
E (54714) wifi:Set status to INIT
WiFi lost connection, reconnect...
E (54748) wifi:Set status to INIT
WiFi lost connection, reconnect...
E (54777) wifi:Set status to INIT
WiFi lost connection, reconnect...
E (54813) wifi:Set status to INIT
WiFi lost connection, reconnect...
E (54847) wifi:Set status to INIT
WiFi lost connection, reconnect...
E (54875) wifi:Set status to INIT
WiFi lost connection, reconnect...
E (54904) wifi:Set status to INIT
WiFi lost connection, reconnect...
E (54932) wifi:Set status to INIT
WiFi lost connection, reconnect...
E (54961) wifi:Set status to INIT
WiFi lost connection, reconnect...
E (54990) wifi:Set status to INIT
WiFi lost connection, reconnect...
E (55021) wifi:Set status to INIT
WiFi lost connection, reconnect...
E (55057) wifi:Set status to INIT
WiFi lost connection, reconnect...
[ 45010][E][WiFiUdp.cpp:172] beginPacket(): could not get host from dns: 11
[ 45011][E][WiFiUdp.cpp:185] endPacket(): could not send data: 118
E (55166) wifi:Set status to INIT
WiFi lost connection, reconnect...
E (55195) wifi:Set status to INIT
WiFi lost connection, reconnect...
E (55230) wifi:Set status to INIT
WiFi lost connection, reconnect...
E (55261) wifi:Set status to INIT
WiFi lost connection, reconnect...
E (55289) wifi:Set status to INIT
WiFi lost connection, reconnect...
E (55320) wifi:Set status to INIT
WiFi lost connection, reconnect...
E (55348) wifi:Set status to INIT
WiFi lost connection, reconnect...
E (55376) wifi:Set status to INIT
WiFi lost connection, reconnect...
E (55404) wifi:Set status to INIT
WiFi lost connection, reconnect...
E (55432) wifi:Set status to INIT
WiFi lost connection, reconnect...
E (55464) wifi:Set status to INIT
WiFi lost connection, reconnect...
E (55497) wifi:Set status to INIT
WiFi lost connection, reconnect...
E (55535) wifi:Set status to INIT
WiFi lost connection, reconnect...
E (55570) wifi:Set status to INIT
WiFi lost connection, reconnect...
E (55605) wifi:Set status to INIT
WiFi lost connection, reconnect...
E (55637) wifi:Set status to INIT
WiFi lost connection, reconnect...
E (55668) wifi:Set status to INIT
WiFi lost connection, reconnect...
E (55697) wifi:Set status to INIT
WiFi lost connection, reconnect...
E (55725) wifi:Set status to INIT
WiFi lost connection, reconnect...
E (55759) wifi:Set status to INIT
WiFi lost connection, reconnect...
E (55789) wifi:Set status to INIT
WiFi lost connection, reconnect...
E (55821) wifi:Set status to INIT
WiFi lost connection, reconnect...
E (55882) wifi:Set status to INIT
WiFi lost connection, reconnect...
E (55912) wifi:Set status to INIT
WiFi lost connection, reconnect...
E (55944) wifi:Set status to INIT
WiFi lost connection, reconnect...
E (55974) wifi:Set status to INIT
WiFi lost connection, reconnect...
E (56002) wifi:Set status to INIT
WiFi lost connection, reconnect...
E (56030) wifi:Set status to INIT
WiFi lost connection, reconnect...
E (56059) wifi:Set status to INIT
WiFi lost connection, reconnect...
E (56085) wifi:Set status to INIT
WiFi lost connection, reconnect...
E (56120) wifi:Set status to INIT
WiFi lost connection, reconnect...
E (56149) wifi:Set status to INIT
WiFi lost connection, reconnect...
E (56180) wifi:Set status to INIT
WiFi lost connection, reconnect...
E (56209) wifi:Set status to INIT
WiFi lost connection, reconnect...
E (56237) wifi:Set status to INIT
WiFi lost connection, reconnect...
E (56265) wifi:Set status to INIT
WiFi lost connection, reconnect...
E (56296) wifi:Set status to INIT
WiFi lost connection, reconnect...
E (56325) wifi:Set status to INIT
WiFi lost connection, reconnect...
E (56354) wifi:Set status to INIT
WiFi lost connection, reconnect...
E (56391) wifi:Set status to INIT
WiFi lost connection, reconnect...
E (56419) wifi:Set status to INIT
WiFi lost connection, reconnect...
E (56447) wifi:Set status to INIT
WiFi lost connection, reconnect...
E (56475) wifi:Set status to INIT
WiFi lost connection, reconnect...
E (56503) wifi:Set status to INIT
WiFi lost connection, reconnect...
E (56536) wifi:Set status to INIT
WiFi lost connection, reconnect...
[Error]	(46.335, +4210)	 _lv_inv_area: detected modifying dirty areas in render 	(in lv_refr.c line #212)
E (56603) wifi:Set status to INIT
WiFi lost connection, reconnect...
E (56638) wifi:Set status to INIT
WiFi lost connection, reconnect...
E (56670) wifi:Set status to INIT
WiFi lost connection, reconnect...
E (56701) wifi:Set status to INIT
WiFi lost connection, reconnect...
E (56731) wifi:Set status to INIT
WiFi lost connection, reconnect...
E (56764) wifi:Set status to INIT
WiFi lost connection, reconnect...
E (56798) wifi:Set status to INIT
WiFi lost connection, reconnect...
E (56831) wifi:Set status to INIT
WiFi lost connection, reconnect...
[ 46784][E][WiFiUdp.cpp:172] beginPacket(): could not get host from dns: 11
[ 46785][E][WiFiUdp.cpp:185] endPacket(): could not send data: 118
E (56862) wifi:Set status to INIT
WiFi lost connection, reconnect...
E (56893) wifi:Set status to INIT
WiFi lost connection, reconnect...
E (56921) wifi:Set status to INIT
WiFi lost connection, reconnect...
E (56950) wifi:Set status to INIT
WiFi lost connection, reconnect...
E (56978) wifi:Set status to INIT
WiFi lost connection, reconnect...
E (57008) wifi:Set status to INIT
WiFi lost connection, reconnect...
E (57036) wifi:Set status to INIT
WiFi lost connection, reconnect...
E (57070) wifi:Set status to INIT
WiFi lost connection, reconnect...
E (57103) wifi:Set status to INIT
WiFi lost connection, reconnect...
E (57131) wifi:Set status to INIT
WiFi lost connection, reconnect...
E (57159) wifi:Set status to INIT
WiFi lost connection, reconnect...
E (57188) wifi:Set status to INIT
WiFi lost connection, reconnect...
E (57218) wifi:Set status to INIT
WiFi lost connection, reconnect...
E (57247) wifi:Set status to INIT
WiFi lost connection, reconnect...
E (57276) wifi:Set status to INIT
WiFi lost connection, reconnect...
E (57307) wifi:Set status to INIT
WiFi lost connection, reconnect...
E (57335) wifi:Set status to INIT
WiFi lost connection, reconnect...
E (57364) wifi:Set status to INIT
WiFi lost connection, reconnect...
E (57392) wifi:Set status to INIT
WiFi lost connection, reconnect...
E (57422) wifi:Set status to INIT
WiFi lost connection, reconnect...
E (57456) wifi:Set status to INIT
WiFi lost connection, reconnect...
E (57485) wifi:Set status to INIT
WiFi lost connection, reconnect...
E (57520) wifi:Set status to INIT
WiFi lost connection, reconnect...
E (57550) wifi:Set status to INIT
WiFi lost connection, reconnect...
E (57581) wifi:Set status to INIT
WiFi lost connection, reconnect...
E (57616) wifi:Set status to INIT
WiFi lost connection, reconnect...
E (57653) wifi:Set status to INIT
WiFi lost connection, reconnect...
E (57696) wifi:Set status to INIT
WiFi lost connection, reconnect...
E (57731) wifi:Set status to INIT
WiFi lost connection, reconnect...
E (57764) wifi:Set status to INIT
WiFi lost connection, reconnect...
E (57793) wifi:Set status to INIT
WiFi lost connection, reconnect...
E (57827) wifi:Set status to INIT
WiFi lost connection, reconnect...
E (57857) wifi:Set status to INIT
WiFi lost connection, reconnect...
E (57890) wifi:Set status to INIT
WiFi lost connection, reconnect...
E (57922) wifi:Set status to INIT
WiFi lost connection, reconnect...
E (57951) wifi:Set status to INIT
WiFi lost connection, reconnect...
E (57979) wifi:Set status to INIT
WiFi lost connection, reconnect...
E (58007) wifi:Set status to INIT
WiFi lost connection, reconnect...
E (58169) wifi:Set status to INIT
WiFi lost connection, reconnect...
E (58199) wifi:Set status to INIT
WiFi lost connection, reconnect...
E (58229) wifi:Set status to INIT
WiFi lost connection, reconnect...
E (58258) wifi:Set status to INIT
WiFi lost connection, reconnect...
E (58287) wifi:Set status to INIT
WiFi lost connection, reconnect...
E (58321) wifi:Set status to INIT
WiFi lost connection, reconnect...
E (58351) wifi:Set status to INIT
WiFi lost connection, reconnect...
E (58380) wifi:Set status to INIT
WiFi lost connection, reconnect...
E (58413) wifi:Set status to INIT
WiFi lost connection, reconnect...
E (58445) wifi:Set status to INIT
WiFi lost connection, reconnect...
E (58475) wifi:Set status to INIT
WiFi lost connection, reconnect...
E (58507) wifi:Set status to INIT
WiFi lost connection, reconnect...
E (58536) wifi:Set status to INIT
WiFi lost connection, reconnect...
[ 48491][E][WiFiUdp.cpp:172] beginPacket(): could not get host from dns: 11
[ 48492][E][WiFiUdp.cpp:185] endPacket(): could not send data: 118
[ 48500][E][WiFiUdp.cpp:185] endPacket(): could not send data: 118
E (58565) wifi:Set status to INIT
WiFi lost connection, reconnect...
E (58596) wifi:Set status to INIT
WiFi lost connection, reconnect...
E (58624) wifi:Set status to INIT
WiFi lost connection, reconnect...
E (58658) wifi:Set status to INIT
WiFi lost connection, reconnect...
E (58694) wifi:Set status to INIT
WiFi lost connection, reconnect...
E (58732) wifi:Set status to INIT
WiFi lost connection, reconnect...
E (58851) wifi:Set status to INIT
WiFi lost connection, reconnect...
E (58880) wifi:Set status to INIT
WiFi lost connection, reconnect...
E (58913) wifi:Set status to INIT
WiFi lost connection, reconnect...
E (58943) wifi:Set status to INIT
WiFi lost connection, reconnect...
E (58972) wifi:Set status to INIT
WiFi lost connection, reconnect...
E (59000) wifi:Set status to INIT
WiFi lost connection, reconnect...
E (59029) wifi:Set status to INIT
WiFi lost connection, reconnect...
E (59057) wifi:Set status to INIT
WiFi lost connection, reconnect...
E (59086) wifi:Set status to INIT
WiFi lost connection, reconnect...
E (59118) wifi:Set status to INIT
WiFi lost connection, reconnect...
E (59149) wifi:Set status to INIT
WiFi lost connection, reconnect...
E (59177) wifi:Set status to INIT
WiFi lost connection, reconnect...
E (59205) wifi:Set status to INIT
WiFi lost connection, reconnect...
E (59235) wifi:Set status to INIT
WiFi lost connection, reconnect...
E (59266) wifi:Set status to INIT
WiFi lost connection, reconnect...
E (59295) wifi:Set status to INIT
WiFi lost connection, reconnect...
E (59325) wifi:Set status to INIT
WiFi lost connection, reconnect...
E (59355) wifi:Set status to INIT
WiFi lost connection, reconnect...
E (59384) wifi:Set status to INIT
WiFi lost connection, reconnect...
E (59412) wifi:Set status to INIT
WiFi lost connection, reconnect...
E (59441) wifi:Set status to INIT
WiFi lost connection, reconnect...
E (59473) wifi:Set status to INIT
WiFi lost connection, reconnect...
E (59501) wifi:Set status to INIT
WiFi lost connection, reconnect...
E (59530) wifi:Set status to INIT
WiFi lost connection, reconnect...
E (59563) wifi:Set status to INIT
WiFi lost connection, reconnect...
E (59592) wifi:Set status to INIT
WiFi lost connection, reconnect...
E (59620) wifi:Set status to INIT
WiFi lost connection, reconnect...
E (59650) wifi:Set status to INIT
WiFi lost connection, reconnect...
E (59679) wifi:Set status to INIT
WiFi lost connection, reconnect...
E (59714) wifi:Set status to INIT
WiFi lost connection, reconnect...
E (59751) wifi:Set status to INIT
WiFi lost connection, reconnect...
E (59789) wifi:Set status to INIT
WiFi lost connection, reconnect...
E (59826) wifi:Set status to INIT
WiFi lost connection, reconnect...
E (59863) wifi:Set status to INIT
WiFi lost connection, reconnect...
E (59892) wifi:Set status to INIT
WiFi lost connection, reconnect...
E (59978) wifi:Set status to INIT
WiFi lost connection, reconnect...
E (60006) wifi:Set status to INIT
WiFi lost connection, reconnect...
E (60039) wifi:Set status to INIT
WiFi lost connection, reconnect...
E (60074) wifi:Set status to INIT
WiFi lost connection, reconnect...
E (60103) wifi:Set status to INIT
WiFi lost connection, reconnect...
E (60139) wifi:Set status to INIT
WiFi lost connection, reconnect...
E (60183) wifi:Set status to INIT
WiFi lost connection, reconnect...
E (60212) wifi:Set status to INIT
WiFi lost connection, reconnect...
E (60247) wifi:Set status to INIT
WiFi lost connection, reconnect...
E (60277) wifi:Set status to INIT
WiFi lost connection, reconnect...
[ 50230][E][WiFiUdp.cpp:172] beginPacket(): could not get host from dns: 11
[ 50231][E][WiFiUdp.cpp:185] endPacket(): could not send data: 118
E (60305) wifi:Set status to INIT
WiFi lost connection, reconnect...
E (60334) wifi:Set status to INIT
WiFi lost connection, reconnect...
E (60363) wifi:Set status to INIT
WiFi lost connection, reconnect...
E (60392) wifi:Set status to INIT
WiFi lost connection, reconnect...
E (60422) wifi:Set status to INIT
WiFi lost connection, reconnect...
E (60451) wifi:Set status to INIT
WiFi lost connection, reconnect...
E (60482) wifi:Set status to INIT
WiFi lost connection, reconnect...
E (60510) wifi:Set status to INIT
WiFi lost connection, reconnect...
E (60538) wifi:Set status to INIT
WiFi lost connection, reconnect...
E (60566) wifi:Set status to INIT
WiFi lost connection, reconnect...
E (60597) wifi:Set status to INIT
WiFi lost connection, reconnect...
E (60627) wifi:Set status to INIT
WiFi lost connection, reconnect...
E (60657) wifi:Set status to INIT
WiFi lost connection, reconnect...
E (60686) wifi:Set status to INIT
WiFi lost connection, reconnect...
E (60714) wifi:Set status to INIT
WiFi lost connection, reconnect...
E (60746) wifi:Set status to INIT
WiFi lost connection, reconnect...
E (60785) wifi:Set status to INIT
WiFi lost connection, reconnect...
E (60825) wifi:Set status to INIT
WiFi lost connection, reconnect...
E (60863) wifi:Set status to INIT
WiFi lost connection, reconnect...
E (60900) wifi:Set status to INIT
WiFi lost connection, reconnect...
E (60929) wifi:Set status to INIT
WiFi lost connection, reconnect...
E (60961) wifi:Set status to INIT
WiFi lost connection, reconnect...
E (60992) wifi:Set status to INIT
WiFi lost connection, reconnect...
E (61021) wifi:Set status to INIT
WiFi lost connection, reconnect...
E (61050) wifi:Set status to INIT
WiFi lost connection, reconnect...
E (61078) wifi:Set status to INIT
WiFi lost connection, reconnect...
E (61109) wifi:Set status to INIT
WiFi lost connection, reconnect...
E (61214) wifi:Set status to INIT
WiFi lost connection, reconnect...
E (61243) wifi:Set status to INIT
WiFi lost connection, reconnect...
E (61285) wifi:Set status to INIT
WiFi lost connection, reconnect...
E (61314) wifi:Set status to INIT
WiFi lost connection, reconnect...
E (61343) wifi:Set status to INIT
WiFi lost connection, reconnect...
E (61373) wifi:Set status to INIT
WiFi lost connection, reconnect...
E (61403) wifi:Set status to INIT
WiFi lost connection, reconnect...
E (61431) wifi:Set status to INIT
WiFi lost connection, reconnect...
E (61460) wifi:Set status to INIT
WiFi lost connection, reconnect...
E (61488) wifi:Set status to INIT
WiFi lost connection, reconnect...
E (61518) wifi:Set status to INIT
WiFi lost connection, reconnect...
E (61548) wifi:Set status to INIT
WiFi lost connection, reconnect...
E (61577) wifi:Set status to INIT
WiFi lost connection, reconnect...
E (61608) wifi:Set status to INIT
WiFi lost connection, reconnect...
E (61636) wifi:Set status to INIT
WiFi lost connection, reconnect...
E (61664) wifi:Set status to INIT
WiFi lost connection, reconnect...
E (61693) wifi:Set status to INIT
WiFi lost connection, reconnect...
E (61724) wifi:Set status to INIT
WiFi lost connection, reconnect...
E (61752) wifi:Set status to INIT
WiFi lost connection, reconnect...
E (61781) wifi:Set status to INIT
WiFi lost connection, reconnect...
E (61814) wifi:Set status to INIT
WiFi lost connection, reconnect...
E (61851) wifi:Set status to INIT
WiFi lost connection, reconnect...
[Error]	(51.630, +5295)	 _lv_inv_area: detected modifying dirty areas in render 	(in lv_refr.c line #212)
E (61888) wifi:Set status to INIT
WiFi lost connection, reconnect...
E (61928) wifi:Set status to INIT
WiFi lost connection, reconnect...
E (61963) wifi:Set status to INIT
WiFi lost connection, reconnect...
E (62026) wifi:Set status to INIT
WiFi lost connection, reconnect...
[ 51979][E][WiFiUdp.cpp:172] beginPacket(): could not get host from dns: 11
[ 51980][E][WiFiUdp.cpp:185] endPacket(): could not send data: 118
E (62055) wifi:Set status to INIT
WiFi lost connection, reconnect...
E (62088) wifi:Set status to INIT
WiFi lost connection, reconnect...
E (62117) wifi:Set status to INIT
WiFi lost connection, reconnect...
E (62146) wifi:Set status to INIT
WiFi lost connection, reconnect...
E (62230) wifi:Set status to INIT
WiFi lost connection, reconnect...
E (62260) wifi:Set status to INIT
WiFi lost connection, reconnect...
E (62292) wifi:Set status to INIT
WiFi lost connection, reconnect...
E (62322) wifi:Set status to INIT
WiFi lost connection, reconnect...
E (62350) wifi:Set status to INIT
WiFi lost connection, reconnect...
E (62378) wifi:Set status to INIT
WiFi lost connection, reconnect...
E (62410) wifi:Set status to INIT
WiFi lost connection, reconnect...
E (62440) wifi:Set status to INIT
WiFi lost connection, reconnect...
E (62469) wifi:Set status to INIT
WiFi lost connection, reconnect...
E (62497) wifi:Set status to INIT
WiFi lost connection, reconnect...
E (62527) wifi:Set status to INIT
WiFi lost connection, reconnect...
E (62556) wifi:Set status to INIT
WiFi lost connection, reconnect...
E (62584) wifi:Set status to INIT
WiFi lost connection, reconnect...
E (62612) wifi:Set status to INIT
WiFi lost connection, reconnect...
E (62642) wifi:Set status to INIT
WiFi lost connection, reconnect...
E (62670) wifi:Set status to INIT
WiFi lost connection, reconnect...
E (62702) wifi:Set status to INIT
WiFi lost connection, reconnect...
E (62756) wifi:Set status to INIT
WiFi lost connection, reconnect...
E (62789) wifi:Set status to INIT
WiFi lost connection, reconnect...
E (62818) wifi:Set status to INIT
WiFi lost connection, reconnect...
E (62850) wifi:Set status to INIT
WiFi lost connection, reconnect...
E (62886) wifi:Set status to INIT
WiFi lost connection, reconnect...
E (62921) wifi:Set status to INIT
WiFi lost connection, reconnect...
[Error]	(52.685, +1055)	 _lv_inv_area: detected modifying dirty areas in render 	(in lv_refr.c line #212)
E (62956) wifi:Set status to INIT
WiFi lost connection, reconnect...
E (62994) wifi:Set status to INIT
WiFi lost connection, reconnect...
E (63030) wifi:Set status to INIT
WiFi lost connection, reconnect...
E (63060) wifi:Set status to INIT
WiFi lost connection, reconnect...
E (63089) wifi:Set status to INIT
WiFi lost connection, reconnect...
E (63117) wifi:Set status to INIT
WiFi lost connection, reconnect...
E (63145) wifi:Set status to INIT
WiFi lost connection, reconnect...
E (63177) wifi:Set status to INIT
WiFi lost connection, reconnect...
E (63215) wifi:Set status to INIT
WiFi lost connection, reconnect...
E (63247) wifi:Set status to INIT
WiFi lost connection, reconnect...
E (63276) wifi:Set status to INIT
WiFi lost connection, reconnect...
E (63304) wifi:Set status to INIT
WiFi lost connection, reconnect...
E (63333) wifi:Set status to INIT
WiFi lost connection, reconnect...
E (63362) wifi:Set status to INIT
WiFi lost connection, reconnect...
E (63391) wifi:Set status to INIT
WiFi lost connection, reconnect...
E (63420) wifi:Set status to INIT
WiFi lost connection, reconnect...
E (63451) wifi:Set status to INIT
WiFi lost connection, reconnect...
E (63479) wifi:Set status to INIT
WiFi lost connection, reconnect...
E (63507) wifi:Set status to INIT
WiFi lost connection, reconnect...
E (63540) wifi:Set status to INIT
WiFi lost connection, reconnect...
E (63568) wifi:Set status to INIT
WiFi lost connection, reconnect...
E (63599) wifi:Set status to INIT
WiFi lost connection, reconnect...
E (63627) wifi:Set status to INIT
WiFi lost connection, reconnect...
E (63656) wifi:Set status to INIT
WiFi lost connection, reconnect...
E (63685) wifi:Set status to INIT
WiFi lost connection, reconnect...
E (63714) wifi:Set status to INIT
WiFi lost connection, reconnect...
E (63743) wifi:Set status to INIT
WiFi lost connection, reconnect...
E (63771) wifi:Set status to INIT
WiFi lost connection, reconnect...
[ 53724][E][WiFiUdp.cpp:172] beginPacket(): could not get host from dns: 11
[ 53726][E][WiFiUdp.cpp:185] endPacket(): could not send data: 118
E (63800) wifi:Set status to INIT
WiFi lost connection, reconnect...
E (63830) wifi:Set status to INIT
WiFi lost connection, reconnect...
E (63862) wifi:Set status to INIT
WiFi lost connection, reconnect...
E (63891) wifi:Set status to INIT
WiFi lost connection, reconnect...
E (63919) wifi:Set status to INIT
WiFi lost connection, reconnect...
E (63951) wifi:Set status to INIT
WiFi lost connection, reconnect...
E (63989) wifi:Set status to INIT
WiFi lost connection, reconnect...
E (64022) wifi:Set status to INIT
WiFi lost connection, reconnect...
E (64065) wifi:Set status to INIT
WiFi lost connection, reconnect...
E (64105) wifi:Set status to INIT
WiFi lost connection, reconnect...
E (64136) wifi:Set status to INIT
WiFi lost connection, reconnect...
E (64168) wifi:Set status to INIT
WiFi lost connection, reconnect...
E (64196) wifi:Set status to INIT
WiFi lost connection, reconnect...
E (64224) wifi:Set status to INIT
WiFi lost connection, reconnect...
E (64252) wifi:Set status to INIT
WiFi lost connection, reconnect...
E (64287) wifi:Set status to INIT
WiFi lost connection, reconnect...
E (64315) wifi:Set status to INIT
WiFi lost connection, reconnect...
E (64343) wifi:Set status to INIT
WiFi lost connection, reconnect...
E (64373) wifi:Set status to INIT
WiFi lost connection, reconnect...
E (64401) wifi:Set status to INIT
WiFi lost connection, reconnect...
E (64429) wifi:Set status to INIT
WiFi lost connection, reconnect...
E (64457) wifi:Set status to INIT
WiFi lost connection, reconnect...
E (64490) wifi:Set status to INIT
WiFi lost connection, reconnect...
E (64519) wifi:Set status to INIT
WiFi lost connection, reconnect...
E (64547) wifi:Set status to INIT
WiFi lost connection, reconnect...
E (64579) wifi:Set status to INIT
WiFi lost connection, reconnect...
E (64609) wifi:Set status to INIT
WiFi lost connection, reconnect...
E (64638) wifi:Set status to INIT
WiFi lost connection, reconnect...
E (64669) wifi:Set status to INIT
WiFi lost connection, reconnect...
E (64698) wifi:Set status to INIT
WiFi lost connection, reconnect...
E (64726) wifi:Set status to INIT
WiFi lost connection, reconnect...
E (64754) wifi:Set status to INIT
WiFi lost connection, reconnect...
E (64784) wifi:Set status to INIT
WiFi lost connection, reconnect...
E (64812) wifi:Set status to INIT
WiFi lost connection, reconnect...
E (64840) wifi:Set status to INIT
WiFi lost connection, reconnect...
E (64868) wifi:Set status to INIT
WiFi lost connection, reconnect...
E (64897) wifi:Set status to INIT
WiFi lost connection, reconnect...
E (64927) wifi:Set status to INIT
WiFi lost connection, reconnect...
E (64955) wifi:Set status to INIT
WiFi lost connection, reconnect...
E (64988) wifi:Set status to INIT
WiFi lost connection, reconnect...
E (65025) wifi:Set status to INIT
WiFi lost connection, reconnect...
E (65060) wifi:Set status to INIT
WiFi lost connection, reconnect...
E (65096) wifi:Set status to INIT
WiFi lost connection, reconnect...
E (65134) wifi:Set status to INIT
WiFi lost connection, reconnect...
E (65164) wifi:Set status to INIT
WiFi lost connection, reconnect...
E (65192) wifi:Set status to INIT
WiFi lost connection, reconnect...
E (65221) wifi:Set status to INIT
WiFi lost connection, reconnect...
E (65249) wifi:Set status to INIT
WiFi lost connection, reconnect...
E (65282) wifi:Set status to INIT
WiFi lost connection, reconnect...
E (65310) wifi:Set status to INIT
WiFi lost connection, reconnect...
E (65347) wifi:Set status to INIT
WiFi lost connection, reconnect...
E (65381) wifi:Set status to INIT
WiFi lost connection, reconnect...
E (65409) wifi:Set status to INIT
WiFi lost connection, reconnect...
E (65440) wifi:Set status to INIT
WiFi lost connection, reconnect...
E (65468) wifi:Set status to INIT
WiFi lost connection, reconnect...
E (65500) wifi:Set status to INIT
WiFi lost connection, reconnect...
E (65528) wifi:Set status to INIT
WiFi lost connection, reconnect...
E (65556) wifi:Set status to INIT
WiFi lost connection, reconnect...
[ 55515][E][WiFiUdp.cpp:172] beginPacket(): could not get host from dns: 11
[ 55516][E][WiFiUdp.cpp:185] endPacket(): could not send data: 118
E (65589) wifi:Set status to INIT
WiFi lost connection, reconnect...
[Error]	(55.870, +3185)	 _lv_inv_area: detected modifying dirty areas in render 	(in lv_refr.c line #212)
WiFi lost connection, reconnect...
E (66655) wifi:Set status to INIT
WiFi lost connection, reconnect...
E (66690) wifi:Set status to INIT
WiFi lost connection, reconnect...
E (66729) wifi:Set status to INIT
WiFi lost connection, reconnect...
E (66763) wifi:Set status to INIT
WiFi lost connection, reconnect...
E (66803) wifi:Set status to INIT
WiFi lost connection, reconnect...
E (66834) wifi:Set status to INIT
WiFi lost connection, reconnect...
[ 56815][E][WiFiUdp.cpp:172] beginPacket(): could not get host from dns: 11
[ 56816][E][WiFiUdp.cpp:185] endPacket(): could not send data: 118
