10.175.1.7
[   775][E][Wire.cpp:481] requestFrom(): NULL buffer pointer
[   777][E][Wire.cpp:557] read(): NULL RX buffer pointer
[   778][E][Wire.cpp:422] beginTransmission(): could not acquire lock
[   783][E][Wire.cpp:526] write(): NULL TX buffer pointer
[   788][E][Wire.cpp:526] write(): NULL TX buffer pointer
[   793][E][Wire.cpp:448] endTransmission(): NULL TX buffer pointer
[   800][E][Wire.cpp:481] requestFrom(): NULL buffer pointer
[   805][E][Wire.cpp:557] read(): NULL RX buffer pointer
[   809][E][Wire.cpp:481] requestFrom(): NULL buffer pointer
The SI473X / SI474X I2C address is 0x11
Auto-reload timer callback executing 185
Auto-reload timer callback executing 346
Auto-reload timer callback executing 507
Auto-reload timer callback executing 668
Auto-reload timer callback executing 830
Auto-reload timer callback executing 991
Auto-reload timer callback executing 1152
Auto-reload timer callback executing 1314
Auto-reload timer callback executing 1475
Auto-reload timer callback executing 1636
Auto-reload timer callback executing 1797
Auto-reload timer callback executing 1959
Auto-reload timer callback executing 2120
Auto-reload timer callback executing 2281
Auto-reload timer callback executing 2443
Auto-reload timer callback executing 2604
Auto-reload timer callback executing 2765
Auto-reload timer callback executing 2926
Auto-reload timer callback executing 3088
Auto-reload timer callback executing 3249
Auto-reload timer callback executing 3410
Auto-reload timer callback executing 3572
Auto-reload timer callback executing 3733
Auto-reload timer callback executing 3894
Auto-reload timer callback executing 4055
Auto-reload timer callback executing 4217
Auto-reload timer callback executing 4378
Auto-reload timer callback executing 4539
Auto-reload timer callback executing 4701
Auto-reload timer callback executing 4862
Auto-reload timer callback executing 5023
Auto-reload timer callback executing 5185
Auto-reload timer callback executing 5346
Auto-reload timer callback executing 5507
Auto-reload timer callback executing 5668
Auto-reload timer callback executing 5830
Auto-reload timer callback executing 5991
Auto-reload timer callback executing 6152
Auto-reload timer callback executing 6314
Auto-reload timer callback executing 6475
Auto-reload timer callback executing 6636
Auto-reload timer callback executing 6797
Auto-reload timer callback executing 6959
Auto-reload timer callback executing 7120
Auto-reload timer callback executing 7281
Auto-reload timer callback executing 7443
Auto-reload timer callback executing 7604
Auto-reload timer callback executing 7765
Auto-reload timer callback executing 7926
Auto-reload timer callback executing 8088
Auto-reload timer callback executing 8249
Auto-reload timer callback executing 8410
Auto-reload timer callback executing 8572
Auto-reload timer callback executing 8733
Auto-reload timer callback executing 8894
Auto-reload timer callback executing 9055
Auto-reload timer callback executing 9217
Auto-reload timer callback executing 9378
Auto-reload timer callback executing 9539
Auto-reload timer callback executing 9701
Auto-reload timer callback executing 9862
Auto-reload timer callback executing 10023
Auto-reload timer callback executing 10185
Auto-reload timer callback executing 10346
Auto-reload timer callback executing 10507
Auto-reload timer callback executing 10668
Auto-reload timer callback executing 10830
Auto-reload timer callback executing 10991
Auto-reload timer callback executing 11152
Auto-reload timer callback executing 11314
Auto-reload timer callback executing 11475
Auto-reload timer callback executing 11636
Auto-reload timer callback executing 11797
Auto-reload timer callback executing 11959
Auto-reload timer callback executing 12120
Auto-reload timer callback executing 12281
Auto-reload timer callback executing 12443
Auto-reload timer callback executing 12604
Auto-reload timer callback executing 12765
Auto-reload timer callback executing 12926
Auto-reload timer callback executing 13088
Auto-reload timer callback executing 13249
Auto-reload timer callback executing 13410
Auto-reload timer callback executing 13572
Auto-reload timer callback executing 13733
Auto-reload timer callback executing 13894
Auto-reload timer callback executing 14055
Auto-reload timer callback executing 14217
Auto-reload timer callback executing 14378
Auto-reload timer callback executing 14539
Auto-reload timer callback executing 14701
Auto-reload timer callback executing 14862
Auto-reload timer callback executing 15023
Auto-reload timer callback executing 15185
