10.175.1.7
[   773][E][Wire.cpp:481] requestFrom(): NULL buffer pointer
[   775][E][Wire.cpp:557] read(): NULL RX buffer pointer
[   775][E][Wire.cpp:422] beginTransmission(): could not acquire lock
[   793][E][Wire.cpp:526] write(): NULL TX buffer pointer
[   794][E][Wire.cpp:526] write(): NULL TX buffer pointer
[   795][E][Wire.cpp:448] endTransmission(): NULL TX buffer pointer
[   804][E][Wire.cpp:481] requestFrom(): NULL buffer pointer
The SI473X / SI474X I2C address is 0x11
1
2
3
4
5
6
7
8
9
10
11
12
11
10
9
8
7
6
7
8
9
10
11
12
13
14
15
16
17
18
19
20
21
22
23
24
25
26
27
28
29
30
31
32
33
34
35
36
37
38
39
40
41
42
43
44
45
46
47
48
49
50
51
52
53
54
55
56
57
58
59
60
61
62
63
64
65
66
67
68
69
70
71
72
73
74
75
76
77
78
79
80
81
82
83
84
83
82
81
80
79
78
77
76
75
74
73
72
71
70
69
68
67
66
65
64
63
62
61
60
59
58
57
56
55
54
53
52
51
50
49
