[   777][E][Wire.cpp:481] requestFrom(): NULL buffer pointer
[   778][E][Wire.cpp:557] read(): NULL RX buffer pointer
[   779][E][Wire.cpp:422] beginTransmission(): could not acquire lock
[   781][E][WiFiUdp.cpp:172] beginPacket(): could not get host from dns: 11
[   791][E][WiFiUdp.cpp:185] endPacket(): could not send data: 118
[   784][E][Wire.cpp:526] write(): NULL TX buffer pointer
[   801][E][Wire.cpp:526] write(): NULL TX buffer pointer
[   807][E][Wire.cpp:448] endTransmission(): NULL TX buffer pointer
The SI473X / SI474X I2C address is 0x11
[  1820][E][WiFiUdp.cpp:172] beginPacket(): could not get host from dns: 11
[  1821][E][WiFiUdp.cpp:185] endPacket(): could not send data: 118
WiFi lost connection, reconnect...
10.175.1.7
WiFi lost connection, reconnect...
10.175.1.7
WiFi lost connection, reconnect...
[  7125][E][WiFiUdp.cpp:172] beginPacket(): could not get host from dns: 11
[  7126][E][WiFiUdp.cpp:185] endPacket(): could not send data: 118
10.175.1.7
WiFi lost connection, reconnect...
[  9409][E][WiFiUdp.cpp:172] beginPacket(): could not get host from dns: 11
[  9410][E][WiFiUdp.cpp:185] endPacket(): could not send data: 118
10.175.1.7
WiFi lost connection, reconnect...
[ 10697][E][WiFiUdp.cpp:172] beginPacket(): could not get host from dns: 11
[ 10701][E][WiFiUdp.cpp:185] endPacket(): could not send data: 118
10.175.1.7
WiFi lost connection, reconnect...
10.175.1.7
WiFi lost connection, reconnect...
[ 15203][E][WiFiUdp.cpp:185] endPacket(): could not send data: 118
[ 16491][E][WiFiUdp.cpp:185] endPacket(): could not send data: 118
WiFi lost connection, reconnect...
[ 17775][E][WiFiUdp.cpp:185] endPacket(): could not send data: 118
WiFi lost connection, reconnect...
[ 19052][E][WiFiUdp.cpp:185] endPacket(): could not send data: 118
[ 20323][E][WiFiUdp.cpp:185] endPacket(): could not send data: 118
10.175.1.7
