10.175.1.7
[   776][E][Wire.cpp:481] requestFrom(): NULL buffer pointer
[   779][E][Wire.cpp:557] read(): NULL RX buffer pointer
[   779][E][Wire.cpp:422] beginTransmission(): could not acquire lock
[   784][E][Wire.cpp:526] write(): NULL TX buffer pointer
[   789][E][Wire.cpp:526] write(): NULL TX buffer pointer
[   794][E][Wire.cpp:448] endTransmission(): NULL TX buffer pointer
[   801][E][Wire.cpp:481] requestFrom(): NULL buffer pointer
[   806][E][Wire.cpp:557] read(): NULL RX buffer pointer
[   811][E][Wire.cpp:481] requestFrom(): NULL buffer pointer
The SI473X / SI474X I2C address is 0x11
[Error]	(0.725, +725)	 _lv_inv_area: detected modifying dirty areas in render 	(in lv_refr.c line #212)
[Error]	(6.885, +6160)	 _lv_inv_area: detected modifying dirty areas in render 	(in lv_refr.c line #212)
[Error]	(7.960, +1075)	 _lv_inv_area: detected modifying dirty areas in render 	(in lv_refr.c line #212)
[Error]	(9.030, +1070)	 _lv_inv_area: detected modifying dirty areas in render 	(in lv_refr.c line #212)
[Error]	(10.095, +1065)	 _lv_inv_area: detected modifying dirty areas in render 	(in lv_refr.c line #212)
[Error]	(11.160, +1065)	 _lv_inv_area: detected modifying dirty areas in render 	(in lv_refr.c line #212)
[Error]	(23.980, +12820)	 _lv_inv_area: detected modifying dirty areas in render 	(in lv_refr.c line #212)
[Error]	(46.085, +22105)	 _lv_inv_area: detected modifying dirty areas in render 	(in lv_refr.c line #212)
[Error]	(47.155, +1070)	 _lv_inv_area: detected modifying dirty areas in render 	(in lv_refr.c line #212)
[Error]	(50.315, +3160)	 _lv_inv_area: detected modifying dirty areas in render 	(in lv_refr.c line #212)
[Error]	(51.340, +1025)	 _lv_inv_area: detected modifying dirty areas in render 	(in lv_refr.c line #212)
[Error]	(55.575, +4235)	 _lv_inv_area: detected modifying dirty areas in render 	(in lv_refr.c line #212)
[Error]	(56.650, +1075)	 _lv_inv_area: detected modifying dirty areas in render 	(in lv_refr.c line #212)
[Error]	(57.715, +1065)	 _lv_inv_area: detected modifying dirty areas in render 	(in lv_refr.c line #212)
[Error]	(60.745, +3030)	 _lv_inv_area: detected modifying dirty areas in render 	(in lv_refr.c line #212)
[Error]	(64.990, +4245)	 _lv_inv_area: detected modifying dirty areas in render 	(in lv_refr.c line #212)
[Error]	(66.065, +1075)	 _lv_inv_area: detected modifying dirty areas in render 	(in lv_refr.c line #212)
[Error]	(68.180, +2115)	 _lv_inv_area: detected modifying dirty areas in render 	(in lv_refr.c line #212)
[Error]	(77.700, +9520)	 _lv_inv_area: detected modifying dirty areas in render 	(in lv_refr.c line #212)
[Error]	(78.770, +1070)	 _lv_inv_area: detected modifying dirty areas in render 	(in lv_refr.c line #212)
[Error]	(81.865, +3095)	 _lv_inv_area: detected modifying dirty areas in render 	(in lv_refr.c line #212)
