10.175.1.7
[   790][E][Wire.cpp:481] requestFrom(): NULL buffer pointer
[   792][E][Wire.cpp:557] read(): NULL RX buffer pointer
[   793][E][Wire.cpp:422] beginTransmission(): could not acquire lock
[   798][E][Wire.cpp:526] write(): NULL TX buffer pointer
[   803][E][Wire.cpp:526] write(): NULL TX buffer pointer
[   808][E][Wire.cpp:448] endTransmission(): NULL TX buffer pointer
[   815][E][Wire.cpp:481] requestFrom(): NULL buffer pointer
[   819][E][Wire.cpp:557] read(): NULL RX buffer pointer
The SI473X / SI474X I2C address is 0x11
88.90MHz 
90.70MHz 
92.50MHz 
94.50MHz 
96.60MHz 
98.50MHz 
100.40MHz 
101.70MHz 
102.60MHz 
103.30MHz 
104.10MHz 
104.70MHz 
105.40MHz 
106.00MHz 
106.60MHz 
107.30MHz 
107.90MHz 
