10.175.1.7
[   785][E][Wire.cpp:481] requestFrom(): NULL buffer pointer
[   788][E][Wire.cpp:557] read(): NULL RX buffer pointer
[   788][E][Wire.cpp:422] beginTransmission(): could not acquire lock
[   793][E][Wire.cpp:526] write(): NULL TX buffer pointer
[   798][E][Wire.cpp:526] write(): NULL TX buffer pointer
[   803][E][Wire.cpp:448] endTransmission(): NULL TX buffer pointer
[   810][E][Wire.cpp:481] requestFrom(): NULL buffer pointer
[   815][E][Wire.cpp:557] read(): NULL RX buffer pointer
[   819][E][Wire.cpp:481] requestFrom(): NULL buffer pointer
The SI473X / SI474X I2C address is 0x11
Click
Click
Click
Click
Click
Click
Click
Click
Click
Click
Click
Click
Click
Click
Click
Click
