[   777][E][Wire.cpp:481] requestFrom(): NULL buffer pointer
[   778][E][Wire.cpp:557] read(): NULL RX buffer pointer
[   779][E][Wire.cpp:422] beginTransmission(): could not acquire lock
[   781][E][WiFiUdp.cpp:172] beginPacket(): could not get host from dns: 11
[   791][E][WiFiUdp.cpp:185] endPacket(): could not send data: 118
[   784][E][Wire.cpp:526] write(): NULL TX buffer pointer
[   801][E][Wire.cpp:526] write(): NULL TX buffer pointer
[   807][E][Wire.cpp:448] endTransmission(): NULL TX buffer pointer
The SI473X / SI474X I2C address is 0x11
[  1823][E][WiFiUdp.cpp:172] beginPacket(): could not get host from dns: 11
[  1824][E][WiFiUdp.cpp:185] endPacket(): could not send data: 118
[  3099][E][WiFiUdp.cpp:172] beginPacket(): could not get host from dns: 11
[  3100][E][WiFiUdp.cpp:185] endPacket(): could not send data: 118
[  4456][E][WiFiUdp.cpp:172] beginPacket(): could not get host from dns: 11
[  4458][E][WiFiUdp.cpp:185] endPacket(): could not send data: 118
[  5733][E][WiFiUdp.cpp:172] beginPacket(): could not get host from dns: 11
[  5734][E][WiFiUdp.cpp:185] endPacket(): could not send data: 118
[  7007][E][WiFiUdp.cpp:172] beginPacket(): could not get host from dns: 11
[  7008][E][WiFiUdp.cpp:185] endPacket(): could not send data: 118
WiFi lost connection, reconnect...
[  8307][E][WiFiUdp.cpp:172] beginPacket(): could not get host from dns: 11
[  8308][E][WiFiUdp.cpp:185] endPacket(): could not send data: 118
[  9585][E][WiFiUdp.cpp:172] beginPacket(): could not get host from dns: 11
[  9586][E][WiFiUdp.cpp:185] endPacket(): could not send data: 118
WiFi lost connection, reconnect...
E (19868) wifi:Set status to INIT
WiFi lost connection, reconnect...
E (19910) wifi:Set status to INIT
WiFi lost connection, reconnect...
E (19942) wifi:Set status to INIT
WiFi lost connection, reconnect...
E (19971) wifi:Set status to INIT
WiFi lost connection, reconnect...
E (20005) wifi:Set status to INIT
WiFi lost connection, reconnect...
E (20034) wifi:Set status to INIT
WiFi lost connection, reconnect...
E (20068) wifi:Set status to INIT
WiFi lost connection, reconnect...
E (20098) wifi:Set status to INIT
WiFi lost connection, reconnect...
E (20126) wifi:Set status to INIT
WiFi lost connection, reconnect...
[ 11022][E][WiFiUdp.cpp:172] beginPacket(): could not get host from dns: 11
[ 11023][E][WiFiUdp.cpp:185] endPacket(): could not send data: 118
E (22177) wifi:Set status to INIT
WiFi lost connection, reconnect...
E (22206) wifi:Set status to INIT
WiFi lost connection, reconnect...
E (22240) wifi:Set status to INIT
WiFi lost connection, reconnect...
E (22269) wifi:Set status to INIT
WiFi lost connection, reconnect...
E (22307) wifi:Set status to INIT
WiFi lost connection, reconnect...
E (22339) wifi:Set status to INIT
WiFi lost connection, reconnect...
[ 12294][E][WiFiUdp.cpp:172] beginPacket(): could not get host from dns: 11
[ 12295][E][WiFiUdp.cpp:185] endPacket(): could not send data: 118
E (22448) wifi:Set status to INIT
WiFi lost connection, reconnect...
E (22551) wifi:Set status to INIT
WiFi lost connection, reconnect...
E (22582) wifi:Set status to INIT
WiFi lost connection, reconnect...
E (22612) wifi:Set status to INIT
WiFi lost connection, reconnect...
E (22644) wifi:Set status to INIT
WiFi lost connection, reconnect...
E (22673) wifi:Set status to INIT
WiFi lost connection, reconnect...
E (22704) wifi:Set status to INIT
WiFi lost connection, reconnect...
E (22732) wifi:Set status to INIT
WiFi lost connection, reconnect...
E (22761) wifi:Set status to INIT
WiFi lost connection, reconnect...
E (22791) wifi:Set status to INIT
WiFi lost connection, reconnect...
E (22857) wifi:Set status to INIT
WiFi lost connection, reconnect...
E (22887) wifi:Set status to INIT
WiFi lost connection, reconnect...
E (22915) wifi:Set status to INIT
WiFi lost connection, reconnect...
E (22949) wifi:Set status to INIT
WiFi lost connection, reconnect...
E (22990) wifi:Set status to INIT
WiFi lost connection, reconnect...
E (23062) wifi:Set status to INIT
WiFi lost connection, reconnect...
E (23165) wifi:Set status to INIT
WiFi lost connection, reconnect...
E (23266) wifi:Set status to INIT
WiFi lost connection, reconnect...
E (23297) wifi:Set status to INIT
WiFi lost connection, reconnect...
E (23325) wifi:Set status to INIT
WiFi lost connection, reconnect...
E (23353) wifi:Set status to INIT
WiFi lost connection, reconnect...
E (23382) wifi:Set status to INIT
WiFi lost connection, reconnect...
E (23410) wifi:Set status to INIT
WiFi lost connection, reconnect...
E (23438) wifi:Set status to INIT
WiFi lost connection, reconnect...
E (23468) wifi:Set status to INIT
WiFi lost connection, reconnect...
E (23496) wifi:Set status to INIT
WiFi lost connection, reconnect...
E (23524) wifi:Set status to INIT
WiFi lost connection, reconnect...
E (23552) wifi:Set status to INIT
WiFi lost connection, reconnect...
E (23584) wifi:Set status to INIT
WiFi lost connection, reconnect...
E (23612) wifi:Set status to INIT
WiFi lost connection, reconnect...
E (23643) wifi:Set status to INIT
WiFi lost connection, reconnect...
E (23675) wifi:Set status to INIT
WiFi lost connection, reconnect...
E (23703) wifi:Set status to INIT
WiFi lost connection, reconnect...
E (23732) wifi:Set status to INIT
WiFi lost connection, reconnect...
E (23760) wifi:Set status to INIT
WiFi lost connection, reconnect...
E (23788) wifi:Set status to INIT
WiFi lost connection, reconnect...
E (23816) wifi:Set status to INIT
WiFi lost connection, reconnect...
E (23844) wifi:Set status to INIT
WiFi lost connection, reconnect...
E (23873) wifi:Set status to INIT
WiFi lost connection, reconnect...
E (23902) wifi:Set status to INIT
WiFi lost connection, reconnect...
E (23933) wifi:Set status to INIT
WiFi lost connection, reconnect...
E (23961) wifi:Set status to INIT
WiFi lost connection, reconnect...
[ 13913][E][WiFiUdp.cpp:172] beginPacket(): could not get host from dns: 11
[ 13915][E][WiFiUdp.cpp:185] endPacket(): could not send data: 118
E (23989) wifi:Set status to INIT
WiFi lost connection, reconnect...
E (24017) wifi:Set status to INIT
WiFi lost connection, reconnect...
E (24089) wifi:Set status to INIT
WiFi lost connection, reconnect...
E (24125) wifi:Set status to INIT
WiFi lost connection, reconnect...
E (24168) wifi:Set status to INIT
WiFi lost connection, reconnect...
E (24198) wifi:Set status to INIT
WiFi lost connection, reconnect...
E (24227) wifi:Set status to INIT
WiFi lost connection, reconnect...
E (24255) wifi:Set status to INIT
WiFi lost connection, reconnect...
E (24283) wifi:Set status to INIT
WiFi lost connection, reconnect...
E (24311) wifi:Set status to INIT
WiFi lost connection, reconnect...
E (24342) wifi:Set status to INIT
WiFi lost connection, reconnect...
E (24370) wifi:Set status to INIT
WiFi lost connection, reconnect...
E (24398) wifi:Set status to INIT
WiFi lost connection, reconnect...
E (24426) wifi:Set status to INIT
WiFi lost connection, reconnect...
E (24494) wifi:Set status to INIT
WiFi lost connection, reconnect...
E (24523) wifi:Set status to INIT
WiFi lost connection, reconnect...
E (24562) wifi:Set status to INIT
WiFi lost connection, reconnect...
E (24596) wifi:Set status to INIT
WiFi lost connection, reconnect...
E (24624) wifi:Set status to INIT
WiFi lost connection, reconnect...
E (24653) wifi:Set status to INIT
WiFi lost connection, reconnect...
E (24681) wifi:Set status to INIT
WiFi lost connection, reconnect...
E (24709) wifi:Set status to INIT
WiFi lost connection, reconnect...
E (24738) wifi:Set status to INIT
WiFi lost connection, reconnect...
E (24767) wifi:Set status to INIT
WiFi lost connection, reconnect...
E (24797) wifi:Set status to INIT
WiFi lost connection, reconnect...
E (24827) wifi:Set status to INIT
WiFi lost connection, reconnect...
10.175.1.7
WiFi lost connection, reconnect...
10.175.1.7
WiFi lost connection, reconnect...
10.175.1.7
WiFi lost connection, reconnect...
10.175.1.7
WiFi lost connection, reconnect...
10.175.1.7
WiFi lost connection, reconnect...
10.175.1.7
WiFi lost connection, reconnect...
10.175.1.7
WiFi lost connection, reconnect...
10.175.1.7
WiFi lost connection, reconnect...
10.175.1.7
WiFi lost connection, reconnect...
10.175.1.7
WiFi lost connection, reconnect...
10.175.1.7
WiFi lost connection, reconnect...
10.175.1.7
WiFi lost connection, reconnect...
10.175.1.7
WiFi lost connection, reconnect...
10.175.1.7
WiFi lost connection, reconnect...
10.175.1.7
WiFi lost connection, reconnect...
10.175.1.7
WiFi lost connection, reconnect...
10.175.1.7
WiFi lost connection, reconnect...
10.175.1.7
WiFi lost connection, reconnect...
10.175.1.7
WiFi lost connection, reconnect...
10.175.1.7
WiFi lost connection, reconnect...
10.175.1.7
WiFi lost connection, reconnect...
10.175.1.7
WiFi lost connection, reconnect...
10.175.1.7
WiFi lost connection, reconnect...
10.175.1.7
WiFi lost connection, reconnect...
10.175.1.7
WiFi lost connection, reconnect...
10.175.1.7
WiFi lost connection, reconnect...
10.175.1.7
WiFi lost connection, reconnect...
10.175.1.7
WiFi lost connection, reconnect...
10.175.1.7
WiFi lost connection, reconnect...
10.175.1.7
WiFi lost connection, reconnect...
10.175.1.7
WiFi lost connection, reconnect...
10.175.1.7
WiFi lost connection, reconnect...
10.175.1.7
WiFi lost connection, reconnect...
10.175.1.7
