10.175.1.7
[   529][E][Wire.cpp:481] requestFrom(): NULL buffer pointer
[   531][E][Wire.cpp:557] read(): NULL RX buffer pointer
[   532][E][Wire.cpp:422] beginTransmission(): could not acquire lock
[   537][E][Wire.cpp:526] write(): NULL TX buffer pointer
[   543][E][Wire.cpp:526] write(): NULL TX buffer pointer
[   547][E][Wire.cpp:448] endTransmission(): NULL TX buffer pointer
[   553][E][Wire.cpp:481] requestFrom(): NULL buffer pointer
[   559][E][Wire.cpp:557] read(): NULL RX buffer pointer
[   563][E][Wire.cpp:481] requestFrom(): NULL buffer pointer
[   569][E][Wire.cpp:557] read(): NULL RX buffer pointer
[   575][E][Wire.cpp:557] read(): NULL RX buffer pointer
[   579][E][Wire.cpp:557] read(): NULL RX buffer pointer
[   585][E][Wire.cpp:557] read(): NULL RX buffer pointer
[   589][E][Wire.cpp:557] read(): NULL RX buffer pointer
[   595][E][Wire.cpp:557] read(): NULL RX buffer pointer
[   777][E][Wire.cpp:481] requestFrom(): NULL buffer pointer
[   778][E][Wire.cpp:557] read(): NULL RX buffer pointer
[   778][E][Wire.cpp:422] beginTransmission(): could not acquire lock
[   784][E][Wire.cpp:526] write(): NULL TX buffer pointer
[   788][E][Wire.cpp:448] endTransmission(): NULL TX buffer pointer
[   796][E][Wire.cpp:481] requestFrom(): NULL buffer pointer
[   800][E][Wire.cpp:557] read(): NULL RX buffer pointer
[   806][E][Wire.cpp:481] requestFrom(): NULL buffer pointer
[   810][E][Wire.cpp:557] read(): NULL RX buffer pointer
The SI473X / SI474X I2C address is 0x11
