[   776][E][Wire.cpp:481] requestFrom(): NULL buffer pointer
[   778][E][Wire.cpp:557] read(): NULL RX buffer pointer
[   778][E][Wire.cpp:422] beginTransmission(): could not acquire lock
[   780][E][WiFiUdp.cpp:172] beginPacket(): could not get host from dns: 11
[   790][E][WiFiUdp.cpp:185] endPacket(): could not send data: 118
[   784][E][Wire.cpp:526] write(): NULL TX buffer pointer
[   801][E][Wire.cpp:526] write(): NULL TX buffer pointer
[   807][E][Wire.cpp:448] endTransmission(): NULL TX buffer pointer
The SI473X / SI474X I2C address is 0x11
[  1821][E][WiFiUdp.cpp:172] beginPacket(): could not get host from dns: 11
[  1822][E][WiFiUdp.cpp:185] endPacket(): could not send data: 118
10.175.1.7
[ 40078][E][Wire.cpp:513] requestFrom(): i2cRead returned Error 263
[ 41081][E][Wire.cpp:513] requestFrom(): i2cRead returned Error 263
[ 42083][E][Wire.cpp:513] requestFrom(): i2cRead returned Error 263
[ 43088][E][Wire.cpp:513] requestFrom(): i2cRead returned Error 263
[ 44091][E][Wire.cpp:513] requestFrom(): i2cRead returned Error 263
[ 45093][E][Wire.cpp:513] requestFrom(): i2cRead returned Error 263
[ 46096][E][Wire.cpp:513] requestFrom(): i2cRead returned Error 263
[ 47098][E][Wire.cpp:513] requestFrom(): i2cRead returned Error 263
[ 48100][E][Wire.cpp:513] requestFrom(): i2cRead returned Error 263
[ 49102][E][Wire.cpp:513] requestFrom(): i2cRead returned Error 263
[ 50104][E][Wire.cpp:513] requestFrom(): i2cRead returned Error 263
