10.175.1.7
[   529][E][Wire.cpp:481] requestFrom(): NULL buffer pointer
[   531][E][Wire.cpp:557] read(): NULL RX buffer pointer
[   531][E][Wire.cpp:422] beginTransmission(): could not acquire lock
[   537][E][Wire.cpp:526] write(): NULL TX buffer pointer
[   542][E][Wire.cpp:526] write(): NULL TX buffer pointer
[   547][E][Wire.cpp:448] endTransmission(): NULL TX buffer pointer
[   553][E][Wire.cpp:481] requestFrom(): NULL buffer pointer
[   559][E][Wire.cpp:557] read(): NULL RX buffer pointer
[   563][E][Wire.cpp:481] requestFrom(): NULL buffer pointer
[   569][E][Wire.cpp:557] read(): NULL RX buffer pointer
[   575][E][Wire.cpp:557] read(): NULL RX buffer pointer
[   579][E][Wire.cpp:557] read(): NULL RX buffer pointer
[   585][E][Wire.cpp:557] read(): NULL RX buffer pointer
[   589][E][Wire.cpp:557] read(): NULL RX buffer pointer
[   595][E][Wire.cpp:557] read(): NULL RX buffer pointer
[   819][E][Wire.cpp:481] requestFrom(): NULL buffer pointer
[   820][E][Wire.cpp:557] read(): NULL RX buffer pointer
[   820][E][Wire.cpp:422] beginTransmission(): could not acquire lock
[   825][E][Wire.cpp:526] write(): NULL TX buffer pointer
[   830][E][Wire.cpp:448] endTransmission(): NULL TX buffer pointer
[   837][E][Wire.cpp:481] requestFrom(): NULL buffer pointer
[   842][E][Wire.cpp:557] read(): NULL RX buffer pointer
[   848][E][Wire.cpp:481] requestFrom(): NULL buffer pointer
[   852][E][Wire.cpp:557] read(): NULL RX buffer pointer
The SI473X / SI474X I2C address is 0x11
