[   774][E][Wire.cpp:481] requestFrom(): NULL buffer pointer
[   775][E][Wire.cpp:557] read(): NULL RX buffer pointer
[   775][E][Wire.cpp:422] beginTransmission(): could not acquire lock
[   778][E][WiFiUdp.cpp:172] beginPacket(): could not get host from dns: 11
[   788][E][WiFiUdp.cpp:185] endPacket(): could not send data: 118
[   781][E][Wire.cpp:526] write(): NULL TX buffer pointer
[   798][E][Wire.cpp:526] write(): NULL TX buffer pointer
[   804][E][Wire.cpp:448] endTransmission(): NULL TX buffer pointer
The SI473X / SI474X I2C address is 0x11
[  1817][E][WiFiUdp.cpp:172] beginPacket(): could not get host from dns: 11
[  1818][E][WiFiUdp.cpp:185] endPacket(): could not send data: 118
WiFi lost connection, reconnect...
[  3111][E][WiFiUdp.cpp:172] beginPacket(): could not get host from dns: 11
[  3112][E][WiFiUdp.cpp:185] endPacket(): could not send data: 118
[  4490][E][WiFiUdp.cpp:172] beginPacket(): could not get host from dns: 11
[  4491][E][WiFiUdp.cpp:185] endPacket(): could not send data: 118
WiFi lost connection, reconnect...
10.175.1.7
WiFi lost connection, reconnect...
10.175.1.7
WiFi lost connection, reconnect...
[  9780][E][WiFiUdp.cpp:185] endPacket(): could not send data: 118
[ 11053][E][WiFiUdp.cpp:185] endPacket(): could not send data: 118
[ 12323][E][WiFiUdp.cpp:185] endPacket(): could not send data: 118
WiFi lost connection, reconnect...
[ 13605][E][WiFiUdp.cpp:185] endPacket(): could not send data: 118
[ 14882][E][WiFiUdp.cpp:185] endPacket(): could not send data: 118
10.175.1.7
