10.175.1.7
[   777][E][Wire.cpp:481] requestFrom(): NULL buffer pointer
[   779][E][Wire.cpp:557] read(): NULL RX buffer pointer
[   780][E][Wire.cpp:422] beginTransmission(): could not acquire lock
[   785][E][Wire.cpp:526] write(): NULL TX buffer pointer
[   790][E][Wire.cpp:526] write(): NULL TX buffer pointer
[   795][E][Wire.cpp:448] endTransmission(): NULL TX buffer pointer
[   801][E][Wire.cpp:481] requestFrom(): NULL buffer pointer
[   807][E][Wire.cpp:557] read(): NULL RX buffer pointer
[   811][E][Wire.cpp:481] requestFrom(): NULL buffer pointer
The SI473X / SI474X I2C address is 0x11
35
68
55
48
9850
35
68
55
48
10800
