10.175.1.7
[   778][E][Wire.cpp:481] requestFrom(): NULL buffer pointer
[   780][E][Wire.cpp:557] read(): NULL RX buffer pointer
[   780][E][Wire.cpp:422] beginTransmission(): could not acquire lock
[   786][E][Wire.cpp:526] write(): NULL TX buffer pointer
[   790][E][Wire.cpp:526] write(): NULL TX buffer pointer
[   796][E][Wire.cpp:448] endTransmission(): NULL TX buffer pointer
[   802][E][Wire.cpp:481] requestFrom(): NULL buffer pointer
[   808][E][Wire.cpp:557] read(): NULL RX buffer pointer
The SI473X / SI474X I2C address is 0x11
Guru Meditation Error: Core  0 panic'ed (LoadProhibited). Exception was unhandled.

Core  0 register dump:
PC      : 0x40089eb0  PS      : 0x00060c30  A0      : 0x800ef9e8  A1      : 0x3ffe85d0  
A2      : 0x00000001  A3      : 0xfffffffd  A4      : 0x000000ff  A5      : 0x0000ff00  
A6      : 0x00ff0000  A7      : 0xff000000  A8      : 0x0000000b  A9      : 0x3ffd193c  
A10     : 0x0000000c  A11     : 0x3ffc70d8  A12     : 0x0000000d  A13     : 0x0000000c  
A14     : 0x3ffc70dc  A15     : 0x00000001  SAR     : 0x0000001d  EXCCAUSE: 0x0000001c  
EXCVADDR: 0x00000001  LBEG    : 0x40084b41  LEND    : 0x40084b49  LCOUNT  : 0x00000027  


Backtrace: 0x40089ead:0x3ffe85d0 0x400ef9e5:0x3ffe85e0 0x400d289a:0x3ffe8610 0x400d28e9:0x3ffe8630 0x400d34d5:0x3ffe8650




ELF file SHA256: 2ada01a4f88c8563

Rebooting...
ets Jun  8 2016 00:22:57

rst:0xc (SW_CPU_RESET),boot:0x13 (SPI_FAST_FLASH_BOOT)
configsip: 0, SPIWP:0xee
clk_drv:0x00,q_drv:0x00,d_drv:0x00,cs0_drv:0x00,hd_drv:0x00,wp_drv:0x00
mode:DIO, clock div:2
load:0x3fff0030,len:1184
load:0x40078000,len:13192
load:0x40080400,len:3028
entry 0x400805e4
10.175.1.7
[   781][E][Wire.cpp:481] requestFrom(): NULL buffer pointer
[   783][E][Wire.cpp:557] read(): NULL RX buffer pointer
[   784][E][Wire.cpp:422] beginTransmission(): could not acquire lock
[   789][E][Wire.cpp:526] write(): NULL TX buffer pointer
[   794][E][Wire.cpp:526] write(): NULL TX buffer pointer
[   799][E][Wire.cpp:448] endTransmission(): NULL TX buffer pointer
[   805][E][Wire.cpp:481] requestFrom(): NULL buffer pointer
[   810][E][Wire.cpp:557] read(): NULL RX buffer pointer
[   815][E][Wire.cpp:481] requestFrom(): NULL buffer pointer
The SI473X / SI474X I2C address is 0x11
