10.175.1.7
[   768][E][Wire.cpp:481] requestFrom(): NULL buffer pointer
[   771][E][Wire.cpp:557] read(): NULL RX buffer pointer
[   771][E][Wire.cpp:422] beginTransmission(): could not acquire lock
[   782][E][Wire.cpp:526] write(): NULL TX buffer pointer
[   784][E][Wire.cpp:526] write(): NULL TX buffer pointer
[   790][E][Wire.cpp:448] endTransmission(): NULL TX buffer pointer
[   793][E][Wire.cpp:481] requestFrom(): NULL buffer pointer
[   801][E][Wire.cpp:557] read(): NULL RX buffer pointer
The SI473X / SI474X I2C address is 0x11
[  2329][E][Wire.cpp:513] requestFrom(): i2cRead returned Error 263
1
2
3
4
5
6
7
8
9
10
11
12
11
10
9
8
7
6
5
6
7
6
7
8
7
6
5
4
3
2
1
0
-1
-2
-3
-4
-5
-6
-7
-8
-9
-10
-11
-12
-13
-14
-15
-16
-17
-18
-19
-20
-21
-22
-23
-22
-21
-20
-19
-18
-17
-16
-15
-14
-13
-12
-11
-10
-9
-8
-7
-6
-5
-4
-3
-2
-1
0
1
2
3
4
5
6
7
8
7
6
5
4
3
2
1
0
-1
-2
-3
-2
-3
-4
-5
-6
-7
-8
-9
-10
-11
-12
