10.175.1.7
S2
S1
S2
S1
S2
S1
S2
S1
S2
S1
S2
S1
S1
S2
S1
S2
S1
S2
S1
S2
S1
S2
S1
S2
S2
S1
S2
S1
S2
S1
S2
S1
S2
S1
S2
S1
S2
S1
S2
S1
S2
S2
S1
S2
S1
S2
S1
S2
S1
S2
S1
S2
S1
S2
S1
S2
S1
S2
S1
S2
S1
S2
S2
S1
S2
S1
S2
S1
S2
S1
S2
S1
S2
S1
S2
S1
S2
S1
S2
S1
S2
S1
S2
S1
S2
S1
S2
S2
S2
S1
S2
S1
S2
S1
S2
S1
S2
S1
S2
S1
S2
S1
S2
S1
S2
S1
S2
S1
S2
S2
S2
Guru Meditation Error: Core  1 panic'ed (Interrupt wdt timeout on CPU1). 

Core  1 register dump:
PC      : 0x4008eeb6  PS      : 0x00060c35  A0      : 0x8008d6ee  A1      : 0x3ffbf4cc  
A2      : 0x3ffb8314  A3      : 0x3ffb81a4  A4      : 0x00000004  A5      : 0x00060c23  
A6      : 0x00060c23  A7      : 0x00000001  A8      : 0x3ffb81a4  A9      : 0x00000018  
A10     : 0x3ffb81a4  A11     : 0x00000018  A12     : 0x3ffd3034  A13     : 0x00060c23  
A14     : 0x007bf678  A15     : 0x003fffff  SAR     : 0x00000000  EXCCAUSE: 0x00000006  
EXCVADDR: 0x00000000  LBEG    : 0x40084759  LEND    : 0x40084761  LCOUNT  : 0x00000027  
Core  1 was running in ISR context:
EPC1    : 0x40108d3f  EPC2    : 0x00000000  EPC3    : 0x00000000  EPC4    : 0x00000000


Backtrace: 0x4008eeb3:0x3ffbf4cc |<-CORRUPTED


Core  0 register dump:
PC      : 0x4008f047  PS      : 0x00060035  A0      : 0x8008d317  A1      : 0x3ffbed9c  
A2      : 0x3ffbf678  A3      : 0xb33fffff  A4      : 0x0000abab  A5      : 0x00060023  
A6      : 0x00060021  A7      : 0x0000cdcd  A8      : 0x0000abab  A9      : 0xffffffff  
A10     : 0x3ffd1f98  A11     : 0x00000000  A12     : 0x3ffd1f94  A13     : 0x00000007  
A14     : 0x007bf678  A15     : 0x003fffff  SAR     : 0x0000001d  EXCCAUSE: 0x00000006  
EXCVADDR: 0x00000000  LBEG    : 0x00000000  LEND    : 0x00000000  LCOUNT  : 0x00000000  


Backtrace: 0x4008f044:0x3ffbed9c |<-CORRUPTED




ELF file SHA256: dd27c2a7745c2813

Rebooting...
ets Jun  8 2016 00:22:57

rst:0xc (SW_CPU_RESET),boot:0x13 (SPI_FAST_FLASH_BOOT)
configsip: 0, SPIWP:0xee
clk_drv:0x00,q_drv:0x00,d_drv:0x00,cs0_drv:0x00,hd_drv:0x00,wp_drv:0x00
mode:DIO, clock div:2
load:0x3fff0030,len:1184
load:0x40078000,len:13192
load:0x40080400,len:3028
entry 0x400805e4
10.175.1.7
S2
S1
S2
S1
S2
S2
S2
S1
S2
S2
S1
S1
S2
S1
S2
S1
S2
S1
S2
S2
S1
S2
S2
S2
S2
S2
S1
S2
S2
S1
S2
S1
S2
S2
S1
S2
S1
S2
S2
S1
S2
S1
S2
S2
S1
S1
S2
S1
S2
S1
S2
S1
S2
S1
S2
S1
S2
S1
S2
S1
S2
S1
S2
S1
S2
S1
S1
S1
S2
S1
S2
S1
S2
S1
S2
S1
S1
S1
S2
S1
S2
S1
S2
S1
S1
S2
S1
S2
S1
S2
S1
S2
S1
S2
S1
S2
S1
S2
S2
S1
S2
S1
S2
S1
S2
S1
S2
S1
S2
S1
S2
S1
S2
S1
S1
S2
S1
S1
S2
S2
S1
S2
S1
S1
S2
S1
S2
S1
S1
S2
S2
S1
S2
S1
S1
S2
S1
S2
S1
S2
S1
S2
S1
S2
S1
S1
S2
S1
S2
S1
S2
S1
S2
S1
S2
S1
S2
S1
S2
S1
S2
S1
S2
S1
S2
S1
S2
S1
S2
S1
S2
S1
S2
S1
S2
S1
S2
S1
S1
S2
S1
S2
S1
S2
S1
S2
S1
S2
S1
S2
S1
S2
S1
S2
S1
S2
S1
S2
S1
S2
S1
S2
S1
S2
S1
S1
S2
S1
S2
S1
S1
S2
S1
S2
S1
S2
S2
S1
S2
S2
S1
S2
S1
S2
S1
S2
S1
S2
S2
S1
S2
S1
S2
S2
S1
S2
S1
S2
S1
S2
S1
S2
S2
S1
S1
S2
S1
S2
S2
S1
S2
S1
S2
S1
S1
S2
S1
S2
S1
S2
S1
S2
S1
S2
S1
S2
S1
S2
S1
S2
S1
S2
S1
S2
S1
S2
S1
S2
S1
S2
S1
S2
S1
S2
S1
S2
S2
S1
S2
S1
S2
S1
S2
S2
S1
S2
S1
S2
S1
S2
S1
S2
S1
S2
S1
S2
S1
