10.175.1.7
[   526][E][Wire.cpp:481] requestFrom(): NULL buffer pointer
[   528][E][Wire.cpp:557] read(): NULL RX buffer pointer
[   528][E][Wire.cpp:422] beginTransmission(): could not acquire lock
[   534][E][Wire.cpp:526] write(): NULL TX buffer pointer
[   540][E][Wire.cpp:526] write(): NULL TX buffer pointer
[   544][E][Wire.cpp:448] endTransmission(): NULL TX buffer pointer
[   550][E][Wire.cpp:481] requestFrom(): NULL buffer pointer
[   556][E][Wire.cpp:557] read(): NULL RX buffer pointer
[   560][E][Wire.cpp:481] requestFrom(): NULL buffer pointer
[   566][E][Wire.cpp:557] read(): NULL RX buffer pointer
[   572][E][Wire.cpp:557] read(): NULL RX buffer pointer
[   576][E][Wire.cpp:557] read(): NULL RX buffer pointer
[   582][E][Wire.cpp:557] read(): NULL RX buffer pointer
[   586][E][Wire.cpp:557] read(): NULL RX buffer pointer
[   592][E][Wire.cpp:557] read(): NULL RX buffer pointer
[   752][E][Wire.cpp:481] requestFrom(): NULL buffer pointer
[   753][E][Wire.cpp:557] read(): NULL RX buffer pointer
[   753][E][Wire.cpp:422] beginTransmission(): could not acquire lock
[   758][E][Wire.cpp:526] write(): NULL TX buffer pointer
[   764][E][Wire.cpp:448] endTransmission(): NULL TX buffer pointer
[   770][E][Wire.cpp:481] requestFrom(): NULL buffer pointer
[   776][E][Wire.cpp:557] read(): NULL RX buffer pointer
[   780][E][Wire.cpp:481] requestFrom(): NULL buffer pointer
[   786][E][Wire.cpp:557] read(): NULL RX buffer pointer
The SI473X / SI474X I2C address is 0x11
