10.175.1.7
[   783][E][Wire.cpp:481] requestFrom(): NULL buffer pointer
[   786][E][Wire.cpp:557] read(): NULL RX buffer pointer
[   786][E][Wire.cpp:422] beginTransmission(): could not acquire lock
[   791][E][Wire.cpp:526] write(): NULL TX buffer pointer
[   796][E][Wire.cpp:526] write(): NULL TX buffer pointer
[   801][E][Wire.cpp:448] endTransmission(): NULL TX buffer pointer
[   808][E][Wire.cpp:481] requestFrom(): NULL buffer pointer
[   813][E][Wire.cpp:557] read(): NULL RX buffer pointer
[   818][E][Wire.cpp:481] requestFrom(): NULL buffer pointer
The SI473X / SI474X I2C address is 0x11
WiFi lost connection, reconnect...
WiFi lost connection, reconnect...
10.175.1.7
WiFi lost connection, reconnect...
10.175.1.7
WiFi lost connection, reconnect...
10.175.1.7
WiFi lost connection, reconnect...
10.175.1.7
WiFi lost connection, reconnect...
10.175.1.7
WiFi lost connection, reconnect...
10.175.1.7
WiFi lost connection, reconnect...
10.175.1.7
WiFi lost connection, reconnect...
10.175.1.7
WiFi lost connection, reconnect...
10.175.1.7
WiFi lost connection, reconnect...
10.175.1.7
WiFi lost connection, reconnect...
10.175.1.7
WiFi lost connection, reconnect...
10.175.1.7
WiFi lost connection, reconnect...
10.175.1.7
WiFi lost connection, reconnect...
10.175.1.7
WiFi lost connection, reconnect...
10.175.1.7
WiFi lost connection, reconnect...
10.175.1.7
WiFi lost connection, reconnect...
10.175.1.7
WiFi lost connection, reconnect...
WiFi lost connection, reconnect...
WiFi lost connection, reconnect...
E (379305) wifi:Set status to INIT
WiFi lost connection, reconnect...
E (379334) wifi:Set status to INIT
WiFi lost connection, reconnect...
E (379363) wifi:Set status to INIT
WiFi lost connection, reconnect...
E (379392) wifi:Set status to INIT
WiFi lost connection, reconnect...
E (379421) wifi:Set status to INIT
WiFi lost connection, reconnect...
E (379449) wifi:Set status to INIT
WiFi lost connection, reconnect...
E (379480) wifi:Set status to INIT
WiFi lost connection, reconnect...
E (379509) wifi:Set status to INIT
WiFi lost connection, reconnect...
E (379537) wifi:Set status to INIT
WiFi lost connection, reconnect...
E (379565) wifi:Set status to INIT
WiFi lost connection, reconnect...
E (379594) wifi:Set status to INIT
WiFi lost connection, reconnect...
E (379626) wifi:Set status to INIT
WiFi lost connection, reconnect...
E (379659) wifi:Set status to INIT
WiFi lost connection, reconnect...
E (379734) wifi:Set status to INIT
WiFi lost connection, reconnect...
E (379763) wifi:Set status to INIT
WiFi lost connection, reconnect...
E (379795) wifi:Set status to INIT
WiFi lost connection, reconnect...
E (379826) wifi:Set status to INIT
WiFi lost connection, reconnect...
E (379868) wifi:Set status to INIT
WiFi lost connection, reconnect...
E (379897) wifi:Set status to INIT
WiFi lost connection, reconnect...
E (379939) wifi:Set status to INIT
WiFi lost connection, reconnect...
E (380042) wifi:Set status to INIT
WiFi lost connection, reconnect...
E (380070) wifi:Set status to INIT
WiFi lost connection, reconnect...
E (380098) wifi:Set status to INIT
WiFi lost connection, reconnect...
E (380128) wifi:Set status to INIT
WiFi lost connection, reconnect...
E (380156) wifi:Set status to INIT
WiFi lost connection, reconnect...
E (380186) wifi:Set status to INIT
WiFi lost connection, reconnect...
E (380214) wifi:Set status to INIT
WiFi lost connection, reconnect...
E (380243) wifi:Set status to INIT
WiFi lost connection, reconnect...
E (380272) wifi:Set status to INIT
WiFi lost connection, reconnect...
E (380300) wifi:Set status to INIT
WiFi lost connection, reconnect...
E (380328) wifi:Set status to INIT
WiFi lost connection, reconnect...
E (380357) wifi:Set status to INIT
WiFi lost connection, reconnect...
E (380386) wifi:Set status to INIT
WiFi lost connection, reconnect...
E (380414) wifi:Set status to INIT
WiFi lost connection, reconnect...
E (380445) wifi:Set status to INIT
WiFi lost connection, reconnect...
E (380473) wifi:Set status to INIT
WiFi lost connection, reconnect...
E (380504) wifi:Set status to INIT
WiFi lost connection, reconnect...
E (380533) wifi:Set status to INIT
WiFi lost connection, reconnect...
E (380562) wifi:Set status to INIT
WiFi lost connection, reconnect...
E (380591) wifi:Set status to INIT
WiFi lost connection, reconnect...
E (380619) wifi:Set status to INIT
WiFi lost connection, reconnect...
E (380652) wifi:Set status to INIT
WiFi lost connection, reconnect...
E (380681) wifi:Set status to INIT
WiFi lost connection, reconnect...
E (380711) wifi:Set status to INIT
WiFi lost connection, reconnect...
E (380749) wifi:Set status to INIT
WiFi lost connection, reconnect...
E (380786) wifi:Set status to INIT
WiFi lost connection, reconnect...
E (380816) wifi:Set status to INIT
WiFi lost connection, reconnect...
E (380844) wifi:Set status to INIT
WiFi lost connection, reconnect...
E (380872) wifi:Set status to INIT
WiFi lost connection, reconnect...
E (380902) wifi:Set status to INIT
WiFi lost connection, reconnect...
E (380931) wifi:Set status to INIT
WiFi lost connection, reconnect...
E (380962) wifi:Set status to INIT
WiFi lost connection, reconnect...
E (380990) wifi:Set status to INIT
WiFi lost connection, reconnect...
E (381066) wifi:Set status to INIT
WiFi lost connection, reconnect...
E (381094) wifi:Set status to INIT
WiFi lost connection, reconnect...
E (381123) wifi:Set status to INIT
WiFi lost connection, reconnect...
E (381152) wifi:Set status to INIT
WiFi lost connection, reconnect...
E (381181) wifi:Set status to INIT
WiFi lost connection, reconnect...
E (381209) wifi:Set status to INIT
WiFi lost connection, reconnect...
E (381238) wifi:Set status to INIT
WiFi lost connection, reconnect...
E (381270) wifi:Set status to INIT
WiFi lost connection, reconnect...
E (381298) wifi:Set status to INIT
WiFi lost connection, reconnect...
E (381327) wifi:Set status to INIT
WiFi lost connection, reconnect...
E (381355) wifi:Set status to INIT
WiFi lost connection, reconnect...
E (381383) wifi:Set status to INIT
WiFi lost connection, reconnect...
E (381411) wifi:Set status to INIT
WiFi lost connection, reconnect...
E (381442) wifi:Set status to INIT
WiFi lost connection, reconnect...
E (381471) wifi:Set status to INIT
WiFi lost connection, reconnect...
E (381499) wifi:Set status to INIT
WiFi lost connection, reconnect...
E (381533) wifi:Set status to INIT
WiFi lost connection, reconnect...
E (381562) wifi:Set status to INIT
WiFi lost connection, reconnect...
E (381590) wifi:Set status to INIT
WiFi lost connection, reconnect...
E (381621) wifi:Set status to INIT
WiFi lost connection, reconnect...
E (381650) wifi:Set status to INIT
WiFi lost connection, reconnect...
E (381679) wifi:Set status to INIT
WiFi lost connection, reconnect...
E (381707) wifi:Set status to INIT
WiFi lost connection, reconnect...
E (381736) wifi:Set status to INIT
WiFi lost connection, reconnect...
E (381764) wifi:Set status to INIT
WiFi lost connection, reconnect...
E (381796) wifi:Set status to INIT
WiFi lost connection, reconnect...
E (381835) wifi:Set status to INIT
WiFi lost connection, reconnect...
E (381875) wifi:Set status to INIT
WiFi lost connection, reconnect...
E (381904) wifi:Set status to INIT
WiFi lost connection, reconnect...
E (381935) wifi:Set status to INIT
WiFi lost connection, reconnect...
E (381963) wifi:Set status to INIT
WiFi lost connection, reconnect...
E (381992) wifi:Set status to INIT
WiFi lost connection, reconnect...
E (382020) wifi:Set status to INIT
WiFi lost connection, reconnect...
E (382090) wifi:Set status to INIT
WiFi lost connection, reconnect...
E (382118) wifi:Set status to INIT
WiFi lost connection, reconnect...
E (382150) wifi:Set status to INIT
WiFi lost connection, reconnect...
E (382181) wifi:Set status to INIT
WiFi lost connection, reconnect...
E (382216) wifi:Set status to INIT
WiFi lost connection, reconnect...
E (382245) wifi:Set status to INIT
WiFi lost connection, reconnect...
E (382273) wifi:Set status to INIT
WiFi lost connection, reconnect...
E (382301) wifi:Set status to INIT
WiFi lost connection, reconnect...
E (382330) wifi:Set status to INIT
WiFi lost connection, reconnect...
E (382398) wifi:Set status to INIT
WiFi lost connection, reconnect...
E (382427) wifi:Set status to INIT
WiFi lost connection, reconnect...
E (382457) wifi:Set status to INIT
WiFi lost connection, reconnect...
E (382490) wifi:Set status to INIT
WiFi lost connection, reconnect...
E (382519) wifi:Set status to INIT
WiFi lost connection, reconnect...
E (382548) wifi:Set status to INIT
WiFi lost connection, reconnect...
E (382577) wifi:Set status to INIT
WiFi lost connection, reconnect...
E (382704) wifi:Set status to INIT
WiFi lost connection, reconnect...
E (382733) wifi:Set status to INIT
WiFi lost connection, reconnect...
E (382764) wifi:Set status to INIT
WiFi lost connection, reconnect...
E (382796) wifi:Set status to INIT
WiFi lost connection, reconnect...
E (382825) wifi:Set status to INIT
WiFi lost connection, reconnect...
E (382856) wifi:Set status to INIT
WiFi lost connection, reconnect...
E (382892) wifi:Set status to INIT
WiFi lost connection, reconnect...
E (382927) wifi:Set status to INIT
WiFi lost connection, reconnect...
E (382962) wifi:Set status to INIT
WiFi lost connection, reconnect...
E (382991) wifi:Set status to INIT
WiFi lost connection, reconnect...
E (383019) wifi:Set status to INIT
WiFi lost connection, reconnect...
E (383047) wifi:Set status to INIT
WiFi lost connection, reconnect...
E (383075) wifi:Set status to INIT
WiFi lost connection, reconnect...
E (383107) wifi:Set status to INIT
WiFi lost connection, reconnect...
E (383135) wifi:Set status to INIT
WiFi lost connection, reconnect...
E (383166) wifi:Set status to INIT
WiFi lost connection, reconnect...
E (383195) wifi:Set status to INIT
WiFi lost connection, reconnect...
E (383223) wifi:Set status to INIT
WiFi lost connection, reconnect...
E (383251) wifi:Set status to INIT
WiFi lost connection, reconnect...
E (383280) wifi:Set status to INIT
WiFi lost connection, reconnect...
E (383312) wifi:Set status to INIT
WiFi lost connection, reconnect...
E (383341) wifi:Set status to INIT
WiFi lost connection, reconnect...
E (383371) wifi:Set status to INIT
WiFi lost connection, reconnect...
E (383399) wifi:Set status to INIT
WiFi lost connection, reconnect...
E (383427) wifi:Set status to INIT
WiFi lost connection, reconnect...
E (383456) wifi:Set status to INIT
WiFi lost connection, reconnect...
E (383484) wifi:Set status to INIT
WiFi lost connection, reconnect...
E (383516) wifi:Set status to INIT
WiFi lost connection, reconnect...
E (383545) wifi:Set status to INIT
WiFi lost connection, reconnect...
E (383576) wifi:Set status to INIT
WiFi lost connection, reconnect...
E (383604) wifi:Set status to INIT
WiFi lost connection, reconnect...
E (383632) wifi:Set status to INIT
WiFi lost connection, reconnect...
E (383660) wifi:Set status to INIT
WiFi lost connection, reconnect...
E (383728) wifi:Set status to INIT
WiFi lost connection, reconnect...
E (383756) wifi:Set status to INIT
WiFi lost connection, reconnect...
E (383784) wifi:Set status to INIT
WiFi lost connection, reconnect...
E (383815) wifi:Set status to INIT
WiFi lost connection, reconnect...
E (383843) wifi:Set status to INIT
WiFi lost connection, reconnect...
E (383871) wifi:Set status to INIT
WiFi lost connection, reconnect...
E (383899) wifi:Set status to INIT
WiFi lost connection, reconnect...
E (383928) wifi:Set status to INIT
WiFi lost connection, reconnect...
E (383963) wifi:Set status to INIT
WiFi lost connection, reconnect...
E (384035) wifi:Set status to INIT
WiFi lost connection, reconnect...
E (384064) wifi:Set status to INIT
WiFi lost connection, reconnect...
E (384092) wifi:Set status to INIT
WiFi lost connection, reconnect...
E (384123) wifi:Set status to INIT
WiFi lost connection, reconnect...
E (384151) wifi:Set status to INIT
WiFi lost connection, reconnect...
E (384181) wifi:Set status to INIT
WiFi lost connection, reconnect...
E (384209) wifi:Set status to INIT
WiFi lost connection, reconnect...
E (384240) wifi:Set status to INIT
WiFi lost connection, reconnect...
E (384271) wifi:Set status to INIT
WiFi lost connection, reconnect...
10.175.1.7
WiFi lost connection, reconnect...
10.175.1.7
WiFi lost connection, reconnect...
10.175.1.7
WiFi lost connection, reconnect...
WiFi lost connection, reconnect...
10.175.1.7
WiFi lost connection, reconnect...
10.175.1.7
WiFi lost connection, reconnect...
10.175.1.7
WiFi lost connection, reconnect...
WiFi lost connection, reconnect...
10.175.1.7
WiFi lost connection, reconnect...
10.175.1.7
WiFi lost connection, reconnect...
10.175.1.7
WiFi lost connection, reconnect...
10.175.1.7
WiFi lost connection, reconnect...
WiFi lost connection, reconnect...
10.175.1.7
WiFi lost connection, reconnect...
10.175.1.7
WiFi lost connection, reconnect...
10.175.1.7
WiFi lost connection, reconnect...
10.175.1.7
WiFi lost connection, reconnect...
10.175.1.7
WiFi lost connection, reconnect...
10.175.1.7
WiFi lost connection, reconnect...
10.175.1.7
WiFi lost connection, reconnect...
10.175.1.7
WiFi lost connection, reconnect...
10.175.1.7
WiFi lost connection, reconnect...
10.175.1.7
WiFi lost connection, reconnect...
WiFi lost connection, reconnect...
10.175.1.7
WiFi lost connection, reconnect...
10.175.1.7
WiFi lost connection, reconnect...
10.175.1.7
WiFi lost connection, reconnect...
10.175.1.7
WiFi lost connection, reconnect...
10.175.1.7
WiFi lost connection, reconnect...
10.175.1.7
WiFi lost connection, reconnect...
10.175.1.7
WiFi lost connection, reconnect...
10.175.1.7
WiFi lost connection, reconnect...
10.175.1.7
WiFi lost connection, reconnect...
10.175.1.7
WiFi lost connection, reconnect...
10.175.1.7
WiFi lost connection, reconnect...
10.175.1.7
WiFi lost connection, reconnect...
10.175.1.7
WiFi lost connection, reconnect...
10.175.1.7
WiFi lost connection, reconnect...
10.175.1.7
WiFi lost connection, reconnect...
10.175.1.7
WiFi lost connection, reconnect...
10.175.1.7
WiFi lost connection, reconnect...
10.175.1.7
WiFi lost connection, reconnect...
10.175.1.7
WiFi lost connection, reconnect...
WiFi lost connection, reconnect...
10.175.1.7
WiFi lost connection, reconnect...
10.175.1.7
WiFi lost connection, reconnect...
10.175.1.7
WiFi lost connection, reconnect...
10.175.1.7
WiFi lost connection, reconnect...
10.175.1.7
