10.175.1.7
[   778][E][Wire.cpp:481] requestFrom(): NULL buffer pointer
[   781][E][Wire.cpp:557] read(): NULL RX buffer pointer
[   781][E][Wire.cpp:422] beginTransmission(): could not acquire lock
[   786][E][Wire.cpp:526] write(): NULL TX buffer pointer
[   791][E][Wire.cpp:526] write(): NULL TX buffer pointer
[   796][E][Wire.cpp:448] endTransmission(): NULL TX buffer pointer
[   803][E][Wire.cpp:481] requestFrom(): NULL buffer pointer
[   808][E][Wire.cpp:557] read(): NULL RX buffer pointer
[   813][E][Wire.cpp:481] requestFrom(): NULL buffer pointer
The SI473X / SI474X I2C address is 0x11
734
709
750
745
745
752
734
755
741
707
746
722
737
688
672
710
747
757
592
626
683
673
686
742
752
746
720
738
728
718
718
746
716
731
751
736
734
715
750
757
707
740
736
719
723
731
730
737
734
727
714
737
727
743
725
733
720
729
703
730
731
742
748
742
737
749
743
718
747
722
733
734
726
729
752
728
726
753
707
741
699
737
741
752
728
722
733
750
745
720
732
751
721
739
746
747
725
721
734
731
737
721
738
718
720
738
740
718
739
750
739
735
739
738
739
732
731
731
729
735
732
727
736
738
740
733
730
733
733
731
738
735
744
734
