10.175.1.7
[   770][E][Wire.cpp:481] requestFrom(): NULL buffer pointer
[   772][E][Wire.cpp:557] read(): NULL RX buffer pointer
[   773][E][Wire.cpp:422] beginTransmission(): could not acquire lock
[   778][E][Wire.cpp:526] write(): NULL TX buffer pointer
[   783][E][Wire.cpp:526] write(): NULL TX buffer pointer
[   788][E][Wire.cpp:448] endTransmission(): NULL TX buffer pointer
[   795][E][Wire.cpp:481] requestFrom(): NULL buffer pointer
[   800][E][Wire.cpp:557] read(): NULL RX buffer pointer
[   804][E][Wire.cpp:481] requestFrom(): NULL buffer pointer
The SI473X / SI474X I2C address is 0x11
CPU Freq = 240 MHz
XTAL Freq = 40 MHz
APB Freq = 80000000 Hz
CPU Freq = 240 MHz
XTAL Freq = 40 MHz
APB Freq = 80000000 Hz
CPU Freq = 240 MHz
XTAL Freq = 40 MHz
APB Freq = 80000000 Hz
CPU Freq = 240 MHz
XTAL Freq = 40 MHz
APB Freq = 80000000 Hz
CPU Freq = 240 MHz
XTAL Freq = 40 MHz
APB Freq = 80000000 Hz
CPU Freq = 240 MHz
XTAL Freq = 40 MHz
APB Freq = 80000000 Hz
CPU Freq = 240 MHz
XTAL Freq = 40 MHz
APB Freq = 80000000 Hz
CPU Freq = 240 MHz
XTAL Freq = 40 MHz
APB Freq = 80000000 Hz
CPU Freq = 240 MHz
XTAL Freq = 40 MHz
APB Freq = 80000000 Hz
CPU Freq = 240 MHz
XTAL Freq = 40 MHz
APB Freq = 80000000 Hz
CPU Freq = 240 MHz
XTAL Freq = 40 MHz
APB Freq = 80000000 Hz
CPU Freq = 240 MHz
XTAL Freq = 40 MHz
APB Freq = 80000000 Hz
CPU Freq = 240 MHz
XTAL Freq = 40 MHz
APB Freq = 80000000 Hz
CPU Freq = 240 MHz
XTAL Freq = 40 MHz
APB Freq = 80000000 Hz
CPU Freq = 240 MHz
XTAL Freq = 40 MHz
APB Freq = 80000000 Hz
CPU Freq = 240 MHz
XTAL Freq = 40 MHz
APB Freq = 80000000 Hz
CPU Freq = 240 MHz
XTAL Freq = 40 MHz
APB Freq = 80000000 Hz
CPU Freq = 240 MHz
XTAL Freq = 40 MHz
APB Freq = 80000000 Hz
CPU Freq = 240 MHz
XTAL Freq = 40 MHz
APB Freq = 80000000 Hz
CPU Freq = 240 MHz
XTAL Freq = 40 MHz
APB Freq = 80000000 Hz
CPU Freq = 240 MHz
XTAL Freq = 40 MHz
APB Freq = 80000000 Hz
CPU Freq = 240 MHz
XTAL Freq = 40 MHz
APB Freq = 80000000 Hz
CPU Freq = 240 MHz
XTAL Freq = 40 MHz
APB Freq = 80000000 Hz
CPU Freq = 240 MHz
XTAL Freq = 40 MHz
APB Freq = 80000000 Hz
CPU Freq = 240 MHz
XTAL Freq = 40 MHz
APB Freq = 80000000 Hz
CPU Freq = 240 MHz
XTAL Freq = 40 MHz
APB Freq = 80000000 Hz
CPU Freq = 240 MHz
XTAL Freq = 40 MHz
APB Freq = 80000000 Hz
CPU Freq = 240 MHz
XTAL Freq = 40 MHz
APB Freq = 80000000 Hz
CPU Freq = 240 MHz
XTAL Freq = 40 MHz
APB Freq = 80000000 Hz
CPU Freq = 240 MHz
XTAL Freq = 40 MHz
APB Freq = 80000000 Hz
CPU Freq = 240 MHz
XTAL Freq = 40 MHz
APB Freq = 80000000 Hz
CPU Freq = 240 MHz
XTAL Freq = 40 MHz
APB Freq = 80000000 Hz
CPU Freq = 240 MHz
XTAL Freq = 40 MHz
APB Freq = 80000000 Hz
CPU Freq = 240 MHz
XTAL Freq = 40 MHz
APB Freq = 80000000 Hz
CPU Freq = 240 MHz
XTAL Freq = 40 MHz
APB Freq = 80000000 Hz
