10.175.1.7
[   774][E][Wire.cpp:481] requestFrom(): NULL buffer pointer
[   776][E][Wire.cpp:557] read(): NULL RX buffer pointer
[   776][E][Wire.cpp:422] beginTransmission(): could not acquire lock
[   782][E][Wire.cpp:526] write(): NULL TX buffer pointer
[   788][E][Wire.cpp:526] write(): NULL TX buffer pointer
[   792][E][Wire.cpp:448] endTransmission(): NULL TX buffer pointer
[   798][E][Wire.cpp:481] requestFrom(): NULL buffer pointer
[   804][E][Wire.cpp:557] read(): NULL RX buffer pointer
[   808][E][Wire.cpp:481] requestFrom(): NULL buffer pointer
[   814][E][Wire.cpp:557] read(): NULL RX buffer pointer
[   820][E][Wire.cpp:557] read(): NULL RX buffer pointer
[   824][E][Wire.cpp:557] read(): NULL RX buffer pointer
[   830][E][Wire.cpp:557] read(): NULL RX buffer pointer
[   834][E][Wire.cpp:557] read(): NULL RX buffer pointer
[   840][E][Wire.cpp:557] read(): NULL RX buffer pointer
The SI473X / SI474X I2C address is 0x11
WiFi lost connection, reconnect...
WiFi lost connection, reconnect...
WiFi lost connection, reconnect...
WiFi lost connection, reconnect...
WiFi lost connection, reconnect...
[181415][E][WiFiUdp.cpp:185] endPacket(): could not send data: 118
WiFi lost connection, reconnect...
[182688][E][WiFiUdp.cpp:185] endPacket(): could not send data: 118
[183964][E][WiFiUdp.cpp:185] endPacket(): could not send data: 118
[185238][E][WiFiUdp.cpp:185] endPacket(): could not send data: 118
[186510][E][WiFiUdp.cpp:185] endPacket(): could not send data: 118
WiFi lost connection, reconnect...
[187789][E][WiFiUdp.cpp:185] endPacket(): could not send data: 118
[189065][E][WiFiUdp.cpp:185] endPacket(): could not send data: 118
[190338][E][WiFiUdp.cpp:185] endPacket(): could not send data: 118
[191610][E][WiFiUdp.cpp:185] endPacket(): could not send data: 118
WiFi lost connection, reconnect...
[192897][E][WiFiUdp.cpp:185] endPacket(): could not send data: 118
E (209572) wifi:Set status to INIT
WiFi lost connection, reconnect...
[194169][E][WiFiUdp.cpp:185] endPacket(): could not send data: 118
E (209669) wifi:Set status to INIT
WiFi lost connection, reconnect...
[195471][E][WiFiUdp.cpp:185] endPacket(): could not send data: 118
[196744][E][WiFiUdp.cpp:185] endPacket(): could not send data: 118
WiFi lost connection, reconnect...
E (212955) wifi:Set status to INIT
WiFi lost connection, reconnect...
[198033][E][WiFiUdp.cpp:185] endPacket(): could not send data: 118
[199305][E][WiFiUdp.cpp:185] endPacket(): could not send data: 118
[200587][E][WiFiUdp.cpp:185] endPacket(): could not send data: 118
[201860][E][WiFiUdp.cpp:185] endPacket(): could not send data: 118
[203155][E][WiFiUdp.cpp:185] endPacket(): could not send data: 118
[204433][E][WiFiUdp.cpp:185] endPacket(): could not send data: 118
[205706][E][WiFiUdp.cpp:185] endPacket(): could not send data: 118
[206979][E][WiFiUdp.cpp:185] endPacket(): could not send data: 118
WiFi lost connection, reconnect...
[208261][E][WiFiUdp.cpp:185] endPacket(): could not send data: 118
[209535][E][WiFiUdp.cpp:185] endPacket(): could not send data: 118
WiFi lost connection, reconnect...
[210814][E][WiFiUdp.cpp:185] endPacket(): could not send data: 118
E (226306) wifi:Set status to INIT
WiFi lost connection, reconnect...
E (226488) wifi:Set status to INIT
WiFi lost connection, reconnect...
E (226581) wifi:Set status to INIT
WiFi lost connection, reconnect...
E (226752) wifi:Set status to INIT
WiFi lost connection, reconnect...
E (226865) wifi:Set status to INIT
WiFi lost connection, reconnect...
E (226996) wifi:Set status to INIT
WiFi lost connection, reconnect...
[212152][E][WiFiUdp.cpp:185] endPacket(): could not send data: 118
[213426][E][WiFiUdp.cpp:185] endPacket(): could not send data: 118
E (229113) wifi:Set status to INIT
WiFi lost connection, reconnect...
E (229227) wifi:Set status to INIT
WiFi lost connection, reconnect...
E (229270) wifi:Set status to INIT
WiFi lost connection, reconnect...
E (229332) wifi:Set status to INIT
WiFi lost connection, reconnect...
[214748][E][WiFiUdp.cpp:185] endPacket(): could not send data: 118
[216027][E][WiFiUdp.cpp:185] endPacket(): could not send data: 118
[217310][E][WiFiUdp.cpp:185] endPacket(): could not send data: 118
10.175.1.7
Subband changed
Subband changed
Subband changed
Subband changed
Subband changed
Subband changed
Subband changed
Subband changed
Subband changed
Subband changed
