10.175.1.7
[   527][E][Wire.cpp:481] requestFrom(): NULL buffer pointer
[   529][E][Wire.cpp:557] read(): NULL RX buffer pointer
[   529][E][Wire.cpp:422] beginTransmission(): could not acquire lock
[   535][E][Wire.cpp:526] write(): NULL TX buffer pointer
[   541][E][Wire.cpp:526] write(): NULL TX buffer pointer
[   545][E][Wire.cpp:448] endTransmission(): NULL TX buffer pointer
[   551][E][Wire.cpp:481] requestFrom(): NULL buffer pointer
[   557][E][Wire.cpp:557] read(): NULL RX buffer pointer
[   561][E][Wire.cpp:481] requestFrom(): NULL buffer pointer
[   567][E][Wire.cpp:557] read(): NULL RX buffer pointer
[   572][E][Wire.cpp:557] read(): NULL RX buffer pointer
[   577][E][Wire.cpp:557] read(): NULL RX buffer pointer
[   583][E][Wire.cpp:557] read(): NULL RX buffer pointer
[   587][E][Wire.cpp:557] read(): NULL RX buffer pointer
[   593][E][Wire.cpp:557] read(): NULL RX buffer pointer
[   772][E][Wire.cpp:481] requestFrom(): NULL buffer pointer
[   772][E][Wire.cpp:557] read(): NULL RX buffer pointer
[   772][E][Wire.cpp:422] beginTransmission(): could not acquire lock
[   778][E][Wire.cpp:526] write(): NULL TX buffer pointer
[   784][E][Wire.cpp:448] endTransmission(): NULL TX buffer pointer
[   790][E][Wire.cpp:481] requestFrom(): NULL buffer pointer
[   794][E][Wire.cpp:557] read(): NULL RX buffer pointer
[   800][E][Wire.cpp:481] requestFrom(): NULL buffer pointer
[   806][E][Wire.cpp:557] read(): NULL RX buffer pointer
The SI473X / SI474X I2C address is 0x11
