[   736][E][WiFiUdp.cpp:172] beginPacket(): could not get host from dns: 11
[   738][E][WiFiUdp.cpp:185] endPacket(): could not send data: 118
[  1764][E][WiFiUdp.cpp:172] beginPacket(): could not get host from dns: 11
[  1765][E][WiFiUdp.cpp:185] endPacket(): could not send data: 118
[  3037][E][WiFiUdp.cpp:172] beginPacket(): could not get host from dns: 11
[  3038][E][WiFiUdp.cpp:185] endPacket(): could not send data: 118
[  4311][E][WiFiUdp.cpp:172] beginPacket(): could not get host from dns: 11
[  4312][E][WiFiUdp.cpp:185] endPacket(): could not send data: 118
[  5585][E][WiFiUdp.cpp:172] beginPacket(): could not get host from dns: 11
[  5586][E][WiFiUdp.cpp:185] endPacket(): could not send data: 118
[  6859][E][WiFiUdp.cpp:172] beginPacket(): could not get host from dns: 11
[  6860][E][WiFiUdp.cpp:185] endPacket(): could not send data: 118
WiFi lost connection, reconnect...
[  8153][E][WiFiUdp.cpp:172] beginPacket(): could not get host from dns: 11
[  8154][E][WiFiUdp.cpp:185] endPacket(): could not send data: 118
[  9431][E][WiFiUdp.cpp:172] beginPacket(): could not get host from dns: 11
[  9432][E][WiFiUdp.cpp:185] endPacket(): could not send data: 118
WiFi lost connection, reconnect...
E (19839) wifi:Set status to INIT
WiFi lost connection, reconnect...
E (19888) wifi:Set status to INIT
WiFi lost connection, reconnect...
E (19917) wifi:Set status to INIT
WiFi lost connection, reconnect...
E (19947) wifi:Set status to INIT
WiFi lost connection, reconnect...
E (19975) wifi:Set status to INIT
WiFi lost connection, reconnect...
E (20003) wifi:Set status to INIT
WiFi lost connection, reconnect...
E (20031) wifi:Set status to INIT
WiFi lost connection, reconnect...
E (20064) wifi:Set status to INIT
WiFi lost connection, reconnect...
E (20094) wifi:Set status to INIT
WiFi lost connection, reconnect...
E (20131) wifi:Set status to INIT
WiFi lost connection, reconnect...
E (20163) wifi:Set status to INIT
WiFi lost connection, reconnect...
E (20191) wifi:Set status to INIT
WiFi lost connection, reconnect...
E (20219) wifi:Set status to INIT
WiFi lost connection, reconnect...
E (20247) wifi:Set status to INIT
WiFi lost connection, reconnect...
E (20298) wifi:Set status to INIT
WiFi lost connection, reconnect...
E (20326) wifi:Set status to INIT
WiFi lost connection, reconnect...
E (20357) wifi:Set status to INIT
WiFi lost connection, reconnect...
E (20386) wifi:Set status to INIT
WiFi lost connection, reconnect...
E (20414) wifi:Set status to INIT
WiFi lost connection, reconnect...
E (20442) wifi:Set status to INIT
WiFi lost connection, reconnect...
E (20474) wifi:Set status to INIT
WiFi lost connection, reconnect...
E (20509) wifi:Set status to INIT
WiFi lost connection, reconnect...
E (20537) wifi:Set status to INIT
WiFi lost connection, reconnect...
E (20565) wifi:Set status to INIT
WiFi lost connection, reconnect...
E (20599) wifi:Set status to INIT
WiFi lost connection, reconnect...
E (20628) wifi:Set status to INIT
WiFi lost connection, reconnect...
E (20656) wifi:Set status to INIT
WiFi lost connection, reconnect...
E (20689) wifi:Set status to INIT
WiFi lost connection, reconnect...
E (20717) wifi:Set status to INIT
WiFi lost connection, reconnect...
E (20750) wifi:Set status to INIT
WiFi lost connection, reconnect...
E (20810) wifi:Set status to INIT
WiFi lost connection, reconnect...
E (20839) wifi:Set status to INIT
WiFi lost connection, reconnect...
E (20870) wifi:Set status to INIT
WiFi lost connection, reconnect...
E (20902) wifi:Set status to INIT
WiFi lost connection, reconnect...
E (20931) wifi:Set status to INIT
WiFi lost connection, reconnect...
E (20959) wifi:Set status to INIT
WiFi lost connection, reconnect...
E (20991) wifi:Set status to INIT
WiFi lost connection, reconnect...
[ 11012][E][WiFiUdp.cpp:172] beginPacket(): could not get host from dns: 11
[ 11013][E][WiFiUdp.cpp:185] endPacket(): could not send data: 118
E (21117) wifi:Set status to INIT
WiFi lost connection, reconnect...
E (21151) wifi:Set status to INIT
WiFi lost connection, reconnect...
E (21182) wifi:Set status to INIT
WiFi lost connection, reconnect...
E (21213) wifi:Set status to INIT
WiFi lost connection, reconnect...
E (21242) wifi:Set status to INIT
WiFi lost connection, reconnect...
E (21270) wifi:Set status to INIT
WiFi lost connection, reconnect...
E (21300) wifi:Set status to INIT
WiFi lost connection, reconnect...
E (21328) wifi:Set status to INIT
WiFi lost connection, reconnect...
E (21356) wifi:Set status to INIT
WiFi lost connection, reconnect...
E (21384) wifi:Set status to INIT
WiFi lost connection, reconnect...
E (21418) wifi:Set status to INIT
WiFi lost connection, reconnect...
E (21447) wifi:Set status to INIT
WiFi lost connection, reconnect...
E (21476) wifi:Set status to INIT
WiFi lost connection, reconnect...
E (21506) wifi:Set status to INIT
WiFi lost connection, reconnect...
E (21535) wifi:Set status to INIT
WiFi lost connection, reconnect...
E (21565) wifi:Set status to INIT
WiFi lost connection, reconnect...
E (21596) wifi:Set status to INIT
WiFi lost connection, reconnect...
E (21626) wifi:Set status to INIT
WiFi lost connection, reconnect...
E (21654) wifi:Set status to INIT
WiFi lost connection, reconnect...
E (21682) wifi:Set status to INIT
WiFi lost connection, reconnect...
E (21731) wifi:Set status to INIT
WiFi lost connection, reconnect...
E (21760) wifi:Set status to INIT
WiFi lost connection, reconnect...
E (21790) wifi:Set status to INIT
WiFi lost connection, reconnect...
E (21818) wifi:Set status to INIT
WiFi lost connection, reconnect...
E (21846) wifi:Set status to INIT
WiFi lost connection, reconnect...
E (21875) wifi:Set status to INIT
WiFi lost connection, reconnect...
E (21937) wifi:Set status to INIT
WiFi lost connection, reconnect...
E (21965) wifi:Set status to INIT
WiFi lost connection, reconnect...
E (21995) wifi:Set status to INIT
WiFi lost connection, reconnect...
E (22023) wifi:Set status to INIT
WiFi lost connection, reconnect...
E (22051) wifi:Set status to INIT
WiFi lost connection, reconnect...
E (22080) wifi:Set status to INIT
WiFi lost connection, reconnect...
E (22142) wifi:Set status to INIT
WiFi lost connection, reconnect...
E (22171) wifi:Set status to INIT
WiFi lost connection, reconnect...
E (22205) wifi:Set status to INIT
WiFi lost connection, reconnect...
E (22243) wifi:Set status to INIT
WiFi lost connection, reconnect...
E (22272) wifi:Set status to INIT
WiFi lost connection, reconnect...
E (22306) wifi:Set status to INIT
WiFi lost connection, reconnect...
E (22339) wifi:Set status to INIT
WiFi lost connection, reconnect...
E (22367) wifi:Set status to INIT
WiFi lost connection, reconnect...
E (22396) wifi:Set status to INIT
WiFi lost connection, reconnect...
E (22427) wifi:Set status to INIT
WiFi lost connection, reconnect...
E (22458) wifi:Set status to INIT
WiFi lost connection, reconnect...
E (22486) wifi:Set status to INIT
WiFi lost connection, reconnect...
E (22517) wifi:Set status to INIT
WiFi lost connection, reconnect...
E (22546) wifi:Set status to INIT
WiFi lost connection, reconnect...
E (22574) wifi:Set status to INIT
WiFi lost connection, reconnect...
E (22602) wifi:Set status to INIT
WiFi lost connection, reconnect...
E (22632) wifi:Set status to INIT
WiFi lost connection, reconnect...
E (22660) wifi:Set status to INIT
WiFi lost connection, reconnect...
E (22688) wifi:Set status to INIT
WiFi lost connection, reconnect...
E (22717) wifi:Set status to INIT
WiFi lost connection, reconnect...
E (22757) wifi:Set status to INIT
WiFi lost connection, reconnect...
[ 12719][E][WiFiUdp.cpp:172] beginPacket(): could not get host from dns: 11
[ 12723][E][WiFiUdp.cpp:185] endPacket(): could not send data: 118
E (22787) wifi:Set status to INIT
WiFi lost connection, reconnect...
E (22817) wifi:Set status to INIT
WiFi lost connection, reconnect...
E (22851) wifi:Set status to INIT
WiFi lost connection, reconnect...
E (22880) wifi:Set status to INIT
WiFi lost connection, reconnect...
E (22919) wifi:Set status to INIT
WiFi lost connection, reconnect...
E (22953) wifi:Set status to INIT
WiFi lost connection, reconnect...
E (22983) wifi:Set status to INIT
WiFi lost connection, reconnect...
E (23011) wifi:Set status to INIT
WiFi lost connection, reconnect...
E (23044) wifi:Set status to INIT
WiFi lost connection, reconnect...
E (23076) wifi:Set status to INIT
WiFi lost connection, reconnect...
E (23105) wifi:Set status to INIT
WiFi lost connection, reconnect...
[ 14107][E][WiFiUdp.cpp:172] beginPacket(): could not get host from dns: 11
[ 14108][E][WiFiUdp.cpp:185] endPacket(): could not send data: 118
10.175.1.7
