[   774][E][Wire.cpp:481] requestFrom(): NULL buffer pointer
[   776][E][Wire.cpp:557] read(): NULL RX buffer pointer
[   776][E][Wire.cpp:422] beginTransmission(): could not acquire lock
[   776][E][esp32-hal-cpu.c:110] addApbChangeCallback(): duplicate func=0x400ff1b4 arg=0x3ffbdcf8
[   779][E][WiFiUdp.cpp:172] beginPacket(): could not get host from dns: 11
[   781][E][Wire.cpp:526] write(): NULL TX buffer pointer
[   800][E][WiFiUdp.cpp:185] endPacket(): could not send data: 118
[   802][E][Wire.cpp:526] write(): NULL TX buffer pointer
The SI473X / SI474X I2C address is 0x11
[  1830][E][WiFiUdp.cpp:172] beginPacket(): could not get host from dns: 11
[  1831][E][WiFiUdp.cpp:185] endPacket(): could not send data: 118
[  3103][E][WiFiUdp.cpp:172] beginPacket(): could not get host from dns: 11
[  3104][E][WiFiUdp.cpp:185] endPacket(): could not send data: 118
[  4378][E][WiFiUdp.cpp:172] beginPacket(): could not get host from dns: 11
[  4380][E][WiFiUdp.cpp:185] endPacket(): could not send data: 118
[  5654][E][WiFiUdp.cpp:172] beginPacket(): could not get host from dns: 11
[  5655][E][WiFiUdp.cpp:185] endPacket(): could not send data: 118
[  6927][E][WiFiUdp.cpp:172] beginPacket(): could not get host from dns: 11
[  6928][E][WiFiUdp.cpp:185] endPacket(): could not send data: 118
WiFi lost connection, reconnect...
[  8227][E][WiFiUdp.cpp:172] beginPacket(): could not get host from dns: 11
[  8228][E][WiFiUdp.cpp:185] endPacket(): could not send data: 118
[  9505][E][WiFiUdp.cpp:172] beginPacket(): could not get host from dns: 11
[  9506][E][WiFiUdp.cpp:185] endPacket(): could not send data: 118
WiFi lost connection, reconnect...
E (19952) wifi:Set status to INIT
WiFi lost connection, reconnect...
E (19980) wifi:Set status to INIT
WiFi lost connection, reconnect...
E (20008) wifi:Set status to INIT
WiFi lost connection, reconnect...
E (20038) wifi:Set status to INIT
WiFi lost connection, reconnect...
E (20066) wifi:Set status to INIT
WiFi lost connection, reconnect...
E (20094) wifi:Set status to INIT
WiFi lost connection, reconnect...
E (20123) wifi:Set status to INIT
WiFi lost connection, reconnect...
E (20152) wifi:Set status to INIT
WiFi lost connection, reconnect...
E (20180) wifi:Set status to INIT
WiFi lost connection, reconnect...
E (20212) wifi:Set status to INIT
WiFi lost connection, reconnect...
E (20244) wifi:Set status to INIT
WiFi lost connection, reconnect...
E (20272) wifi:Set status to INIT
WiFi lost connection, reconnect...
E (20302) wifi:Set status to INIT
WiFi lost connection, reconnect...
E (20330) wifi:Set status to INIT
WiFi lost connection, reconnect...
E (20358) wifi:Set status to INIT
WiFi lost connection, reconnect...
E (20387) wifi:Set status to INIT
WiFi lost connection, reconnect...
E (20417) wifi:Set status to INIT
WiFi lost connection, reconnect...
E (20447) wifi:Set status to INIT
WiFi lost connection, reconnect...
E (20475) wifi:Set status to INIT
WiFi lost connection, reconnect...
E (20505) wifi:Set status to INIT
WiFi lost connection, reconnect...
E (20534) wifi:Set status to INIT
WiFi lost connection, reconnect...
E (20563) wifi:Set status to INIT
WiFi lost connection, reconnect...
E (20591) wifi:Set status to INIT
WiFi lost connection, reconnect...
E (20620) wifi:Set status to INIT
WiFi lost connection, reconnect...
E (20651) wifi:Set status to INIT
WiFi lost connection, reconnect...
E (20681) wifi:Set status to INIT
WiFi lost connection, reconnect...
E (20712) wifi:Set status to INIT
WiFi lost connection, reconnect...
E (20740) wifi:Set status to INIT
WiFi lost connection, reconnect...
E (20768) wifi:Set status to INIT
WiFi lost connection, reconnect...
E (20797) wifi:Set status to INIT
WiFi lost connection, reconnect...
E (20828) wifi:Set status to INIT
WiFi lost connection, reconnect...
E (20856) wifi:Set status to INIT
WiFi lost connection, reconnect...
E (20886) wifi:Set status to INIT
WiFi lost connection, reconnect...
E (20915) wifi:Set status to INIT
WiFi lost connection, reconnect...
E (20947) wifi:Set status to INIT
WiFi lost connection, reconnect...
E (20981) wifi:Set status to INIT
WiFi lost connection, reconnect...
E (21009) wifi:Set status to INIT
WiFi lost connection, reconnect...
E (21038) wifi:Set status to INIT
WiFi lost connection, reconnect...
E (21069) wifi:Set status to INIT
WiFi lost connection, reconnect...
E (21182) wifi:Set status to INIT
WiFi lost connection, reconnect...
[ 11093][E][WiFiUdp.cpp:172] beginPacket(): could not get host from dns: 11
[ 11094][E][WiFiUdp.cpp:185] endPacket(): could not send data: 118
E (21211) wifi:Set status to INIT
WiFi lost connection, reconnect...
E (21239) wifi:Set status to INIT
WiFi lost connection, reconnect...
E (21267) wifi:Set status to INIT
WiFi lost connection, reconnect...
E (21295) wifi:Set status to INIT
WiFi lost connection, reconnect...
E (21324) wifi:Set status to INIT
WiFi lost connection, reconnect...
E (21354) wifi:Set status to INIT
WiFi lost connection, reconnect...
E (21383) wifi:Set status to INIT
WiFi lost connection, reconnect...
E (21413) wifi:Set status to INIT
WiFi lost connection, reconnect...
E (21441) wifi:Set status to INIT
WiFi lost connection, reconnect...
E (21487) wifi:Set status to INIT
WiFi lost connection, reconnect...
E (21516) wifi:Set status to INIT
WiFi lost connection, reconnect...
E (21544) wifi:Set status to INIT
WiFi lost connection, reconnect...
E (21573) wifi:Set status to INIT
WiFi lost connection, reconnect...
E (21694) wifi:Set status to INIT
WiFi lost connection, reconnect...
E (21722) wifi:Set status to INIT
WiFi lost connection, reconnect...
E (21750) wifi:Set status to INIT
WiFi lost connection, reconnect...
E (21785) wifi:Set status to INIT
WiFi lost connection, reconnect...
E (21814) wifi:Set status to INIT
WiFi lost connection, reconnect...
E (21841) wifi:Set status to INIT
WiFi lost connection, reconnect...
E (21877) wifi:Set status to INIT
WiFi lost connection, reconnect...
E (21907) wifi:Set status to INIT
WiFi lost connection, reconnect...
E (21937) wifi:Set status to INIT
WiFi lost connection, reconnect...
E (21966) wifi:Set status to INIT
WiFi lost connection, reconnect...
E (21994) wifi:Set status to INIT
WiFi lost connection, reconnect...
E (22031) wifi:Set status to INIT
WiFi lost connection, reconnect...
E (22064) wifi:Set status to INIT
WiFi lost connection, reconnect...
E (22102) wifi:Set status to INIT
WiFi lost connection, reconnect...
E (22130) wifi:Set status to INIT
WiFi lost connection, reconnect...
E (22204) wifi:Set status to INIT
WiFi lost connection, reconnect...
E (22232) wifi:Set status to INIT
WiFi lost connection, reconnect...
E (22260) wifi:Set status to INIT
WiFi lost connection, reconnect...
E (22289) wifi:Set status to INIT
WiFi lost connection, reconnect...
E (22317) wifi:Set status to INIT
WiFi lost connection, reconnect...
E (22349) wifi:Set status to INIT
WiFi lost connection, reconnect...
E (22379) wifi:Set status to INIT
WiFi lost connection, reconnect...
E (22407) wifi:Set status to INIT
WiFi lost connection, reconnect...
E (22435) wifi:Set status to INIT
WiFi lost connection, reconnect...
E (22463) wifi:Set status to INIT
WiFi lost connection, reconnect...
E (22493) wifi:Set status to INIT
WiFi lost connection, reconnect...
E (22523) wifi:Set status to INIT
WiFi lost connection, reconnect...
E (22553) wifi:Set status to INIT
WiFi lost connection, reconnect...
E (22583) wifi:Set status to INIT
WiFi lost connection, reconnect...
E (22611) wifi:Set status to INIT
WiFi lost connection, reconnect...
E (22639) wifi:Set status to INIT
WiFi lost connection, reconnect...
E (22717) wifi:Set status to INIT
WiFi lost connection, reconnect...
E (22746) wifi:Set status to INIT
WiFi lost connection, reconnect...
E (22776) wifi:Set status to INIT
WiFi lost connection, reconnect...
E (22808) wifi:Set status to INIT
WiFi lost connection, reconnect...
[ 12718][E][WiFiUdp.cpp:172] beginPacket(): could not get host from dns: 11
[ 12719][E][WiFiUdp.cpp:185] endPacket(): could not send data: 118
E (22838) wifi:Set status to INIT
WiFi lost connection, reconnect...
E (22872) wifi:Set status to INIT
WiFi lost connection, reconnect...
E (22904) wifi:Set status to INIT
WiFi lost connection, reconnect...
E (22934) wifi:Set status to INIT
WiFi lost connection, reconnect...
E (22965) wifi:Set status to INIT
WiFi lost connection, reconnect...
E (22994) wifi:Set status to INIT
WiFi lost connection, reconnect...
E (23025) wifi:Set status to INIT
WiFi lost connection, reconnect...
E (23053) wifi:Set status to INIT
WiFi lost connection, reconnect...
E (23143) wifi:Set status to INIT
WiFi lost connection, reconnect...
E (23175) wifi:Set status to INIT
WiFi lost connection, reconnect...
E (23210) wifi:Set status to INIT
WiFi lost connection, reconnect...
E (23238) wifi:Set status to INIT
WiFi lost connection, reconnect...
E (23269) wifi:Set status to INIT
WiFi lost connection, reconnect...
E (23298) wifi:Set status to INIT
WiFi lost connection, reconnect...
E (23326) wifi:Set status to INIT
WiFi lost connection, reconnect...
E (23355) wifi:Set status to INIT
WiFi lost connection, reconnect...
E (23384) wifi:Set status to INIT
WiFi lost connection, reconnect...
E (23415) wifi:Set status to INIT
WiFi lost connection, reconnect...
E (23445) wifi:Set status to INIT
WiFi lost connection, reconnect...
E (23473) wifi:Set status to INIT
WiFi lost connection, reconnect...
E (23503) wifi:Set status to INIT
WiFi lost connection, reconnect...
E (23531) wifi:Set status to INIT
WiFi lost connection, reconnect...
E (23562) wifi:Set status to INIT
WiFi lost connection, reconnect...
E (23640) wifi:Set status to INIT
WiFi lost connection, reconnect...
E (23669) wifi:Set status to INIT
WiFi lost connection, reconnect...
E (23740) wifi:Set status to INIT
WiFi lost connection, reconnect...
E (23768) wifi:Set status to INIT
WiFi lost connection, reconnect...
E (23796) wifi:Set status to INIT
WiFi lost connection, reconnect...
E (23825) wifi:Set status to INIT
WiFi lost connection, reconnect...
E (23853) wifi:Set status to INIT
WiFi lost connection, reconnect...
E (23883) wifi:Set status to INIT
WiFi lost connection, reconnect...
E (23915) wifi:Set status to INIT
WiFi lost connection, reconnect...
E (23944) wifi:Set status to INIT
WiFi lost connection, reconnect...
E (23972) wifi:Set status to INIT
WiFi lost connection, reconnect...
E (24000) wifi:Set status to INIT
WiFi lost connection, reconnect...
E (24030) wifi:Set status to INIT
WiFi lost connection, reconnect...
E (24058) wifi:Set status to INIT
WiFi lost connection, reconnect...
E (24093) wifi:Set status to INIT
WiFi lost connection, reconnect...
E (24122) wifi:Set status to INIT
WiFi lost connection, reconnect...
E (24150) wifi:Set status to INIT
WiFi lost connection, reconnect...
E (24180) wifi:Set status to INIT
WiFi lost connection, reconnect...
E (24252) wifi:Set status to INIT
WiFi lost connection, reconnect...
E (24280) wifi:Set status to INIT
WiFi lost connection, reconnect...
E (24309) wifi:Set status to INIT
WiFi lost connection, reconnect...
E (24337) wifi:Set status to INIT
WiFi lost connection, reconnect...
E (24367) wifi:Set status to INIT
WiFi lost connection, reconnect...
E (24396) wifi:Set status to INIT
WiFi lost connection, reconnect...
E (24424) wifi:Set status to INIT
WiFi lost connection, reconnect...
E (24453) wifi:Set status to INIT
WiFi lost connection, reconnect...
E (24491) wifi:Set status to INIT
WiFi lost connection, reconnect...
[ 14402][E][WiFiUdp.cpp:172] beginPacket(): could not get host from dns: 11
[ 14403][E][WiFiUdp.cpp:185] endPacket(): could not send data: 118
E (24523) wifi:Set status to INIT
WiFi lost connection, reconnect...
E (24561) wifi:Set status to INIT
WiFi lost connection, reconnect...
E (24593) wifi:Set status to INIT
WiFi lost connection, reconnect...
E (24622) wifi:Set status to INIT
WiFi lost connection, reconnect...
E (24652) wifi:Set status to INIT
WiFi lost connection, reconnect...
E (24681) wifi:Set status to INIT
WiFi lost connection, reconnect...
E (24711) wifi:Set status to INIT
WiFi lost connection, reconnect...
E (24742) wifi:Set status to INIT
WiFi lost connection, reconnect...
E (24769) wifi:Set status to INIT
WiFi lost connection, reconnect...
E (24797) wifi:Set status to INIT
WiFi lost connection, reconnect...
E (24826) wifi:Set status to INIT
WiFi lost connection, reconnect...
E (24857) wifi:Set status to INIT
WiFi lost connection, reconnect...
10.175.1.7
WiFi lost connection, reconnect...
10.175.1.7
WiFi lost connection, reconnect...
10.175.1.7
WiFi lost connection, reconnect...
10.175.1.7
WiFi lost connection, reconnect...
10.175.1.7
WiFi lost connection, reconnect...
10.175.1.7
WiFi lost connection, reconnect...
10.175.1.7
WiFi lost connection, reconnect...
10.175.1.7
WiFi lost connection, reconnect...
10.175.1.7
WiFi lost connection, reconnect...
10.175.1.7
WiFi lost connection, reconnect...
10.175.1.7
WiFi lost connection, reconnect...
10.175.1.7
WiFi lost connection, reconnect...
10.175.1.7
WiFi lost connection, reconnect...
10.175.1.7
WiFi lost connection, reconnect...
10.175.1.7
WiFi lost connection, reconnect...
10.175.1.7
WiFi lost connection, reconnect...
10.175.1.7
WiFi lost connection, reconnect...
