[   735][E][WiFiUdp.cpp:172] beginPacket(): could not get host from dns: 11
[   737][E][WiFiUdp.cpp:185] endPacket(): could not send data: 118
[  1763][E][WiFiUdp.cpp:172] beginPacket(): could not get host from dns: 11
[  1765][E][WiFiUdp.cpp:185] endPacket(): could not send data: 118
[  3041][E][WiFiUdp.cpp:172] beginPacket(): could not get host from dns: 11
[  3042][E][WiFiUdp.cpp:185] endPacket(): could not send data: 118
[  4317][E][WiFiUdp.cpp:172] beginPacket(): could not get host from dns: 11
[  4318][E][WiFiUdp.cpp:185] endPacket(): could not send data: 118
-1
-2
-3
[  5592][E][WiFiUdp.cpp:172] beginPacket(): could not get host from dns: 11
[  5593][E][WiFiUdp.cpp:185] endPacket(): could not send data: 118
-2
-1
Click
[  6865][E][WiFiUdp.cpp:172] beginPacket(): could not get host from dns: 11
[  6866][E][WiFiUdp.cpp:185] endPacket(): could not send data: 118
Encoder
WiFi lost connection, reconnect...
10.175.1.7
-2
-3
-4
WiFi lost connection, reconnect...
10.175.1.7
-5
WiFi lost connection, reconnect...
10.175.1.7
-6
-5
-4
-3
-4
-5
WiFi lost connection, reconnect...
10.175.1.7
-4
-5
-6
-5
-4
WiFi lost connection, reconnect...
10.175.1.7
-3
-2
-1
WiFi lost connection, reconnect...
10.175.1.7
0
-1
0
WiFi lost connection, reconnect...
-1
0
1
WiFi lost connection, reconnect...
10.175.1.7
2
1
WiFi lost connection, reconnect...
10.175.1.7
2
1
WiFi lost connection, reconnect...
10.175.1.7
0
1
WiFi lost connection, reconnect...
10.175.1.7
WiFi lost connection, reconnect...
10.175.1.7
WiFi lost connection, reconnect...
10.175.1.7
WiFi lost connection, reconnect...
10.175.1.7
WiFi lost connection, reconnect...
10.175.1.7
WiFi lost connection, reconnect...
10.175.1.7
WiFi lost connection, reconnect...
10.175.1.7
0
WiFi lost connection, reconnect...
WiFi lost connection, reconnect...
1
2
WiFi lost connection, reconnect...
E (56212) wifi:Set status to INIT
WiFi lost connection, reconnect...
E (56241) wifi:Set status to INIT
WiFi lost connection, reconnect...
E (56269) wifi:Set status to INIT
WiFi lost connection, reconnect...
E (56297) wifi:Set status to INIT
WiFi lost connection, reconnect...
E (56324) wifi:Set status to INIT
WiFi lost connection, reconnect...
E (56389) wifi:Set status to INIT
WiFi lost connection, reconnect...
E (56417) wifi:Set status to INIT
WiFi lost connection, reconnect...
E (56446) wifi:Set status to INIT
WiFi lost connection, reconnect...
E (56474) wifi:Set status to INIT
WiFi lost connection, reconnect...
E (56501) wifi:Set status to INIT
WiFi lost connection, reconnect...
E (56529) wifi:Set status to INIT
WiFi lost connection, reconnect...
E (56559) wifi:Set status to INIT
WiFi lost connection, reconnect...
E (56587) wifi:Set status to INIT
WiFi lost connection, reconnect...
E (56615) wifi:Set status to INIT
WiFi lost connection, reconnect...
E (56659) wifi:Set status to INIT
WiFi lost connection, reconnect...
E (56690) wifi:Set status to INIT
WiFi lost connection, reconnect...
E (56717) wifi:Set status to INIT
WiFi lost connection, reconnect...
E (56745) wifi:Set status to INIT
WiFi lost connection, reconnect...
E (56800) wifi:Set status to INIT
WiFi lost connection, reconnect...
E (56830) wifi:Set status to INIT
WiFi lost connection, reconnect...
E (56865) wifi:Set status to INIT
WiFi lost connection, reconnect...
E (56894) wifi:Set status to INIT
WiFi lost connection, reconnect...
E (56922) wifi:Set status to INIT
WiFi lost connection, reconnect...
E (56950) wifi:Set status to INIT
WiFi lost connection, reconnect...
E (57015) wifi:Set status to INIT
WiFi lost connection, reconnect...
E (57045) wifi:Set status to INIT
WiFi lost connection, reconnect...
E (57072) wifi:Set status to INIT
WiFi lost connection, reconnect...
E (57102) wifi:Set status to INIT
WiFi lost connection, reconnect...
E (57208) wifi:Set status to INIT
WiFi lost connection, reconnect...
E (57236) wifi:Set status to INIT
WiFi lost connection, reconnect...
E (57312) wifi:Set status to INIT
WiFi lost connection, reconnect...
E (57343) wifi:Set status to INIT
WiFi lost connection, reconnect...
3
E (57413) wifi:Set status to INIT
WiFi lost connection, reconnect...
E (57440) wifi:Set status to INIT
WiFi lost connection, reconnect...
E (57477) wifi:Set status to INIT
WiFi lost connection, reconnect...
E (57506) wifi:Set status to INIT
WiFi lost connection, reconnect...
E (57534) wifi:Set status to INIT
WiFi lost connection, reconnect...
E (57562) wifi:Set status to INIT
WiFi lost connection, reconnect...
E (57649) wifi:Set status to INIT
WiFi lost connection, reconnect...
E (57687) wifi:Set status to INIT
WiFi lost connection, reconnect...
E (57718) wifi:Set status to INIT
WiFi lost connection, reconnect...
E (57746) wifi:Set status to INIT
WiFi lost connection, reconnect...
E (57784) wifi:Set status to INIT
WiFi lost connection, reconnect...
E (57813) wifi:Set status to INIT
WiFi lost connection, reconnect...
E (57841) wifi:Set status to INIT
WiFi lost connection, reconnect...
E (57872) wifi:Set status to INIT
WiFi lost connection, reconnect...
E (57925) wifi:Set status to INIT
WiFi lost connection, reconnect...
E (57953) wifi:Set status to INIT
WiFi lost connection, reconnect...
E (57984) wifi:Set status to INIT
WiFi lost connection, reconnect...
E (58012) wifi:Set status to INIT
WiFi lost connection, reconnect...
E (58040) wifi:Set status to INIT
WiFi lost connection, reconnect...
E (58068) wifi:Set status to INIT
WiFi lost connection, reconnect...
E (58096) wifi:Set status to INIT
WiFi lost connection, reconnect...
E (58124) wifi:Set status to INIT
WiFi lost connection, reconnect...
E (58152) wifi:Set status to INIT
WiFi lost connection, reconnect...
E (58179) wifi:Set status to INIT
WiFi lost connection, reconnect...
E (58232) wifi:Set status to INIT
WiFi lost connection, reconnect...
E (58260) wifi:Set status to INIT
WiFi lost connection, reconnect...
E (58292) wifi:Set status to INIT
WiFi lost connection, reconnect...
E (58324) wifi:Set status to INIT
WiFi lost connection, reconnect...
E (58352) wifi:Set status to INIT
WiFi lost connection, reconnect...
E (58380) wifi:Set status to INIT
WiFi lost connection, reconnect...
E (58440) wifi:Set status to INIT
WiFi lost connection, reconnect...
E (58467) wifi:Set status to INIT
WiFi lost connection, reconnect...
E (58507) wifi:Set status to INIT
WiFi lost connection, reconnect...
E (58540) wifi:Set status to INIT
WiFi lost connection, reconnect...
E (58643) wifi:Set status to INIT
WiFi lost connection, reconnect...
E (58680) wifi:Set status to INIT
WiFi lost connection, reconnect...
E (58745) wifi:Set status to INIT
WiFi lost connection, reconnect...
E (58774) wifi:Set status to INIT
WiFi lost connection, reconnect...
E (58803) wifi:Set status to INIT
WiFi lost connection, reconnect...
E (58832) wifi:Set status to INIT
WiFi lost connection, reconnect...
E (58870) wifi:Set status to INIT
WiFi lost connection, reconnect...
E (58905) wifi:Set status to INIT
WiFi lost connection, reconnect...
E (58944) wifi:Set status to INIT
WiFi lost connection, reconnect...
E (58972) wifi:Set status to INIT
WiFi lost connection, reconnect...
E (59013) wifi:Set status to INIT
WiFi lost connection, reconnect...
E (59045) wifi:Set status to INIT
WiFi lost connection, reconnect...
WiFi lost connection, reconnect...
2
10.175.1.7
1
0
-1
0
-1
-2
-3
-2
-3
-4
