10.175.1.7
[   752][E][Wire.cpp:481] requestFrom(): NULL buffer pointer
[   767][E][Wire.cpp:557] read(): NULL RX buffer pointer
[   768][E][Wire.cpp:422] beginTransmission(): could not acquire lock
[   772][E][Wire.cpp:526] write(): NULL TX buffer pointer
[   784][E][Wire.cpp:526] write(): NULL TX buffer pointer

assert failed: xQueueGenericSend queue.c:832 (pxQueue->pcHead != ((void *)0) || pxQueue->u.xSemaphore.xMutexHolder == ((void *)0) || pxQueue->u.xSemaphore.xMutexHolder == xTaskGetCurrentTaskHandle())


Backtrace: 0x400837b5:0x3ffea3c0 0x4008bc55:0x3ffea3e0 0x40091c35:0x3ffea400 0x4008c70a:0x3ffea530 0x40165b1f:0x3ffea570 0x40165d79:0x3ffea590 0x400f9936:0x3ffea5b0 0x400f996d:0x3ffea5d0 0x400d2876:0x3ffea5f0




ELF file SHA256: 8e53084ff0574166

Rebooting...
ets Jun  8 2016 00:22:57

rst:0xc (SW_CPU_RESET),boot:0x13 (SPI_FAST_FLASH_BOOT)
configsip: 0, SPIWP:0xee
clk_drv:0x00,q_drv:0x00,d_drv:0x00,cs0_drv:0x00,hd_drv:0x00,wp_drv:0x00
mode:DIO, clock div:2
load:0x3fff0030,len:1184
load:0x40078000,len:13192
load:0x40080400,len:3028
entry 0x400805e4
10.175.1.7
[   781][E][Wire.cpp:481] requestFrom(): NULL buffer pointer
[   782][E][Wire.cpp:557] read(): NULL RX buffer pointer
[   782][E][Wire.cpp:422] beginTransmission(): could not acquire lock
[   787][E][Wire.cpp:526] write(): NULL TX buffer pointer
[   796][E][Wire.cpp:526] write(): NULL TX buffer pointer

assert failed: xQueueGenericSend queue.c:832 (pxQueue->pcHead != ((void *)0) || pxQueue->u.xSemaphore.xMutexHolder == ((void *)0) || pxQueue->u.xSemaphore.xMutexHolder == xTaskGetCurrentTaskHandle())


Backtrace: 0x400837b5:0x3ffea3c0 0x4008bc55:0x3ffea3e0 0x40091c35:0x3ffea400 0x4008c70a:0x3ffea530 0x40165b1f:0x3ffea570 0x40165d79:0x3ffea590 0x400f9936:0x3ffea5b0 0x400f996d:0x3ffea5d0 0x400d2876:0x3ffea5f0




ELF file SHA256: 8e53084ff0574166

Rebooting...
ets Jun  8 2016 00:22:57

rst:0xc (SW_CPU_RESET),boot:0x13 (SPI_FAST_FLASH_BOOT)
configsip: 0, SPIWP:0xee
clk_drv:0x00,q_drv:0x00,d_drv:0x00,cs0_drv:0x00,hd_drv:0x00,wp_drv:0x00
mode:DIO, clock div:2
load:0x3fff0030,len:1184
load:0x40078000,len:13192
load:0x40080400,len:3028
entry 0x400805e4
10.175.1.7
[   766][E][Wire.cpp:481] requestFrom(): NULL buffer pointer
[   776][E][Wire.cpp:557] read(): NULL RX buffer pointer
[   777][E][Wire.cpp:422] beginTransmission(): could not acquire lock
[   787][E][Wire.cpp:526] write(): NULL TX buffer pointer
[   791][E][Wire.cpp:526] write(): NULL TX buffer pointer
[   796][E][Wire.cpp:448] endTransmission(): NULL TX buffer pointer
[   798][E][Wire.cpp:481] requestFrom(): NULL buffer pointer
The SI473X / SI474X I2C address is 0x11
[  2328][E][Wire.cpp:513] requestFrom(): i2cRead returned Error 263
