10.175.1.7
[   770][E][Wire.cpp:481] requestFrom(): NULL buffer pointer
[   790][E][Wire.cpp:557] read(): NULL RX buffer pointer
[   790][E][Wire.cpp:422] beginTransmission(): could not acquire lock
[   795][E][Wire.cpp:526] write(): NULL TX buffer pointer
[   803][E][Wire.cpp:526] write(): NULL TX buffer pointer
[   806][E][esp32-hal-i2c.c:143] i2cWrite(): could not acquire lock
The SI473X / SI474X I2C address is 0x11
[  2344][E][Wire.cpp:513] requestFrom(): i2cRead returned Error 263
WiFi lost connection, reconnect...
WiFi lost connection, reconnect...
WiFi lost connection, reconnect...
10.175.1.7
WiFi lost connection, reconnect...
WiFi lost connection, reconnect...
WiFi lost connection, reconnect...
WiFi lost connection, reconnect...
WiFi lost connection, reconnect...
10.175.1.7
[998634][E][WiFiUdp.cpp:185] endPacket(): could not send data: 12
WiFi lost connection, reconnect...
[1097059][E][WiFiUdp.cpp:185] endPacket(): could not send data: 118
[1098333][E][WiFiUdp.cpp:185] endPacket(): could not send data: 118
[1099606][E][WiFiUdp.cpp:185] endPacket(): could not send data: 118
[1100878][E][WiFiUdp.cpp:185] endPacket(): could not send data: 118
WiFi lost connection, reconnect...
[1102150][E][WiFiUdp.cpp:185] endPacket(): could not send data: 118
[1103421][E][WiFiUdp.cpp:185] endPacket(): could not send data: 118
[1104693][E][WiFiUdp.cpp:185] endPacket(): could not send data: 118
WiFi lost connection, reconnect...
[1105964][E][WiFiUdp.cpp:185] endPacket(): could not send data: 118
[1107235][E][WiFiUdp.cpp:185] endPacket(): could not send data: 118
[1108520][E][WiFiUdp.cpp:185] endPacket(): could not send data: 118
10.175.1.7
WiFi lost connection, reconnect...
[1227482][E][WiFiUdp.cpp:185] endPacket(): could not send data: 118
[1228754][E][WiFiUdp.cpp:185] endPacket(): could not send data: 118
WiFi lost connection, reconnect...
10.175.1.7
WiFi lost connection, reconnect...
10.175.1.7
WiFi lost connection, reconnect...
10.175.1.7
WiFi lost connection, reconnect...
[1236453][E][WiFiUdp.cpp:185] endPacket(): could not send data: 118
[1237743][E][WiFiUdp.cpp:185] endPacket(): could not send data: 118
