10.175.1.7
[   783][E][Wire.cpp:481] requestFrom(): NULL buffer pointer
[   785][E][Wire.cpp:557] read(): NULL RX buffer pointer
[   785][E][Wire.cpp:422] beginTransmission(): could not acquire lock
[   791][E][Wire.cpp:526] write(): NULL TX buffer pointer
[   797][E][Wire.cpp:526] write(): NULL TX buffer pointer
[   801][E][Wire.cpp:448] endTransmission(): NULL TX buffer pointer
[   807][E][Wire.cpp:481] requestFrom(): NULL buffer pointer
[   813][E][Wire.cpp:557] read(): NULL RX buffer pointer
[   817][E][Wire.cpp:481] requestFrom(): NULL buffer pointer
The SI473X / SI474X I2C address is 0x11
WiFi lost connection, reconnect...
WiFi lost connection, reconnect...
10.175.1.7
WiFi lost connection, reconnect...
10.175.1.7
WiFi lost connection, reconnect...
10.175.1.7
WiFi lost connection, reconnect...
WiFi lost connection, reconnect...
10.175.1.7
Guru Meditation Error: Core  0 panic'ed (LoadProhibited). Exception was unhandled.

Core  0 register dump:
PC      : 0x40089eb0  PS      : 0x00060c30  A0      : 0x800ef914  A1      : 0x3ffe85d0  
A2      : 0x00000001  A3      : 0xfffffffd  A4      : 0x000000ff  A5      : 0x0000ff00  
A6      : 0x00ff0000  A7      : 0xff000000  A8      : 0x00000000  A9      : 0x3ffd193c  
A10     : 0x0000000c  A11     : 0x3ffc70e0  A12     : 0x0000000d  A13     : 0x0000000c  
A14     : 0x3ffc70e4  A15     : 0x00000001  SAR     : 0x0000001d  EXCCAUSE: 0x0000001c  
EXCVADDR: 0x00000001  LBEG    : 0x400e9819  LEND    : 0x400e983c  LCOUNT  : 0x00000007  


Backtrace: 0x40089ead:0x3ffe85d0 0x400ef911:0x3ffe85e0 0x400d288a:0x3ffe8610 0x400d28d9:0x3ffe8630 0x400d306d:0x3ffe8650




ELF file SHA256: bb62398d81233429

Rebooting...
ets Jun  8 2016 00:22:57

rst:0xc (SW_CPU_RESET),boot:0x17 (SPI_FAST_FLASH_BOOT)
configsip: 0, SPIWP:0xee
clk_drv:0x00,q_drv:0x00,d_drv:0x00,cs0_drv:0x00,hd_drv:0x00,wp_drv:0x00
mode:DIO, clock div:2
load:0x3fff0030,len:1184
load:0x40078000,len:13192
load:0x40080400,len:3028
entry 0x400805e4
10.175.1.7
[   784][E][Wire.cpp:481] requestFrom(): NULL buffer pointer
[   786][E][Wire.cpp:557] read(): NULL RX buffer pointer
[   787][E][Wire.cpp:422] beginTransmission(): could not acquire lock
[   792][E][Wire.cpp:526] write(): NULL TX buffer pointer
[   797][E][Wire.cpp:526] write(): NULL TX buffer pointer
[   802][E][Wire.cpp:448] endTransmission(): NULL TX buffer pointer
[   808][E][Wire.cpp:481] requestFrom(): NULL buffer pointer
[   814][E][Wire.cpp:557] read(): NULL RX buffer pointer
[   818][E][Wire.cpp:481] requestFrom(): NULL buffer pointer
The SI473X / SI474X I2C address is 0x11
Guru Meditation Error: Core  0 panic'ed (LoadProhibited). Exception was unhandled.

Core  0 register dump:
PC      : 0x40089eb0  PS      : 0x00060c30  A0      : 0x800ef914  A1      : 0x3ffe85d0  
A2      : 0x00000001  A3      : 0xfffffffd  A4      : 0x000000ff  A5      : 0x0000ff00  
A6      : 0x00ff0000  A7      : 0xff000000  A8      : 0x00000000  A9      : 0x3ffd193c  
A10     : 0x0000000c  A11     : 0x3ffc70e0  A12     : 0x0000000d  A13     : 0x0000000c  
A14     : 0x3ffc70e4  A15     : 0x00000001  SAR     : 0x0000001d  EXCCAUSE: 0x0000001c  
EXCVADDR: 0x00000001  LBEG    : 0x400e9819  LEND    : 0x400e983c  LCOUNT  : 0x00000007  


Backtrace: 0x40089ead:0x3ffe85d0 0x400ef911:0x3ffe85e0 0x400d288a:0x3ffe8610 0x400d28d9:0x3ffe8630 0x400d306d:0x3ffe8650




ELF file SHA256: bb62398d81233429

Rebooting...
ets Jun  8 2016 00:22:57

rst:0xc (SW_CPU_RESET),boot:0x17 (SPI_FAST_FLASH_BOOT)
configsip: 0, SPIWP:0xee
clk_drv:0x00,q_drv:0x00,d_drv:0x00,cs0_drv:0x00,hd_drv:0x00,wp_drv:0x00
mode:DIO, clock div:2
load:0x3fff0030,len:1184
load:0x40078000,len:13192
load:0x40080400,len:3028
entry 0x400805e4
10.175.1.7
[   782][E][Wire.cpp:481] requestFrom(): NULL buffer pointer
[   784][E][Wire.cpp:557] read(): NULL RX buffer pointer
[   785][E][Wire.cpp:422] beginTransmission(): could not acquire lock
[   790][E][Wire.cpp:526] write(): NULL TX buffer pointer
[   795][E][Wire.cpp:526] write(): NULL TX buffer pointer
[   800][E][Wire.cpp:448] endTransmission(): NULL TX buffer pointer
[   806][E][Wire.cpp:481] requestFrom(): NULL buffer pointer
[   812][E][Wire.cpp:557] read(): NULL RX buffer pointer
[   816][E][Wire.cpp:481] requestFrom(): NULL buffer pointer
The SI473X / SI474X I2C address is 0x11
