[   765][E][WiFiUdp.cpp:172] beginPacket(): could not get host from dns: 11
[   767][E][WiFiUdp.cpp:185] endPacket(): could not send data: 118
The SI473X / SI474X I2C address is 0x11
[  1791][E][WiFiUdp.cpp:172] beginPacket(): could not get host from dns: 11
[  1792][E][WiFiUdp.cpp:185] endPacket(): could not send data: 118
[  3071][E][WiFiUdp.cpp:172] beginPacket(): could not get host from dns: 11
[  3073][E][WiFiUdp.cpp:185] endPacket(): could not send data: 118
[  4409][E][WiFiUdp.cpp:172] beginPacket(): could not get host from dns: 11
[  4410][E][WiFiUdp.cpp:185] endPacket(): could not send data: 118
[  5691][E][WiFiUdp.cpp:172] beginPacket(): could not get host from dns: 11
[  5692][E][WiFiUdp.cpp:185] endPacket(): could not send data: 118
[  6973][E][WiFiUdp.cpp:172] beginPacket(): could not get host from dns: 11
[  6974][E][WiFiUdp.cpp:185] endPacket(): could not send data: 118
WiFi lost connection, reconnect...
10.175.1.7
WiFi lost connection, reconnect...
10.175.1.7
WiFi lost connection, reconnect...
10.175.1.7
WiFi lost connection, reconnect...
10.175.1.7
WiFi lost connection, reconnect...
10.175.1.7
WiFi lost connection, reconnect...
10.175.1.7
WiFi lost connection, reconnect...
10.175.1.7
WiFi lost connection, reconnect...
10.175.1.7
WiFi lost connection, reconnect...
10.175.1.7
WiFi lost connection, reconnect...
10.175.1.7
WiFi lost connection, reconnect...
10.175.1.7
WiFi lost connection, reconnect...
10.175.1.7
WiFi lost connection, reconnect...
10.175.1.7
WiFi lost connection, reconnect...
WiFi lost connection, reconnect...
10.175.1.7
WiFi lost connection, reconnect...
10.175.1.7
WiFi lost connection, reconnect...
10.175.1.7
WiFi lost connection, reconnect...
WiFi lost connection, reconnect...
10.175.1.7
WiFi lost connection, reconnect...
10.175.1.7
WiFi lost connection, reconnect...
10.175.1.7
WiFi lost connection, reconnect...
10.175.1.7
WiFi lost connection, reconnect...
10.175.1.7
WiFi lost connection, reconnect...
10.175.1.7
WiFi lost connection, reconnect...
10.175.1.7
WiFi lost connection, reconnect...
10.175.1.7
WiFi lost connection, reconnect...
10.175.1.7
WiFi lost connection, reconnect...
10.175.1.7
WiFi lost connection, reconnect...
10.175.1.7
WiFi lost connection, reconnect...
10.175.1.7
WiFi lost connection, reconnect...
[ 68366][E][WiFiUdp.cpp:172] beginPacket(): could not get host from dns: 11
[ 68367][E][WiFiUdp.cpp:185] endPacket(): could not send data: 118
[ 69651][E][WiFiUdp.cpp:172] beginPacket(): could not get host from dns: 11
[ 69652][E][WiFiUdp.cpp:185] endPacket(): could not send data: 118
WiFi lost connection, reconnect...
[ 70965][E][WiFiUdp.cpp:172] beginPacket(): could not get host from dns: 11
[ 70966][E][WiFiUdp.cpp:185] endPacket(): could not send data: 118
WiFi lost connection, reconnect...
E (72613) wifi:Set status to INIT
WiFi lost connection, reconnect...
E (72642) wifi:Set status to INIT
WiFi lost connection, reconnect...
E (72672) wifi:Set status to INIT
WiFi lost connection, reconnect...
E (72700) wifi:Set status to INIT
WiFi lost connection, reconnect...
E (72734) wifi:Set status to INIT
WiFi lost connection, reconnect...
E (72777) wifi:Set status to INIT
WiFi lost connection, reconnect...
E (72812) wifi:Set status to INIT
WiFi lost connection, reconnect...
E (72841) wifi:Set status to INIT
WiFi lost connection, reconnect...
E (72872) wifi:Set status to INIT
WiFi lost connection, reconnect...
E (72900) wifi:Set status to INIT
WiFi lost connection, reconnect...
[ 72266][E][WiFiUdp.cpp:172] beginPacket(): could not get host from dns: 11
[ 72267][E][WiFiUdp.cpp:185] endPacket(): could not send data: 118
E (72930) wifi:Set status to INIT
WiFi lost connection, reconnect...
E (72960) wifi:Set status to INIT
WiFi lost connection, reconnect...
E (72989) wifi:Set status to INIT
WiFi lost connection, reconnect...
E (73017) wifi:Set status to INIT
WiFi lost connection, reconnect...
E (73047) wifi:Set status to INIT
WiFi lost connection, reconnect...
E (73077) wifi:Set status to INIT
WiFi lost connection, reconnect...
E (73105) wifi:Set status to INIT
WiFi lost connection, reconnect...
E (73133) wifi:Set status to INIT
WiFi lost connection, reconnect...
E (73165) wifi:Set status to INIT
WiFi lost connection, reconnect...
E (73193) wifi:Set status to INIT
WiFi lost connection, reconnect...
E (73222) wifi:Set status to INIT
WiFi lost connection, reconnect...
E (73251) wifi:Set status to INIT
WiFi lost connection, reconnect...
E (73283) wifi:Set status to INIT
WiFi lost connection, reconnect...
E (73315) wifi:Set status to INIT
WiFi lost connection, reconnect...
E (73345) wifi:Set status to INIT
WiFi lost connection, reconnect...
E (73375) wifi:Set status to INIT
WiFi lost connection, reconnect...
E (73403) wifi:Set status to INIT
WiFi lost connection, reconnect...
E (73434) wifi:Set status to INIT
WiFi lost connection, reconnect...
E (73463) wifi:Set status to INIT
WiFi lost connection, reconnect...
E (73494) wifi:Set status to INIT
WiFi lost connection, reconnect...
E (73523) wifi:Set status to INIT
WiFi lost connection, reconnect...
E (73552) wifi:Set status to INIT
WiFi lost connection, reconnect...
E (73582) wifi:Set status to INIT
WiFi lost connection, reconnect...
E (73610) wifi:Set status to INIT
WiFi lost connection, reconnect...
E (73640) wifi:Set status to INIT
WiFi lost connection, reconnect...
E (73668) wifi:Set status to INIT
WiFi lost connection, reconnect...
E (73699) wifi:Set status to INIT
WiFi lost connection, reconnect...
E (73729) wifi:Set status to INIT
WiFi lost connection, reconnect...
E (73759) wifi:Set status to INIT
WiFi lost connection, reconnect...
E (73788) wifi:Set status to INIT
WiFi lost connection, reconnect...
E (73824) wifi:Set status to INIT
WiFi lost connection, reconnect...
E (73860) wifi:Set status to INIT
WiFi lost connection, reconnect...
E (73895) wifi:Set status to INIT
WiFi lost connection, reconnect...
E (73924) wifi:Set status to INIT
WiFi lost connection, reconnect...
E (73952) wifi:Set status to INIT
WiFi lost connection, reconnect...
E (73982) wifi:Set status to INIT
WiFi lost connection, reconnect...
E (74093) wifi:Set status to INIT
WiFi lost connection, reconnect...
E (74124) wifi:Set status to INIT
WiFi lost connection, reconnect...
E (74154) wifi:Set status to INIT
WiFi lost connection, reconnect...
E (74185) wifi:Set status to INIT
WiFi lost connection, reconnect...
E (74218) wifi:Set status to INIT
WiFi lost connection, reconnect...
E (74247) wifi:Set status to INIT
WiFi lost connection, reconnect...
E (74277) wifi:Set status to INIT
WiFi lost connection, reconnect...
E (74308) wifi:Set status to INIT
WiFi lost connection, reconnect...
E (74342) wifi:Set status to INIT
WiFi lost connection, reconnect...
E (74370) wifi:Set status to INIT
WiFi lost connection, reconnect...
E (74399) wifi:Set status to INIT
WiFi lost connection, reconnect...
E (74429) wifi:Set status to INIT
WiFi lost connection, reconnect...
E (74457) wifi:Set status to INIT
WiFi lost connection, reconnect...
E (74487) wifi:Set status to INIT
WiFi lost connection, reconnect...
E (74516) wifi:Set status to INIT
WiFi lost connection, reconnect...
E (74547) wifi:Set status to INIT
WiFi lost connection, reconnect...
E (74576) wifi:Set status to INIT
WiFi lost connection, reconnect...
E (74604) wifi:Set status to INIT
WiFi lost connection, reconnect...
E (74633) wifi:Set status to INIT
WiFi lost connection, reconnect...
[ 74000][E][WiFiUdp.cpp:172] beginPacket(): could not get host from dns: 11
[ 74001][E][WiFiUdp.cpp:185] endPacket(): could not send data: 118
E (74662) wifi:Set status to INIT
WiFi lost connection, reconnect...
E (74690) wifi:Set status to INIT
WiFi lost connection, reconnect...
E (74718) wifi:Set status to INIT
WiFi lost connection, reconnect...
E (74750) wifi:Set status to INIT
WiFi lost connection, reconnect...
E (74780) wifi:Set status to INIT
WiFi lost connection, reconnect...
E (74810) wifi:Set status to INIT
WiFi lost connection, reconnect...
E (74839) wifi:Set status to INIT
WiFi lost connection, reconnect...
E (74867) wifi:Set status to INIT
WiFi lost connection, reconnect...
E (74904) wifi:Set status to INIT
WiFi lost connection, reconnect...
E (74943) wifi:Set status to INIT
WiFi lost connection, reconnect...
E (74981) wifi:Set status to INIT
WiFi lost connection, reconnect...
E (75010) wifi:Set status to INIT
WiFi lost connection, reconnect...
E (75042) wifi:Set status to INIT
WiFi lost connection, reconnect...
E (75070) wifi:Set status to INIT
WiFi lost connection, reconnect...
E (75099) wifi:Set status to INIT
WiFi lost connection, reconnect...
E (75136) wifi:Set status to INIT
WiFi lost connection, reconnect...
E (75164) wifi:Set status to INIT
WiFi lost connection, reconnect...
E (75192) wifi:Set status to INIT
WiFi lost connection, reconnect...
E (75286) wifi:Set status to INIT
WiFi lost connection, reconnect...
E (75375) wifi:Set status to INIT
WiFi lost connection, reconnect...
E (75403) wifi:Set status to INIT
WiFi lost connection, reconnect...
E (75439) wifi:Set status to INIT
WiFi lost connection, reconnect...
E (75467) wifi:Set status to INIT
WiFi lost connection, reconnect...
E (75495) wifi:Set status to INIT
WiFi lost connection, reconnect...
E (75526) wifi:Set status to INIT
WiFi lost connection, reconnect...
E (75557) wifi:Set status to INIT
WiFi lost connection, reconnect...
E (75586) wifi:Set status to INIT
WiFi lost connection, reconnect...
E (75619) wifi:Set status to INIT
WiFi lost connection, reconnect...
E (75732) wifi:Set status to INIT
WiFi lost connection, reconnect...
E (75761) wifi:Set status to INIT
WiFi lost connection, reconnect...
E (75789) wifi:Set status to INIT
WiFi lost connection, reconnect...
E (75818) wifi:Set status to INIT
WiFi lost connection, reconnect...
E (75850) wifi:Set status to INIT
WiFi lost connection, reconnect...
E (75880) wifi:Set status to INIT
WiFi lost connection, reconnect...
E (75908) wifi:Set status to INIT
WiFi lost connection, reconnect...
E (75943) wifi:Set status to INIT
WiFi lost connection, reconnect...
E (75971) wifi:Set status to INIT
WiFi lost connection, reconnect...
E (76013) wifi:Set status to INIT
WiFi lost connection, reconnect...
E (76054) wifi:Set status to INIT
WiFi lost connection, reconnect...
E (76082) wifi:Set status to INIT
WiFi lost connection, reconnect...
E (76110) wifi:Set status to INIT
WiFi lost connection, reconnect...
E (76140) wifi:Set status to INIT
WiFi lost connection, reconnect...
E (76170) wifi:Set status to INIT
WiFi lost connection, reconnect...
E (76199) wifi:Set status to INIT
WiFi lost connection, reconnect...
E (76227) wifi:Set status to INIT
WiFi lost connection, reconnect...
E (76260) wifi:Set status to INIT
WiFi lost connection, reconnect...
E (76289) wifi:Set status to INIT
WiFi lost connection, reconnect...
E (76318) wifi:Set status to INIT
WiFi lost connection, reconnect...
[ 75683][E][WiFiUdp.cpp:172] beginPacket(): could not get host from dns: 11
[ 75684][E][WiFiUdp.cpp:185] endPacket(): could not send data: 118
E (76346) wifi:Set status to INIT
WiFi lost connection, reconnect...
E (76375) wifi:Set status to INIT
WiFi lost connection, reconnect...
E (76403) wifi:Set status to INIT
WiFi lost connection, reconnect...
E (76432) wifi:Set status to INIT
WiFi lost connection, reconnect...
E (76463) wifi:Set status to INIT
WiFi lost connection, reconnect...
E (76491) wifi:Set status to INIT
WiFi lost connection, reconnect...
E (76524) wifi:Set status to INIT
WiFi lost connection, reconnect...
E (76556) wifi:Set status to INIT
WiFi lost connection, reconnect...
E (76585) wifi:Set status to INIT
WiFi lost connection, reconnect...
E (76613) wifi:Set status to INIT
WiFi lost connection, reconnect...
E (76644) wifi:Set status to INIT
WiFi lost connection, reconnect...
E (76756) wifi:Set status to INIT
WiFi lost connection, reconnect...
E (76785) wifi:Set status to INIT
WiFi lost connection, reconnect...
E (76813) wifi:Set status to INIT
WiFi lost connection, reconnect...
E (76842) wifi:Set status to INIT
WiFi lost connection, reconnect...
E (76874) wifi:Set status to INIT
WiFi lost connection, reconnect...
E (76902) wifi:Set status to INIT
WiFi lost connection, reconnect...
E (76930) wifi:Set status to INIT
WiFi lost connection, reconnect...
E (76959) wifi:Set status to INIT
WiFi lost connection, reconnect...
E (76987) wifi:Set status to INIT
WiFi lost connection, reconnect...
E (77015) wifi:Set status to INIT
WiFi lost connection, reconnect...
E (77043) wifi:Set status to INIT
WiFi lost connection, reconnect...
E (77078) wifi:Set status to INIT
WiFi lost connection, reconnect...
E (77125) wifi:Set status to INIT
WiFi lost connection, reconnect...
E (77159) wifi:Set status to INIT
WiFi lost connection, reconnect...
E (77191) wifi:Set status to INIT
WiFi lost connection, reconnect...
E (77221) wifi:Set status to INIT
WiFi lost connection, reconnect...
E (77249) wifi:Set status to INIT
WiFi lost connection, reconnect...
E (77279) wifi:Set status to INIT
WiFi lost connection, reconnect...
E (77309) wifi:Set status to INIT
WiFi lost connection, reconnect...
E (77339) wifi:Set status to INIT
WiFi lost connection, reconnect...
E (77368) wifi:Set status to INIT
WiFi lost connection, reconnect...
E (77396) wifi:Set status to INIT
WiFi lost connection, reconnect...
E (77424) wifi:Set status to INIT
WiFi lost connection, reconnect...
E (77452) wifi:Set status to INIT
WiFi lost connection, reconnect...
E (77490) wifi:Set status to INIT
WiFi lost connection, reconnect...
E (77520) wifi:Set status to INIT
WiFi lost connection, reconnect...
E (77551) wifi:Set status to INIT
WiFi lost connection, reconnect...
10.175.1.7
WiFi lost connection, reconnect...
10.175.1.7
WiFi lost connection, reconnect...
10.175.1.7
WiFi lost connection, reconnect...
10.175.1.7
WiFi lost connection, reconnect...
10.175.1.7
WiFi lost connection, reconnect...
10.175.1.7
WiFi lost connection, reconnect...
10.175.1.7
WiFi lost connection, reconnect...
10.175.1.7
WiFi lost connection, reconnect...
10.175.1.7
WiFi lost connection, reconnect...
10.175.1.7
WiFi lost connection, reconnect...
10.175.1.7
WiFi lost connection, reconnect...
10.175.1.7
WiFi lost connection, reconnect...
10.175.1.7
WiFi lost connection, reconnect...
10.175.1.7
WiFi lost connection, reconnect...
10.175.1.7
WiFi lost connection, reconnect...
10.175.1.7
WiFi lost connection, reconnect...
10.175.1.7
WiFi lost connection, reconnect...
10.175.1.7
WiFi lost connection, reconnect...
10.175.1.7
WiFi lost connection, reconnect...
10.175.1.7
WiFi lost connection, reconnect...
10.175.1.7
WiFi lost connection, reconnect...
10.175.1.7
WiFi lost connection, reconnect...
10.175.1.7
WiFi lost connection, reconnect...
10.175.1.7
WiFi lost connection, reconnect...
10.175.1.7
WiFi lost connection, reconnect...
10.175.1.7
WiFi lost connection, reconnect...
10.175.1.7
WiFi lost connection, reconnect...
10.175.1.7
WiFi lost connection, reconnect...
10.175.1.7
WiFi lost connection, reconnect...
10.175.1.7
WiFi lost connection, reconnect...
10.175.1.7
WiFi lost connection, reconnect...
10.175.1.7
WiFi lost connection, reconnect...
10.175.1.7
WiFi lost connection, reconnect...
10.175.1.7
WiFi lost connection, reconnect...
10.175.1.7
WiFi lost connection, reconnect...
10.175.1.7
WiFi lost connection, reconnect...
10.175.1.7
WiFi lost connection, reconnect...
10.175.1.7
WiFi lost connection, reconnect...
10.175.1.7
WiFi lost connection, reconnect...
10.175.1.7
WiFi lost connection, reconnect...
10.175.1.7
WiFi lost connection, reconnect...
10.175.1.7
WiFi lost connection, reconnect...
10.175.1.7
WiFi lost connection, reconnect...
10.175.1.7
WiFi lost connection, reconnect...
10.175.1.7
WiFi lost connection, reconnect...
10.175.1.7
WiFi lost connection, reconnect...
10.175.1.7
WiFi lost connection, reconnect...
10.175.1.7
WiFi lost connection, reconnect...
10.175.1.7
WiFi lost connection, reconnect...
10.175.1.7
WiFi lost connection, reconnect...
10.175.1.7
WiFi lost connection, reconnect...
10.175.1.7
WiFi lost connection, reconnect...
10.175.1.7
WiFi lost connection, reconnect...
10.175.1.7
WiFi lost connection, reconnect...
10.175.1.7
WiFi lost connection, reconnect...
10.175.1.7
WiFi lost connection, reconnect...
10.175.1.7
WiFi lost connection, reconnect...
10.175.1.7
WiFi lost connection, reconnect...
10.175.1.7
WiFi lost connection, reconnect...
10.175.1.7
WiFi lost connection, reconnect...
10.175.1.7
WiFi lost connection, reconnect...
10.175.1.7
WiFi lost connection, reconnect...
10.175.1.7
