[   777][E][Wire.cpp:481] requestFrom(): NULL buffer pointer
[   778][E][Wire.cpp:557] read(): NULL RX buffer pointer
[   779][E][Wire.cpp:422] beginTransmission(): could not acquire lock
[   781][E][WiFiUdp.cpp:172] beginPacket(): could not get host from dns: 11
[   791][E][WiFiUdp.cpp:185] endPacket(): could not send data: 118
[   784][E][Wire.cpp:526] write(): NULL TX buffer pointer
[   802][E][Wire.cpp:526] write(): NULL TX buffer pointer
[   807][E][Wire.cpp:448] endTransmission(): NULL TX buffer pointer
[   813][E][Wire.cpp:481] requestFrom(): NULL buffer pointer
The SI473X / SI474X I2C address is 0x11
[  1822][E][WiFiUdp.cpp:172] beginPacket(): could not get host from dns: 11
[  1823][E][WiFiUdp.cpp:185] endPacket(): could not send data: 118
[  3101][E][WiFiUdp.cpp:172] beginPacket(): could not get host from dns: 11
[  3102][E][WiFiUdp.cpp:185] endPacket(): could not send data: 118
[  4466][E][WiFiUdp.cpp:172] beginPacket(): could not get host from dns: 11
[  4468][E][WiFiUdp.cpp:185] endPacket(): could not send data: 118
WiFi lost connection, reconnect...
[  5769][E][WiFiUdp.cpp:172] beginPacket(): could not get host from dns: 11
[  5770][E][WiFiUdp.cpp:185] endPacket(): could not send data: 118
[  7045][E][WiFiUdp.cpp:172] beginPacket(): could not get host from dns: 11
[  7046][E][WiFiUdp.cpp:185] endPacket(): could not send data: 118
WiFi lost connection, reconnect...
E (14954) wifi:Set status to INIT
WiFi lost connection, reconnect...
E (14987) wifi:Set status to INIT
WiFi lost connection, reconnect...
E (15018) wifi:Set status to INIT
WiFi lost connection, reconnect...
E (15079) wifi:Set status to INIT
WiFi lost connection, reconnect...
E (15175) wifi:Set status to INIT
WiFi lost connection, reconnect...
E (15205) wifi:Set status to INIT
WiFi lost connection, reconnect...
E (15277) wifi:Set status to INIT
WiFi lost connection, reconnect...
E (15305) wifi:Set status to INIT
WiFi lost connection, reconnect...
E (15390) wifi:Set status to INIT
WiFi lost connection, reconnect...
E (15419) wifi:Set status to INIT
WiFi lost connection, reconnect...
E (15449) wifi:Set status to INIT
WiFi lost connection, reconnect...
E (15478) wifi:Set status to INIT
WiFi lost connection, reconnect...
E (15506) wifi:Set status to INIT
WiFi lost connection, reconnect...
E (15534) wifi:Set status to INIT
WiFi lost connection, reconnect...
E (15563) wifi:Set status to INIT
WiFi lost connection, reconnect...
E (15594) wifi:Set status to INIT
WiFi lost connection, reconnect...
E (15623) wifi:Set status to INIT
WiFi lost connection, reconnect...
E (15656) wifi:Set status to INIT
WiFi lost connection, reconnect...
E (15687) wifi:Set status to INIT
WiFi lost connection, reconnect...
E (15716) wifi:Set status to INIT
WiFi lost connection, reconnect...
E (15790) wifi:Set status to INIT
WiFi lost connection, reconnect...
E (15818) wifi:Set status to INIT
WiFi lost connection, reconnect...
E (15892) wifi:Set status to INIT
WiFi lost connection, reconnect...
E (15920) wifi:Set status to INIT
WiFi lost connection, reconnect...
E (15994) wifi:Set status to INIT
WiFi lost connection, reconnect...
E (16022) wifi:Set status to INIT
WiFi lost connection, reconnect...
E (16096) wifi:Set status to INIT
WiFi lost connection, reconnect...
[  8520][E][WiFiUdp.cpp:172] beginPacket(): could not get host from dns: 11
[  8521][E][WiFiUdp.cpp:185] endPacket(): could not send data: 118
E (16209) wifi:Set status to INIT
WiFi lost connection, reconnect...
E (16247) wifi:Set status to INIT
WiFi lost connection, reconnect...
E (16279) wifi:Set status to INIT
WiFi lost connection, reconnect...
E (16314) wifi:Set status to INIT
WiFi lost connection, reconnect...
E (16343) wifi:Set status to INIT
WiFi lost connection, reconnect...
E (16373) wifi:Set status to INIT
WiFi lost connection, reconnect...
E (16405) wifi:Set status to INIT
WiFi lost connection, reconnect...
E (16433) wifi:Set status to INIT
WiFi lost connection, reconnect...
E (16464) wifi:Set status to INIT
WiFi lost connection, reconnect...
E (16497) wifi:Set status to INIT
WiFi lost connection, reconnect...
E (16527) wifi:Set status to INIT
WiFi lost connection, reconnect...
E (16556) wifi:Set status to INIT
WiFi lost connection, reconnect...
E (16608) wifi:Set status to INIT
WiFi lost connection, reconnect...
E (16637) wifi:Set status to INIT
WiFi lost connection, reconnect...
E (16669) wifi:Set status to INIT
WiFi lost connection, reconnect...
E (16702) wifi:Set status to INIT
WiFi lost connection, reconnect...
E (16733) wifi:Set status to INIT
WiFi lost connection, reconnect...
E (16762) wifi:Set status to INIT
WiFi lost connection, reconnect...
E (16790) wifi:Set status to INIT
WiFi lost connection, reconnect...
E (16818) wifi:Set status to INIT
WiFi lost connection, reconnect...
E (16916) wifi:Set status to INIT
WiFi lost connection, reconnect...
E (16946) wifi:Set status to INIT
WiFi lost connection, reconnect...
E (17018) wifi:Set status to INIT
WiFi lost connection, reconnect...
E (17047) wifi:Set status to INIT
WiFi lost connection, reconnect...
E (17079) wifi:Set status to INIT
WiFi lost connection, reconnect...
E (17113) wifi:Set status to INIT
WiFi lost connection, reconnect...
E (17224) wifi:Set status to INIT
WiFi lost connection, reconnect...
E (17252) wifi:Set status to INIT
WiFi lost connection, reconnect...
E (17302) wifi:Set status to INIT
WiFi lost connection, reconnect...
E (17355) wifi:Set status to INIT
WiFi lost connection, reconnect...
E (17399) wifi:Set status to INIT
WiFi lost connection, reconnect...
E (17431) wifi:Set status to INIT
WiFi lost connection, reconnect...
E (17531) wifi:Set status to INIT
WiFi lost connection, reconnect...
E (17579) wifi:Set status to INIT
WiFi lost connection, reconnect...
E (17610) wifi:Set status to INIT
WiFi lost connection, reconnect...
E (17638) wifi:Set status to INIT
WiFi lost connection, reconnect...
[ 10129][E][WiFiUdp.cpp:172] beginPacket(): could not get host from dns: 11
[ 10132][E][WiFiUdp.cpp:185] endPacket(): could not send data: 118
E (17735) wifi:Set status to INIT
WiFi lost connection, reconnect...
E (17765) wifi:Set status to INIT
WiFi lost connection, reconnect...
E (17837) wifi:Set status to INIT
WiFi lost connection, reconnect...
E (17867) wifi:Set status to INIT
WiFi lost connection, reconnect...
E (17940) wifi:Set status to INIT
WiFi lost connection, reconnect...
E (17968) wifi:Set status to INIT
WiFi lost connection, reconnect...
E (17999) wifi:Set status to INIT
WiFi lost connection, reconnect...
E (18037) wifi:Set status to INIT
WiFi lost connection, reconnect...
E (18067) wifi:Set status to INIT
WiFi lost connection, reconnect...
E (18100) wifi:Set status to INIT
WiFi lost connection, reconnect...
E (18130) wifi:Set status to INIT
WiFi lost connection, reconnect...
E (18163) wifi:Set status to INIT
WiFi lost connection, reconnect...
E (18202) wifi:Set status to INIT
WiFi lost connection, reconnect...
E (18240) wifi:Set status to INIT
WiFi lost connection, reconnect...
E (18349) wifi:Set status to INIT
WiFi lost connection, reconnect...
E (18377) wifi:Set status to INIT
WiFi lost connection, reconnect...
[ 11556][E][WiFiUdp.cpp:172] beginPacket(): could not get host from dns: 11
[ 11557][E][WiFiUdp.cpp:185] endPacket(): could not send data: 118
[ 12833][E][WiFiUdp.cpp:172] beginPacket(): could not get host from dns: 11
[ 12836][E][WiFiUdp.cpp:185] endPacket(): could not send data: 118
[ 14114][E][WiFiUdp.cpp:172] beginPacket(): could not get host from dns: 11
[ 14117][E][WiFiUdp.cpp:185] endPacket(): could not send data: 118
[ 15392][E][WiFiUdp.cpp:172] beginPacket(): could not get host from dns: 11
[ 15393][E][WiFiUdp.cpp:185] endPacket(): could not send data: 118
[ 16672][E][WiFiUdp.cpp:172] beginPacket(): could not get host from dns: 11
[ 16674][E][WiFiUdp.cpp:185] endPacket(): could not send data: 118
[ 17951][E][WiFiUdp.cpp:172] beginPacket(): could not get host from dns: 11
[ 17952][E][WiFiUdp.cpp:185] endPacket(): could not send data: 118
[ 19225][E][WiFiUdp.cpp:172] beginPacket(): could not get host from dns: 11
[ 19226][E][WiFiUdp.cpp:185] endPacket(): could not send data: 118
WiFi lost connection, reconnect...
E (28101) wifi:Set status to INIT
WiFi lost connection, reconnect...
[ 20512][E][WiFiUdp.cpp:172] beginPacket(): could not get host from dns: 11
[ 20514][E][WiFiUdp.cpp:185] endPacket(): could not send data: 118
E (28170) wifi:Set status to INIT
WiFi lost connection, reconnect...
E (28222) wifi:Set status to INIT
WiFi lost connection, reconnect...
E (28277) wifi:Set status to INIT
WiFi lost connection, reconnect...
WiFi lost connection, reconnect...
E (29344) wifi:Set status to INIT
WiFi lost connection, reconnect...
E (29377) wifi:Set status to INIT
WiFi lost connection, reconnect...
E (29425) wifi:Set status to INIT
WiFi lost connection, reconnect...
[ 21839][E][WiFiUdp.cpp:172] beginPacket(): could not get host from dns: 11
[ 21840][E][WiFiUdp.cpp:185] endPacket(): could not send data: 118
E (29466) wifi:Set status to INIT
WiFi lost connection, reconnect...
E (29504) wifi:Set status to INIT
WiFi lost connection, reconnect...
E (29613) wifi:Set status to INIT
WiFi lost connection, reconnect...
E (29643) wifi:Set status to INIT
WiFi lost connection, reconnect...
E (29715) wifi:Set status to INIT
WiFi lost connection, reconnect...
E (29819) wifi:Set status to INIT
WiFi lost connection, reconnect...
E (29847) wifi:Set status to INIT
WiFi lost connection, reconnect...
E (29882) wifi:Set status to INIT
WiFi lost connection, reconnect...
E (29915) wifi:Set status to INIT
WiFi lost connection, reconnect...
E (29952) wifi:Set status to INIT
WiFi lost connection, reconnect...
E (30026) wifi:Set status to INIT
WiFi lost connection, reconnect...
E (30131) wifi:Set status to INIT
WiFi lost connection, reconnect...
E (30162) wifi:Set status to INIT
WiFi lost connection, reconnect...
E (30228) wifi:Set status to INIT
WiFi lost connection, reconnect...
E (30257) wifi:Set status to INIT
WiFi lost connection, reconnect...
E (30292) wifi:Set status to INIT
WiFi lost connection, reconnect...
E (30325) wifi:Set status to INIT
WiFi lost connection, reconnect...
E (30353) wifi:Set status to INIT
WiFi lost connection, reconnect...
E (30382) wifi:Set status to INIT
WiFi lost connection, reconnect...
E (30432) wifi:Set status to INIT
WiFi lost connection, reconnect...
E (30464) wifi:Set status to INIT
WiFi lost connection, reconnect...
E (30541) wifi:Set status to INIT
WiFi lost connection, reconnect...
E (30591) wifi:Set status to INIT
WiFi lost connection, reconnect...
E (30622) wifi:Set status to INIT
WiFi lost connection, reconnect...
E (30654) wifi:Set status to INIT
WiFi lost connection, reconnect...
E (30686) wifi:Set status to INIT
WiFi lost connection, reconnect...
E (30741) wifi:Set status to INIT
WiFi lost connection, reconnect...
E (30770) wifi:Set status to INIT
WiFi lost connection, reconnect...
E (30844) wifi:Set status to INIT
WiFi lost connection, reconnect...
E (30892) wifi:Set status to INIT
WiFi lost connection, reconnect...
E (30935) wifi:Set status to INIT
WiFi lost connection, reconnect...
E (30975) wifi:Set status to INIT
WiFi lost connection, reconnect...
[ 23417][E][WiFiUdp.cpp:172] beginPacket(): could not get host from dns: 11
[ 23419][E][WiFiUdp.cpp:185] endPacket(): could not send data: 118
E (31052) wifi:Set status to INIT
WiFi lost connection, reconnect...
E (31149) wifi:Set status to INIT
WiFi lost connection, reconnect...
E (31179) wifi:Set status to INIT
WiFi lost connection, reconnect...
E (31211) wifi:Set status to INIT
WiFi lost connection, reconnect...
E (31249) wifi:Set status to INIT
WiFi lost connection, reconnect...
E (31281) wifi:Set status to INIT
WiFi lost connection, reconnect...
E (31315) wifi:Set status to INIT
WiFi lost connection, reconnect...
E (31352) wifi:Set status to INIT
WiFi lost connection, reconnect...
E (31383) wifi:Set status to INIT
WiFi lost connection, reconnect...
E (31413) wifi:Set status to INIT
WiFi lost connection, reconnect...
E (31453) wifi:Set status to INIT
WiFi lost connection, reconnect...
E (31588) wifi:Set status to INIT
WiFi lost connection, reconnect...
E (31665) wifi:Set status to INIT
WiFi lost connection, reconnect...
E (31719) wifi:Set status to INIT
WiFi lost connection, reconnect...
E (31752) wifi:Set status to INIT
WiFi lost connection, reconnect...
E (31798) wifi:Set status to INIT
WiFi lost connection, reconnect...
E (31829) wifi:Set status to INIT
WiFi lost connection, reconnect...
E (31859) wifi:Set status to INIT
WiFi lost connection, reconnect...
E (31909) wifi:Set status to INIT
WiFi lost connection, reconnect...
E (31937) wifi:Set status to INIT
WiFi lost connection, reconnect...
E (31965) wifi:Set status to INIT
WiFi lost connection, reconnect...
E (31995) wifi:Set status to INIT
WiFi lost connection, reconnect...
E (32033) wifi:Set status to INIT
WiFi lost connection, reconnect...
E (32071) wifi:Set status to INIT
WiFi lost connection, reconnect...
[ 24935][E][WiFiUdp.cpp:172] beginPacket(): could not get host from dns: 11
[ 24936][E][WiFiUdp.cpp:185] endPacket(): could not send data: 118
[ 26208][E][WiFiUdp.cpp:172] beginPacket(): could not get host from dns: 11
[ 26210][E][WiFiUdp.cpp:185] endPacket(): could not send data: 118
E (34114) wifi:Set status to INIT
WiFi lost connection, reconnect...
E (34143) wifi:Set status to INIT
WiFi lost connection, reconnect...
E (34172) wifi:Set status to INIT
WiFi lost connection, reconnect...
E (34205) wifi:Set status to INIT
WiFi lost connection, reconnect...
E (34234) wifi:Set status to INIT
WiFi lost connection, reconnect...
E (34262) wifi:Set status to INIT
WiFi lost connection, reconnect...
E (34290) wifi:Set status to INIT
WiFi lost connection, reconnect...
E (34319) wifi:Set status to INIT
WiFi lost connection, reconnect...
E (34349) wifi:Set status to INIT
WiFi lost connection, reconnect...
E (34377) wifi:Set status to INIT
WiFi lost connection, reconnect...
E (34405) wifi:Set status to INIT
WiFi lost connection, reconnect...
E (34437) wifi:Set status to INIT
WiFi lost connection, reconnect...
E (34465) wifi:Set status to INIT
WiFi lost connection, reconnect...
E (34493) wifi:Set status to INIT
WiFi lost connection, reconnect...
E (34524) wifi:Set status to INIT
WiFi lost connection, reconnect...
E (34631) wifi:Set status to INIT
WiFi lost connection, reconnect...
E (34671) wifi:Set status to INIT
WiFi lost connection, reconnect...
E (34734) wifi:Set status to INIT
WiFi lost connection, reconnect...
E (34767) wifi:Set status to INIT
WiFi lost connection, reconnect...
E (34797) wifi:Set status to INIT
WiFi lost connection, reconnect...
E (34829) wifi:Set status to INIT
WiFi lost connection, reconnect...
E (34864) wifi:Set status to INIT
WiFi lost connection, reconnect...
E (34958) wifi:Set status to INIT
WiFi lost connection, reconnect...
E (35043) wifi:Set status to INIT
WiFi lost connection, reconnect...
E (35143) wifi:Set status to INIT
WiFi lost connection, reconnect...
E (35190) wifi:Set status to INIT
WiFi lost connection, reconnect...
E (35219) wifi:Set status to INIT
WiFi lost connection, reconnect...
E (35251) wifi:Set status to INIT
WiFi lost connection, reconnect...
E (35283) wifi:Set status to INIT
WiFi lost connection, reconnect...
E (35312) wifi:Set status to INIT
WiFi lost connection, reconnect...
[ 27726][E][WiFiUdp.cpp:172] beginPacket(): could not get host from dns: 11
[ 27734][E][WiFiUdp.cpp:185] endPacket(): could not send data: 118
E (35344) wifi:Set status to INIT
WiFi lost connection, reconnect...
10.175.1.7
WiFi lost connection, reconnect...
10.175.1.7
WiFi lost connection, reconnect...
10.175.1.7
WiFi lost connection, reconnect...
10.175.1.7
