10.175.1.7
[   779][E][Wire.cpp:481] requestFrom(): NULL buffer pointer
[   781][E][Wire.cpp:557] read(): NULL RX buffer pointer
[   782][E][Wire.cpp:422] beginTransmission(): could not acquire lock
[   787][E][Wire.cpp:526] write(): NULL TX buffer pointer
[   792][E][Wire.cpp:526] write(): NULL TX buffer pointer
[   797][E][Wire.cpp:448] endTransmission(): NULL TX buffer pointer
[   803][E][Wire.cpp:481] requestFrom(): NULL buffer pointer
[   809][E][Wire.cpp:557] read(): NULL RX buffer pointer
[   813][E][Wire.cpp:481] requestFrom(): NULL buffer pointer
The SI473X / SI474X I2C address is 0x11
clkdtclkclkdtdtclkdtdtdtclkclkdtdtclkdtdtdtclkclkdtdtclkdtclkclkdtdtclkclkclkdtdtdtclkdtclkclkclkdtdtdtdtclkclkclkdtdtdtclkclkdtclkclkdtclkclkclkdtdtdtclkdtclkclkclkdtdtdtclkclkdtdtdtdtdtdtdtclkclkclkdtclkclkclkdtdtclkdtdtdtclkclkclkdtdtclkdtdtdtclkclkdtdtclkclkclkdtclkclkclkdtdtclkdtdtdtdtclkclkdtclkdtdtdtdtdtdtdtdtclkclkdtdtclkclkclkdtclkclkclkdtdtclkclkclkdtclkclkdtdtclkclkclkdtclkclkdtdtclkclkclkdtclkclkclkdtclkclkclkdtclkdtdtclkclkclkdtclkdtclkdtclkclkdtdtclkclkdtclkdtclkclkdtclkclkdtclkclkdtdtdtdtdtclkdtdtdtclkclkdtdtdtclkdtdtclkclkdtclkdtdtdtclkclkdtclkclkdtdtclkdtdtdtclkdtdtdtclkclkdtclkdtclkdtclkdtdtclkclkdtclkclkclkclkclkclkdtclkclkdtclkdtdtclkdtdtdtclkdtdtclkclkdtclkclkclkdtdtclkclkdtclkdtclkdtdtdtdtclkdtdtclkclkdtclkdtdtclkdtdtclkclkclkdtclkdtclkdtclkclkdtclkdtclkdtdtclkdtclkclkdtclkdtdtdtclkdtdtclkclkclkdtclkdtdtclkclkclkdtdtdtclkclkdtclkclkclkdtdtdtclkclkdtdtdtclkclkclkdtdtclkdtdtclkclkclkdtdtdtclkdtdtclkGuru Meditation Error: Core  0 panic'ed (Interrupt wdt timeout on CPU0). 

Core  0 register dump:
PC      : 0x4008f302  PS      : 0x00060d35  A0      : 0x8008db3e  A1      : 0x3ffbecfc  
A2      : 0x3ffb8314  A3      : 0x3ffbc914  A4      : 0x00000000  A5      : 0x00060d23  
A6      : 0x00060d23  A7      : 0x00000001  A8      : 0x3ffbc914  A9      : 0x00000019  
A10     : 0x3ffbc914  A11     : 0x00000019  A12     : 0x3ffd31a8  A13     : 0x00060d23  
A14     : 0x007bf6d8  A15     : 0x003fffff  SAR     : 0x00000001  EXCCAUSE: 0x00000005  
EXCVADDR: 0x00000000  LBEG    : 0x40089ee9  LEND    : 0x40089ef9  LCOUNT  : 0xfffffffe  
Core  0 was running in ISR context:
EPC1    : 0x4010cc1b  EPC2    : 0x00000000  EPC3    : 0x00000000  EPC4    : 0x00000000


Backtrace: 0x4008f2ff:0x3ffbecfc |<-CORRUPTED


Core  1 register dump:
PC      : 0x4008f491  PS      : 0x00060535  A0      : 0x8008c8b0  A1      : 0x3ffb21a0  
A2      : 0x3ffb833c  A3      : 0xb33fffff  A4      : 0x0000cdcd  A5      : 0x00060523  
A6      : 0x00060520  A7      : 0x0000abab  A8      : 0x0000abab  A9      : 0xffffffff  
A10     : 0x00000003  A11     : 0x00060523  A12     : 0x00060520  A13     : 0x00060523  
A14     : 0x007b833c  A15     : 0x003fffff  SAR     : 0x0000000d  EXCCAUSE: 0x00000005  
EXCVADDR: 0x00000000  LBEG    : 0x400fc8d5  LEND    : 0x400fc905  LCOUNT  : 0x00000000  


Backtrace: 0x4008f48e:0x3ffb21a0 0x4008c8ad:0x3ffb21e0 0x400ffafd:0x3ffb2220 0x400fda69:0x3ffb2250 0x400fdb11:0x3ffb2270 0x4010012a:0x3ffb2290




ELF file SHA256: b9fb6e6a0e981ab9

Rebooting...
ets Jun  8 2016 00:22:57

rst:0xc (SW_CPU_RESET),boot:0x13 (SPI_FAST_FLASH_BOOT)
configsip: 0, SPIWP:0xee
clk_drv:0x00,q_drv:0x00,d_drv:0x00,cs0_drv:0x00,hd_drv:0x00,wp_drv:0x00
mode:DIO, clock div:2
load:0x3fff0030,len:1184
load:0x40078000,len:13192
load:0x40080400,len:3028
entry 0x400805e4
10.175.1.7
[   776][E][Wire.cpp:481] requestFrom(): NULL buffer pointer
[   778][E][Wire.cpp:557] read(): NULL RX buffer pointer
[   778][E][Wire.cpp:422] beginTransmission(): could not acquire lock
[   784][E][Wire.cpp:526] write(): NULL TX buffer pointer
[   788][E][Wire.cpp:526] write(): NULL TX buffer pointer
[   794][E][Wire.cpp:448] endTransmission(): NULL TX buffer pointer
[   800][E][Wire.cpp:481] requestFrom(): NULL buffer pointer
[   806][E][Wire.cpp:557] read(): NULL RX buffer pointer
[   810][E][Wire.cpp:481] requestFrom(): NULL buffer pointer
The SI473X / SI474X I2C address is 0x11
clkdtdtdtclkclkdtdtdtclkdtdtdtdtclkdtclkdtdtclkdtdtclkdtclkclkclkdtdtclkdtclkclkdtdtclkdtclkclkdtdtclkdtclkclkdtdtdtclkdtclkclkclkclkdtclkdtclkclkdtdtclkdtclkclkclkdtdtdtclkdtclkdtdtGuru Meditation Error: Core  0 panic'ed (LoadProhibited). Exception was unhandled.

Core  0 register dump:
PC      : 0x4008f31d  PS      : 0x00060333  A0      : 0x8008dc3d  A1      : 0x3ffbecfc  
A2      : 0x3ffbc914  A3      : 0x3ffd31b0  A4      : 0x00000000  A5      : 0x00060323  
A6      : 0x00060323  A7      : 0x00000001  A8      : 0x00000000  A9      : 0x3ffbc914  
A10     : 0x3ffbc914  A11     : 0x3ffd31b0  A12     : 0x00000000  A13     : 0x00060323  
A14     : 0x007bf6d8  A15     : 0x003fffff  SAR     : 0x00000001  EXCCAUSE: 0x0000001c  
EXCVADDR: 0x00000004  LBEG    : 0x40089ee9  LEND    : 0x40089ef9  LCOUNT  : 0xffffffff  


Backtrace: 0x4008f31a:0x3ffbecfc |<-CORRUPTED




ELF file SHA256: b9fb6e6a0e981ab9

Rebooting...
ets Jun  8 2016 00:22:57

rst:0xc (SW_CPU_RESET),boot:0x13 (SPI_FAST_FLASH_BOOT)
configsip: 0, SPIWP:0xee
clk_drv:0x00,q_drv:0x00,d_drv:0x00,cs0_drv:0x00,hd_drv:0x00,wp_drv:0x00
mode:DIO, clock div:2
load:0x3fff0030,len:1184
load:0x40078000,len:13192
load:0x40080400,len:3028
entry 0x400805e4
10.175.1.7
[   777][E][Wire.cpp:481] requestFrom(): NULL buffer pointer
[   779][E][Wire.cpp:557] read(): NULL RX buffer pointer
[   779][E][Wire.cpp:422] beginTransmission(): could not acquire lock
[   785][E][Wire.cpp:526] write(): NULL TX buffer pointer
[   789][E][Wire.cpp:526] write(): NULL TX buffer pointer
[   795][E][Wire.cpp:448] endTransmission(): NULL TX buffer pointer
[   801][E][Wire.cpp:481] requestFrom(): NULL buffer pointer
[   807][E][Wire.cpp:557] read(): NULL RX buffer pointer
[   811][E][Wire.cpp:481] requestFrom(): NULL buffer pointer
The SI473X / SI474X I2C address is 0x11
clkdtdtclkclkdtclkdtclkclkclkdtdtclkdtclkdtdtclkGuru Meditation Error: Core  0 panic'ed (LoadProhibited). Exception was unhandled.

Core  0 register dump:
PC      : 0x4008f31d  PS      : 0x00060333  A0      : 0x8008dc3d  A1      : 0x3ffbecfc  
A2      : 0x3ffbc914  A3      : 0x3ffd31b0  A4      : 0x00000000  A5      : 0x00060323  
A6      : 0x00060323  A7      : 0x00000001  A8      : 0x00000000  A9      : 0x3ffbc914  
A10     : 0x3ffbc914  A11     : 0x3ffd31b0  A12     : 0x00000000  A13     : 0x00060323  
A14     : 0x007bf6d8  A15     : 0x003fffff  SAR     : 0x00000001  EXCCAUSE: 0x0000001c  
EXCVADDR: 0x00000004  LBEG    : 0x40089ee9  LEND    : 0x40089ef9  LCOUNT  : 0xfffffffe  


Backtrace: 0x4008f31a:0x3ffbecfc |<-CORRUPTED




ELF file SHA256: b9fb6e6a0e981ab9

Rebooting...
ets Jun  8 2016 00:22:57

rst:0xc (SW_CPU_RESET),boot:0x13 (SPI_FAST_FLASH_BOOT)
configsip: 0, SPIWP:0xee
clk_drv:0x00,q_drv:0x00,d_drv:0x00,cs0_drv:0x00,hd_drv:0x00,wp_drv:0x00
mode:DIO, clock div:2
load:0x3fff0030,len:1184
load:0x40078000,len:13192
load:0x40080400,len:3028
entry 0x400805e4
10.175.1.7
[   777][E][Wire.cpp:481] requestFrom(): NULL buffer pointer
[   779][E][Wire.cpp:557] read(): NULL RX buffer pointer
[   779][E][Wire.cpp:422] beginTransmission(): could not acquire lock
[   785][E][Wire.cpp:526] write(): NULL TX buffer pointer
[   789][E][Wire.cpp:526] write(): NULL TX buffer pointer
[   795][E][Wire.cpp:448] endTransmission(): NULL TX buffer pointer
[   801][E][Wire.cpp:481] requestFrom(): NULL buffer pointer
[   807][E][Wire.cpp:557] read(): NULL RX buffer pointer
[   811][E][Wire.cpp:481] requestFrom(): NULL buffer pointer
The SI473X / SI474X I2C address is 0x11
