10.175.1.7
[   757][E][Wire.cpp:481] requestFrom(): NULL buffer pointer
[   759][E][Wire.cpp:557] read(): NULL RX buffer pointer
[   759][E][Wire.cpp:422] beginTransmission(): could not acquire lock
[   775][E][Wire.cpp:526] write(): NULL TX buffer pointer
[   775][E][Wire.cpp:526] write(): NULL TX buffer pointer
[   780][E][Wire.cpp:448] endTransmission(): NULL TX buffer pointer
[   788][E][Wire.cpp:481] requestFrom(): NULL buffer pointer
[   792][E][Wire.cpp:557] read(): NULL RX buffer pointer
The SI473X / SI474X I2C address is 0x11
1
2
3
4
5
6
7
8
9
10
11
12
13
14
15
16
17
18
Click
19
20
21
22
21
20
21
22
21
20
19
18
19
