[   773][E][Wire.cpp:481] requestFrom(): NULL buffer pointer
[   774][E][Wire.cpp:557] read(): NULL RX buffer pointer
[   774][E][Wire.cpp:422] beginTransmission(): could not acquire lock
[   776][E][WiFiUdp.cpp:172] beginPacket(): could not get host from dns: 11
[   786][E][WiFiUdp.cpp:185] endPacket(): could not send data: 118
[   779][E][Wire.cpp:526] write(): NULL TX buffer pointer
[   797][E][Wire.cpp:526] write(): NULL TX buffer pointer
[   802][E][Wire.cpp:448] endTransmission(): NULL TX buffer pointer
The SI473X / SI474X I2C address is 0x11
[  1816][E][WiFiUdp.cpp:172] beginPacket(): could not get host from dns: 11
[  1817][E][WiFiUdp.cpp:185] endPacket(): could not send data: 118
[  3093][E][WiFiUdp.cpp:172] beginPacket(): could not get host from dns: 11
[  3095][E][WiFiUdp.cpp:185] endPacket(): could not send data: 118
[  4395][E][WiFiUdp.cpp:172] beginPacket(): could not get host from dns: 11
[  4396][E][WiFiUdp.cpp:185] endPacket(): could not send data: 118
WiFi lost connection, reconnect...
[  5705][E][WiFiUdp.cpp:172] beginPacket(): could not get host from dns: 11
[  5706][E][WiFiUdp.cpp:185] endPacket(): could not send data: 118
[  6981][E][WiFiUdp.cpp:172] beginPacket(): could not get host from dns: 11
[  6983][E][WiFiUdp.cpp:185] endPacket(): could not send data: 118
WiFi lost connection, reconnect...
E (14893) wifi:Set status to INIT
WiFi lost connection, reconnect...
E (14926) wifi:Set status to INIT
WiFi lost connection, reconnect...
E (14988) wifi:Set status to INIT
WiFi lost connection, reconnect...
E (15044) wifi:Set status to INIT
WiFi lost connection, reconnect...
WiFi lost connection, reconnect...
E (15179) wifi:Set status to INIT
WiFi lost connection, reconnect...
E (15221) wifi:Set status to INIT
WiFi lost connection, reconnect...
E (15254) wifi:Set status to INIT
WiFi lost connection, reconnect...
E (15292) wifi:Set status to INIT
WiFi lost connection, reconnect...
E (15336) wifi:Set status to INIT
WiFi lost connection, reconnect...
E (15381) wifi:Set status to INIT
WiFi lost connection, reconnect...
E (15419) wifi:Set status to INIT
WiFi lost connection, reconnect...
E (15482) wifi:Set status to INIT
WiFi lost connection, reconnect...
E (15547) wifi:Set status to INIT
WiFi lost connection, reconnect...
E (15579) wifi:Set status to INIT
WiFi lost connection, reconnect...
E (15610) wifi:Set status to INIT
WiFi lost connection, reconnect...
E (15706) wifi:Set status to INIT
WiFi lost connection, reconnect...
E (15746) wifi:Set status to INIT
WiFi lost connection, reconnect...
E (15890) wifi:Set status to INIT
WiFi lost connection, reconnect...
E (15926) wifi:Set status to INIT
WiFi lost connection, reconnect...
E (15958) wifi:Set status to INIT
WiFi lost connection, reconnect...
E (15992) wifi:Set status to INIT
WiFi lost connection, reconnect...
E (16025) wifi:Set status to INIT
WiFi lost connection, reconnect...
[  8487][E][WiFiUdp.cpp:172] beginPacket(): could not get host from dns: 11
[  8490][E][WiFiUdp.cpp:185] endPacket(): could not send data: 118
E (16070) wifi:Set status to INIT
WiFi lost connection, reconnect...
E (16101) wifi:Set status to INIT
WiFi lost connection, reconnect...
E (16155) wifi:Set status to INIT
WiFi lost connection, reconnect...
E (16208) wifi:Set status to INIT
WiFi lost connection, reconnect...
E (16240) wifi:Set status to INIT
WiFi lost connection, reconnect...
E (16278) wifi:Set status to INIT
WiFi lost connection, reconnect...
E (16403) wifi:Set status to INIT
WiFi lost connection, reconnect...
E (16432) wifi:Set status to INIT
WiFi lost connection, reconnect...
E (16478) wifi:Set status to INIT
WiFi lost connection, reconnect...
E (16510) wifi:Set status to INIT
WiFi lost connection, reconnect...
E (16540) wifi:Set status to INIT
WiFi lost connection, reconnect...
E (16595) wifi:Set status to INIT
WiFi lost connection, reconnect...
E (16626) wifi:Set status to INIT
WiFi lost connection, reconnect...
E (16659) wifi:Set status to INIT
WiFi lost connection, reconnect...
E (16709) wifi:Set status to INIT
WiFi lost connection, reconnect...
E (16767) wifi:Set status to INIT
WiFi lost connection, reconnect...
WiFi lost connection, reconnect...
E (16886) wifi:Set status to INIT
WiFi lost connection, reconnect...
E (17020) wifi:Set status to INIT
WiFi lost connection, reconnect...
E (17050) wifi:Set status to INIT
WiFi lost connection, reconnect...
E (17081) wifi:Set status to INIT
WiFi lost connection, reconnect...
E (17115) wifi:Set status to INIT
WiFi lost connection, reconnect...
E (17144) wifi:Set status to INIT
WiFi lost connection, reconnect...
E (17173) wifi:Set status to INIT
WiFi lost connection, reconnect...
E (17212) wifi:Set status to INIT
WiFi lost connection, reconnect...
E (17259) wifi:Set status to INIT
WiFi lost connection, reconnect...
E (17328) wifi:Set status to INIT
WiFi lost connection, reconnect...
E (17426) wifi:Set status to INIT
WiFi lost connection, reconnect...
E (17459) wifi:Set status to INIT
WiFi lost connection, reconnect...
E (17490) wifi:Set status to INIT
WiFi lost connection, reconnect...
E (17531) wifi:Set status to INIT
WiFi lost connection, reconnect...
E (17564) wifi:Set status to INIT
WiFi lost connection, reconnect...
E (17594) wifi:Set status to INIT
WiFi lost connection, reconnect...
[ 10036][E][WiFiUdp.cpp:172] beginPacket(): could not get host from dns: 11
[ 10037][E][WiFiUdp.cpp:185] endPacket(): could not send data: 118
E (17625) wifi:Set status to INIT
WiFi lost connection, reconnect...
E (17654) wifi:Set status to INIT
WiFi lost connection, reconnect...
E (17683) wifi:Set status to INIT
WiFi lost connection, reconnect...
E (17713) wifi:Set status to INIT
WiFi lost connection, reconnect...
E (17836) wifi:Set status to INIT
WiFi lost connection, reconnect...
E (17869) wifi:Set status to INIT
WiFi lost connection, reconnect...
E (17914) wifi:Set status to INIT
WiFi lost connection, reconnect...
E (17942) wifi:Set status to INIT
WiFi lost connection, reconnect...
E (17975) wifi:Set status to INIT
WiFi lost connection, reconnect...
E (18005) wifi:Set status to INIT
WiFi lost connection, reconnect...
E (18042) wifi:Set status to INIT
WiFi lost connection, reconnect...
E (18071) wifi:Set status to INIT
WiFi lost connection, reconnect...
E (18101) wifi:Set status to INIT
WiFi lost connection, reconnect...
E (18138) wifi:Set status to INIT
WiFi lost connection, reconnect...
E (18173) wifi:Set status to INIT
WiFi lost connection, reconnect...
E (18210) wifi:Set status to INIT
WiFi lost connection, reconnect...
E (18245) wifi:Set status to INIT
WiFi lost connection, reconnect...
E (18276) wifi:Set status to INIT
WiFi lost connection, reconnect...
E (18321) wifi:Set status to INIT
WiFi lost connection, reconnect...
E (18387) wifi:Set status to INIT
WiFi lost connection, reconnect...
E (18455) wifi:Set status to INIT
WiFi lost connection, reconnect...
E (18512) wifi:Set status to INIT
WiFi lost connection, reconnect...
E (18685) wifi:Set status to INIT
WiFi lost connection, reconnect...
E (18733) wifi:Set status to INIT
WiFi lost connection, reconnect...
E (18762) wifi:Set status to INIT
WiFi lost connection, reconnect...
E (18798) wifi:Set status to INIT
WiFi lost connection, reconnect...
E (18830) wifi:Set status to INIT
WiFi lost connection, reconnect...
E (18860) wifi:Set status to INIT
WiFi lost connection, reconnect...
E (18891) wifi:Set status to INIT
WiFi lost connection, reconnect...
E (18920) wifi:Set status to INIT
WiFi lost connection, reconnect...
E (18956) wifi:Set status to INIT
WiFi lost connection, reconnect...
E (18985) wifi:Set status to INIT
WiFi lost connection, reconnect...
E (19015) wifi:Set status to INIT
WiFi lost connection, reconnect...
E (19045) wifi:Set status to INIT
WiFi lost connection, reconnect...
E (19074) wifi:Set status to INIT
WiFi lost connection, reconnect...
E (19106) wifi:Set status to INIT
WiFi lost connection, reconnect...
E (19141) wifi:Set status to INIT
WiFi lost connection, reconnect...
E (19171) wifi:Set status to INIT
WiFi lost connection, reconnect...
E (19204) wifi:Set status to INIT
WiFi lost connection, reconnect...
[ 11656][E][WiFiUdp.cpp:172] beginPacket(): could not get host from dns: 11
[ 11660][E][WiFiUdp.cpp:185] endPacket(): could not send data: 118
E (19234) wifi:Set status to INIT
WiFi lost connection, reconnect...
E (19272) wifi:Set status to INIT
WiFi lost connection, reconnect...
E (19307) wifi:Set status to INIT
WiFi lost connection, reconnect...
E (19337) wifi:Set status to INIT
WiFi lost connection, reconnect...
E (19374) wifi:Set status to INIT
WiFi lost connection, reconnect...
E (19403) wifi:Set status to INIT
WiFi lost connection, reconnect...
E (19462) wifi:Set status to INIT
WiFi lost connection, reconnect...
E (19497) wifi:Set status to INIT
WiFi lost connection, reconnect...
E (19539) wifi:Set status to INIT
WiFi lost connection, reconnect...
E (19573) wifi:Set status to INIT
WiFi lost connection, reconnect...
E (19611) wifi:Set status to INIT
WiFi lost connection, reconnect...
E (19641) wifi:Set status to INIT
WiFi lost connection, reconnect...
[ 13077][E][WiFiUdp.cpp:172] beginPacket(): could not get host from dns: 11
[ 13078][E][WiFiUdp.cpp:185] endPacket(): could not send data: 118
WiFi lost connection, reconnect...
[ 14381][E][WiFiUdp.cpp:172] beginPacket(): could not get host from dns: 11
[ 14383][E][WiFiUdp.cpp:185] endPacket(): could not send data: 118
WiFi lost connection, reconnect...
E (22725) wifi:Set status to INIT
WiFi lost connection, reconnect...
E (22768) wifi:Set status to INIT
WiFi lost connection, reconnect...
E (22809) wifi:Set status to INIT
WiFi lost connection, reconnect...
E (22855) wifi:Set status to INIT
WiFi lost connection, reconnect...
E (22889) wifi:Set status to INIT
WiFi lost connection, reconnect...
E (22928) wifi:Set status to INIT
WiFi lost connection, reconnect...
E (22956) wifi:Set status to INIT
WiFi lost connection, reconnect...
E (22992) wifi:Set status to INIT
WiFi lost connection, reconnect...
E (23020) wifi:Set status to INIT
WiFi lost connection, reconnect...
E (23050) wifi:Set status to INIT
WiFi lost connection, reconnect...
E (23080) wifi:Set status to INIT
WiFi lost connection, reconnect...
E (23160) wifi:Set status to INIT
WiFi lost connection, reconnect...
E (23189) wifi:Set status to INIT
WiFi lost connection, reconnect...
E (23218) wifi:Set status to INIT
WiFi lost connection, reconnect...
E (23263) wifi:Set status to INIT
WiFi lost connection, reconnect...
E (23292) wifi:Set status to INIT
WiFi lost connection, reconnect...
E (23325) wifi:Set status to INIT
WiFi lost connection, reconnect...
E (23362) wifi:Set status to INIT
WiFi lost connection, reconnect...
[ 15803][E][WiFiUdp.cpp:172] beginPacket(): could not get host from dns: 11
[ 15804][E][WiFiUdp.cpp:185] endPacket(): could not send data: 118
E (23392) wifi:Set status to INIT
WiFi lost connection, reconnect...
E (23424) wifi:Set status to INIT
WiFi lost connection, reconnect...
E (23470) wifi:Set status to INIT
WiFi lost connection, reconnect...
E (23502) wifi:Set status to INIT
WiFi lost connection, reconnect...
E (23533) wifi:Set status to INIT
WiFi lost connection, reconnect...
E (23563) wifi:Set status to INIT
WiFi lost connection, reconnect...
E (23595) wifi:Set status to INIT
WiFi lost connection, reconnect...
E (23625) wifi:Set status to INIT
WiFi lost connection, reconnect...
E (23654) wifi:Set status to INIT
WiFi lost connection, reconnect...
E (23684) wifi:Set status to INIT
WiFi lost connection, reconnect...
E (23713) wifi:Set status to INIT
WiFi lost connection, reconnect...
E (23756) wifi:Set status to INIT
WiFi lost connection, reconnect...
E (23786) wifi:Set status to INIT
WiFi lost connection, reconnect...
E (23814) wifi:Set status to INIT
WiFi lost connection, reconnect...
E (23851) wifi:Set status to INIT
WiFi lost connection, reconnect...
E (23902) wifi:Set status to INIT
WiFi lost connection, reconnect...
E (23941) wifi:Set status to INIT
WiFi lost connection, reconnect...
E (23974) wifi:Set status to INIT
WiFi lost connection, reconnect...
E (24008) wifi:Set status to INIT
WiFi lost connection, reconnect...
E (24041) wifi:Set status to INIT
WiFi lost connection, reconnect...
E (24079) wifi:Set status to INIT
WiFi lost connection, reconnect...
E (24110) wifi:Set status to INIT
WiFi lost connection, reconnect...
E (24143) wifi:Set status to INIT
WiFi lost connection, reconnect...
E (24184) wifi:Set status to INIT
WiFi lost connection, reconnect...
E (24213) wifi:Set status to INIT
WiFi lost connection, reconnect...
E (24243) wifi:Set status to INIT
WiFi lost connection, reconnect...
E (24291) wifi:Set status to INIT
WiFi lost connection, reconnect...
E (24355) wifi:Set status to INIT
WiFi lost connection, reconnect...
E (24385) wifi:Set status to INIT
WiFi lost connection, reconnect...
E (24419) wifi:Set status to INIT
WiFi lost connection, reconnect...
E (24448) wifi:Set status to INIT
WiFi lost connection, reconnect...
[ 17402][E][WiFiUdp.cpp:172] beginPacket(): could not get host from dns: 11
[ 17404][E][WiFiUdp.cpp:185] endPacket(): could not send data: 118
