10.175.1.7
[   780][E][Wire.cpp:481] requestFrom(): NULL buffer pointer
[   782][E][Wire.cpp:557] read(): NULL RX buffer pointer
[   783][E][Wire.cpp:422] beginTransmission(): could not acquire lock
[   788][E][Wire.cpp:526] write(): NULL TX buffer pointer
[   793][E][Wire.cpp:526] write(): NULL TX buffer pointer
[   798][E][Wire.cpp:448] endTransmission(): NULL TX buffer pointer
[   804][E][Wire.cpp:481] requestFrom(): NULL buffer pointer
[   810][E][Wire.cpp:557] read(): NULL RX buffer pointer
[  1819][E][Wire.cpp:513] requestFrom(): i2cRead returned Error 263
Si473X not found!
[  2825][E][Wire.cpp:513] requestFrom(): i2cRead returned Error 263
[  3831][E][Wire.cpp:513] requestFrom(): i2cRead returned Error 263
[  4835][E][Wire.cpp:513] requestFrom(): i2cRead returned Error 263
[  5841][E][Wire.cpp:513] requestFrom(): i2cRead returned Error 263
[  6846][E][Wire.cpp:513] requestFrom(): i2cRead returned Error 263
[  7852][E][Wire.cpp:513] requestFrom(): i2cRead returned Error 263
[  8856][E][Wire.cpp:513] requestFrom(): i2cRead returned Error 263
[  9862][E][Wire.cpp:513] requestFrom(): i2cRead returned Error 263
[ 10866][E][Wire.cpp:513] requestFrom(): i2cRead returned Error 263
