10.175.1.7
[   785][E][Wire.cpp:481] requestFrom(): NULL buffer pointer
[   788][E][Wire.cpp:557] read(): NULL RX buffer pointer
[   788][E][Wire.cpp:422] beginTransmission(): could not acquire lock
[   793][E][Wire.cpp:526] write(): NULL TX buffer pointer
[   799][E][Wire.cpp:526] write(): NULL TX buffer pointer
[   803][E][Wire.cpp:448] endTransmission(): NULL TX buffer pointer
[   809][E][Wire.cpp:481] requestFrom(): NULL buffer pointer
[   815][E][Wire.cpp:557] read(): NULL RX buffer pointer
[   820][E][Wire.cpp:481] requestFrom(): NULL buffer pointer
The SI473X / SI474X I2C address is 0x11
ets Jun  8 2016 00:22:57

rst:0x1 (POWERON_RESET),boot:0x17 (SPI_FAST_FLASH_BOOT)
configsip: 0, SPIWP:0xee
clk_drv:0x00,q_drv:0x00,d_drv:0x00,cs0_drv:0x00,hd_drv:0x00,wp_drv:0x00
mode:DIO, clock div:2
load:0x3fff0030,len:1184
load:0x40078000,len:13192
load:0x40080400,len:3028
entry 0x400805e4
10.175.1.7
[   785][E][Wire.cpp:481] requestFrom(): NULL buffer pointer
[   787][E][Wire.cpp:557] read(): NULL RX buffer pointer
[   788][E][Wire.cpp:422] beginTransmission(): could not acquire lock
[   793][E][Wire.cpp:526] write(): NULL TX buffer pointer
[   798][E][Wire.cpp:526] write(): NULL TX buffer pointer
[   803][E][Wire.cpp:448] endTransmission(): NULL TX buffer pointer
[   809][E][Wire.cpp:481] requestFrom(): NULL buffer pointer
[   815][E][Wire.cpp:557] read(): NULL RX buffer pointer
The SI473X / SI474X I2C address is 0x11
