[   773][E][Wire.cpp:481] requestFrom(): NULL buffer pointer
[   774][E][Wire.cpp:557] read(): NULL RX buffer pointer
[   774][E][Wire.cpp:422] beginTransmission(): could not acquire lock
[   776][E][WiFiUdp.cpp:172] beginPacket(): could not get host from dns: 11
[   789][E][WiFiUdp.cpp:185] endPacket(): could not send data: 118
[   779][E][Wire.cpp:526] write(): NULL TX buffer pointer
[   797][E][Wire.cpp:526] write(): NULL TX buffer pointer
[   802][E][Wire.cpp:448] endTransmission(): NULL TX buffer pointer
The SI473X / SI474X I2C address is 0x11
[  1818][E][WiFiUdp.cpp:172] beginPacket(): could not get host from dns: 11
[  1820][E][WiFiUdp.cpp:185] endPacket(): could not send data: 118
[  3091][E][WiFiUdp.cpp:172] beginPacket(): could not get host from dns: 11
[  3092][E][WiFiUdp.cpp:185] endPacket(): could not send data: 118
[  4454][E][WiFiUdp.cpp:172] beginPacket(): could not get host from dns: 11
[  4456][E][WiFiUdp.cpp:185] endPacket(): could not send data: 118
[  5729][E][WiFiUdp.cpp:172] beginPacket(): could not get host from dns: 11
[  5730][E][WiFiUdp.cpp:185] endPacket(): could not send data: 118
[  7002][E][WiFiUdp.cpp:172] beginPacket(): could not get host from dns: 11
[  7003][E][WiFiUdp.cpp:185] endPacket(): could not send data: 118
WiFi lost connection, reconnect...
[  8297][E][WiFiUdp.cpp:172] beginPacket(): could not get host from dns: 11
[  8298][E][WiFiUdp.cpp:185] endPacket(): could not send data: 118
[  9576][E][WiFiUdp.cpp:172] beginPacket(): could not get host from dns: 11
[  9577][E][WiFiUdp.cpp:185] endPacket(): could not send data: 118
WiFi lost connection, reconnect...
E (19867) wifi:Set status to INIT
WiFi lost connection, reconnect...
E (19897) wifi:Set status to INIT
WiFi lost connection, reconnect...
E (19928) wifi:Set status to INIT
WiFi lost connection, reconnect...
E (19960) wifi:Set status to INIT
WiFi lost connection, reconnect...
E (19990) wifi:Set status to INIT
WiFi lost connection, reconnect...
E (20017) wifi:Set status to INIT
WiFi lost connection, reconnect...
E (20045) wifi:Set status to INIT
WiFi lost connection, reconnect...
E (20075) wifi:Set status to INIT
WiFi lost connection, reconnect...
E (20103) wifi:Set status to INIT
WiFi lost connection, reconnect...
E (20133) wifi:Set status to INIT
WiFi lost connection, reconnect...
E (20161) wifi:Set status to INIT
WiFi lost connection, reconnect...
E (20282) wifi:Set status to INIT
WiFi lost connection, reconnect...
E (20310) wifi:Set status to INIT
WiFi lost connection, reconnect...
E (20342) wifi:Set status to INIT
WiFi lost connection, reconnect...
E (20371) wifi:Set status to INIT
WiFi lost connection, reconnect...
E (20400) wifi:Set status to INIT
WiFi lost connection, reconnect...
E (20428) wifi:Set status to INIT
WiFi lost connection, reconnect...
E (20456) wifi:Set status to INIT
WiFi lost connection, reconnect...
E (20486) wifi:Set status to INIT
WiFi lost connection, reconnect...
E (20514) wifi:Set status to INIT
WiFi lost connection, reconnect...
E (20543) wifi:Set status to INIT
WiFi lost connection, reconnect...
E (20571) wifi:Set status to INIT
WiFi lost connection, reconnect...
E (20600) wifi:Set status to INIT
WiFi lost connection, reconnect...
E (20628) wifi:Set status to INIT
WiFi lost connection, reconnect...
E (20690) wifi:Set status to INIT
WiFi lost connection, reconnect...
E (20719) wifi:Set status to INIT
WiFi lost connection, reconnect...
E (20750) wifi:Set status to INIT
WiFi lost connection, reconnect...
E (20788) wifi:Set status to INIT
WiFi lost connection, reconnect...
E (20824) wifi:Set status to INIT
WiFi lost connection, reconnect...
E (20863) wifi:Set status to INIT
WiFi lost connection, reconnect...
E (20897) wifi:Set status to INIT
WiFi lost connection, reconnect...
E (20926) wifi:Set status to INIT
WiFi lost connection, reconnect...
E (20954) wifi:Set status to INIT
WiFi lost connection, reconnect...
E (20985) wifi:Set status to INIT
WiFi lost connection, reconnect...
E (21014) wifi:Set status to INIT
WiFi lost connection, reconnect...
E (21042) wifi:Set status to INIT
WiFi lost connection, reconnect...
E (21070) wifi:Set status to INIT
WiFi lost connection, reconnect...
E (21101) wifi:Set status to INIT
WiFi lost connection, reconnect...
E (21131) wifi:Set status to INIT
WiFi lost connection, reconnect...
E (21159) wifi:Set status to INIT
WiFi lost connection, reconnect...
E (21190) wifi:Set status to INIT
WiFi lost connection, reconnect...
E (21218) wifi:Set status to INIT
WiFi lost connection, reconnect...
E (21246) wifi:Set status to INIT
WiFi lost connection, reconnect...
[ 11201][E][WiFiUdp.cpp:172] beginPacket(): could not get host from dns: 11
[ 11211][E][WiFiUdp.cpp:185] endPacket(): could not send data: 118
E (21274) wifi:Set status to INIT
WiFi lost connection, reconnect...
E (21304) wifi:Set status to INIT
WiFi lost connection, reconnect...
E (21333) wifi:Set status to INIT
WiFi lost connection, reconnect...
E (21362) wifi:Set status to INIT
WiFi lost connection, reconnect...
E (21390) wifi:Set status to INIT
WiFi lost connection, reconnect...
E (21419) wifi:Set status to INIT
WiFi lost connection, reconnect...
E (21447) wifi:Set status to INIT
WiFi lost connection, reconnect...
E (21476) wifi:Set status to INIT
WiFi lost connection, reconnect...
E (21507) wifi:Set status to INIT
WiFi lost connection, reconnect...
E (21535) wifi:Set status to INIT
WiFi lost connection, reconnect...
E (21567) wifi:Set status to INIT
WiFi lost connection, reconnect...
E (21599) wifi:Set status to INIT
WiFi lost connection, reconnect...
E (21627) wifi:Set status to INIT
WiFi lost connection, reconnect...
E (21657) wifi:Set status to INIT
WiFi lost connection, reconnect...
E (21685) wifi:Set status to INIT
WiFi lost connection, reconnect...
E (21715) wifi:Set status to INIT
WiFi lost connection, reconnect...
E (21743) wifi:Set status to INIT
WiFi lost connection, reconnect...
E (21772) wifi:Set status to INIT
WiFi lost connection, reconnect...
E (21804) wifi:Set status to INIT
WiFi lost connection, reconnect...
E (21832) wifi:Set status to INIT
WiFi lost connection, reconnect...
E (21860) wifi:Set status to INIT
WiFi lost connection, reconnect...
E (21888) wifi:Set status to INIT
WiFi lost connection, reconnect...
E (21928) wifi:Set status to INIT
WiFi lost connection, reconnect...
E (21979) wifi:Set status to INIT
WiFi lost connection, reconnect...
E (22022) wifi:Set status to INIT
WiFi lost connection, reconnect...
E (22051) wifi:Set status to INIT
WiFi lost connection, reconnect...
E (22080) wifi:Set status to INIT
WiFi lost connection, reconnect...
E (22111) wifi:Set status to INIT
WiFi lost connection, reconnect...
E (22140) wifi:Set status to INIT
WiFi lost connection, reconnect...
E (22169) wifi:Set status to INIT
WiFi lost connection, reconnect...
E (22196) wifi:Set status to INIT
WiFi lost connection, reconnect...
[ 12789][E][WiFiUdp.cpp:172] beginPacket(): could not get host from dns: 11
[ 12790][E][WiFiUdp.cpp:185] endPacket(): could not send data: 118
WiFi lost connection, reconnect...
[ 14072][E][WiFiUdp.cpp:172] beginPacket(): could not get host from dns: 11
[ 14074][E][WiFiUdp.cpp:185] endPacket(): could not send data: 118
[ 15346][E][WiFiUdp.cpp:172] beginPacket(): could not get host from dns: 11
[ 15348][E][WiFiUdp.cpp:185] endPacket(): could not send data: 118
10.175.1.7
