10.175.1.7
[   786][E][Wire.cpp:481] requestFrom(): NULL buffer pointer
[   789][E][Wire.cpp:557] read(): NULL RX buffer pointer
[   789][E][Wire.cpp:422] beginTransmission(): could not acquire lock
[   794][E][Wire.cpp:526] write(): NULL TX buffer pointer
[   799][E][Wire.cpp:526] write(): NULL TX buffer pointer
[   804][E][Wire.cpp:448] endTransmission(): NULL TX buffer pointer
[   810][E][Wire.cpp:481] requestFrom(): NULL buffer pointer
The SI473X / SI474X I2C address is 0x11
[  2349][E][Wire.cpp:513] requestFrom(): i2cRead returned Error 263
WiFi lost connection, reconnect...
WiFi lost connection, reconnect...
WiFi lost connection, reconnect...
WiFi lost connection, reconnect...
[242859][E][WiFiUdp.cpp:185] endPacket(): could not send data: 118
[244131][E][WiFiUdp.cpp:185] endPacket(): could not send data: 118
[245414][E][WiFiUdp.cpp:185] endPacket(): could not send data: 118
WiFi lost connection, reconnect...
[246687][E][WiFiUdp.cpp:185] endPacket(): could not send data: 118
[247961][E][WiFiUdp.cpp:185] endPacket(): could not send data: 118
10.175.1.7
WiFi lost connection, reconnect...
[433036][E][WiFiUdp.cpp:172] beginPacket(): could not get host from dns: 11
[433037][E][WiFiUdp.cpp:185] endPacket(): could not send data: 118
[434309][E][WiFiUdp.cpp:172] beginPacket(): could not get host from dns: 11
[434311][E][WiFiUdp.cpp:185] endPacket(): could not send data: 118
[435585][E][WiFiUdp.cpp:172] beginPacket(): could not get host from dns: 11
[435586][E][WiFiUdp.cpp:185] endPacket(): could not send data: 118
[436862][E][WiFiUdp.cpp:172] beginPacket(): could not get host from dns: 11
[436863][E][WiFiUdp.cpp:185] endPacket(): could not send data: 118
WiFi lost connection, reconnect...
[438145][E][WiFiUdp.cpp:172] beginPacket(): could not get host from dns: 11
[438146][E][WiFiUdp.cpp:185] endPacket(): could not send data: 118
[439418][E][WiFiUdp.cpp:172] beginPacket(): could not get host from dns: 11
[439419][E][WiFiUdp.cpp:185] endPacket(): could not send data: 118
[440692][E][WiFiUdp.cpp:172] beginPacket(): could not get host from dns: 11
[440693][E][WiFiUdp.cpp:185] endPacket(): could not send data: 118
WiFi lost connection, reconnect...
[441973][E][WiFiUdp.cpp:172] beginPacket(): could not get host from dns: 11
[441974][E][WiFiUdp.cpp:185] endPacket(): could not send data: 118
[443247][E][WiFiUdp.cpp:172] beginPacket(): could not get host from dns: 11
[443248][E][WiFiUdp.cpp:185] endPacket(): could not send data: 118
[444525][E][WiFiUdp.cpp:172] beginPacket(): could not get host from dns: 11
[444526][E][WiFiUdp.cpp:185] endPacket(): could not send data: 118
[445798][E][WiFiUdp.cpp:172] beginPacket(): could not get host from dns: 11
[445799][E][WiFiUdp.cpp:185] endPacket(): could not send data: 118
WiFi lost connection, reconnect...
[447087][E][WiFiUdp.cpp:172] beginPacket(): could not get host from dns: 11
[447088][E][WiFiUdp.cpp:185] endPacket(): could not send data: 118
[448366][E][WiFiUdp.cpp:172] beginPacket(): could not get host from dns: 11
[448367][E][WiFiUdp.cpp:185] endPacket(): could not send data: 118
[449662][E][WiFiUdp.cpp:172] beginPacket(): could not get host from dns: 11
[449663][E][WiFiUdp.cpp:185] endPacket(): could not send data: 118
WiFi lost connection, reconnect...
[450937][E][WiFiUdp.cpp:172] beginPacket(): could not get host from dns: 11
[450938][E][WiFiUdp.cpp:185] endPacket(): could not send data: 118
[452211][E][WiFiUdp.cpp:172] beginPacket(): could not get host from dns: 11
[452212][E][WiFiUdp.cpp:185] endPacket(): could not send data: 118
10.175.1.7
