10.175.1.7
[   532][E][Wire.cpp:481] requestFrom(): NULL buffer pointer
[   534][E][Wire.cpp:557] read(): NULL RX buffer pointer
[   534][E][Wire.cpp:422] beginTransmission(): could not acquire lock
[   539][E][Wire.cpp:526] write(): NULL TX buffer pointer
[   545][E][Wire.cpp:526] write(): NULL TX buffer pointer
[   550][E][Wire.cpp:448] endTransmission(): NULL TX buffer pointer
[   556][E][Wire.cpp:481] requestFrom(): NULL buffer pointer
[   561][E][Wire.cpp:557] read(): NULL RX buffer pointer
[   566][E][Wire.cpp:481] requestFrom(): NULL buffer pointer
[   571][E][Wire.cpp:557] read(): NULL RX buffer pointer
[   577][E][Wire.cpp:557] read(): NULL RX buffer pointer
[   581][E][Wire.cpp:557] read(): NULL RX buffer pointer
[   587][E][Wire.cpp:557] read(): NULL RX buffer pointer
[   592][E][Wire.cpp:557] read(): NULL RX buffer pointer
[   597][E][Wire.cpp:557] read(): NULL RX buffer pointer
[   820][E][Wire.cpp:481] requestFrom(): NULL buffer pointer
[   821][E][Wire.cpp:557] read(): NULL RX buffer pointer
[   821][E][Wire.cpp:422] beginTransmission(): could not acquire lock
[   826][E][Wire.cpp:526] write(): NULL TX buffer pointer
[   831][E][Wire.cpp:448] endTransmission(): NULL TX buffer pointer
[   837][E][Wire.cpp:481] requestFrom(): NULL buffer pointer
[   842][E][Wire.cpp:557] read(): NULL RX buffer pointer
[   847][E][Wire.cpp:481] requestFrom(): NULL buffer pointer
[   853][E][Wire.cpp:557] read(): NULL RX buffer pointer
The SI473X / SI474X I2C address is 0x11
