10.175.1.7
[   766][E][Wire.cpp:481] requestFrom(): NULL buffer pointer
[   768][E][Wire.cpp:557] read(): NULL RX buffer pointer
[   768][E][Wire.cpp:422] beginTransmission(): could not acquire lock
[   786][E][Wire.cpp:526] write(): NULL TX buffer pointer
[   786][E][Wire.cpp:526] write(): NULL TX buffer pointer
[   786][E][Wire.cpp:448] endTransmission(): NULL TX buffer pointer
[   792][E][Wire.cpp:481] requestFrom(): NULL buffer pointer
[   800][E][Wire.cpp:557] read(): NULL RX buffer pointer
The SI473X / SI474X I2C address is 0x11
[  2329][E][Wire.cpp:513] requestFrom(): i2cRead returned Error 263
1
2
3
4
5
6
7
8
9
10
11
10
9
8
7
6
5
4
3
2
1
0
-1
-2
-3
-4
-5
-6
-7
-8
-9
-10
-11
-12
-13
-14
-15
-16
-17
-18
-19
-20
-21
-22
-23
-24
-25
-26
-27
-28
-29
-30
-31
-32
-33
-34
-35
-36
-37
-38
-39
-40
-41
-42
-43
-44
-45
-46
-47
-46
-45
-44
-43
-42
-41
-40
-39
-38
-37
-36
-35
-34
-33
-32
-31
-30
-29
-28
-27
-26
-25
-24
-23
-22
-21
-20
-19
-18
-17
-16
-15
-14
-13
-12
-11
-10
-9
-8
-7
-6
-5
-4
-3
-2
-1
0
1
2
3
4
5
6
7
8
9
10
11
12
13
14
15
16
17
18
19
20
21
22
23
24
25
26
27
28
29
30
31
32
33
34
35
36
37
38
39
40
41
42
43
44
45
46
47
48
49
50
51
50
49
48
47
46
45
44
43
42
41
40
39
38
37
36
35
34
33
32
31
30
29
28
27
26
25
24
23
22
21
20
19
18
