10.175.1.7
[   775][E][Wire.cpp:481] requestFrom(): NULL buffer pointer
[   777][E][Wire.cpp:557] read(): NULL RX buffer pointer
[   777][E][Wire.cpp:422] beginTransmission(): could not acquire lock
[   782][E][Wire.cpp:526] write(): NULL TX buffer pointer
[   788][E][Wire.cpp:526] write(): NULL TX buffer pointer
[   793][E][Wire.cpp:448] endTransmission(): NULL TX buffer pointer
[   799][E][Wire.cpp:481] requestFrom(): NULL buffer pointer
[   804][E][Wire.cpp:557] read(): NULL RX buffer pointer
[   809][E][Wire.cpp:481] requestFrom(): NULL buffer pointer
The SI473X / SI474X I2C address is 0x11
[Error]	(0.735, +735)	 _lv_inv_area: detected modifying dirty areas in render 	(in lv_refr.c line #212)
[Error]	(3.835, +3100)	 _lv_inv_area: detected modifying dirty areas in render 	(in lv_refr.c line #212)
[Error]	(4.905, +1070)	 _lv_inv_area: detected modifying dirty areas in render 	(in lv_refr.c line #212)
[Error]	(5.965, +1060)	 _lv_inv_area: detected modifying dirty areas in render 	(in lv_refr.c line #212)
[Error]	(7.025, +1060)	 _lv_inv_area: detected modifying dirty areas in render 	(in lv_refr.c line #212)
[Error]	(8.040, +1015)	 _lv_inv_area: detected modifying dirty areas in render 	(in lv_refr.c line #212)
[Error]	(10.065, +2025)	 _lv_inv_area: detected modifying dirty areas in render 	(in lv_refr.c line #212)
[Error]	(11.080, +1015)	 _lv_inv_area: detected modifying dirty areas in render 	(in lv_refr.c line #212)
[Error]	(12.100, +1020)	 _lv_inv_area: detected modifying dirty areas in render 	(in lv_refr.c line #212)
[Error]	(14.175, +2075)	 _lv_inv_area: detected modifying dirty areas in render 	(in lv_refr.c line #212)
[Error]	(15.240, +1065)	 _lv_inv_area: detected modifying dirty areas in render 	(in lv_refr.c line #212)
