10.175.1.7
[   780][E][Wire.cpp:481] requestFrom(): NULL buffer pointer
[   783][E][Wire.cpp:557] read(): NULL RX buffer pointer
[   783][E][Wire.cpp:422] beginTransmission(): could not acquire lock
[   788][E][Wire.cpp:526] write(): NULL TX buffer pointer
[   793][E][Wire.cpp:526] write(): NULL TX buffer pointer
[   798][E][Wire.cpp:448] endTransmission(): NULL TX buffer pointer
[   805][E][Wire.cpp:481] requestFrom(): NULL buffer pointer
[   810][E][Wire.cpp:557] read(): NULL RX buffer pointer
[   815][E][Wire.cpp:481] requestFrom(): NULL buffer pointer
The SI473X / SI474X I2C address is 0x11
103.50
103.60
103.55
103.50
103.45
103.40
103.35
103.30
103.25
103.20
103.15
103.10
103.05
103.00
102.95
102.90
102.85
102.80
102.75
102.70
102.65
102.60
102.55
102.50
102.45
102.40
102.35
102.30
102.25
102.20
102.15
102.10
102.05
102.00
101.95
101.90
101.85
101.80
101.75
101.70
101.65
101.60
101.55
101.50
101.45
101.40
101.35
101.30
101.25
101.20
101.15
101.10
101.05
101.00
100.95
100.90
100.85
100.80
100.75
100.70
100.65
100.60
100.55
100.50
100.45
100.40
100.35
100.30
100.25
100.20
100.15
100.10
100.05
100.00
99.95
99.90
99.85
99.80
