10.175.1.7
[   780][E][Wire.cpp:481] requestFrom(): NULL buffer pointer
[   782][E][Wire.cpp:557] read(): NULL RX buffer pointer
[   782][E][Wire.cpp:422] beginTransmission(): could not acquire lock
[   788][E][Wire.cpp:526] write(): NULL TX buffer pointer
[   793][E][Wire.cpp:526] write(): NULL TX buffer pointer
[   798][E][Wire.cpp:448] endTransmission(): NULL TX buffer pointer
[   804][E][Wire.cpp:481] requestFrom(): NULL buffer pointer
[   810][E][Wire.cpp:557] read(): NULL RX buffer pointer
[   814][E][Wire.cpp:481] requestFrom(): NULL buffer pointer
The SI473X / SI474X I2C address is 0x11
[11107405][E][Wire.cpp:513] requestFrom(): i2cRead returned Error 263
[11108408][E][Wire.cpp:513] requestFrom(): i2cRead returned Error 263
[11109411][E][Wire.cpp:513] requestFrom(): i2cRead returned Error 263
[11110419][E][Wire.cpp:513] requestFrom(): i2cRead returned Error 263
[11111422][E][Wire.cpp:513] requestFrom(): i2cRead returned Error 263
[11112424][E][Wire.cpp:513] requestFrom(): i2cRead returned Error 263
[11113426][E][Wire.cpp:513] requestFrom(): i2cRead returned Error 263
[11114428][E][Wire.cpp:513] requestFrom(): i2cRead returned Error 263
[11115430][E][Wire.cpp:513] requestFrom(): i2cRead returned Error 263
[11116433][E][Wire.cpp:513] requestFrom(): i2cRead returned Error 263
[11117438][E][Wire.cpp:513] requestFrom(): i2cRead returned Error 263
[11118441][E][Wire.cpp:513] requestFrom(): i2cRead returned Error 263
[11119446][E][Wire.cpp:513] requestFrom(): i2cRead returned Error 263
[11120448][E][Wire.cpp:513] requestFrom(): i2cRead returned Error 263
[11121451][E][Wire.cpp:513] requestFrom(): i2cRead returned Error 263
[11122453][E][Wire.cpp:513] requestFrom(): i2cRead returned Error 263
[11123456][E][Wire.cpp:513] requestFrom(): i2cRead returned Error 263
[11124457][E][Wire.cpp:513] requestFrom(): i2cRead returned Error 263
[11125459][E][Wire.cpp:513] requestFrom(): i2cRead returned Error 263
[11126463][E][Wire.cpp:513] requestFrom(): i2cRead returned Error 263
[11127465][E][Wire.cpp:513] requestFrom(): i2cRead returned Error 263
[11128469][E][Wire.cpp:513] requestFrom(): i2cRead returned Error 263
[11129472][E][Wire.cpp:513] requestFrom(): i2cRead returned Error 263
[11130475][E][Wire.cpp:513] requestFrom(): i2cRead returned Error 263
[11131477][E][Wire.cpp:513] requestFrom(): i2cRead returned Error 263
[11132479][E][Wire.cpp:513] requestFrom(): i2cRead returned Error 263
[11133481][E][Wire.cpp:513] requestFrom(): i2cRead returned Error 263
[11134484][E][Wire.cpp:513] requestFrom(): i2cRead returned Error 263
[11135485][E][Wire.cpp:513] requestFrom(): i2cRead returned Error 263
[11136487][E][Wire.cpp:513] requestFrom(): i2cRead returned Error 263
[11137488][E][Wire.cpp:513] requestFrom(): i2cRead returned Error 263
[11138490][E][Wire.cpp:513] requestFrom(): i2cRead returned Error 263
[11139491][E][Wire.cpp:513] requestFrom(): i2cRead returned Error 263
[11140494][E][Wire.cpp:513] requestFrom(): i2cRead returned Error 263
[11141495][E][Wire.cpp:513] requestFrom(): i2cRead returned Error 263
[11142497][E][Wire.cpp:513] requestFrom(): i2cRead returned Error 263
[11143498][E][Wire.cpp:513] requestFrom(): i2cRead returned Error 263
[11144501][E][Wire.cpp:513] requestFrom(): i2cRead returned Error 263
[11145503][E][Wire.cpp:513] requestFrom(): i2cRead returned Error 263
[11146506][E][Wire.cpp:513] requestFrom(): i2cRead returned Error 263
[11147507][E][Wire.cpp:513] requestFrom(): i2cRead returned Error 263
[11148509][E][Wire.cpp:513] requestFrom(): i2cRead returned Error 263
[11149510][E][Wire.cpp:513] requestFrom(): i2cRead returned Error 263
[11150512][E][Wire.cpp:513] requestFrom(): i2cRead returned Error 263
[11151513][E][Wire.cpp:513] requestFrom(): i2cRead returned Error 263
[11152515][E][Wire.cpp:513] requestFrom(): i2cRead returned Error 263
[11153516][E][Wire.cpp:513] requestFrom(): i2cRead returned Error 263
[11154518][E][Wire.cpp:513] requestFrom(): i2cRead returned Error 263
[11155519][E][Wire.cpp:513] requestFrom(): i2cRead returned Error 263
[11156521][E][Wire.cpp:513] requestFrom(): i2cRead returned Error 263
[11157522][E][Wire.cpp:513] requestFrom(): i2cRead returned Error 263
[11158524][E][Wire.cpp:513] requestFrom(): i2cRead returned Error 263
[11159525][E][Wire.cpp:513] requestFrom(): i2cRead returned Error 263
[11160527][E][Wire.cpp:513] requestFrom(): i2cRead returned Error 263
[11161528][E][Wire.cpp:513] requestFrom(): i2cRead returned Error 263
[11162530][E][Wire.cpp:513] requestFrom(): i2cRead returned Error 263
[11163532][E][Wire.cpp:513] requestFrom(): i2cRead returned Error 263
[11164533][E][Wire.cpp:513] requestFrom(): i2cRead returned Error 263
[11165535][E][Wire.cpp:513] requestFrom(): i2cRead returned Error 263
[11166536][E][Wire.cpp:513] requestFrom(): i2cRead returned Error 263
[11167538][E][Wire.cpp:513] requestFrom(): i2cRead returned Error 263
[11168539][E][Wire.cpp:513] requestFrom(): i2cRead returned Error 263
[11169541][E][Wire.cpp:513] requestFrom(): i2cRead returned Error 263
[11170542][E][Wire.cpp:513] requestFrom(): i2cRead returned Error 263
[11171544][E][Wire.cpp:513] requestFrom(): i2cRead returned Error 263
[11172546][E][Wire.cpp:513] requestFrom(): i2cRead returned Error 263
[11173548][E][Wire.cpp:513] requestFrom(): i2cRead returned Error 263
[11174549][E][Wire.cpp:513] requestFrom(): i2cRead returned Error 263
[11175551][E][Wire.cpp:513] requestFrom(): i2cRead returned Error 263
[11176552][E][Wire.cpp:513] requestFrom(): i2cRead returned Error 263
[11177555][E][Wire.cpp:513] requestFrom(): i2cRead returned Error 263
[11178556][E][Wire.cpp:513] requestFrom(): i2cRead returned Error 263
[11179558][E][Wire.cpp:513] requestFrom(): i2cRead returned Error 263
[11180559][E][Wire.cpp:513] requestFrom(): i2cRead returned Error 263
[11181562][E][Wire.cpp:513] requestFrom(): i2cRead returned Error 263
[11182563][E][Wire.cpp:513] requestFrom(): i2cRead returned Error 263
[11183565][E][Wire.cpp:513] requestFrom(): i2cRead returned Error 263
[11184566][E][Wire.cpp:513] requestFrom(): i2cRead returned Error 263
[11185569][E][Wire.cpp:513] requestFrom(): i2cRead returned Error 263
[11186571][E][Wire.cpp:513] requestFrom(): i2cRead returned Error 263
[11187572][E][Wire.cpp:513] requestFrom(): i2cRead returned Error 263
[11188574][E][Wire.cpp:513] requestFrom(): i2cRead returned Error 263
[11189575][E][Wire.cpp:513] requestFrom(): i2cRead returned Error 263
[11190577][E][Wire.cpp:513] requestFrom(): i2cRead returned Error 263
[11191578][E][Wire.cpp:513] requestFrom(): i2cRead returned Error 263
[11192580][E][Wire.cpp:513] requestFrom(): i2cRead returned Error 263
[11193581][E][Wire.cpp:513] requestFrom(): i2cRead returned Error 263
[11194583][E][Wire.cpp:513] requestFrom(): i2cRead returned Error 263
[11195585][E][Wire.cpp:513] requestFrom(): i2cRead returned Error 263
[11196587][E][Wire.cpp:513] requestFrom(): i2cRead returned Error 263
[11197588][E][Wire.cpp:513] requestFrom(): i2cRead returned Error 263
[11198590][E][Wire.cpp:513] requestFrom(): i2cRead returned Error 263
[11199591][E][Wire.cpp:513] requestFrom(): i2cRead returned Error 263
[11200593][E][Wire.cpp:513] requestFrom(): i2cRead returned Error 263
[11201594][E][Wire.cpp:513] requestFrom(): i2cRead returned Error 263
[11202596][E][Wire.cpp:513] requestFrom(): i2cRead returned Error 263
[11203597][E][Wire.cpp:513] requestFrom(): i2cRead returned Error 263
[11204599][E][Wire.cpp:513] requestFrom(): i2cRead returned Error 263
[11205600][E][Wire.cpp:513] requestFrom(): i2cRead returned Error 263
[11206602][E][Wire.cpp:513] requestFrom(): i2cRead returned Error 263
[11207603][E][Wire.cpp:513] requestFrom(): i2cRead returned Error 263
[11208605][E][Wire.cpp:513] requestFrom(): i2cRead returned Error 263
[11209607][E][Wire.cpp:513] requestFrom(): i2cRead returned Error 263
[11210609][E][Wire.cpp:513] requestFrom(): i2cRead returned Error 263
[11211610][E][Wire.cpp:513] requestFrom(): i2cRead returned Error 263
[11212612][E][Wire.cpp:513] requestFrom(): i2cRead returned Error 263
[11213613][E][Wire.cpp:513] requestFrom(): i2cRead returned Error 263
[11214615][E][Wire.cpp:513] requestFrom(): i2cRead returned Error 263
[11215617][E][Wire.cpp:513] requestFrom(): i2cRead returned Error 263
[11216621][E][Wire.cpp:513] requestFrom(): i2cRead returned Error 263
[11217624][E][Wire.cpp:513] requestFrom(): i2cRead returned Error 263
[11218626][E][Wire.cpp:513] requestFrom(): i2cRead returned Error 263
[11219627][E][Wire.cpp:513] requestFrom(): i2cRead returned Error 263
[11220629][E][Wire.cpp:513] requestFrom(): i2cRead returned Error 263
[11221631][E][Wire.cpp:513] requestFrom(): i2cRead returned Error 263
[11222634][E][Wire.cpp:513] requestFrom(): i2cRead returned Error 263
[11223638][E][Wire.cpp:513] requestFrom(): i2cRead returned Error 263
[11224641][E][Wire.cpp:513] requestFrom(): i2cRead returned Error 263
[11225644][E][Wire.cpp:513] requestFrom(): i2cRead returned Error 263
[11226648][E][Wire.cpp:513] requestFrom(): i2cRead returned Error 263
[11227650][E][Wire.cpp:513] requestFrom(): i2cRead returned Error 263
[11228652][E][Wire.cpp:513] requestFrom(): i2cRead returned Error 263
[11229655][E][Wire.cpp:513] requestFrom(): i2cRead returned Error 263
[11230658][E][Wire.cpp:513] requestFrom(): i2cRead returned Error 263
[11231661][E][Wire.cpp:513] requestFrom(): i2cRead returned Error 263
[11232665][E][Wire.cpp:513] requestFrom(): i2cRead returned Error 263
[11233666][E][Wire.cpp:513] requestFrom(): i2cRead returned Error 263
[11234668][E][Wire.cpp:513] requestFrom(): i2cRead returned Error 263
[11235671][E][Wire.cpp:513] requestFrom(): i2cRead returned Error 263
[11236674][E][Wire.cpp:513] requestFrom(): i2cRead returned Error 263
[11237676][E][Wire.cpp:513] requestFrom(): i2cRead returned Error 263
[11238679][E][Wire.cpp:513] requestFrom(): i2cRead returned Error 263
[11239681][E][Wire.cpp:513] requestFrom(): i2cRead returned Error 263
[11240683][E][Wire.cpp:513] requestFrom(): i2cRead returned Error 263
[11241685][E][Wire.cpp:513] requestFrom(): i2cRead returned Error 263
[11242687][E][Wire.cpp:513] requestFrom(): i2cRead returned Error 263
[11243689][E][Wire.cpp:513] requestFrom(): i2cRead returned Error 263
[11244690][E][Wire.cpp:513] requestFrom(): i2cRead returned Error 263
[11245692][E][Wire.cpp:513] requestFrom(): i2cRead returned Error 263
[11246693][E][Wire.cpp:513] requestFrom(): i2cRead returned Error 263
[11247695][E][Wire.cpp:513] requestFrom(): i2cRead returned Error 263
[11248696][E][Wire.cpp:513] requestFrom(): i2cRead returned Error 263
[11249698][E][Wire.cpp:513] requestFrom(): i2cRead returned Error 263
[11250700][E][Wire.cpp:513] requestFrom(): i2cRead returned Error 263
[11251703][E][Wire.cpp:513] requestFrom(): i2cRead returned Error 263
[11252704][E][Wire.cpp:513] requestFrom(): i2cRead returned Error 263
[11253706][E][Wire.cpp:513] requestFrom(): i2cRead returned Error 263
[11254707][E][Wire.cpp:513] requestFrom(): i2cRead returned Error 263
[11255709][E][Wire.cpp:513] requestFrom(): i2cRead returned Error 263
[11256711][E][Wire.cpp:513] requestFrom(): i2cRead returned Error 263
[11257712][E][Wire.cpp:513] requestFrom(): i2cRead returned Error 263
[11258714][E][Wire.cpp:513] requestFrom(): i2cRead returned Error 263
[11259715][E][Wire.cpp:513] requestFrom(): i2cRead returned Error 263
[11260717][E][Wire.cpp:513] requestFrom(): i2cRead returned Error 263
[11261718][E][Wire.cpp:513] requestFrom(): i2cRead returned Error 263
[11262720][E][Wire.cpp:513] requestFrom(): i2cRead returned Error 263
[11263721][E][Wire.cpp:513] requestFrom(): i2cRead returned Error 263
[11264723][E][Wire.cpp:513] requestFrom(): i2cRead returned Error 263
[11265725][E][Wire.cpp:513] requestFrom(): i2cRead returned Error 263
[11266727][E][Wire.cpp:513] requestFrom(): i2cRead returned Error 263
[11267728][E][Wire.cpp:513] requestFrom(): i2cRead returned Error 263
[11268730][E][Wire.cpp:513] requestFrom(): i2cRead returned Error 263
[11269731][E][Wire.cpp:513] requestFrom(): i2cRead returned Error 263
[11270733][E][Wire.cpp:513] requestFrom(): i2cRead returned Error 263
[11271734][E][Wire.cpp:513] requestFrom(): i2cRead returned Error 263
[11272736][E][Wire.cpp:513] requestFrom(): i2cRead returned Error 263
[11273737][E][Wire.cpp:513] requestFrom(): i2cRead returned Error 263
[11274739][E][Wire.cpp:513] requestFrom(): i2cRead returned Error 263
[11275740][E][Wire.cpp:513] requestFrom(): i2cRead returned Error 263
[11276742][E][Wire.cpp:513] requestFrom(): i2cRead returned Error 263
[11277743][E][Wire.cpp:513] requestFrom(): i2cRead returned Error 263
[11278745][E][Wire.cpp:513] requestFrom(): i2cRead returned Error 263
[11279746][E][Wire.cpp:513] requestFrom(): i2cRead returned Error 263
[11280748][E][Wire.cpp:513] requestFrom(): i2cRead returned Error 263
[11281749][E][Wire.cpp:513] requestFrom(): i2cRead returned Error 263
[11282751][E][Wire.cpp:513] requestFrom(): i2cRead returned Error 263
[11283753][E][Wire.cpp:513] requestFrom(): i2cRead returned Error 263
[11284755][E][Wire.cpp:513] requestFrom(): i2cRead returned Error 263
[11285756][E][Wire.cpp:513] requestFrom(): i2cRead returned Error 263
[11286758][E][Wire.cpp:513] requestFrom(): i2cRead returned Error 263
[11287759][E][Wire.cpp:513] requestFrom(): i2cRead returned Error 263
[11288761][E][Wire.cpp:513] requestFrom(): i2cRead returned Error 263
[11289762][E][Wire.cpp:513] requestFrom(): i2cRead returned Error 263
[11290764][E][Wire.cpp:513] requestFrom(): i2cRead returned Error 263
[11291765][E][Wire.cpp:513] requestFrom(): i2cRead returned Error 263
[11292767][E][Wire.cpp:513] requestFrom(): i2cRead returned Error 263
[11293768][E][Wire.cpp:513] requestFrom(): i2cRead returned Error 263
[11294770][E][Wire.cpp:513] requestFrom(): i2cRead returned Error 263
[11295771][E][Wire.cpp:513] requestFrom(): i2cRead returned Error 263
[11296773][E][Wire.cpp:513] requestFrom(): i2cRead returned Error 263
[11297775][E][Wire.cpp:513] requestFrom(): i2cRead returned Error 263
[11298777][E][Wire.cpp:513] requestFrom(): i2cRead returned Error 263
[11299778][E][Wire.cpp:513] requestFrom(): i2cRead returned Error 263
[11300781][E][Wire.cpp:513] requestFrom(): i2cRead returned Error 263
[11301782][E][Wire.cpp:513] requestFrom(): i2cRead returned Error 263
[11302784][E][Wire.cpp:513] requestFrom(): i2cRead returned Error 263
[11303785][E][Wire.cpp:513] requestFrom(): i2cRead returned Error 263
[11304787][E][Wire.cpp:513] requestFrom(): i2cRead returned Error 263
[11305788][E][Wire.cpp:513] requestFrom(): i2cRead returned Error 263
[11306790][E][Wire.cpp:513] requestFrom(): i2cRead returned Error 263
[11307791][E][Wire.cpp:513] requestFrom(): i2cRead returned Error 263
[11308793][E][Wire.cpp:513] requestFrom(): i2cRead returned Error 263
[11309794][E][Wire.cpp:513] requestFrom(): i2cRead returned Error 263
[11310796][E][Wire.cpp:513] requestFrom(): i2cRead returned Error 263
[11311797][E][Wire.cpp:513] requestFrom(): i2cRead returned Error 263
[11312799][E][Wire.cpp:513] requestFrom(): i2cRead returned Error 263
[11313800][E][Wire.cpp:513] requestFrom(): i2cRead returned Error 263
[11314804][E][Wire.cpp:513] requestFrom(): i2cRead returned Error 263
[11315806][E][Wire.cpp:513] requestFrom(): i2cRead returned Error 263
[11316809][E][Wire.cpp:513] requestFrom(): i2cRead returned Error 263
[11317811][E][Wire.cpp:513] requestFrom(): i2cRead returned Error 263
[11318814][E][Wire.cpp:513] requestFrom(): i2cRead returned Error 263
[11319817][E][Wire.cpp:513] requestFrom(): i2cRead returned Error 263
[11320820][E][Wire.cpp:513] requestFrom(): i2cRead returned Error 263
[11321821][E][Wire.cpp:513] requestFrom(): i2cRead returned Error 263
[11322823][E][Wire.cpp:513] requestFrom(): i2cRead returned Error 263
[11323825][E][Wire.cpp:513] requestFrom(): i2cRead returned Error 263
[11324827][E][Wire.cpp:513] requestFrom(): i2cRead returned Error 263
[11325828][E][Wire.cpp:513] requestFrom(): i2cRead returned Error 263
[11326830][E][Wire.cpp:513] requestFrom(): i2cRead returned Error 263
[11327831][E][Wire.cpp:513] requestFrom(): i2cRead returned Error 263
[11328833][E][Wire.cpp:513] requestFrom(): i2cRead returned Error 263
[11329836][E][Wire.cpp:513] requestFrom(): i2cRead returned Error 263
[11330837][E][Wire.cpp:513] requestFrom(): i2cRead returned Error 263
[11331839][E][Wire.cpp:513] requestFrom(): i2cRead returned Error 263
[11332840][E][Wire.cpp:513] requestFrom(): i2cRead returned Error 263
[11333842][E][Wire.cpp:513] requestFrom(): i2cRead returned Error 263
[11334843][E][Wire.cpp:513] requestFrom(): i2cRead returned Error 263
[11335845][E][Wire.cpp:513] requestFrom(): i2cRead returned Error 263
[11336846][E][Wire.cpp:513] requestFrom(): i2cRead returned Error 263
[11337848][E][Wire.cpp:513] requestFrom(): i2cRead returned Error 263
[11338849][E][Wire.cpp:513] requestFrom(): i2cRead returned Error 263
[11339851][E][Wire.cpp:513] requestFrom(): i2cRead returned Error 263
[11340852][E][Wire.cpp:513] requestFrom(): i2cRead returned Error 263
[11341854][E][Wire.cpp:513] requestFrom(): i2cRead returned Error 263
[11342855][E][Wire.cpp:513] requestFrom(): i2cRead returned Error 263
[11343859][E][Wire.cpp:513] requestFrom(): i2cRead returned Error 263
[11344860][E][Wire.cpp:513] requestFrom(): i2cRead returned Error 263
[11345862][E][Wire.cpp:513] requestFrom(): i2cRead returned Error 263
[11346863][E][Wire.cpp:513] requestFrom(): i2cRead returned Error 263
[11347865][E][Wire.cpp:513] requestFrom(): i2cRead returned Error 263
[11348866][E][Wire.cpp:513] requestFrom(): i2cRead returned Error 263
[11349868][E][Wire.cpp:513] requestFrom(): i2cRead returned Error 263
[11350869][E][Wire.cpp:513] requestFrom(): i2cRead returned Error 263
[11351871][E][Wire.cpp:513] requestFrom(): i2cRead returned Error 263
[11352872][E][Wire.cpp:513] requestFrom(): i2cRead returned Error 263
[11353874][E][Wire.cpp:513] requestFrom(): i2cRead returned Error 263
[11354875][E][Wire.cpp:513] requestFrom(): i2cRead returned Error 263
[11355877][E][Wire.cpp:513] requestFrom(): i2cRead returned Error 263
[11356878][E][Wire.cpp:513] requestFrom(): i2cRead returned Error 263
[11357880][E][Wire.cpp:513] requestFrom(): i2cRead returned Error 263
[11358881][E][Wire.cpp:513] requestFrom(): i2cRead returned Error 263
[11359883][E][Wire.cpp:513] requestFrom(): i2cRead returned Error 263
[11360884][E][Wire.cpp:513] requestFrom(): i2cRead returned Error 263
[11361888][E][Wire.cpp:513] requestFrom(): i2cRead returned Error 263
[11362889][E][Wire.cpp:513] requestFrom(): i2cRead returned Error 263
[11363891][E][Wire.cpp:513] requestFrom(): i2cRead returned Error 263
[11364892][E][Wire.cpp:513] requestFrom(): i2cRead returned Error 263
[11365894][E][Wire.cpp:513] requestFrom(): i2cRead returned Error 263
[11366897][E][Wire.cpp:513] requestFrom(): i2cRead returned Error 263
[11367898][E][Wire.cpp:513] requestFrom(): i2cRead returned Error 263
[11368900][E][Wire.cpp:513] requestFrom(): i2cRead returned Error 263
[11369901][E][Wire.cpp:513] requestFrom(): i2cRead returned Error 263
[11370903][E][Wire.cpp:513] requestFrom(): i2cRead returned Error 263
[11371904][E][Wire.cpp:513] requestFrom(): i2cRead returned Error 263
[11372906][E][Wire.cpp:513] requestFrom(): i2cRead returned Error 263
[11373907][E][Wire.cpp:513] requestFrom(): i2cRead returned Error 263
[11374909][E][Wire.cpp:513] requestFrom(): i2cRead returned Error 263
[11375910][E][Wire.cpp:513] requestFrom(): i2cRead returned Error 263
[11376912][E][Wire.cpp:513] requestFrom(): i2cRead returned Error 263
[11377913][E][Wire.cpp:513] requestFrom(): i2cRead returned Error 263
[11378915][E][Wire.cpp:513] requestFrom(): i2cRead returned Error 263
[11379916][E][Wire.cpp:513] requestFrom(): i2cRead returned Error 263
[11380918][E][Wire.cpp:513] requestFrom(): i2cRead returned Error 263
[11381919][E][Wire.cpp:513] requestFrom(): i2cRead returned Error 263
[11382921][E][Wire.cpp:513] requestFrom(): i2cRead returned Error 263
[11383922][E][Wire.cpp:513] requestFrom(): i2cRead returned Error 263
[11384924][E][Wire.cpp:513] requestFrom(): i2cRead returned Error 263
[11385925][E][Wire.cpp:513] requestFrom(): i2cRead returned Error 263
[11386928][E][Wire.cpp:513] requestFrom(): i2cRead returned Error 263
[11387930][E][Wire.cpp:513] requestFrom(): i2cRead returned Error 263
[11388934][E][Wire.cpp:513] requestFrom(): i2cRead returned Error 263
[11389938][E][Wire.cpp:513] requestFrom(): i2cRead returned Error 263
[11390940][E][Wire.cpp:513] requestFrom(): i2cRead returned Error 263
[11391943][E][Wire.cpp:513] requestFrom(): i2cRead returned Error 263
[11392947][E][Wire.cpp:513] requestFrom(): i2cRead returned Error 263
[11393948][E][Wire.cpp:513] requestFrom(): i2cRead returned Error 263
[11394951][E][Wire.cpp:513] requestFrom(): i2cRead returned Error 263
[11395952][E][Wire.cpp:513] requestFrom(): i2cRead returned Error 263
[11396955][E][Wire.cpp:513] requestFrom(): i2cRead returned Error 263
[11397957][E][Wire.cpp:513] requestFrom(): i2cRead returned Error 263
[11398961][E][Wire.cpp:513] requestFrom(): i2cRead returned Error 263
[11399962][E][Wire.cpp:513] requestFrom(): i2cRead returned Error 263
[11400965][E][Wire.cpp:513] requestFrom(): i2cRead returned Error 263
[11401966][E][Wire.cpp:513] requestFrom(): i2cRead returned Error 263
[11402969][E][Wire.cpp:513] requestFrom(): i2cRead returned Error 263
[11403971][E][Wire.cpp:513] requestFrom(): i2cRead returned Error 263
[11404974][E][Wire.cpp:513] requestFrom(): i2cRead returned Error 263
[11405977][E][Wire.cpp:513] requestFrom(): i2cRead returned Error 263
[11406979][E][Wire.cpp:513] requestFrom(): i2cRead returned Error 263
[11407981][E][Wire.cpp:513] requestFrom(): i2cRead returned Error 263
[11408987][E][Wire.cpp:513] requestFrom(): i2cRead returned Error 263
[11409990][E][Wire.cpp:513] requestFrom(): i2cRead returned Error 263
[11410991][E][Wire.cpp:513] requestFrom(): i2cRead returned Error 263
[11411995][E][Wire.cpp:513] requestFrom(): i2cRead returned Error 263
[11412997][E][Wire.cpp:513] requestFrom(): i2cRead returned Error 263
[11414000][E][Wire.cpp:513] requestFrom(): i2cRead returned Error 263
[11415001][E][Wire.cpp:513] requestFrom(): i2cRead returned Error 263
[11416003][E][Wire.cpp:513] requestFrom(): i2cRead returned Error 263
[11417005][E][Wire.cpp:513] requestFrom(): i2cRead returned Error 263
[11418006][E][Wire.cpp:513] requestFrom(): i2cRead returned Error 263
[11419008][E][Wire.cpp:513] requestFrom(): i2cRead returned Error 263
[11420009][E][Wire.cpp:513] requestFrom(): i2cRead returned Error 263
[11421011][E][Wire.cpp:513] requestFrom(): i2cRead returned Error 263
[11422015][E][Wire.cpp:513] requestFrom(): i2cRead returned Error 263
[11423016][E][Wire.cpp:513] requestFrom(): i2cRead returned Error 263
[11424018][E][Wire.cpp:513] requestFrom(): i2cRead returned Error 263
[11425020][E][Wire.cpp:513] requestFrom(): i2cRead returned Error 263
[11426023][E][Wire.cpp:513] requestFrom(): i2cRead returned Error 263
[11427025][E][Wire.cpp:513] requestFrom(): i2cRead returned Error 263
[11428028][E][Wire.cpp:513] requestFrom(): i2cRead returned Error 263
[11429030][E][Wire.cpp:513] requestFrom(): i2cRead returned Error 263
[11430033][E][Wire.cpp:513] requestFrom(): i2cRead returned Error 263
[11431036][E][Wire.cpp:513] requestFrom(): i2cRead returned Error 263
[11432038][E][Wire.cpp:513] requestFrom(): i2cRead returned Error 263
[11433040][E][Wire.cpp:513] requestFrom(): i2cRead returned Error 263
[11434043][E][Wire.cpp:513] requestFrom(): i2cRead returned Error 263
[11435044][E][Wire.cpp:513] requestFrom(): i2cRead returned Error 263
[11436049][E][Wire.cpp:513] requestFrom(): i2cRead returned Error 263
[11437051][E][Wire.cpp:513] requestFrom(): i2cRead returned Error 263
[11438054][E][Wire.cpp:513] requestFrom(): i2cRead returned Error 263
[11439056][E][Wire.cpp:513] requestFrom(): i2cRead returned Error 263
[11440058][E][Wire.cpp:513] requestFrom(): i2cRead returned Error 263
[11441060][E][Wire.cpp:513] requestFrom(): i2cRead returned Error 263
[11442061][E][Wire.cpp:513] requestFrom(): i2cRead returned Error 263
[11443063][E][Wire.cpp:513] requestFrom(): i2cRead returned Error 263
[11444064][E][Wire.cpp:513] requestFrom(): i2cRead returned Error 263
[11445066][E][Wire.cpp:513] requestFrom(): i2cRead returned Error 263
[11446068][E][Wire.cpp:513] requestFrom(): i2cRead returned Error 263
[11447070][E][Wire.cpp:513] requestFrom(): i2cRead returned Error 263
[11448071][E][Wire.cpp:513] requestFrom(): i2cRead returned Error 263
[11449072][E][Wire.cpp:513] requestFrom(): i2cRead returned Error 263
[11450075][E][Wire.cpp:513] requestFrom(): i2cRead returned Error 263
[11451080][E][Wire.cpp:513] requestFrom(): i2cRead returned Error 263
[11452082][E][Wire.cpp:513] requestFrom(): i2cRead returned Error 263
[11453086][E][Wire.cpp:513] requestFrom(): i2cRead returned Error 263
[11454088][E][Wire.cpp:513] requestFrom(): i2cRead returned Error 263
[11455092][E][Wire.cpp:513] requestFrom(): i2cRead returned Error 263
[11456097][E][Wire.cpp:513] requestFrom(): i2cRead returned Error 263
[11457098][E][Wire.cpp:513] requestFrom(): i2cRead returned Error 263
[11458101][E][Wire.cpp:513] requestFrom(): i2cRead returned Error 263
[11459102][E][Wire.cpp:513] requestFrom(): i2cRead returned Error 263
[11460105][E][Wire.cpp:513] requestFrom(): i2cRead returned Error 263
[11461108][E][Wire.cpp:513] requestFrom(): i2cRead returned Error 263
[11462109][E][Wire.cpp:513] requestFrom(): i2cRead returned Error 263
[11463112][E][Wire.cpp:513] requestFrom(): i2cRead returned Error 263
[11464113][E][Wire.cpp:513] requestFrom(): i2cRead returned Error 263
