10.175.1.7
[   769][E][Wire.cpp:481] requestFrom(): NULL buffer pointer
[   772][E][Wire.cpp:557] read(): NULL RX buffer pointer
[   772][E][Wire.cpp:422] beginTransmission(): could not acquire lock
[   778][E][Wire.cpp:526] write(): NULL TX buffer pointer
[   782][E][Wire.cpp:526] write(): NULL TX buffer pointer
[   787][E][Wire.cpp:448] endTransmission(): NULL TX buffer pointer
[   793][E][Wire.cpp:481] requestFrom(): NULL buffer pointer
The SI473X / SI474X I2C address is 0x11
1
0
1
2
Click
Encoder
[User]	(22.115, +22115)	 scan_up_event_handler: Clicked 	(in events.cpp line #9)
Click
Encoder
[User]	(27.450, +5335)	 scan_up_event_handler: Clicked 	(in events.cpp line #9)
Click
Encoder
[User]	(32.790, +5340)	 scan_up_event_handler: Clicked 	(in events.cpp line #9)
Encoder
Click
[User]	(38.130, +5340)	 scan_up_event_handler: Clicked 	(in events.cpp line #9)
1
Click
Encoder
Encoder
Click
Click
Encoder
