10.175.1.7
[   774][E][Wire.cpp:481] requestFrom(): NULL buffer pointer
[   776][E][Wire.cpp:557] read(): NULL RX buffer pointer
[   776][E][Wire.cpp:422] beginTransmission(): could not acquire lock
[   782][E][Wire.cpp:526] write(): NULL TX buffer pointer
[   786][E][Wire.cpp:526] write(): NULL TX buffer pointer
[   792][E][Wire.cpp:448] endTransmission(): NULL TX buffer pointer
[   798][E][Wire.cpp:481] requestFrom(): NULL buffer pointer
[   804][E][Wire.cpp:557] read(): NULL RX buffer pointer
The SI473X / SI474X I2C address is 0x11
S2
S1
S2
S1
S2
S1
S2
S1
S2
S2
S1
S2
S1
S2
S1
S2
S1
S2
S1
S1
S1
S1
S1
S1
S1
S1
S1
S1
S1
S1
S1
S1
S1
S1
S1
S1
S1
S1
S1
S1
S1
S1
S1
S1
S1
S1
S1
S2
S1
S2
S1
S2
S1
S2
S2
S1
S2
S1
S2
S1
S2
S1
S2
S1
S2
S1
S1
S2
S1
S2
S1
S2
S1
S2
S1
S2
S1
S2
S1
S2
S1
S2
S2
S1
S2
S1
S2
S1
S2
S1
S2
S1
S2
S1
S2
S1
S2
S1
S2
S1
S2
S2
S2
S2
S1
S2
S1
S2
S1
S2
S1
S2
S1
S2
S1
S2
S2
S1
S1
