10.175.1.7
[   779][E][Wire.cpp:481] requestFrom(): NULL buffer pointer
[   781][E][Wire.cpp:557] read(): NULL RX buffer pointer
[   781][E][Wire.cpp:422] beginTransmission(): could not acquire lock
[   787][E][Wire.cpp:526] write(): NULL TX buffer pointer
[   791][E][Wire.cpp:526] write(): NULL TX buffer pointer
[   797][E][Wire.cpp:448] endTransmission(): NULL TX buffer pointer
[   803][E][Wire.cpp:481] requestFrom(): NULL buffer pointer
[   809][E][Wire.cpp:557] read(): NULL RX buffer pointer
[   813][E][Wire.cpp:481] requestFrom(): NULL buffer pointer
The SI473X / SI474X I2C address is 0x11
[ 10198][E][Wire.cpp:513] requestFrom(): i2cRead returned Error 263
[ 11201][E][Wire.cpp:513] requestFrom(): i2cRead returned Error 263
[ 12203][E][Wire.cpp:513] requestFrom(): i2cRead returned Error 263
[ 13226][E][Wire.cpp:513] requestFrom(): i2cRead returned Error 263
[ 14229][E][Wire.cpp:513] requestFrom(): i2cRead returned Error 263
[ 15231][E][Wire.cpp:513] requestFrom(): i2cRead returned Error 263
[ 16233][E][Wire.cpp:513] requestFrom(): i2cRead returned Error 263
[ 17235][E][Wire.cpp:513] requestFrom(): i2cRead returned Error 263
[ 18237][E][Wire.cpp:513] requestFrom(): i2cRead returned Error 263
[ 19239][E][Wire.cpp:513] requestFrom(): i2cRead returned Error 263
[ 20242][E][Wire.cpp:513] reques