10.175.1.7
[   778][E][Wire.cpp:481] requestFrom(): NULL buffer pointer
[   781][E][Wire.cpp:557] read(): NULL RX buffer pointer
[   781][E][Wire.cpp:422] beginTransmission(): could not acquire lock
[   786][E][Wire.cpp:526] write(): NULL TX buffer pointer
[   791][E][Wire.cpp:526] write(): NULL TX buffer pointer
[   796][E][Wire.cpp:448] endTransmission(): NULL TX buffer pointer
[   803][E][Wire.cpp:481] requestFrom(): NULL buffer pointer
[   808][E][Wire.cpp:557] read(): NULL RX buffer pointer
[   812][E][Wire.cpp:481] requestFrom(): NULL buffer pointer
The SI473X / SI474X I2C address is 0x11
WiFi lost connection, reconnect...
[128241][E][WiFiUdp.cpp:172] beginPacket(): could not get host from dns: 11
[128242][E][WiFiUdp.cpp:185] endPacket(): could not send data: 118
[129513][E][WiFiUdp.cpp:172] beginPacket(): could not get host from dns: 11
[129514][E][WiFiUdp.cpp:185] endPacket(): could not send data: 118
[130787][E][WiFiUdp.cpp:172] beginPacket(): could not get host from dns: 11
[130789][E][WiFiUdp.cpp:185] endPacket(): could not send data: 118
[132059][E][WiFiUdp.cpp:172] beginPacket(): could not get host from dns: 11
[132060][E][WiFiUdp.cpp:185] endPacket(): could not send data: 118
WiFi lost connection, reconnect...
[133341][E][WiFiUdp.cpp:172] beginPacket(): could not get host from dns: 11
[133342][E][WiFiUdp.cpp:185] endPacket(): could not send data: 118
[134614][E][WiFiUdp.cpp:172] beginPacket(): could not get host from dns: 11
[134616][E][WiFiUdp.cpp:185] endPacket(): could not send data: 118
10.175.1.7
