[   738][E][WiFiUdp.cpp:172] beginPacket(): could not get host from dns: 11
[   739][E][WiFiUdp.cpp:185] endPacket(): could not send data: 118
[  1762][E][WiFiUdp.cpp:172] beginPacket(): could not get host from dns: 11
[  1763][E][WiFiUdp.cpp:185] endPacket(): could not send data: 118
[  3036][E][WiFiUdp.cpp:172] beginPacket(): could not get host from dns: 11
[  3037][E][WiFiUdp.cpp:185] endPacket(): could not send data: 118
[  4311][E][WiFiUdp.cpp:172] beginPacket(): could not get host from dns: 11
[  4312][E][WiFiUdp.cpp:185] endPacket(): could not send data: 118
[  5585][E][WiFiUdp.cpp:172] beginPacket(): could not get host from dns: 11
[  5586][E][WiFiUdp.cpp:185] endPacket(): could not send data: 118
[  6859][E][WiFiUdp.cpp:172] beginPacket(): could not get host from dns: 11
[  6860][E][WiFiUdp.cpp:185] endPacket(): could not send data: 118
WiFi lost connection, reconnect...
[  8155][E][WiFiUdp.cpp:172] beginPacket(): could not get host from dns: 11
[  8156][E][WiFiUdp.cpp:185] endPacket(): could not send data: 118
[  9431][E][WiFiUdp.cpp:172] beginPacket(): could not get host from dns: 11
[  9432][E][WiFiUdp.cpp:185] endPacket(): could not send data: 118
WiFi lost connection, reconnect...
E (19833) wifi:Set status to INIT
WiFi lost connection, reconnect...
E (19862) wifi:Set status to INIT
WiFi lost connection, reconnect...
E (19890) wifi:Set status to INIT
WiFi lost connection, reconnect...
E (19922) wifi:Set status to INIT
WiFi lost connection, reconnect...
E (19952) wifi:Set status to INIT
WiFi lost connection, reconnect...
E (19980) wifi:Set status to INIT
WiFi lost connection, reconnect...
E (20012) wifi:Set status to INIT
WiFi lost connection, reconnect...
E (20041) wifi:Set status to INIT
WiFi lost connection, reconnect...
E (20071) wifi:Set status to INIT
WiFi lost connection, reconnect...
E (20099) wifi:Set status to INIT
WiFi lost connection, reconnect...
E (20128) wifi:Set status to INIT
WiFi lost connection, reconnect...
E (20167) wifi:Set status to INIT
WiFi lost connection, reconnect...
E (20196) wifi:Set status to INIT
WiFi lost connection, reconnect...
E (20228) wifi:Set status to INIT
WiFi lost connection, reconnect...
E (20256) wifi:Set status to INIT
WiFi lost connection, reconnect...
E (20285) wifi:Set status to INIT
WiFi lost connection, reconnect...
E (20317) wifi:Set status to INIT
WiFi lost connection, reconnect...
E (20345) wifi:Set status to INIT
WiFi lost connection, reconnect...
E (20375) wifi:Set status to INIT
WiFi lost connection, reconnect...
E (20403) wifi:Set status to INIT
WiFi lost connection, reconnect...
E (20439) wifi:Set status to INIT
WiFi lost connection, reconnect...
E (20467) wifi:Set status to INIT
WiFi lost connection, reconnect...
E (20495) wifi:Set status to INIT
WiFi lost connection, reconnect...
E (20531) wifi:Set status to INIT
WiFi lost connection, reconnect...
E (20559) wifi:Set status to INIT
WiFi lost connection, reconnect...
E (20587) wifi:Set status to INIT
WiFi lost connection, reconnect...
E (20618) wifi:Set status to INIT
WiFi lost connection, reconnect...
E (20648) wifi:Set status to INIT
WiFi lost connection, reconnect...
E (20677) wifi:Set status to INIT
WiFi lost connection, reconnect...
E (20705) wifi:Set status to INIT
WiFi lost connection, reconnect...
E (20735) wifi:Set status to INIT
WiFi lost connection, reconnect...
E (20792) wifi:Set status to INIT
WiFi lost connection, reconnect...
E (20821) wifi:Set status to INIT
WiFi lost connection, reconnect...
E (20853) wifi:Set status to INIT
WiFi lost connection, reconnect...
E (20883) wifi:Set status to INIT
WiFi lost connection, reconnect...
E (20911) wifi:Set status to INIT
WiFi lost connection, reconnect...
E (20943) wifi:Set status to INIT
WiFi lost connection, reconnect...
E (21051) wifi:Set status to INIT
WiFi lost connection, reconnect...
[ 11015][E][WiFiUdp.cpp:172] beginPacket(): could not get host from dns: 11
[ 11019][E][WiFiUdp.cpp:185] endPacket(): could not send data: 118
E (21079) wifi:Set status to INIT
WiFi lost connection, reconnect...
E (21110) wifi:Set status to INIT
WiFi lost connection, reconnect...
E (21145) wifi:Set status to INIT
WiFi lost connection, reconnect...
E (21186) wifi:Set status to INIT
WiFi lost connection, reconnect...
E (21216) wifi:Set status to INIT
WiFi lost connection, reconnect...
E (21247) wifi:Set status to INIT
WiFi lost connection, reconnect...
E (21275) wifi:Set status to INIT
WiFi lost connection, reconnect...
E (21303) wifi:Set status to INIT
WiFi lost connection, reconnect...
E (21331) wifi:Set status to INIT
WiFi lost connection, reconnect...
E (21361) wifi:Set status to INIT
WiFi lost connection, reconnect...
E (21391) wifi:Set status to INIT
WiFi lost connection, reconnect...
E (21419) wifi:Set status to INIT
WiFi lost connection, reconnect...
E (21452) wifi:Set status to INIT
WiFi lost connection, reconnect...
E (21481) wifi:Set status to INIT
WiFi lost connection, reconnect...
E (21509) wifi:Set status to INIT
WiFi lost connection, reconnect...
E (21537) wifi:Set status to INIT
WiFi lost connection, reconnect...
E (21567) wifi:Set status to INIT
WiFi lost connection, reconnect...
E (21596) wifi:Set status to INIT
WiFi lost connection, reconnect...
E (21624) wifi:Set status to INIT
WiFi lost connection, reconnect...
E (21657) wifi:Set status to INIT
WiFi lost connection, reconnect...
E (21685) wifi:Set status to INIT
WiFi lost connection, reconnect...
E (21719) wifi:Set status to INIT
WiFi lost connection, reconnect...
E (21750) wifi:Set status to INIT
WiFi lost connection, reconnect...
E (21778) wifi:Set status to INIT
WiFi lost connection, reconnect...
E (21812) wifi:Set status to INIT
WiFi lost connection, reconnect...
E (21840) wifi:Set status to INIT
WiFi lost connection, reconnect...
E (21868) wifi:Set status to INIT
WiFi lost connection, reconnect...
E (21899) wifi:Set status to INIT
WiFi lost connection, reconnect...
E (21974) wifi:Set status to INIT
WiFi lost connection, reconnect...
E (22003) wifi:Set status to INIT
WiFi lost connection, reconnect...
E (22031) wifi:Set status to INIT
WiFi lost connection, reconnect...
E (22066) wifi:Set status to INIT
WiFi lost connection, reconnect...
E (22114) wifi:Set status to INIT
WiFi lost connection, reconnect...
E (22142) wifi:Set status to INIT
WiFi lost connection, reconnect...
E (22179) wifi:Set status to INIT
WiFi lost connection, reconnect...
[ 12574][E][WiFiUdp.cpp:172] beginPacket(): could not get host from dns: 11
[ 12575][E][WiFiUdp.cpp:185] endPacket(): could not send data: 118
[ 13848][E][WiFiUdp.cpp:172] beginPacket(): could not get host from dns: 11
[ 13849][E][WiFiUdp.cpp:185] endPacket(): could not send data: 118
E (24249) wifi:Set status to INIT
WiFi lost connection, reconnect...
E (24294) wifi:Set status to INIT
WiFi lost connection, reconnect...
E (24430) wifi:Set status to INIT
WiFi lost connection, reconnect...
E (24464) wifi:Set status to INIT
WiFi lost connection, reconnect...
E (24498) wifi:Set status to INIT
WiFi lost connection, reconnect...
E (24535) wifi:Set status to INIT
WiFi lost connection, reconnect...
E (24566) wifi:Set status to INIT
WiFi lost connection, reconnect...
E (24595) wifi:Set status to INIT
WiFi lost connection, reconnect...
E (24630) wifi:Set status to INIT
WiFi lost connection, reconnect...
E (24660) wifi:Set status to INIT
WiFi lost connection, reconnect...
E (24688) wifi:Set status to INIT
WiFi lost connection, reconnect...
E (24729) wifi:Set status to INIT
WiFi lost connection, reconnect...
E (24769) wifi:Set status to INIT
WiFi lost connection, reconnect...
E (24798) wifi:Set status to INIT
WiFi lost connection, reconnect...
10.175.1.7
