10.175.1.7
[   789][E][Wire.cpp:481] requestFrom(): NULL buffer pointer
[   791][E][Wire.cpp:557] read(): NULL RX buffer pointer
[   792][E][Wire.cpp:422] beginTransmission(): could not acquire lock
[   796][E][Wire.cpp:526] write(): NULL TX buffer pointer
[   801][E][Wire.cpp:526] write(): NULL TX buffer pointer
[   806][E][Wire.cpp:448] endTransmission(): NULL TX buffer pointer
[   812][E][Wire.cpp:481] requestFrom(): NULL buffer pointer
[   817][E][Wire.cpp:557] read(): NULL RX buffer pointer
[   823][E][Wire.cpp:481] requestFrom(): NULL buffer pointer
The SI473X / SI474X I2C address is 0x11
104.10MHz 
105.00MHz 
5.12MHz 
107.90MHz 
107.90MHz 
107.90MHz 
107.90MHz 
107.90MHz 
107.90MHz 
107.90MHz 
107.90MHz 
107.90MHz 
107.90MHz 
107.50MHz 
106.90MHz 
106.10MHz 
105.40MHz 
104.70MHz 
104.00MHz 
103.20MHz 
102.50MHz 
101.70MHz 
100.00MHz 
98.00MHz 
96.10MHz 
94.20MHz 
92.30MHz 
90.50MHz 
88.70MHz 
87.50MHz 
88.90MHz 
90.70MHz 
92.60MHz 
94.50MHz 
96.40MHz 
98.30MHz 
100.20MHz 
101.60MHz 
102.60MHz 
103.30MHz 
104.10MHz 
104.70MHz 
105.60MHz 
106.20MHz 
106.90MHz 
107.50MHz 
107.90MHz 
107.90MHz 
107.90MHz 
107.50MHz 
106.80MHz 
106.20MHz 
105.50MHz 
104.90MHz 
104.30MHz 
103.50MHz 
102.70MHz 
101.70MHz 
100.20MHz 
98.50MHz 
96.60MHz 
95.20MHz 
93.20MHz 
91.40MHz 
89.20MHz 
87.50MHz 
